<?xml version="1.0" encoding="UTF-8"?>
<testsuite xmlns:xsi="http://www.w3.org/2001/XMLSchema-instance" xsi:noNamespaceSchemaLocation="https://maven.apache.org/surefire/maven-surefire-plugin/xsd/surefire-test-report-3.0.xsd" version="3.0" name="TestSuite" time="444.215" tests="6" errors="0" skipped="1" failures="2">
  <properties>
    <property name="java.specification.version" value="20"/>
    <property name="sun.cpu.isalist" value="amd64"/>
    <property name="sun.jnu.encoding" value="Cp1252"/>
    <property name="java.class.path" value="C:\Users\2055757\Selenium_Training\NewFramework\SeleniumFramework\target\test-classes;C:\Users\2055757\Selenium_Training\NewFramework\SeleniumFramework\target\classes;C:\Users\2055757\.m2\repository\org\seleniumhq\selenium\selenium-java\4.12.1\selenium-java-4.12.1.jar;C:\Users\2055757\.m2\repository\org\seleniumhq\selenium\selenium-api\4.12.1\selenium-api-4.12.1.jar;C:\Users\2055757\.m2\repository\org\seleniumhq\selenium\selenium-chrome-driver\4.12.1\selenium-chrome-driver-4.12.1.jar;C:\Users\2055757\.m2\repository\com\google\auto\service\auto-service-annotations\1.1.1\auto-service-annotations-1.1.1.jar;C:\Users\2055757\.m2\repository\com\google\guava\guava\32.1.2-jre\guava-32.1.2-jre.jar;C:\Users\2055757\.m2\repository\com\google\guava\failureaccess\1.0.1\failureaccess-1.0.1.jar;C:\Users\2055757\.m2\repository\com\google\guava\listenablefuture\9999.0-empty-to-avoid-conflict-with-guava\listenablefuture-9999.0-empty-to-avoid-conflict-with-guava.jar;C:\Users\2055757\.m2\repository\com\google\code\findbugs\jsr305\3.0.2\jsr305-3.0.2.jar;C:\Users\2055757\.m2\repository\org\checkerframework\checker-qual\3.33.0\checker-qual-3.33.0.jar;C:\Users\2055757\.m2\repository\com\google\errorprone\error_prone_annotations\2.18.0\error_prone_annotations-2.18.0.jar;C:\Users\2055757\.m2\repository\com\google\j2objc\j2objc-annotations\2.8\j2objc-annotations-2.8.jar;C:\Users\2055757\.m2\repository\org\seleniumhq\selenium\selenium-chromium-driver\4.12.1\selenium-chromium-driver-4.12.1.jar;C:\Users\2055757\.m2\repository\org\seleniumhq\selenium\selenium-json\4.12.1\selenium-json-4.12.1.jar;C:\Users\2055757\.m2\repository\org\seleniumhq\selenium\selenium-manager\4.12.1\selenium-manager-4.12.1.jar;C:\Users\2055757\.m2\repository\org\seleniumhq\selenium\selenium-devtools-v114\4.12.1\selenium-devtools-v114-4.12.1.jar;C:\Users\2055757\.m2\repository\org\seleniumhq\selenium\selenium-devtools-v115\4.12.1\selenium-devtools-v115-4.12.1.jar;C:\Users\2055757\.m2\repository\org\seleniumhq\selenium\selenium-devtools-v116\4.12.1\selenium-devtools-v116-4.12.1.jar;C:\Users\2055757\.m2\repository\org\seleniumhq\selenium\selenium-devtools-v85\4.12.1\selenium-devtools-v85-4.12.1.jar;C:\Users\2055757\.m2\repository\org\seleniumhq\selenium\selenium-edge-driver\4.12.1\selenium-edge-driver-4.12.1.jar;C:\Users\2055757\.m2\repository\org\seleniumhq\selenium\selenium-firefox-driver\4.12.1\selenium-firefox-driver-4.12.1.jar;C:\Users\2055757\.m2\repository\org\seleniumhq\selenium\selenium-http\4.12.1\selenium-http-4.12.1.jar;C:\Users\2055757\.m2\repository\dev\failsafe\failsafe\3.3.2\failsafe-3.3.2.jar;C:\Users\2055757\.m2\repository\org\seleniumhq\selenium\selenium-ie-driver\4.12.1\selenium-ie-driver-4.12.1.jar;C:\Users\2055757\.m2\repository\org\seleniumhq\selenium\selenium-remote-driver\4.12.1\selenium-remote-driver-4.12.1.jar;C:\Users\2055757\.m2\repository\io\netty\netty-buffer\4.1.96.Final\netty-buffer-4.1.96.Final.jar;C:\Users\2055757\.m2\repository\io\netty\netty-codec-http\4.1.96.Final\netty-codec-http-4.1.96.Final.jar;C:\Users\2055757\.m2\repository\io\netty\netty-codec\4.1.96.Final\netty-codec-4.1.96.Final.jar;C:\Users\2055757\.m2\repository\io\netty\netty-handler\4.1.96.Final\netty-handler-4.1.96.Final.jar;C:\Users\2055757\.m2\repository\io\netty\netty-common\4.1.96.Final\netty-common-4.1.96.Final.jar;C:\Users\2055757\.m2\repository\io\netty\netty-transport-classes-epoll\4.1.96.Final\netty-transport-classes-epoll-4.1.96.Final.jar;C:\Users\2055757\.m2\repository\io\netty\netty-transport-classes-kqueue\4.1.96.Final\netty-transport-classes-kqueue-4.1.96.Final.jar;C:\Users\2055757\.m2\repository\io\netty\netty-transport-native-epoll\4.1.96.Final\netty-transport-native-epoll-4.1.96.Final.jar;C:\Users\2055757\.m2\repository\io\netty\netty-transport-native-kqueue\4.1.96.Final\netty-transport-native-kqueue-4.1.96.Final.jar;C:\Users\2055757\.m2\repository\io\netty\netty-transport-native-unix-common\4.1.96.Final\netty-transport-native-unix-common-4.1.96.Final.jar;C:\Users\2055757\.m2\repository\io\netty\netty-transport\4.1.96.Final\netty-transport-4.1.96.Final.jar;C:\Users\2055757\.m2\repository\io\netty\netty-resolver\4.1.96.Final\netty-resolver-4.1.96.Final.jar;C:\Users\2055757\.m2\repository\io\opentelemetry\opentelemetry-api\1.28.0\opentelemetry-api-1.28.0.jar;C:\Users\2055757\.m2\repository\io\opentelemetry\opentelemetry-context\1.28.0\opentelemetry-context-1.28.0.jar;C:\Users\2055757\.m2\repository\io\opentelemetry\opentelemetry-exporter-logging\1.28.0\opentelemetry-exporter-logging-1.28.0.jar;C:\Users\2055757\.m2\repository\io\opentelemetry\opentelemetry-sdk-metrics\1.28.0\opentelemetry-sdk-metrics-1.28.0.jar;C:\Users\2055757\.m2\repository\io\opentelemetry\opentelemetry-extension-incubator\1.28.0-alpha\opentelemetry-extension-incubator-1.28.0-alpha.jar;C:\Users\2055757\.m2\repository\io\opentelemetry\opentelemetry-sdk-logs\1.28.0\opentelemetry-sdk-logs-1.28.0.jar;C:\Users\2055757\.m2\repository\io\opentelemetry\opentelemetry-sdk-common\1.28.0\opentelemetry-sdk-common-1.28.0.jar;C:\Users\2055757\.m2\repository\io\opentelemetry\opentelemetry-sdk-extension-autoconfigure-spi\1.28.0\opentelemetry-sdk-extension-autoconfigure-spi-1.28.0.jar;C:\Users\2055757\.m2\repository\io\opentelemetry\opentelemetry-sdk-extension-autoconfigure\1.28.0\opentelemetry-sdk-extension-autoconfigure-1.28.0.jar;C:\Users\2055757\.m2\repository\io\opentelemetry\opentelemetry-api-events\1.28.0-alpha\opentelemetry-api-events-1.28.0-alpha.jar;C:\Users\2055757\.m2\repository\io\opentelemetry\opentelemetry-sdk-trace\1.28.0\opentelemetry-sdk-trace-1.28.0.jar;C:\Users\2055757\.m2\repository\io\opentelemetry\opentelemetry-sdk\1.28.0\opentelemetry-sdk-1.28.0.jar;C:\Users\2055757\.m2\repository\io\opentelemetry\opentelemetry-semconv\1.28.0-alpha\opentelemetry-semconv-1.28.0-alpha.jar;C:\Users\2055757\.m2\repository\net\bytebuddy\byte-buddy\1.14.5\byte-buddy-1.14.5.jar;C:\Users\2055757\.m2\repository\org\asynchttpclient\async-http-client\2.12.3\async-http-client-2.12.3.jar;C:\Users\2055757\.m2\repository\org\asynchttpclient\async-http-client-netty-utils\2.12.3\async-http-client-netty-utils-2.12.3.jar;C:\Users\2055757\.m2\repository\io\netty\netty-codec-socks\4.1.60.Final\netty-codec-socks-4.1.60.Final.jar;C:\Users\2055757\.m2\repository\io\netty\netty-handler-proxy\4.1.60.Final\netty-handler-proxy-4.1.60.Final.jar;C:\Users\2055757\.m2\repository\io\netty\netty-transport-native-epoll\4.1.60.Final\netty-transport-native-epoll-4.1.60.Final-linux-x86_64.jar;C:\Users\2055757\.m2\repository\io\netty\netty-transport-native-kqueue\4.1.60.Final\netty-transport-native-kqueue-4.1.60.Final-osx-x86_64.jar;C:\Users\2055757\.m2\repository\com\typesafe\netty\netty-reactive-streams\2.0.4\netty-reactive-streams-2.0.4.jar;C:\Users\2055757\.m2\repository\com\sun\activation\jakarta.activation\1.2.2\jakarta.activation-1.2.2.jar;C:\Users\2055757\.m2\repository\org\seleniumhq\selenium\selenium-os\4.12.1\selenium-os-4.12.1.jar;C:\Users\2055757\.m2\repository\org\apache\commons\commons-exec\1.3\commons-exec-1.3.jar;C:\Users\2055757\.m2\repository\org\seleniumhq\selenium\selenium-safari-driver\4.12.1\selenium-safari-driver-4.12.1.jar;C:\Users\2055757\.m2\repository\org\seleniumhq\selenium\selenium-support\4.12.1\selenium-support-4.12.1.jar;C:\Users\2055757\.m2\repository\org\testng\testng\7.9.0\testng-7.9.0.jar;C:\Users\2055757\.m2\repository\org\slf4j\slf4j-api\1.7.36\slf4j-api-1.7.36.jar;C:\Users\2055757\.m2\repository\com\beust\jcommander\1.82\jcommander-1.82.jar;C:\Users\2055757\.m2\repository\org\webjars\jquery\3.7.1\jquery-3.7.1.jar;C:\Users\2055757\.m2\repository\ch\qos\logback\logback-classic\1.2.3\logback-classic-1.2.3.jar;C:\Users\2055757\.m2\repository\ch\qos\logback\logback-core\1.2.3\logback-core-1.2.3.jar;C:\Users\2055757\.m2\repository\com\fasterxml\jackson\core\jackson-databind\2.16.0\jackson-databind-2.16.0.jar;C:\Users\2055757\.m2\repository\com\fasterxml\jackson\core\jackson-annotations\2.16.0\jackson-annotations-2.16.0.jar;C:\Users\2055757\.m2\repository\com\fasterxml\jackson\core\jackson-core\2.16.0\jackson-core-2.16.0.jar;C:\Users\2055757\.m2\repository\commons-io\commons-io\2.15.0\commons-io-2.15.0.jar;C:\Users\2055757\.m2\repository\com\aventstack\extentreports\5.1.1\extentreports-5.1.1.jar;C:\Users\2055757\.m2\repository\io\reactivex\rxjava3\rxjava\3.1.6\rxjava-3.1.6.jar;C:\Users\2055757\.m2\repository\org\reactivestreams\reactive-streams\1.0.4\reactive-streams-1.0.4.jar;C:\Users\2055757\.m2\repository\org\freemarker\freemarker\2.3.32\freemarker-2.3.32.jar;C:\Users\2055757\.m2\repository\org\projectlombok\lombok\1.18.26\lombok-1.18.26.jar;C:\Users\2055757\.m2\repository\com\google\code\gson\gson\2.10.1\gson-2.10.1.jar;"/>
    <property name="java.vm.vendor" value="Oracle Corporation"/>
    <property name="sun.arch.data.model" value="64"/>
    <property name="user.variant" value=""/>
    <property name="java.vendor.url" value="https://java.oracle.com/"/>
    <property name="user.timezone" value="Asia/Calcutta"/>
    <property name="os.name" value="Windows 11"/>
    <property name="java.vm.specification.version" value="20"/>
    <property name="sun.java.launcher" value="SUN_STANDARD"/>
    <property name="user.country" value="IN"/>
    <property name="sun.boot.library.path" value="C:\Program Files\Java\jdk-20\bin"/>
    <property name="sun.java.command" value="C:\Users\2055757\AppData\Local\Temp\surefire64533631887496352\surefirebooter-20240319232336064_3.jar C:\Users\2055757\AppData\Local\Temp\surefire64533631887496352 2024-03-19T23-23-34_231-jvmRun1 surefire-20240319232336064_1tmp surefire_0-20240319232336064_2tmp"/>
    <property name="jdk.debug" value="release"/>
    <property name="surefire.test.class.path" value="C:\Users\2055757\Selenium_Training\NewFramework\SeleniumFramework\target\test-classes;C:\Users\2055757\Selenium_Training\NewFramework\SeleniumFramework\target\classes;C:\Users\2055757\.m2\repository\org\seleniumhq\selenium\selenium-java\4.12.1\selenium-java-4.12.1.jar;C:\Users\2055757\.m2\repository\org\seleniumhq\selenium\selenium-api\4.12.1\selenium-api-4.12.1.jar;C:\Users\2055757\.m2\repository\org\seleniumhq\selenium\selenium-chrome-driver\4.12.1\selenium-chrome-driver-4.12.1.jar;C:\Users\2055757\.m2\repository\com\google\auto\service\auto-service-annotations\1.1.1\auto-service-annotations-1.1.1.jar;C:\Users\2055757\.m2\repository\com\google\guava\guava\32.1.2-jre\guava-32.1.2-jre.jar;C:\Users\2055757\.m2\repository\com\google\guava\failureaccess\1.0.1\failureaccess-1.0.1.jar;C:\Users\2055757\.m2\repository\com\google\guava\listenablefuture\9999.0-empty-to-avoid-conflict-with-guava\listenablefuture-9999.0-empty-to-avoid-conflict-with-guava.jar;C:\Users\2055757\.m2\repository\com\google\code\findbugs\jsr305\3.0.2\jsr305-3.0.2.jar;C:\Users\2055757\.m2\repository\org\checkerframework\checker-qual\3.33.0\checker-qual-3.33.0.jar;C:\Users\2055757\.m2\repository\com\google\errorprone\error_prone_annotations\2.18.0\error_prone_annotations-2.18.0.jar;C:\Users\2055757\.m2\repository\com\google\j2objc\j2objc-annotations\2.8\j2objc-annotations-2.8.jar;C:\Users\2055757\.m2\repository\org\seleniumhq\selenium\selenium-chromium-driver\4.12.1\selenium-chromium-driver-4.12.1.jar;C:\Users\2055757\.m2\repository\org\seleniumhq\selenium\selenium-json\4.12.1\selenium-json-4.12.1.jar;C:\Users\2055757\.m2\repository\org\seleniumhq\selenium\selenium-manager\4.12.1\selenium-manager-4.12.1.jar;C:\Users\2055757\.m2\repository\org\seleniumhq\selenium\selenium-devtools-v114\4.12.1\selenium-devtools-v114-4.12.1.jar;C:\Users\2055757\.m2\repository\org\seleniumhq\selenium\selenium-devtools-v115\4.12.1\selenium-devtools-v115-4.12.1.jar;C:\Users\2055757\.m2\repository\org\seleniumhq\selenium\selenium-devtools-v116\4.12.1\selenium-devtools-v116-4.12.1.jar;C:\Users\2055757\.m2\repository\org\seleniumhq\selenium\selenium-devtools-v85\4.12.1\selenium-devtools-v85-4.12.1.jar;C:\Users\2055757\.m2\repository\org\seleniumhq\selenium\selenium-edge-driver\4.12.1\selenium-edge-driver-4.12.1.jar;C:\Users\2055757\.m2\repository\org\seleniumhq\selenium\selenium-firefox-driver\4.12.1\selenium-firefox-driver-4.12.1.jar;C:\Users\2055757\.m2\repository\org\seleniumhq\selenium\selenium-http\4.12.1\selenium-http-4.12.1.jar;C:\Users\2055757\.m2\repository\dev\failsafe\failsafe\3.3.2\failsafe-3.3.2.jar;C:\Users\2055757\.m2\repository\org\seleniumhq\selenium\selenium-ie-driver\4.12.1\selenium-ie-driver-4.12.1.jar;C:\Users\2055757\.m2\repository\org\seleniumhq\selenium\selenium-remote-driver\4.12.1\selenium-remote-driver-4.12.1.jar;C:\Users\2055757\.m2\repository\io\netty\netty-buffer\4.1.96.Final\netty-buffer-4.1.96.Final.jar;C:\Users\2055757\.m2\repository\io\netty\netty-codec-http\4.1.96.Final\netty-codec-http-4.1.96.Final.jar;C:\Users\2055757\.m2\repository\io\netty\netty-codec\4.1.96.Final\netty-codec-4.1.96.Final.jar;C:\Users\2055757\.m2\repository\io\netty\netty-handler\4.1.96.Final\netty-handler-4.1.96.Final.jar;C:\Users\2055757\.m2\repository\io\netty\netty-common\4.1.96.Final\netty-common-4.1.96.Final.jar;C:\Users\2055757\.m2\repository\io\netty\netty-transport-classes-epoll\4.1.96.Final\netty-transport-classes-epoll-4.1.96.Final.jar;C:\Users\2055757\.m2\repository\io\netty\netty-transport-classes-kqueue\4.1.96.Final\netty-transport-classes-kqueue-4.1.96.Final.jar;C:\Users\2055757\.m2\repository\io\netty\netty-transport-native-epoll\4.1.96.Final\netty-transport-native-epoll-4.1.96.Final.jar;C:\Users\2055757\.m2\repository\io\netty\netty-transport-native-kqueue\4.1.96.Final\netty-transport-native-kqueue-4.1.96.Final.jar;C:\Users\2055757\.m2\repository\io\netty\netty-transport-native-unix-common\4.1.96.Final\netty-transport-native-unix-common-4.1.96.Final.jar;C:\Users\2055757\.m2\repository\io\netty\netty-transport\4.1.96.Final\netty-transport-4.1.96.Final.jar;C:\Users\2055757\.m2\repository\io\netty\netty-resolver\4.1.96.Final\netty-resolver-4.1.96.Final.jar;C:\Users\2055757\.m2\repository\io\opentelemetry\opentelemetry-api\1.28.0\opentelemetry-api-1.28.0.jar;C:\Users\2055757\.m2\repository\io\opentelemetry\opentelemetry-context\1.28.0\opentelemetry-context-1.28.0.jar;C:\Users\2055757\.m2\repository\io\opentelemetry\opentelemetry-exporter-logging\1.28.0\opentelemetry-exporter-logging-1.28.0.jar;C:\Users\2055757\.m2\repository\io\opentelemetry\opentelemetry-sdk-metrics\1.28.0\opentelemetry-sdk-metrics-1.28.0.jar;C:\Users\2055757\.m2\repository\io\opentelemetry\opentelemetry-extension-incubator\1.28.0-alpha\opentelemetry-extension-incubator-1.28.0-alpha.jar;C:\Users\2055757\.m2\repository\io\opentelemetry\opentelemetry-sdk-logs\1.28.0\opentelemetry-sdk-logs-1.28.0.jar;C:\Users\2055757\.m2\repository\io\opentelemetry\opentelemetry-sdk-common\1.28.0\opentelemetry-sdk-common-1.28.0.jar;C:\Users\2055757\.m2\repository\io\opentelemetry\opentelemetry-sdk-extension-autoconfigure-spi\1.28.0\opentelemetry-sdk-extension-autoconfigure-spi-1.28.0.jar;C:\Users\2055757\.m2\repository\io\opentelemetry\opentelemetry-sdk-extension-autoconfigure\1.28.0\opentelemetry-sdk-extension-autoconfigure-1.28.0.jar;C:\Users\2055757\.m2\repository\io\opentelemetry\opentelemetry-api-events\1.28.0-alpha\opentelemetry-api-events-1.28.0-alpha.jar;C:\Users\2055757\.m2\repository\io\opentelemetry\opentelemetry-sdk-trace\1.28.0\opentelemetry-sdk-trace-1.28.0.jar;C:\Users\2055757\.m2\repository\io\opentelemetry\opentelemetry-sdk\1.28.0\opentelemetry-sdk-1.28.0.jar;C:\Users\2055757\.m2\repository\io\opentelemetry\opentelemetry-semconv\1.28.0-alpha\opentelemetry-semconv-1.28.0-alpha.jar;C:\Users\2055757\.m2\repository\net\bytebuddy\byte-buddy\1.14.5\byte-buddy-1.14.5.jar;C:\Users\2055757\.m2\repository\org\asynchttpclient\async-http-client\2.12.3\async-http-client-2.12.3.jar;C:\Users\2055757\.m2\repository\org\asynchttpclient\async-http-client-netty-utils\2.12.3\async-http-client-netty-utils-2.12.3.jar;C:\Users\2055757\.m2\repository\io\netty\netty-codec-socks\4.1.60.Final\netty-codec-socks-4.1.60.Final.jar;C:\Users\2055757\.m2\repository\io\netty\netty-handler-proxy\4.1.60.Final\netty-handler-proxy-4.1.60.Final.jar;C:\Users\2055757\.m2\repository\io\netty\netty-transport-native-epoll\4.1.60.Final\netty-transport-native-epoll-4.1.60.Final-linux-x86_64.jar;C:\Users\2055757\.m2\repository\io\netty\netty-transport-native-kqueue\4.1.60.Final\netty-transport-native-kqueue-4.1.60.Final-osx-x86_64.jar;C:\Users\2055757\.m2\repository\com\typesafe\netty\netty-reactive-streams\2.0.4\netty-reactive-streams-2.0.4.jar;C:\Users\2055757\.m2\repository\com\sun\activation\jakarta.activation\1.2.2\jakarta.activation-1.2.2.jar;C:\Users\2055757\.m2\repository\org\seleniumhq\selenium\selenium-os\4.12.1\selenium-os-4.12.1.jar;C:\Users\2055757\.m2\repository\org\apache\commons\commons-exec\1.3\commons-exec-1.3.jar;C:\Users\2055757\.m2\repository\org\seleniumhq\selenium\selenium-safari-driver\4.12.1\selenium-safari-driver-4.12.1.jar;C:\Users\2055757\.m2\repository\org\seleniumhq\selenium\selenium-support\4.12.1\selenium-support-4.12.1.jar;C:\Users\2055757\.m2\repository\org\testng\testng\7.9.0\testng-7.9.0.jar;C:\Users\2055757\.m2\repository\org\slf4j\slf4j-api\1.7.36\slf4j-api-1.7.36.jar;C:\Users\2055757\.m2\repository\com\beust\jcommander\1.82\jcommander-1.82.jar;C:\Users\2055757\.m2\repository\org\webjars\jquery\3.7.1\jquery-3.7.1.jar;C:\Users\2055757\.m2\repository\ch\qos\logback\logback-classic\1.2.3\logback-classic-1.2.3.jar;C:\Users\2055757\.m2\repository\ch\qos\logback\logback-core\1.2.3\logback-core-1.2.3.jar;C:\Users\2055757\.m2\repository\com\fasterxml\jackson\core\jackson-databind\2.16.0\jackson-databind-2.16.0.jar;C:\Users\2055757\.m2\repository\com\fasterxml\jackson\core\jackson-annotations\2.16.0\jackson-annotations-2.16.0.jar;C:\Users\2055757\.m2\repository\com\fasterxml\jackson\core\jackson-core\2.16.0\jackson-core-2.16.0.jar;C:\Users\2055757\.m2\repository\commons-io\commons-io\2.15.0\commons-io-2.15.0.jar;C:\Users\2055757\.m2\repository\com\aventstack\extentreports\5.1.1\extentreports-5.1.1.jar;C:\Users\2055757\.m2\repository\io\reactivex\rxjava3\rxjava\3.1.6\rxjava-3.1.6.jar;C:\Users\2055757\.m2\repository\org\reactivestreams\reactive-streams\1.0.4\reactive-streams-1.0.4.jar;C:\Users\2055757\.m2\repository\org\freemarker\freemarker\2.3.32\freemarker-2.3.32.jar;C:\Users\2055757\.m2\repository\org\projectlombok\lombok\1.18.26\lombok-1.18.26.jar;C:\Users\2055757\.m2\repository\com\google\code\gson\gson\2.10.1\gson-2.10.1.jar;"/>
    <property name="sun.cpu.endian" value="little"/>
    <property name="user.home" value="C:\Users\2055757"/>
    <property name="user.language" value="en"/>
    <property name="java.specification.vendor" value="Oracle Corporation"/>
    <property name="java.version.date" value="2023-04-18"/>
    <property name="java.home" value="C:\Program Files\Java\jdk-20"/>
    <property name="file.separator" value="\"/>
    <property name="basedir" value="C:\Users\2055757\Selenium_Training\NewFramework\SeleniumFramework"/>
    <property name="java.vm.compressedOopsMode" value="Zero based"/>
    <property name="line.separator" value="&#10;"/>
    <property name="java.vm.specification.vendor" value="Oracle Corporation"/>
    <property name="java.specification.name" value="Java Platform API Specification"/>
    <property name="surefire.real.class.path" value="C:\Users\2055757\AppData\Local\Temp\surefire64533631887496352\surefirebooter-20240319232336064_3.jar"/>
    <property name="user.script" value=""/>
    <property name="sun.management.compiler" value="HotSpot 64-Bit Tiered Compilers"/>
    <property name="java.runtime.version" value="20.0.1+9-29"/>
    <property name="user.name" value="2055757"/>
    <property name="stdout.encoding" value="Cp1252"/>
    <property name="path.separator" value=";"/>
    <property name="os.version" value="10.0"/>
    <property name="java.runtime.name" value="Java(TM) SE Runtime Environment"/>
    <property name="file.encoding" value="UTF-8"/>
    <property name="java.vm.name" value="Java HotSpot(TM) 64-Bit Server VM"/>
    <property name="localRepository" value="C:\Users\2055757\.m2\repository"/>
    <property name="java.vendor.url.bug" value="https://bugreport.java.com/bugreport/"/>
    <property name="java.io.tmpdir" value="C:\Users\2055757\AppData\Local\Temp\"/>
    <property name="java.version" value="20.0.1"/>
    <property name="user.dir" value="C:\Users\2055757\Selenium_Training\NewFramework\SeleniumFramework"/>
    <property name="os.arch" value="amd64"/>
    <property name="java.vm.specification.name" value="Java Virtual Machine Specification"/>
    <property name="sun.os.patch.level" value=""/>
    <property name="native.encoding" value="Cp1252"/>
    <property name="java.library.path" value="C:\Program Files\Java\jdk-20\bin;C:\WINDOWS\Sun\Java\bin;C:\WINDOWS\system32;C:\WINDOWS;C:\Program Files\Common Files\Oracle\Java\javapath;C:\WINDOWS\system32;C:\WINDOWS;C:\WINDOWS\System32\Wbem;C:\WINDOWS\System32\WindowsPowerShell\v1.0\;C:\WINDOWS\System32\OpenSSH\;%MAVEN_HOME%\bin;C:\Program Files\Java\jdk-20\bin;C:\Users\2055757\AppData\Local\Microsoft\WindowsApps;C:\Users\2055757\nk\apache-maven-3.9.6\bin;;."/>
    <property name="java.vm.info" value="mixed mode, sharing"/>
    <property name="stderr.encoding" value="Cp1252"/>
    <property name="java.vendor" value="Oracle Corporation"/>
    <property name="java.vm.version" value="20.0.1+9-29"/>
    <property name="sun.io.unicode.encoding" value="UnicodeLittle"/>
    <property name="java.class.version" value="64.0"/>
  </properties>
  <testcase name="submitOrder[{password=N&amp;a@1999, product=ZARA COAT 3, email=nandha@gmail.com}](1)" classname="nandha.tests.SubmitOrderTest" time="20.049">
    <system-out><![CDATA[23:23:40.133 [main] DEBUG org.testng.TestNG - suiteXmlPath: "C:\Users\2055757\Selenium_Training\NewFramework\SeleniumFramework\testSuites\testng.xml"
23:23:59.566 [main] DEBUG io.netty.util.internal.logging.InternalLoggerFactory - Using SLF4J as the default logging framework
23:23:59.580 [main] DEBUG io.netty.util.ResourceLeakDetector - -Dio.netty.leakDetection.level: simple
23:23:59.580 [main] DEBUG io.netty.util.ResourceLeakDetector - -Dio.netty.leakDetection.targetRecords: 4
23:23:59.598 [main] DEBUG io.netty.util.ResourceLeakDetectorFactory - Loaded default ResourceLeakDetector: io.netty.util.ResourceLeakDetector@5ebd56e9
23:23:59.675 [main] DEBUG io.netty.util.internal.PlatformDependent0 - -Dio.netty.noUnsafe: false
23:23:59.676 [main] DEBUG io.netty.util.internal.PlatformDependent0 - Java version: 20
23:23:59.681 [main] DEBUG io.netty.util.internal.PlatformDependent0 - sun.misc.Unsafe.theUnsafe: available
23:23:59.683 [main] DEBUG io.netty.util.internal.PlatformDependent0 - sun.misc.Unsafe.copyMemory: available
23:23:59.684 [main] DEBUG io.netty.util.internal.PlatformDependent0 - sun.misc.Unsafe.storeFence: available
23:23:59.686 [main] DEBUG io.netty.util.internal.PlatformDependent0 - java.nio.Buffer.address: available
23:23:59.688 [main] DEBUG io.netty.util.internal.PlatformDependent0 - direct buffer constructor: unavailable: Reflective setAccessible(true) disabled
23:23:59.689 [main] DEBUG io.netty.util.internal.PlatformDependent0 - java.nio.Bits.unaligned: available, true
23:23:59.694 [main] DEBUG io.netty.util.internal.PlatformDependent0 - jdk.internal.misc.Unsafe.allocateUninitializedArray(int): unavailable: class io.netty.util.internal.PlatformDependent0$7 cannot access class jdk.internal.misc.Unsafe (in module java.base) because module java.base does not export jdk.internal.misc to unnamed module @4722ef0c
23:23:59.699 [main] DEBUG io.netty.util.internal.PlatformDependent0 - java.nio.DirectByteBuffer.<init>(long, {int,long}): unavailable
23:23:59.700 [main] DEBUG io.netty.util.internal.PlatformDependent - sun.misc.Unsafe: available
23:23:59.705 [main] DEBUG io.netty.util.internal.PlatformDependent - maxDirectMemory: 3741319168 bytes (maybe)
23:23:59.706 [main] DEBUG io.netty.util.internal.PlatformDependent - -Dio.netty.tmpdir: C:\Users\2055757\AppData\Local\Temp (java.io.tmpdir)
23:23:59.706 [main] DEBUG io.netty.util.internal.PlatformDependent - -Dio.netty.bitMode: 64 (sun.arch.data.model)
23:23:59.709 [main] DEBUG io.netty.util.internal.PlatformDependent - Platform: Windows
23:23:59.713 [main] DEBUG io.netty.util.internal.PlatformDependent - -Dio.netty.maxDirectMemory: -1 bytes
23:23:59.714 [main] DEBUG io.netty.util.internal.PlatformDependent - -Dio.netty.uninitializedArrayAllocationThreshold: -1
23:23:59.718 [main] DEBUG io.netty.util.internal.CleanerJava9 - java.nio.ByteBuffer.cleaner(): available
23:23:59.718 [main] DEBUG io.netty.util.internal.PlatformDependent - -Dio.netty.noPreferDirect: false
23:23:59.747 [main] DEBUG io.netty.util.internal.PlatformDependent - org.jctools-core.MpscChunkedArrayQueue: available
23:23:59.852 [main] DEBUG io.netty.util.internal.InternalThreadLocalMap - -Dio.netty.threadLocalMap.stringBuilder.initialSize: 1024
23:23:59.852 [main] DEBUG io.netty.util.internal.InternalThreadLocalMap - -Dio.netty.threadLocalMap.stringBuilder.maxSize: 4096
23:24:00.424 [main] DEBUG io.netty.handler.ssl.JdkSslContext - Default protocols (JDK): [TLSv1.3, TLSv1.2] 
23:24:00.425 [main] DEBUG io.netty.handler.ssl.JdkSslContext - Default cipher suites (JDK): [TLS_ECDHE_ECDSA_WITH_AES_256_GCM_SHA384, TLS_ECDHE_ECDSA_WITH_AES_128_GCM_SHA256, TLS_ECDHE_RSA_WITH_AES_128_GCM_SHA256, TLS_ECDHE_RSA_WITH_AES_256_GCM_SHA384, TLS_ECDHE_RSA_WITH_AES_128_CBC_SHA, TLS_ECDHE_RSA_WITH_AES_256_CBC_SHA, TLS_RSA_WITH_AES_128_GCM_SHA256, TLS_RSA_WITH_AES_128_CBC_SHA, TLS_RSA_WITH_AES_256_CBC_SHA, TLS_AES_128_GCM_SHA256, TLS_AES_256_GCM_SHA384]
23:24:00.471 [main] DEBUG io.netty.util.concurrent.GlobalEventExecutor - -Dio.netty.globalEventExecutor.quietPeriodSeconds: 1
23:24:00.525 [main] DEBUG io.netty.channel.MultithreadEventLoopGroup - -Dio.netty.eventLoopThreads: 16
23:24:00.562 [main] DEBUG io.netty.channel.nio.NioEventLoop - -Dio.netty.noKeySetOptimization: false
23:24:00.562 [main] DEBUG io.netty.channel.nio.NioEventLoop - -Dio.netty.selectorAutoRebuildThreshold: 512
23:24:00.804 [main] DEBUG io.netty.buffer.PooledByteBufAllocator - -Dio.netty.allocator.numHeapArenas: 16
23:24:00.805 [main] DEBUG io.netty.buffer.PooledByteBufAllocator - -Dio.netty.allocator.numDirectArenas: 16
23:24:00.805 [main] DEBUG io.netty.buffer.PooledByteBufAllocator - -Dio.netty.allocator.pageSize: 8192
23:24:00.805 [main] DEBUG io.netty.buffer.PooledByteBufAllocator - -Dio.netty.allocator.maxOrder: 9
23:24:00.805 [main] DEBUG io.netty.buffer.PooledByteBufAllocator - -Dio.netty.allocator.chunkSize: 4194304
23:24:00.805 [main] DEBUG io.netty.buffer.PooledByteBufAllocator - -Dio.netty.allocator.smallCacheSize: 256
23:24:00.805 [main] DEBUG io.netty.buffer.PooledByteBufAllocator - -Dio.netty.allocator.normalCacheSize: 64
23:24:00.806 [main] DEBUG io.netty.buffer.PooledByteBufAllocator - -Dio.netty.allocator.maxCachedBufferCapacity: 32768
23:24:00.806 [main] DEBUG io.netty.buffer.PooledByteBufAllocator - -Dio.netty.allocator.cacheTrimInterval: 8192
23:24:00.806 [main] DEBUG io.netty.buffer.PooledByteBufAllocator - -Dio.netty.allocator.cacheTrimIntervalMillis: 0
23:24:00.806 [main] DEBUG io.netty.buffer.PooledByteBufAllocator - -Dio.netty.allocator.useCacheForAllThreads: false
23:24:00.806 [main] DEBUG io.netty.buffer.PooledByteBufAllocator - -Dio.netty.allocator.maxCachedByteBuffersPerChunk: 1023
23:24:00.867 [main] DEBUG io.netty.buffer.ByteBufUtil - -Dio.netty.allocator.type: pooled
23:24:00.867 [main] DEBUG io.netty.buffer.ByteBufUtil - -Dio.netty.threadLocalDirectBufferSize: 0
23:24:00.867 [main] DEBUG io.netty.buffer.ByteBufUtil - -Dio.netty.maxThreadLocalCharBufferSize: 16384
23:24:03.484 [Forwarding newSession on session null to remote] DEBUG io.netty.channel.DefaultChannelId - -Dio.netty.processId: 29288 (auto-detected)
23:24:03.492 [Forwarding newSession on session null to remote] DEBUG io.netty.util.NetUtil - -Djava.net.preferIPv4Stack: false
23:24:03.492 [Forwarding newSession on session null to remote] DEBUG io.netty.util.NetUtil - -Djava.net.preferIPv6Addresses: false
23:24:03.520 [Forwarding newSession on session null to remote] DEBUG io.netty.util.NetUtilInitializations - Loopback interface: lo (Software Loopback Interface 1, 127.0.0.1)
23:24:03.524 [Forwarding newSession on session null to remote] DEBUG io.netty.util.NetUtil - Failed to get SOMAXCONN from sysctl and file \proc\sys\net\core\somaxconn. Default: 200
23:24:03.580 [Forwarding newSession on session null to remote] DEBUG io.netty.channel.DefaultChannelId - -Dio.netty.machineId: 6c:6a:77:ff:fe:3c:ee:b6 (auto-detected)
23:24:03.774 [AsyncHttpClient-1-2] DEBUG io.netty.buffer.AbstractByteBuf - -Dio.netty.buffer.checkAccessible: true
23:24:03.775 [AsyncHttpClient-1-2] DEBUG io.netty.buffer.AbstractByteBuf - -Dio.netty.buffer.checkBounds: true
23:24:03.775 [AsyncHttpClient-1-2] DEBUG io.netty.util.ResourceLeakDetectorFactory - Loaded default ResourceLeakDetector: io.netty.util.ResourceLeakDetector@4b5b01b2
23:24:03.855 [AsyncHttpClient-1-2] DEBUG org.asynchttpclient.netty.channel.NettyConnectListener - Using new Channel '[id: 0x19b93b78, L:/127.0.0.1:60616 - R:localhost/127.0.0.1:12244]' for 'POST' to '/session'
23:24:03.936 [AsyncHttpClient-1-2] DEBUG io.netty.util.Recycler - -Dio.netty.recycler.maxCapacityPerThread: 4096
23:24:03.937 [AsyncHttpClient-1-2] DEBUG io.netty.util.Recycler - -Dio.netty.recycler.ratio: 8
23:24:03.937 [AsyncHttpClient-1-2] DEBUG io.netty.util.Recycler - -Dio.netty.recycler.chunkSize: 32
23:24:03.937 [AsyncHttpClient-1-2] DEBUG io.netty.util.Recycler - -Dio.netty.recycler.blocking: false
23:24:03.937 [AsyncHttpClient-1-2] DEBUG io.netty.util.Recycler - -Dio.netty.recycler.batchFastThreadLocalOnly: true
23:24:18.581 [AsyncHttpClient-1-2] DEBUG io.netty.handler.codec.compression.Brotli - brotli4j not in the classpath; Brotli support will be unavailable.
23:24:18.582 [AsyncHttpClient-1-2] DEBUG org.asynchttpclient.netty.handler.HttpHandler - 

Request DefaultHttpRequest(decodeResult: success, version: HTTP/1.1)
POST /session HTTP/1.1
User-Agent: selenium/4.12.1 (java windows)
Content-Length: 336
Content-Type: application/json; charset=utf-8
host: localhost:12244
accept: */*

Response DefaultHttpResponse(decodeResult: success, version: HTTP/1.1)
HTTP/1.1 200 OK
Content-Length: 886
Content-Type: application/json; charset=utf-8
cache-control: no-cache

23:24:18.652 [AsyncHttpClient-1-2] DEBUG org.asynchttpclient.netty.channel.ChannelManager - Adding key: http://localhost:12244 for channel [id: 0x19b93b78, L:/127.0.0.1:60616 - R:localhost/127.0.0.1:12244]
23:24:19.092 [AsyncHttpClient-1-1] DEBUG org.asynchttpclient.netty.channel.DefaultChannelPool - Entry count for : http://localhost:12244 : 1
23:24:19.357 [AsyncHttpClient-1-3] DEBUG org.asynchttpclient.netty.channel.NettyConnectListener - Using new Channel '[id: 0xa3b58526, L:/127.0.0.1:60631 - R:localhost/127.0.0.1:60618]' for 'GET' to '/json/version'
23:24:19.393 [AsyncHttpClient-1-3] DEBUG org.asynchttpclient.netty.handler.HttpHandler - 

Request DefaultFullHttpRequest(decodeResult: success, version: HTTP/1.1, content: EmptyByteBufBE)
GET /json/version HTTP/1.1
User-Agent: selenium/4.12.1 (java windows)
host: localhost:60618
accept: */*

Response DefaultHttpResponse(decodeResult: success, version: HTTP/1.1)
HTTP/1.1 200 OK
Content-Security-Policy: frame-ancestors 'none'
Content-Length: 424
Content-Type: application/json; charset=UTF-8

23:24:19.394 [AsyncHttpClient-1-3] DEBUG org.asynchttpclient.netty.channel.ChannelManager - Adding key: http://localhost:60618 for channel [id: 0xa3b58526, L:/127.0.0.1:60631 - R:localhost/127.0.0.1:60618]
23:24:19.485 [main] DEBUG io.netty.util.internal.ThreadLocalRandom - -Dio.netty.initialSeedUniquifier: 0xa78a561355e62a9c
23:24:19.555 [AsyncHttpClient-1-4] DEBUG org.asynchttpclient.netty.channel.NettyConnectListener - Using new Channel '[id: 0xf46a58bd, L:/127.0.0.1:60632 - R:localhost/127.0.0.1:60618]' for 'GET' to '/devtools/browser/9d96e0f4-0952-4698-8bed-5159340002d0'
23:24:19.569 [AsyncHttpClient-1-4] DEBUG org.asynchttpclient.netty.handler.WebSocketHandler - 

Request DefaultFullHttpRequest(decodeResult: success, version: HTTP/1.1, content: EmptyByteBufBE)
GET /devtools/browser/9d96e0f4-0952-4698-8bed-5159340002d0 HTTP/1.1
upgrade: websocket
connection: upgrade
sec-websocket-key: efNxhWkpxA21HVhJllkOIg==
sec-websocket-version: 13
origin: http://localhost:60618
host: localhost:60618
accept: */*
user-agent: AHC/2.1

Response DefaultHttpResponse(decodeResult: success, version: HTTP/1.1)
HTTP/1.1 101 WebSocket Protocol Handshake
Upgrade: WebSocket
Connection: Upgrade
Sec-WebSocket-Accept: qruyCBtwYbo9tA7zfBgz4vjidxA=

23:24:19.914 [Forwarding setTimeout on session df1e05cabb9d5fba86965e8d536a92f9 to remote] DEBUG org.asynchttpclient.netty.request.NettyRequestSender - Using pooled Channel '[id: 0x19b93b78, L:/127.0.0.1:60616 - R:localhost/127.0.0.1:12244]' for 'POST' to 'http://localhost:12244/session/df1e05cabb9d5fba86965e8d536a92f9/timeouts'
23:24:19.914 [Forwarding setTimeout on session df1e05cabb9d5fba86965e8d536a92f9 to remote] DEBUG org.asynchttpclient.netty.request.NettyRequestSender - Using open Channel [id: 0x19b93b78, L:/127.0.0.1:60616 - R:localhost/127.0.0.1:12244] for POST '/session/df1e05cabb9d5fba86965e8d536a92f9/timeouts'
23:24:19.932 [AsyncHttpClient-1-2] DEBUG org.asynchttpclient.netty.handler.HttpHandler - 

Request DefaultHttpRequest(decodeResult: success, version: HTTP/1.1)
POST /session/df1e05cabb9d5fba86965e8d536a92f9/timeouts HTTP/1.1
User-Agent: selenium/4.12.1 (java windows)
Content-Length: 23
Content-Type: application/json; charset=utf-8
host: localhost:12244
accept: */*

Response DefaultHttpResponse(decodeResult: success, version: HTTP/1.1)
HTTP/1.1 200 OK
Content-Length: 14
Content-Type: application/json; charset=utf-8
cache-control: no-cache

23:24:19.933 [AsyncHttpClient-1-2] DEBUG org.asynchttpclient.netty.channel.ChannelManager - Adding key: http://localhost:12244 for channel [id: 0x19b93b78, L:/127.0.0.1:60616 - R:localhost/127.0.0.1:12244]
23:24:19.943 [Forwarding maximizeCurrentWindow on session df1e05cabb9d5fba86965e8d536a92f9 to remote] DEBUG org.asynchttpclient.netty.request.NettyRequestSender - Using pooled Channel '[id: 0x19b93b78, L:/127.0.0.1:60616 - R:localhost/127.0.0.1:12244]' for 'POST' to 'http://localhost:12244/session/df1e05cabb9d5fba86965e8d536a92f9/window/maximize'
23:24:19.943 [Forwarding maximizeCurrentWindow on session df1e05cabb9d5fba86965e8d536a92f9 to remote] DEBUG org.asynchttpclient.netty.request.NettyRequestSender - Using open Channel [id: 0x19b93b78, L:/127.0.0.1:60616 - R:localhost/127.0.0.1:12244] for POST '/session/df1e05cabb9d5fba86965e8d536a92f9/window/maximize'
23:24:20.185 [AsyncHttpClient-1-1] DEBUG org.asynchttpclient.netty.channel.DefaultChannelPool - Entry count for : http://localhost:60618 : 1
23:24:20.233 [AsyncHttpClient-1-2] DEBUG org.asynchttpclient.netty.handler.HttpHandler - 

Request DefaultHttpRequest(decodeResult: success, version: HTTP/1.1)
POST /session/df1e05cabb9d5fba86965e8d536a92f9/window/maximize HTTP/1.1
User-Agent: selenium/4.12.1 (java windows)
Content-Length: 3
Content-Type: application/json; charset=utf-8
host: localhost:12244
accept: */*

Response DefaultHttpResponse(decodeResult: success, version: HTTP/1.1)
HTTP/1.1 200 OK
Content-Length: 51
Content-Type: application/json; charset=utf-8
cache-control: no-cache

23:24:20.234 [AsyncHttpClient-1-2] DEBUG org.asynchttpclient.netty.channel.ChannelManager - Adding key: http://localhost:12244 for channel [id: 0x19b93b78, L:/127.0.0.1:60616 - R:localhost/127.0.0.1:12244]
23:24:20.343 [Forwarding get on session df1e05cabb9d5fba86965e8d536a92f9 to remote] DEBUG org.asynchttpclient.netty.request.NettyRequestSender - Using pooled Channel '[id: 0x19b93b78, L:/127.0.0.1:60616 - R:localhost/127.0.0.1:12244]' for 'POST' to 'http://localhost:12244/session/df1e05cabb9d5fba86965e8d536a92f9/url'
23:24:20.344 [Forwarding get on session df1e05cabb9d5fba86965e8d536a92f9 to remote] DEBUG org.asynchttpclient.netty.request.NettyRequestSender - Using open Channel [id: 0x19b93b78, L:/127.0.0.1:60616 - R:localhost/127.0.0.1:12244] for POST '/session/df1e05cabb9d5fba86965e8d536a92f9/url'
23:24:21.267 [AsyncHttpClient-1-1] DEBUG org.asynchttpclient.netty.channel.DefaultChannelPool - Entry count for : http://localhost:60618 : 1
23:24:22.395 [AsyncHttpClient-1-1] DEBUG org.asynchttpclient.netty.channel.DefaultChannelPool - Entry count for : http://localhost:60618 : 1
23:24:23.465 [AsyncHttpClient-1-1] DEBUG org.asynchttpclient.netty.channel.DefaultChannelPool - Entry count for : http://localhost:60618 : 1
23:24:24.574 [AsyncHttpClient-1-1] DEBUG org.asynchttpclient.netty.channel.DefaultChannelPool - Entry count for : http://localhost:60618 : 1
23:24:25.665 [AsyncHttpClient-1-1] DEBUG org.asynchttpclient.netty.channel.DefaultChannelPool - Entry count for : http://localhost:60618 : 1
23:24:26.768 [AsyncHttpClient-1-1] DEBUG org.asynchttpclient.netty.channel.DefaultChannelPool - Entry count for : http://localhost:60618 : 1
23:24:27.876 [AsyncHttpClient-1-1] DEBUG org.asynchttpclient.netty.channel.DefaultChannelPool - Entry count for : http://localhost:60618 : 1
23:24:28.969 [AsyncHttpClient-1-1] DEBUG org.asynchttpclient.netty.channel.DefaultChannelPool - Entry count for : http://localhost:60618 : 1
23:24:29.886 [AsyncHttpClient-1-2] DEBUG org.asynchttpclient.netty.handler.HttpHandler - 

Request DefaultHttpRequest(decodeResult: success, version: HTTP/1.1)
POST /session/df1e05cabb9d5fba86965e8d536a92f9/url HTTP/1.1
User-Agent: selenium/4.12.1 (java windows)
Content-Length: 67
Content-Type: application/json; charset=utf-8
host: localhost:12244
accept: */*

Response DefaultHttpResponse(decodeResult: success, version: HTTP/1.1)
HTTP/1.1 200 OK
Content-Length: 14
Content-Type: application/json; charset=utf-8
cache-control: no-cache

23:24:29.888 [AsyncHttpClient-1-2] DEBUG org.asynchttpclient.netty.channel.ChannelManager - Adding key: http://localhost:12244 for channel [id: 0x19b93b78, L:/127.0.0.1:60616 - R:localhost/127.0.0.1:12244]
23:24:29.936 [Forwarding findElement on session df1e05cabb9d5fba86965e8d536a92f9 to remote] DEBUG org.asynchttpclient.netty.request.NettyRequestSender - Using pooled Channel '[id: 0x19b93b78, L:/127.0.0.1:60616 - R:localhost/127.0.0.1:12244]' for 'POST' to 'http://localhost:12244/session/df1e05cabb9d5fba86965e8d536a92f9/element'
23:24:29.936 [Forwarding findElement on session df1e05cabb9d5fba86965e8d536a92f9 to remote] DEBUG org.asynchttpclient.netty.request.NettyRequestSender - Using open Channel [id: 0x19b93b78, L:/127.0.0.1:60616 - R:localhost/127.0.0.1:12244] for POST '/session/df1e05cabb9d5fba86965e8d536a92f9/element'
23:24:30.000 [AsyncHttpClient-1-2] DEBUG org.asynchttpclient.netty.handler.HttpHandler - 

Request DefaultHttpRequest(decodeResult: success, version: HTTP/1.1)
POST /session/df1e05cabb9d5fba86965e8d536a92f9/element HTTP/1.1
User-Agent: selenium/4.12.1 (java windows)
Content-Length: 54
Content-Type: application/json; charset=utf-8
host: localhost:12244
accept: */*

Response DefaultHttpResponse(decodeResult: success, version: HTTP/1.1)
HTTP/1.1 200 OK
Content-Length: 94
Content-Type: application/json; charset=utf-8
cache-control: no-cache

23:24:30.001 [AsyncHttpClient-1-2] DEBUG org.asynchttpclient.netty.channel.ChannelManager - Adding key: http://localhost:12244 for channel [id: 0x19b93b78, L:/127.0.0.1:60616 - R:localhost/127.0.0.1:12244]
23:24:30.023 [Forwarding sendKeysToElement on session df1e05cabb9d5fba86965e8d536a92f9 to remote] DEBUG org.asynchttpclient.netty.request.NettyRequestSender - Using pooled Channel '[id: 0x19b93b78, L:/127.0.0.1:60616 - R:localhost/127.0.0.1:12244]' for 'POST' to 'http://localhost:12244/session/df1e05cabb9d5fba86965e8d536a92f9/element/2ACB7F701A714D628987898BA0457A84_element_9/value'
23:24:30.023 [Forwarding sendKeysToElement on session df1e05cabb9d5fba86965e8d536a92f9 to remote] DEBUG org.asynchttpclient.netty.request.NettyRequestSender - Using open Channel [id: 0x19b93b78, L:/127.0.0.1:60616 - R:localhost/127.0.0.1:12244] for POST '/session/df1e05cabb9d5fba86965e8d536a92f9/element/2ACB7F701A714D628987898BA0457A84_element_9/value'
23:24:30.067 [AsyncHttpClient-1-1] DEBUG org.asynchttpclient.netty.channel.DefaultChannelPool - Entry count for : http://localhost:60618 : 1
23:24:30.304 [AsyncHttpClient-1-2] DEBUG org.asynchttpclient.netty.handler.HttpHandler - 

Request DefaultHttpRequest(decodeResult: success, version: HTTP/1.1)
POST /session/df1e05cabb9d5fba86965e8d536a92f9/element/2ACB7F701A714D628987898BA0457A84_element_9/value HTTP/1.1
User-Agent: selenium/4.12.1 (java windows)
Content-Length: 247
Content-Type: application/json; charset=utf-8
host: localhost:12244
accept: */*

Response DefaultHttpResponse(decodeResult: success, version: HTTP/1.1)
HTTP/1.1 200 OK
Content-Length: 14
Content-Type: application/json; charset=utf-8
cache-control: no-cache

23:24:30.305 [AsyncHttpClient-1-2] DEBUG org.asynchttpclient.netty.channel.ChannelManager - Adding key: http://localhost:12244 for channel [id: 0x19b93b78, L:/127.0.0.1:60616 - R:localhost/127.0.0.1:12244]
23:24:30.309 [Forwarding findElement on session df1e05cabb9d5fba86965e8d536a92f9 to remote] DEBUG org.asynchttpclient.netty.request.NettyRequestSender - Using pooled Channel '[id: 0x19b93b78, L:/127.0.0.1:60616 - R:localhost/127.0.0.1:12244]' for 'POST' to 'http://localhost:12244/session/df1e05cabb9d5fba86965e8d536a92f9/element'
23:24:30.310 [Forwarding findElement on session df1e05cabb9d5fba86965e8d536a92f9 to remote] DEBUG org.asynchttpclient.netty.request.NettyRequestSender - Using open Channel [id: 0x19b93b78, L:/127.0.0.1:60616 - R:localhost/127.0.0.1:12244] for POST '/session/df1e05cabb9d5fba86965e8d536a92f9/element'
23:24:30.375 [AsyncHttpClient-1-2] DEBUG org.asynchttpclient.netty.handler.HttpHandler - 

Request DefaultHttpRequest(decodeResult: success, version: HTTP/1.1)
POST /session/df1e05cabb9d5fba86965e8d536a92f9/element HTTP/1.1
User-Agent: selenium/4.12.1 (java windows)
Content-Length: 57
Content-Type: application/json; charset=utf-8
host: localhost:12244
accept: */*

Response DefaultHttpResponse(decodeResult: success, version: HTTP/1.1)
HTTP/1.1 200 OK
Content-Length: 94
Content-Type: application/json; charset=utf-8
cache-control: no-cache

23:24:30.376 [AsyncHttpClient-1-2] DEBUG org.asynchttpclient.netty.channel.ChannelManager - Adding key: http://localhost:12244 for channel [id: 0x19b93b78, L:/127.0.0.1:60616 - R:localhost/127.0.0.1:12244]
23:24:30.382 [Forwarding sendKeysToElement on session df1e05cabb9d5fba86965e8d536a92f9 to remote] DEBUG org.asynchttpclient.netty.request.NettyRequestSender - Using pooled Channel '[id: 0x19b93b78, L:/127.0.0.1:60616 - R:localhost/127.0.0.1:12244]' for 'POST' to 'http://localhost:12244/session/df1e05cabb9d5fba86965e8d536a92f9/element/2ACB7F701A714D628987898BA0457A84_element_5/value'
23:24:30.383 [Forwarding sendKeysToElement on session df1e05cabb9d5fba86965e8d536a92f9 to remote] DEBUG org.asynchttpclient.netty.request.NettyRequestSender - Using open Channel [id: 0x19b93b78, L:/127.0.0.1:60616 - R:localhost/127.0.0.1:12244] for POST '/session/df1e05cabb9d5fba86965e8d536a92f9/element/2ACB7F701A714D628987898BA0457A84_element_5/value'
23:24:30.614 [AsyncHttpClient-1-2] DEBUG org.asynchttpclient.netty.handler.HttpHandler - 

Request DefaultHttpRequest(decodeResult: success, version: HTTP/1.1)
POST /session/df1e05cabb9d5fba86965e8d536a92f9/element/2ACB7F701A714D628987898BA0457A84_element_5/value HTTP/1.1
User-Agent: selenium/4.12.1 (java windows)
Content-Length: 177
Content-Type: application/json; charset=utf-8
host: localhost:12244
accept: */*

Response DefaultHttpResponse(decodeResult: success, version: HTTP/1.1)
HTTP/1.1 200 OK
Content-Length: 14
Content-Type: application/json; charset=utf-8
cache-control: no-cache

23:24:30.615 [AsyncHttpClient-1-2] DEBUG org.asynchttpclient.netty.channel.ChannelManager - Adding key: http://localhost:12244 for channel [id: 0x19b93b78, L:/127.0.0.1:60616 - R:localhost/127.0.0.1:12244]
23:24:30.621 [Forwarding findElement on session df1e05cabb9d5fba86965e8d536a92f9 to remote] DEBUG org.asynchttpclient.netty.request.NettyRequestSender - Using pooled Channel '[id: 0x19b93b78, L:/127.0.0.1:60616 - R:localhost/127.0.0.1:12244]' for 'POST' to 'http://localhost:12244/session/df1e05cabb9d5fba86965e8d536a92f9/element'
23:24:30.622 [Forwarding findElement on session df1e05cabb9d5fba86965e8d536a92f9 to remote] DEBUG org.asynchttpclient.netty.request.NettyRequestSender - Using open Channel [id: 0x19b93b78, L:/127.0.0.1:60616 - R:localhost/127.0.0.1:12244] for POST '/session/df1e05cabb9d5fba86965e8d536a92f9/element'
23:24:30.671 [AsyncHttpClient-1-2] DEBUG org.asynchttpclient.netty.handler.HttpHandler - 

Request DefaultHttpRequest(decodeResult: success, version: HTTP/1.1)
POST /session/df1e05cabb9d5fba86965e8d536a92f9/element HTTP/1.1
User-Agent: selenium/4.12.1 (java windows)
Content-Length: 50
Content-Type: application/json; charset=utf-8
host: localhost:12244
accept: */*

Response DefaultHttpResponse(decodeResult: success, version: HTTP/1.1)
HTTP/1.1 200 OK
Content-Length: 95
Content-Type: application/json; charset=utf-8
cache-control: no-cache

23:24:30.672 [AsyncHttpClient-1-2] DEBUG org.asynchttpclient.netty.channel.ChannelManager - Adding key: http://localhost:12244 for channel [id: 0x19b93b78, L:/127.0.0.1:60616 - R:localhost/127.0.0.1:12244]
23:24:30.680 [Forwarding clickElement on session df1e05cabb9d5fba86965e8d536a92f9 to remote] DEBUG org.asynchttpclient.netty.request.NettyRequestSender - Using pooled Channel '[id: 0x19b93b78, L:/127.0.0.1:60616 - R:localhost/127.0.0.1:12244]' for 'POST' to 'http://localhost:12244/session/df1e05cabb9d5fba86965e8d536a92f9/element/2ACB7F701A714D628987898BA0457A84_element_12/click'
23:24:30.680 [Forwarding clickElement on session df1e05cabb9d5fba86965e8d536a92f9 to remote] DEBUG org.asynchttpclient.netty.request.NettyRequestSender - Using open Channel [id: 0x19b93b78, L:/127.0.0.1:60616 - R:localhost/127.0.0.1:12244] for POST '/session/df1e05cabb9d5fba86965e8d536a92f9/element/2ACB7F701A714D628987898BA0457A84_element_12/click'
23:24:30.893 [AsyncHttpClient-1-2] DEBUG org.asynchttpclient.netty.handler.HttpHandler - 

Request DefaultHttpRequest(decodeResult: success, version: HTTP/1.1)
POST /session/df1e05cabb9d5fba86965e8d536a92f9/element/2ACB7F701A714D628987898BA0457A84_element_12/click HTTP/1.1
User-Agent: selenium/4.12.1 (java windows)
Content-Length: 57
Content-Type: application/json; charset=utf-8
host: localhost:12244
accept: */*

Response DefaultHttpResponse(decodeResult: success, version: HTTP/1.1)
HTTP/1.1 200 OK
Content-Length: 14
Content-Type: application/json; charset=utf-8
cache-control: no-cache

23:24:30.895 [AsyncHttpClient-1-2] DEBUG org.asynchttpclient.netty.channel.ChannelManager - Adding key: http://localhost:12244 for channel [id: 0x19b93b78, L:/127.0.0.1:60616 - R:localhost/127.0.0.1:12244]
23:24:30.949 [Forwarding findElement on session df1e05cabb9d5fba86965e8d536a92f9 to remote] DEBUG org.asynchttpclient.netty.request.NettyRequestSender - Using pooled Channel '[id: 0x19b93b78, L:/127.0.0.1:60616 - R:localhost/127.0.0.1:12244]' for 'POST' to 'http://localhost:12244/session/df1e05cabb9d5fba86965e8d536a92f9/element'
23:24:30.950 [Forwarding findElement on session df1e05cabb9d5fba86965e8d536a92f9 to remote] DEBUG org.asynchttpclient.netty.request.NettyRequestSender - Using open Channel [id: 0x19b93b78, L:/127.0.0.1:60616 - R:localhost/127.0.0.1:12244] for POST '/session/df1e05cabb9d5fba86965e8d536a92f9/element'
23:24:31.169 [AsyncHttpClient-1-1] DEBUG org.asynchttpclient.netty.channel.DefaultChannelPool - Entry count for : http://localhost:60618 : 1
23:24:31.772 [AsyncHttpClient-1-2] DEBUG org.asynchttpclient.netty.handler.HttpHandler - 

Request DefaultHttpRequest(decodeResult: success, version: HTTP/1.1)
POST /session/df1e05cabb9d5fba86965e8d536a92f9/element HTTP/1.1
User-Agent: selenium/4.12.1 (java windows)
Content-Length: 49
Content-Type: application/json; charset=utf-8
host: localhost:12244
accept: */*

Response DefaultHttpResponse(decodeResult: success, version: HTTP/1.1)
HTTP/1.1 200 OK
Content-Length: 95
Content-Type: application/json; charset=utf-8
cache-control: no-cache

23:24:31.773 [AsyncHttpClient-1-2] DEBUG org.asynchttpclient.netty.channel.ChannelManager - Adding key: http://localhost:12244 for channel [id: 0x19b93b78, L:/127.0.0.1:60616 - R:localhost/127.0.0.1:12244]
23:24:31.810 [Forwarding isElementDisplayed on session df1e05cabb9d5fba86965e8d536a92f9 to remote] DEBUG org.asynchttpclient.netty.request.NettyRequestSender - Using pooled Channel '[id: 0x19b93b78, L:/127.0.0.1:60616 - R:localhost/127.0.0.1:12244]' for 'POST' to 'http://localhost:12244/session/df1e05cabb9d5fba86965e8d536a92f9/execute/sync'
23:24:31.810 [Forwarding isElementDisplayed on session df1e05cabb9d5fba86965e8d536a92f9 to remote] DEBUG org.asynchttpclient.netty.request.NettyRequestSender - Using open Channel [id: 0x19b93b78, L:/127.0.0.1:60616 - R:localhost/127.0.0.1:12244] for POST '/session/df1e05cabb9d5fba86965e8d536a92f9/execute/sync'
23:24:31.868 [AsyncHttpClient-1-2] DEBUG org.asynchttpclient.netty.handler.HttpHandler - 

Request DefaultHttpRequest(decodeResult: success, version: HTTP/1.1)
POST /session/df1e05cabb9d5fba86965e8d536a92f9/execute/sync HTTP/1.1
User-Agent: selenium/4.12.1 (java windows)
Content-Length: 48703
Content-Type: application/json; charset=utf-8
host: localhost:12244
accept: */*

Response DefaultHttpResponse(decodeResult: success, version: HTTP/1.1)
HTTP/1.1 200 OK
Content-Length: 14
Content-Type: application/json; charset=utf-8
cache-control: no-cache

23:24:31.870 [AsyncHttpClient-1-2] DEBUG org.asynchttpclient.netty.channel.ChannelManager - Adding key: http://localhost:12244 for channel [id: 0x19b93b78, L:/127.0.0.1:60616 - R:localhost/127.0.0.1:12244]
23:24:31.875 [Forwarding findElements on session df1e05cabb9d5fba86965e8d536a92f9 to remote] DEBUG org.asynchttpclient.netty.request.NettyRequestSender - Using pooled Channel '[id: 0x19b93b78, L:/127.0.0.1:60616 - R:localhost/127.0.0.1:12244]' for 'POST' to 'http://localhost:12244/session/df1e05cabb9d5fba86965e8d536a92f9/elements'
23:24:31.875 [Forwarding findElements on session df1e05cabb9d5fba86965e8d536a92f9 to remote] DEBUG org.asynchttpclient.netty.request.NettyRequestSender - Using open Channel [id: 0x19b93b78, L:/127.0.0.1:60616 - R:localhost/127.0.0.1:12244] for POST '/session/df1e05cabb9d5fba86965e8d536a92f9/elements'
23:24:31.939 [AsyncHttpClient-1-2] DEBUG org.asynchttpclient.netty.handler.HttpHandler - 

Request DefaultHttpRequest(decodeResult: success, version: HTTP/1.1)
POST /session/df1e05cabb9d5fba86965e8d536a92f9/elements HTTP/1.1
User-Agent: selenium/4.12.1 (java windows)
Content-Length: 49
Content-Type: application/json; charset=utf-8
host: localhost:12244
accept: */*

Response DefaultHttpResponse(decodeResult: success, version: HTTP/1.1)
HTTP/1.1 200 OK
Content-Length: 269
Content-Type: application/json; charset=utf-8
cache-control: no-cache

23:24:31.939 [AsyncHttpClient-1-2] DEBUG org.asynchttpclient.netty.channel.ChannelManager - Adding key: http://localhost:12244 for channel [id: 0x19b93b78, L:/127.0.0.1:60616 - R:localhost/127.0.0.1:12244]
23:24:31.965 [Forwarding findChildElement on session df1e05cabb9d5fba86965e8d536a92f9 to remote] DEBUG org.asynchttpclient.netty.request.NettyRequestSender - Using pooled Channel '[id: 0x19b93b78, L:/127.0.0.1:60616 - R:localhost/127.0.0.1:12244]' for 'POST' to 'http://localhost:12244/session/df1e05cabb9d5fba86965e8d536a92f9/element/2ACB7F701A714D628987898BA0457A84_element_60/element'
23:24:31.966 [Forwarding findChildElement on session df1e05cabb9d5fba86965e8d536a92f9 to remote] DEBUG org.asynchttpclient.netty.request.NettyRequestSender - Using open Channel [id: 0x19b93b78, L:/127.0.0.1:60616 - R:localhost/127.0.0.1:12244] for POST '/session/df1e05cabb9d5fba86965e8d536a92f9/element/2ACB7F701A714D628987898BA0457A84_element_60/element'
23:24:32.014 [AsyncHttpClient-1-2] DEBUG org.asynchttpclient.netty.handler.HttpHandler - 

Request DefaultHttpRequest(decodeResult: success, version: HTTP/1.1)
POST /session/df1e05cabb9d5fba86965e8d536a92f9/element/2ACB7F701A714D628987898BA0457A84_element_60/element HTTP/1.1
User-Agent: selenium/4.12.1 (java windows)
Content-Length: 100
Content-Type: application/json; charset=utf-8
host: localhost:12244
accept: */*

Response DefaultHttpResponse(decodeResult: success, version: HTTP/1.1)
HTTP/1.1 200 OK
Content-Length: 95
Content-Type: application/json; charset=utf-8
cache-control: no-cache

23:24:32.015 [AsyncHttpClient-1-2] DEBUG org.asynchttpclient.netty.channel.ChannelManager - Adding key: http://localhost:12244 for channel [id: 0x19b93b78, L:/127.0.0.1:60616 - R:localhost/127.0.0.1:12244]
23:24:32.021 [Forwarding getElementText on session df1e05cabb9d5fba86965e8d536a92f9 to remote] DEBUG org.asynchttpclient.netty.request.NettyRequestSender - Using pooled Channel '[id: 0x19b93b78, L:/127.0.0.1:60616 - R:localhost/127.0.0.1:12244]' for 'GET' to 'http://localhost:12244/session/df1e05cabb9d5fba86965e8d536a92f9/element/2ACB7F701A714D628987898BA0457A84_element_63/text'
23:24:32.021 [Forwarding getElementText on session df1e05cabb9d5fba86965e8d536a92f9 to remote] DEBUG org.asynchttpclient.netty.request.NettyRequestSender - Using open Channel [id: 0x19b93b78, L:/127.0.0.1:60616 - R:localhost/127.0.0.1:12244] for GET '/session/df1e05cabb9d5fba86965e8d536a92f9/element/2ACB7F701A714D628987898BA0457A84_element_63/text'
23:24:32.073 [AsyncHttpClient-1-2] DEBUG org.asynchttpclient.netty.handler.HttpHandler - 

Request DefaultFullHttpRequest(decodeResult: success, version: HTTP/1.1, content: EmptyByteBufBE)
GET /session/df1e05cabb9d5fba86965e8d536a92f9/element/2ACB7F701A714D628987898BA0457A84_element_63/text HTTP/1.1
Cache-Control: no-cache
User-Agent: selenium/4.12.1 (java windows)
Content-Type: application/json; charset=utf-8
host: localhost:12244
accept: */*

Response DefaultHttpResponse(decodeResult: success, version: HTTP/1.1)
HTTP/1.1 200 OK
Content-Length: 23
Content-Type: application/json; charset=utf-8
cache-control: no-cache

23:24:32.074 [AsyncHttpClient-1-2] DEBUG org.asynchttpclient.netty.channel.ChannelManager - Adding key: http://localhost:12244 for channel [id: 0x19b93b78, L:/127.0.0.1:60616 - R:localhost/127.0.0.1:12244]
23:24:32.078 [Forwarding findChildElement on session df1e05cabb9d5fba86965e8d536a92f9 to remote] DEBUG org.asynchttpclient.netty.request.NettyRequestSender - Using pooled Channel '[id: 0x19b93b78, L:/127.0.0.1:60616 - R:localhost/127.0.0.1:12244]' for 'POST' to 'http://localhost:12244/session/df1e05cabb9d5fba86965e8d536a92f9/element/2ACB7F701A714D628987898BA0457A84_element_60/element'
23:24:32.078 [Forwarding findChildElement on session df1e05cabb9d5fba86965e8d536a92f9 to remote] DEBUG org.asynchttpclient.netty.request.NettyRequestSender - Using open Channel [id: 0x19b93b78, L:/127.0.0.1:60616 - R:localhost/127.0.0.1:12244] for POST '/session/df1e05cabb9d5fba86965e8d536a92f9/element/2ACB7F701A714D628987898BA0457A84_element_60/element'
23:24:32.119 [AsyncHttpClient-1-2] DEBUG org.asynchttpclient.netty.handler.HttpHandler - 

Request DefaultHttpRequest(decodeResult: success, version: HTTP/1.1)
POST /session/df1e05cabb9d5fba86965e8d536a92f9/element/2ACB7F701A714D628987898BA0457A84_element_60/element HTTP/1.1
User-Agent: selenium/4.12.1 (java windows)
Content-Length: 129
Content-Type: application/json; charset=utf-8
host: localhost:12244
accept: */*

Response DefaultHttpResponse(decodeResult: success, version: HTTP/1.1)
HTTP/1.1 200 OK
Content-Length: 95
Content-Type: application/json; charset=utf-8
cache-control: no-cache

23:24:32.120 [AsyncHttpClient-1-2] DEBUG org.asynchttpclient.netty.channel.ChannelManager - Adding key: http://localhost:12244 for channel [id: 0x19b93b78, L:/127.0.0.1:60616 - R:localhost/127.0.0.1:12244]
23:24:32.124 [Forwarding clickElement on session df1e05cabb9d5fba86965e8d536a92f9 to remote] DEBUG org.asynchttpclient.netty.request.NettyRequestSender - Using pooled Channel '[id: 0x19b93b78, L:/127.0.0.1:60616 - R:localhost/127.0.0.1:12244]' for 'POST' to 'http://localhost:12244/session/df1e05cabb9d5fba86965e8d536a92f9/element/2ACB7F701A714D628987898BA0457A84_element_64/click'
23:24:32.124 [Forwarding clickElement on session df1e05cabb9d5fba86965e8d536a92f9 to remote] DEBUG org.asynchttpclient.netty.request.NettyRequestSender - Using open Channel [id: 0x19b93b78, L:/127.0.0.1:60616 - R:localhost/127.0.0.1:12244] for POST '/session/df1e05cabb9d5fba86965e8d536a92f9/element/2ACB7F701A714D628987898BA0457A84_element_64/click'
23:24:32.278 [AsyncHttpClient-1-1] DEBUG org.asynchttpclient.netty.channel.DefaultChannelPool - Entry count for : http://localhost:60618 : 1
23:24:32.292 [AsyncHttpClient-1-2] DEBUG org.asynchttpclient.netty.handler.HttpHandler - 

Request DefaultHttpRequest(decodeResult: success, version: HTTP/1.1)
POST /session/df1e05cabb9d5fba86965e8d536a92f9/element/2ACB7F701A714D628987898BA0457A84_element_64/click HTTP/1.1
User-Agent: selenium/4.12.1 (java windows)
Content-Length: 57
Content-Type: application/json; charset=utf-8
host: localhost:12244
accept: */*

Response DefaultHttpResponse(decodeResult: success, version: HTTP/1.1)
HTTP/1.1 200 OK
Content-Length: 14
Content-Type: application/json; charset=utf-8
cache-control: no-cache

23:24:32.293 [AsyncHttpClient-1-2] DEBUG org.asynchttpclient.netty.channel.ChannelManager - Adding key: http://localhost:12244 for channel [id: 0x19b93b78, L:/127.0.0.1:60616 - R:localhost/127.0.0.1:12244]
23:24:32.299 [Forwarding findElement on session df1e05cabb9d5fba86965e8d536a92f9 to remote] DEBUG org.asynchttpclient.netty.request.NettyRequestSender - Using pooled Channel '[id: 0x19b93b78, L:/127.0.0.1:60616 - R:localhost/127.0.0.1:12244]' for 'POST' to 'http://localhost:12244/session/df1e05cabb9d5fba86965e8d536a92f9/element'
23:24:32.299 [Forwarding findElement on session df1e05cabb9d5fba86965e8d536a92f9 to remote] DEBUG org.asynchttpclient.netty.request.NettyRequestSender - Using open Channel [id: 0x19b93b78, L:/127.0.0.1:60616 - R:localhost/127.0.0.1:12244] for POST '/session/df1e05cabb9d5fba86965e8d536a92f9/element'
23:24:32.349 [AsyncHttpClient-1-2] DEBUG org.asynchttpclient.netty.handler.HttpHandler - 

Request DefaultHttpRequest(decodeResult: success, version: HTTP/1.1)
POST /session/df1e05cabb9d5fba86965e8d536a92f9/element HTTP/1.1
User-Agent: selenium/4.12.1 (java windows)
Content-Length: 60
Content-Type: application/json; charset=utf-8
host: localhost:12244
accept: */*

Response DefaultHttpResponse(decodeResult: success, version: HTTP/1.1)
HTTP/1.1 200 OK
Content-Length: 95
Content-Type: application/json; charset=utf-8
cache-control: no-cache

23:24:32.350 [AsyncHttpClient-1-2] DEBUG org.asynchttpclient.netty.channel.ChannelManager - Adding key: http://localhost:12244 for channel [id: 0x19b93b78, L:/127.0.0.1:60616 - R:localhost/127.0.0.1:12244]
23:24:32.360 [Forwarding isElementDisplayed on session df1e05cabb9d5fba86965e8d536a92f9 to remote] DEBUG org.asynchttpclient.netty.request.NettyRequestSender - Using pooled Channel '[id: 0x19b93b78, L:/127.0.0.1:60616 - R:localhost/127.0.0.1:12244]' for 'POST' to 'http://localhost:12244/session/df1e05cabb9d5fba86965e8d536a92f9/execute/sync'
23:24:32.360 [Forwarding isElementDisplayed on session df1e05cabb9d5fba86965e8d536a92f9 to remote] DEBUG org.asynchttpclient.netty.request.NettyRequestSender - Using open Channel [id: 0x19b93b78, L:/127.0.0.1:60616 - R:localhost/127.0.0.1:12244] for POST '/session/df1e05cabb9d5fba86965e8d536a92f9/execute/sync'
23:24:32.433 [AsyncHttpClient-1-2] DEBUG org.asynchttpclient.netty.handler.HttpHandler - 

Request DefaultHttpRequest(decodeResult: success, version: HTTP/1.1)
POST /session/df1e05cabb9d5fba86965e8d536a92f9/execute/sync HTTP/1.1
User-Agent: selenium/4.12.1 (java windows)
Content-Length: 48703
Content-Type: application/json; charset=utf-8
host: localhost:12244
accept: */*

Response DefaultHttpResponse(decodeResult: success, version: HTTP/1.1)
HTTP/1.1 200 OK
Content-Length: 14
Content-Type: application/json; charset=utf-8
cache-control: no-cache

23:24:32.434 [AsyncHttpClient-1-2] DEBUG org.asynchttpclient.netty.channel.ChannelManager - Adding key: http://localhost:12244 for channel [id: 0x19b93b78, L:/127.0.0.1:60616 - R:localhost/127.0.0.1:12244]
23:24:32.443 [Forwarding findElement on session df1e05cabb9d5fba86965e8d536a92f9 to remote] DEBUG org.asynchttpclient.netty.request.NettyRequestSender - Using pooled Channel '[id: 0x19b93b78, L:/127.0.0.1:60616 - R:localhost/127.0.0.1:12244]' for 'POST' to 'http://localhost:12244/session/df1e05cabb9d5fba86965e8d536a92f9/element'
23:24:32.443 [Forwarding findElement on session df1e05cabb9d5fba86965e8d536a92f9 to remote] DEBUG org.asynchttpclient.netty.request.NettyRequestSender - Using open Channel [id: 0x19b93b78, L:/127.0.0.1:60616 - R:localhost/127.0.0.1:12244] for POST '/session/df1e05cabb9d5fba86965e8d536a92f9/element'
23:24:32.484 [AsyncHttpClient-1-2] DEBUG org.asynchttpclient.netty.handler.HttpHandler - 

Request DefaultHttpRequest(decodeResult: success, version: HTTP/1.1)
POST /session/df1e05cabb9d5fba86965e8d536a92f9/element HTTP/1.1
User-Agent: selenium/4.12.1 (java windows)
Content-Length: 57
Content-Type: application/json; charset=utf-8
host: localhost:12244
accept: */*

Response DefaultHttpResponse(decodeResult: success, version: HTTP/1.1)
HTTP/1.1 200 OK
Content-Length: 95
Content-Type: application/json; charset=utf-8
cache-control: no-cache

23:24:32.484 [AsyncHttpClient-1-2] DEBUG org.asynchttpclient.netty.channel.ChannelManager - Adding key: http://localhost:12244 for channel [id: 0x19b93b78, L:/127.0.0.1:60616 - R:localhost/127.0.0.1:12244]
23:24:32.495 [Forwarding isElementDisplayed on session df1e05cabb9d5fba86965e8d536a92f9 to remote] DEBUG org.asynchttpclient.netty.request.NettyRequestSender - Using pooled Channel '[id: 0x19b93b78, L:/127.0.0.1:60616 - R:localhost/127.0.0.1:12244]' for 'POST' to 'http://localhost:12244/session/df1e05cabb9d5fba86965e8d536a92f9/execute/sync'
23:24:32.495 [Forwarding isElementDisplayed on session df1e05cabb9d5fba86965e8d536a92f9 to remote] DEBUG org.asynchttpclient.netty.request.NettyRequestSender - Using open Channel [id: 0x19b93b78, L:/127.0.0.1:60616 - R:localhost/127.0.0.1:12244] for POST '/session/df1e05cabb9d5fba86965e8d536a92f9/execute/sync'
23:24:32.537 [AsyncHttpClient-1-2] DEBUG org.asynchttpclient.netty.handler.HttpHandler - 

Request DefaultHttpRequest(decodeResult: success, version: HTTP/1.1)
POST /session/df1e05cabb9d5fba86965e8d536a92f9/execute/sync HTTP/1.1
User-Agent: selenium/4.12.1 (java windows)
Content-Length: 48703
Content-Type: application/json; charset=utf-8
host: localhost:12244
accept: */*

Response DefaultHttpResponse(decodeResult: success, version: HTTP/1.1)
HTTP/1.1 200 OK
Content-Length: 14
Content-Type: application/json; charset=utf-8
cache-control: no-cache

23:24:32.538 [AsyncHttpClient-1-2] DEBUG org.asynchttpclient.netty.channel.ChannelManager - Adding key: http://localhost:12244 for channel [id: 0x19b93b78, L:/127.0.0.1:60616 - R:localhost/127.0.0.1:12244]
23:24:33.053 [Forwarding findElement on session df1e05cabb9d5fba86965e8d536a92f9 to remote] DEBUG org.asynchttpclient.netty.request.NettyRequestSender - Using pooled Channel '[id: 0x19b93b78, L:/127.0.0.1:60616 - R:localhost/127.0.0.1:12244]' for 'POST' to 'http://localhost:12244/session/df1e05cabb9d5fba86965e8d536a92f9/element'
23:24:33.054 [Forwarding findElement on session df1e05cabb9d5fba86965e8d536a92f9 to remote] DEBUG org.asynchttpclient.netty.request.NettyRequestSender - Using open Channel [id: 0x19b93b78, L:/127.0.0.1:60616 - R:localhost/127.0.0.1:12244] for POST '/session/df1e05cabb9d5fba86965e8d536a92f9/element'
23:24:33.366 [AsyncHttpClient-1-1] DEBUG org.asynchttpclient.netty.channel.DefaultChannelPool - Entry count for : http://localhost:60618 : 1
23:24:33.480 [AsyncHttpClient-1-2] DEBUG org.asynchttpclient.netty.handler.HttpHandler - 

Request DefaultHttpRequest(decodeResult: success, version: HTTP/1.1)
POST /session/df1e05cabb9d5fba86965e8d536a92f9/element HTTP/1.1
User-Agent: selenium/4.12.1 (java windows)
Content-Length: 57
Content-Type: application/json; charset=utf-8
host: localhost:12244
accept: */*

Response DefaultHttpResponse(decodeResult: success, version: HTTP/1.1)
HTTP/1.1 200 OK
Content-Length: 95
Content-Type: application/json; charset=utf-8
cache-control: no-cache

23:24:33.480 [AsyncHttpClient-1-2] DEBUG org.asynchttpclient.netty.channel.ChannelManager - Adding key: http://localhost:12244 for channel [id: 0x19b93b78, L:/127.0.0.1:60616 - R:localhost/127.0.0.1:12244]
23:24:33.484 [Forwarding isElementDisplayed on session df1e05cabb9d5fba86965e8d536a92f9 to remote] DEBUG org.asynchttpclient.netty.request.NettyRequestSender - Using pooled Channel '[id: 0x19b93b78, L:/127.0.0.1:60616 - R:localhost/127.0.0.1:12244]' for 'POST' to 'http://localhost:12244/session/df1e05cabb9d5fba86965e8d536a92f9/execute/sync'
23:24:33.485 [Forwarding isElementDisplayed on session df1e05cabb9d5fba86965e8d536a92f9 to remote] DEBUG org.asynchttpclient.netty.request.NettyRequestSender - Using open Channel [id: 0x19b93b78, L:/127.0.0.1:60616 - R:localhost/127.0.0.1:12244] for POST '/session/df1e05cabb9d5fba86965e8d536a92f9/execute/sync'
23:24:33.522 [AsyncHttpClient-1-2] DEBUG org.asynchttpclient.netty.handler.HttpHandler - 

Request DefaultHttpRequest(decodeResult: success, version: HTTP/1.1)
POST /session/df1e05cabb9d5fba86965e8d536a92f9/execute/sync HTTP/1.1
User-Agent: selenium/4.12.1 (java windows)
Content-Length: 48703
Content-Type: application/json; charset=utf-8
host: localhost:12244
accept: */*

Response DefaultHttpResponse(decodeResult: success, version: HTTP/1.1)
HTTP/1.1 200 OK
Content-Length: 14
Content-Type: application/json; charset=utf-8
cache-control: no-cache

23:24:33.522 [AsyncHttpClient-1-2] DEBUG org.asynchttpclient.netty.channel.ChannelManager - Adding key: http://localhost:12244 for channel [id: 0x19b93b78, L:/127.0.0.1:60616 - R:localhost/127.0.0.1:12244]
23:24:34.030 [Forwarding findElement on session df1e05cabb9d5fba86965e8d536a92f9 to remote] DEBUG org.asynchttpclient.netty.request.NettyRequestSender - Using pooled Channel '[id: 0x19b93b78, L:/127.0.0.1:60616 - R:localhost/127.0.0.1:12244]' for 'POST' to 'http://localhost:12244/session/df1e05cabb9d5fba86965e8d536a92f9/element'
23:24:34.030 [Forwarding findElement on session df1e05cabb9d5fba86965e8d536a92f9 to remote] DEBUG org.asynchttpclient.netty.request.NettyRequestSender - Using open Channel [id: 0x19b93b78, L:/127.0.0.1:60616 - R:localhost/127.0.0.1:12244] for POST '/session/df1e05cabb9d5fba86965e8d536a92f9/element'
23:24:34.470 [AsyncHttpClient-1-1] DEBUG org.asynchttpclient.netty.channel.DefaultChannelPool - Entry count for : http://localhost:60618 : 1
23:24:34.507 [AsyncHttpClient-1-2] DEBUG org.asynchttpclient.netty.handler.HttpHandler - 

Request DefaultHttpRequest(decodeResult: success, version: HTTP/1.1)
POST /session/df1e05cabb9d5fba86965e8d536a92f9/element HTTP/1.1
User-Agent: selenium/4.12.1 (java windows)
Content-Length: 57
Content-Type: application/json; charset=utf-8
host: localhost:12244
accept: */*

Response DefaultHttpResponse(decodeResult: success, version: HTTP/1.1)
HTTP/1.1 200 OK
Content-Length: 95
Content-Type: application/json; charset=utf-8
cache-control: no-cache

23:24:34.507 [AsyncHttpClient-1-2] DEBUG org.asynchttpclient.netty.channel.ChannelManager - Adding key: http://localhost:12244 for channel [id: 0x19b93b78, L:/127.0.0.1:60616 - R:localhost/127.0.0.1:12244]
23:24:34.512 [Forwarding isElementDisplayed on session df1e05cabb9d5fba86965e8d536a92f9 to remote] DEBUG org.asynchttpclient.netty.request.NettyRequestSender - Using pooled Channel '[id: 0x19b93b78, L:/127.0.0.1:60616 - R:localhost/127.0.0.1:12244]' for 'POST' to 'http://localhost:12244/session/df1e05cabb9d5fba86965e8d536a92f9/execute/sync'
23:24:34.512 [Forwarding isElementDisplayed on session df1e05cabb9d5fba86965e8d536a92f9 to remote] DEBUG org.asynchttpclient.netty.request.NettyRequestSender - Using open Channel [id: 0x19b93b78, L:/127.0.0.1:60616 - R:localhost/127.0.0.1:12244] for POST '/session/df1e05cabb9d5fba86965e8d536a92f9/execute/sync'
23:24:34.546 [AsyncHttpClient-1-2] DEBUG org.asynchttpclient.netty.handler.HttpHandler - 

Request DefaultHttpRequest(decodeResult: success, version: HTTP/1.1)
POST /session/df1e05cabb9d5fba86965e8d536a92f9/execute/sync HTTP/1.1
User-Agent: selenium/4.12.1 (java windows)
Content-Length: 48703
Content-Type: application/json; charset=utf-8
host: localhost:12244
accept: */*

Response DefaultHttpResponse(decodeResult: success, version: HTTP/1.1)
HTTP/1.1 200 OK
Content-Length: 14
Content-Type: application/json; charset=utf-8
cache-control: no-cache

23:24:34.547 [AsyncHttpClient-1-2] DEBUG org.asynchttpclient.netty.channel.ChannelManager - Adding key: http://localhost:12244 for channel [id: 0x19b93b78, L:/127.0.0.1:60616 - R:localhost/127.0.0.1:12244]
23:24:35.056 [Forwarding findElement on session df1e05cabb9d5fba86965e8d536a92f9 to remote] DEBUG org.asynchttpclient.netty.request.NettyRequestSender - Using pooled Channel '[id: 0x19b93b78, L:/127.0.0.1:60616 - R:localhost/127.0.0.1:12244]' for 'POST' to 'http://localhost:12244/session/df1e05cabb9d5fba86965e8d536a92f9/element'
23:24:35.056 [Forwarding findElement on session df1e05cabb9d5fba86965e8d536a92f9 to remote] DEBUG org.asynchttpclient.netty.request.NettyRequestSender - Using open Channel [id: 0x19b93b78, L:/127.0.0.1:60616 - R:localhost/127.0.0.1:12244] for POST '/session/df1e05cabb9d5fba86965e8d536a92f9/element'
23:24:35.569 [AsyncHttpClient-1-1] DEBUG org.asynchttpclient.netty.channel.DefaultChannelPool - Entry count for : http://localhost:60618 : 1
23:24:36.666 [AsyncHttpClient-1-1] DEBUG org.asynchttpclient.netty.channel.DefaultChannelPool - Entry count for : http://localhost:60618 : 1
23:24:37.767 [AsyncHttpClient-1-1] DEBUG org.asynchttpclient.netty.channel.DefaultChannelPool - Entry count for : http://localhost:60618 : 1
23:24:38.880 [AsyncHttpClient-1-1] DEBUG org.asynchttpclient.netty.channel.DefaultChannelPool - Entry count for : http://localhost:60618 : 1
23:24:39.970 [AsyncHttpClient-1-1] DEBUG org.asynchttpclient.netty.channel.DefaultChannelPool - Entry count for : http://localhost:60618 : 1
23:24:41.071 [AsyncHttpClient-1-1] DEBUG org.asynchttpclient.netty.channel.DefaultChannelPool - Entry count for : http://localhost:60618 : 1
23:24:42.175 [AsyncHttpClient-1-1] DEBUG org.asynchttpclient.netty.channel.DefaultChannelPool - Entry count for : http://localhost:60618 : 1
23:24:43.279 [AsyncHttpClient-1-1] DEBUG org.asynchttpclient.netty.channel.DefaultChannelPool - Entry count for : http://localhost:60618 : 1
23:24:44.373 [AsyncHttpClient-1-1] DEBUG org.asynchttpclient.netty.channel.DefaultChannelPool - Entry count for : http://localhost:60618 : 1
23:24:45.130 [AsyncHttpClient-1-2] DEBUG org.asynchttpclient.netty.handler.HttpHandler - 

Request DefaultHttpRequest(decodeResult: success, version: HTTP/1.1)
POST /session/df1e05cabb9d5fba86965e8d536a92f9/element HTTP/1.1
User-Agent: selenium/4.12.1 (java windows)
Content-Length: 57
Content-Type: application/json; charset=utf-8
host: localhost:12244
accept: */*

Response DefaultHttpResponse(decodeResult: success, version: HTTP/1.1)
HTTP/1.1 404 Not Found
Content-Length: 1056
Content-Type: application/json; charset=utf-8
cache-control: no-cache

23:24:45.132 [AsyncHttpClient-1-2] DEBUG org.asynchttpclient.netty.channel.ChannelManager - Adding key: http://localhost:12244 for channel [id: 0x19b93b78, L:/127.0.0.1:60616 - R:localhost/127.0.0.1:12244]
23:24:45.171 [Forwarding findElement on session df1e05cabb9d5fba86965e8d536a92f9 to remote] DEBUG org.asynchttpclient.netty.request.NettyRequestSender - Using pooled Channel '[id: 0x19b93b78, L:/127.0.0.1:60616 - R:localhost/127.0.0.1:12244]' for 'POST' to 'http://localhost:12244/session/df1e05cabb9d5fba86965e8d536a92f9/element'
23:24:45.171 [Forwarding findElement on session df1e05cabb9d5fba86965e8d536a92f9 to remote] DEBUG org.asynchttpclient.netty.request.NettyRequestSender - Using open Channel [id: 0x19b93b78, L:/127.0.0.1:60616 - R:localhost/127.0.0.1:12244] for POST '/session/df1e05cabb9d5fba86965e8d536a92f9/element'
23:24:45.225 [AsyncHttpClient-1-2] DEBUG org.asynchttpclient.netty.handler.HttpHandler - 

Request DefaultHttpRequest(decodeResult: success, version: HTTP/1.1)
POST /session/df1e05cabb9d5fba86965e8d536a92f9/element HTTP/1.1
User-Agent: selenium/4.12.1 (java windows)
Content-Length: 64
Content-Type: application/json; charset=utf-8
host: localhost:12244
accept: */*

Response DefaultHttpResponse(decodeResult: success, version: HTTP/1.1)
HTTP/1.1 200 OK
Content-Length: 95
Content-Type: application/json; charset=utf-8
cache-control: no-cache

23:24:45.226 [AsyncHttpClient-1-2] DEBUG org.asynchttpclient.netty.channel.ChannelManager - Adding key: http://localhost:12244 for channel [id: 0x19b93b78, L:/127.0.0.1:60616 - R:localhost/127.0.0.1:12244]
23:24:45.231 [Forwarding clickElement on session df1e05cabb9d5fba86965e8d536a92f9 to remote] DEBUG org.asynchttpclient.netty.request.NettyRequestSender - Using pooled Channel '[id: 0x19b93b78, L:/127.0.0.1:60616 - R:localhost/127.0.0.1:12244]' for 'POST' to 'http://localhost:12244/session/df1e05cabb9d5fba86965e8d536a92f9/element/2ACB7F701A714D628987898BA0457A84_element_91/click'
23:24:45.232 [Forwarding clickElement on session df1e05cabb9d5fba86965e8d536a92f9 to remote] DEBUG org.asynchttpclient.netty.request.NettyRequestSender - Using open Channel [id: 0x19b93b78, L:/127.0.0.1:60616 - R:localhost/127.0.0.1:12244] for POST '/session/df1e05cabb9d5fba86965e8d536a92f9/element/2ACB7F701A714D628987898BA0457A84_element_91/click'
23:24:45.476 [AsyncHttpClient-1-1] DEBUG org.asynchttpclient.netty.channel.DefaultChannelPool - Entry count for : http://localhost:60618 : 1
23:24:46.090 [AsyncHttpClient-1-2] DEBUG org.asynchttpclient.netty.handler.HttpHandler - 

Request DefaultHttpRequest(decodeResult: success, version: HTTP/1.1)
POST /session/df1e05cabb9d5fba86965e8d536a92f9/element/2ACB7F701A714D628987898BA0457A84_element_91/click HTTP/1.1
User-Agent: selenium/4.12.1 (java windows)
Content-Length: 57
Content-Type: application/json; charset=utf-8
host: localhost:12244
accept: */*

Response DefaultHttpResponse(decodeResult: success, version: HTTP/1.1)
HTTP/1.1 200 OK
Content-Length: 14
Content-Type: application/json; charset=utf-8
cache-control: no-cache

23:24:46.091 [AsyncHttpClient-1-2] DEBUG org.asynchttpclient.netty.channel.ChannelManager - Adding key: http://localhost:12244 for channel [id: 0x19b93b78, L:/127.0.0.1:60616 - R:localhost/127.0.0.1:12244]
23:24:46.103 [Forwarding findElements on session df1e05cabb9d5fba86965e8d536a92f9 to remote] DEBUG org.asynchttpclient.netty.request.NettyRequestSender - Using pooled Channel '[id: 0x19b93b78, L:/127.0.0.1:60616 - R:localhost/127.0.0.1:12244]' for 'POST' to 'http://localhost:12244/session/df1e05cabb9d5fba86965e8d536a92f9/elements'
23:24:46.103 [Forwarding findElements on session df1e05cabb9d5fba86965e8d536a92f9 to remote] DEBUG org.asynchttpclient.netty.request.NettyRequestSender - Using open Channel [id: 0x19b93b78, L:/127.0.0.1:60616 - R:localhost/127.0.0.1:12244] for POST '/session/df1e05cabb9d5fba86965e8d536a92f9/elements'
23:24:46.466 [AsyncHttpClient-1-2] DEBUG org.asynchttpclient.netty.handler.HttpHandler - 

Request DefaultHttpRequest(decodeResult: success, version: HTTP/1.1)
POST /session/df1e05cabb9d5fba86965e8d536a92f9/elements HTTP/1.1
User-Agent: selenium/4.12.1 (java windows)
Content-Length: 52
Content-Type: application/json; charset=utf-8
host: localhost:12244
accept: */*

Response DefaultHttpResponse(decodeResult: success, version: HTTP/1.1)
HTTP/1.1 200 OK
Content-Length: 98
Content-Type: application/json; charset=utf-8
cache-control: no-cache

23:24:46.467 [AsyncHttpClient-1-2] DEBUG org.asynchttpclient.netty.channel.ChannelManager - Adding key: http://localhost:12244 for channel [id: 0x19b93b78, L:/127.0.0.1:60616 - R:localhost/127.0.0.1:12244]
23:24:46.472 [Forwarding getElementText on session df1e05cabb9d5fba86965e8d536a92f9 to remote] DEBUG org.asynchttpclient.netty.request.NettyRequestSender - Using pooled Channel '[id: 0x19b93b78, L:/127.0.0.1:60616 - R:localhost/127.0.0.1:12244]' for 'GET' to 'http://localhost:12244/session/df1e05cabb9d5fba86965e8d536a92f9/element/2ACB7F701A714D628987898BA0457A84_element_102/text'
23:24:46.472 [Forwarding getElementText on session df1e05cabb9d5fba86965e8d536a92f9 to remote] DEBUG org.asynchttpclient.netty.request.NettyRequestSender - Using open Channel [id: 0x19b93b78, L:/127.0.0.1:60616 - R:localhost/127.0.0.1:12244] for GET '/session/df1e05cabb9d5fba86965e8d536a92f9/element/2ACB7F701A714D628987898BA0457A84_element_102/text'
23:24:46.575 [AsyncHttpClient-1-1] DEBUG org.asynchttpclient.netty.channel.DefaultChannelPool - Entry count for : http://localhost:60618 : 1
23:24:46.636 [AsyncHttpClient-1-2] DEBUG org.asynchttpclient.netty.handler.HttpHandler - 

Request DefaultFullHttpRequest(decodeResult: success, version: HTTP/1.1, content: EmptyByteBufBE)
GET /session/df1e05cabb9d5fba86965e8d536a92f9/element/2ACB7F701A714D628987898BA0457A84_element_102/text HTTP/1.1
Cache-Control: no-cache
User-Agent: selenium/4.12.1 (java windows)
Content-Type: application/json; charset=utf-8
host: localhost:12244
accept: */*

Response DefaultHttpResponse(decodeResult: success, version: HTTP/1.1)
HTTP/1.1 200 OK
Content-Length: 23
Content-Type: application/json; charset=utf-8
cache-control: no-cache

23:24:46.638 [AsyncHttpClient-1-2] DEBUG org.asynchttpclient.netty.channel.ChannelManager - Adding key: http://localhost:12244 for channel [id: 0x19b93b78, L:/127.0.0.1:60616 - R:localhost/127.0.0.1:12244]
23:24:46.660 [Forwarding findElement on session df1e05cabb9d5fba86965e8d536a92f9 to remote] DEBUG org.asynchttpclient.netty.request.NettyRequestSender - Using pooled Channel '[id: 0x19b93b78, L:/127.0.0.1:60616 - R:localhost/127.0.0.1:12244]' for 'POST' to 'http://localhost:12244/session/df1e05cabb9d5fba86965e8d536a92f9/element'
23:24:46.661 [Forwarding findElement on session df1e05cabb9d5fba86965e8d536a92f9 to remote] DEBUG org.asynchttpclient.netty.request.NettyRequestSender - Using open Channel [id: 0x19b93b78, L:/127.0.0.1:60616 - R:localhost/127.0.0.1:12244] for POST '/session/df1e05cabb9d5fba86965e8d536a92f9/element'
23:24:46.852 [AsyncHttpClient-1-2] DEBUG org.asynchttpclient.netty.handler.HttpHandler - 

Request DefaultHttpRequest(decodeResult: success, version: HTTP/1.1)
POST /session/df1e05cabb9d5fba86965e8d536a92f9/element HTTP/1.1
User-Agent: selenium/4.12.1 (java windows)
Content-Length: 81
Content-Type: application/json; charset=utf-8
host: localhost:12244
accept: */*

Response DefaultHttpResponse(decodeResult: success, version: HTTP/1.1)
HTTP/1.1 200 OK
Content-Length: 96
Content-Type: application/json; charset=utf-8
cache-control: no-cache

23:24:46.853 [AsyncHttpClient-1-2] DEBUG org.asynchttpclient.netty.channel.ChannelManager - Adding key: http://localhost:12244 for channel [id: 0x19b93b78, L:/127.0.0.1:60616 - R:localhost/127.0.0.1:12244]
23:24:46.859 [Forwarding executeScript on session df1e05cabb9d5fba86965e8d536a92f9 to remote] DEBUG org.asynchttpclient.netty.request.NettyRequestSender - Using pooled Channel '[id: 0x19b93b78, L:/127.0.0.1:60616 - R:localhost/127.0.0.1:12244]' for 'POST' to 'http://localhost:12244/session/df1e05cabb9d5fba86965e8d536a92f9/execute/sync'
23:24:46.860 [Forwarding executeScript on session df1e05cabb9d5fba86965e8d536a92f9 to remote] DEBUG org.asynchttpclient.netty.request.NettyRequestSender - Using open Channel [id: 0x19b93b78, L:/127.0.0.1:60616 - R:localhost/127.0.0.1:12244] for POST '/session/df1e05cabb9d5fba86965e8d536a92f9/execute/sync'
23:24:47.174 [AsyncHttpClient-1-2] DEBUG org.asynchttpclient.netty.handler.HttpHandler - 

Request DefaultHttpRequest(decodeResult: success, version: HTTP/1.1)
POST /session/df1e05cabb9d5fba86965e8d536a92f9/execute/sync HTTP/1.1
User-Agent: selenium/4.12.1 (java windows)
Content-Length: 159
Content-Type: application/json; charset=utf-8
host: localhost:12244
accept: */*

Response DefaultHttpResponse(decodeResult: success, version: HTTP/1.1)
HTTP/1.1 200 OK
Content-Length: 14
Content-Type: application/json; charset=utf-8
cache-control: no-cache

23:24:47.176 [AsyncHttpClient-1-2] DEBUG org.asynchttpclient.netty.channel.ChannelManager - Adding key: http://localhost:12244 for channel [id: 0x19b93b78, L:/127.0.0.1:60616 - R:localhost/127.0.0.1:12244]
23:24:47.191 [Forwarding findElement on session df1e05cabb9d5fba86965e8d536a92f9 to remote] DEBUG org.asynchttpclient.netty.request.NettyRequestSender - Using pooled Channel '[id: 0x19b93b78, L:/127.0.0.1:60616 - R:localhost/127.0.0.1:12244]' for 'POST' to 'http://localhost:12244/session/df1e05cabb9d5fba86965e8d536a92f9/element'
23:24:47.191 [Forwarding findElement on session df1e05cabb9d5fba86965e8d536a92f9 to remote] DEBUG org.asynchttpclient.netty.request.NettyRequestSender - Using open Channel [id: 0x19b93b78, L:/127.0.0.1:60616 - R:localhost/127.0.0.1:12244] for POST '/session/df1e05cabb9d5fba86965e8d536a92f9/element'
23:24:47.497 [AsyncHttpClient-1-2] DEBUG org.asynchttpclient.netty.handler.HttpHandler - 

Request DefaultHttpRequest(decodeResult: success, version: HTTP/1.1)
POST /session/df1e05cabb9d5fba86965e8d536a92f9/element HTTP/1.1
User-Agent: selenium/4.12.1 (java windows)
Content-Length: 75
Content-Type: application/json; charset=utf-8
host: localhost:12244
accept: */*

Response DefaultHttpResponse(decodeResult: success, version: HTTP/1.1)
HTTP/1.1 200 OK
Content-Length: 96
Content-Type: application/json; charset=utf-8
cache-control: no-cache

23:24:47.498 [AsyncHttpClient-1-2] DEBUG org.asynchttpclient.netty.channel.ChannelManager - Adding key: http://localhost:12244 for channel [id: 0x19b93b78, L:/127.0.0.1:60616 - R:localhost/127.0.0.1:12244]
23:24:47.504 [Forwarding sendKeysToElement on session df1e05cabb9d5fba86965e8d536a92f9 to remote] DEBUG org.asynchttpclient.netty.request.NettyRequestSender - Using pooled Channel '[id: 0x19b93b78, L:/127.0.0.1:60616 - R:localhost/127.0.0.1:12244]' for 'POST' to 'http://localhost:12244/session/df1e05cabb9d5fba86965e8d536a92f9/element/2ACB7F701A714D628987898BA0457A84_element_115/value'
23:24:47.505 [Forwarding sendKeysToElement on session df1e05cabb9d5fba86965e8d536a92f9 to remote] DEBUG org.asynchttpclient.netty.request.NettyRequestSender - Using open Channel [id: 0x19b93b78, L:/127.0.0.1:60616 - R:localhost/127.0.0.1:12244] for POST '/session/df1e05cabb9d5fba86965e8d536a92f9/element/2ACB7F701A714D628987898BA0457A84_element_115/value'
23:24:47.675 [AsyncHttpClient-1-1] DEBUG org.asynchttpclient.netty.channel.DefaultChannelPool - Entry count for : http://localhost:60618 : 1
23:24:47.949 [AsyncHttpClient-1-2] DEBUG org.asynchttpclient.netty.handler.HttpHandler - 

Request DefaultHttpRequest(decodeResult: success, version: HTTP/1.1)
POST /session/df1e05cabb9d5fba86965e8d536a92f9/element/2ACB7F701A714D628987898BA0457A84_element_115/value HTTP/1.1
User-Agent: selenium/4.12.1 (java windows)
Content-Length: 139
Content-Type: application/json; charset=utf-8
host: localhost:12244
accept: */*

Response DefaultHttpResponse(decodeResult: success, version: HTTP/1.1)
HTTP/1.1 200 OK
Content-Length: 14
Content-Type: application/json; charset=utf-8
cache-control: no-cache

23:24:47.950 [AsyncHttpClient-1-2] DEBUG org.asynchttpclient.netty.channel.ChannelManager - Adding key: http://localhost:12244 for channel [id: 0x19b93b78, L:/127.0.0.1:60616 - R:localhost/127.0.0.1:12244]
23:24:47.955 [Forwarding findElement on session df1e05cabb9d5fba86965e8d536a92f9 to remote] DEBUG org.asynchttpclient.netty.request.NettyRequestSender - Using pooled Channel '[id: 0x19b93b78, L:/127.0.0.1:60616 - R:localhost/127.0.0.1:12244]' for 'POST' to 'http://localhost:12244/session/df1e05cabb9d5fba86965e8d536a92f9/element'
23:24:47.955 [Forwarding findElement on session df1e05cabb9d5fba86965e8d536a92f9 to remote] DEBUG org.asynchttpclient.netty.request.NettyRequestSender - Using open Channel [id: 0x19b93b78, L:/127.0.0.1:60616 - R:localhost/127.0.0.1:12244] for POST '/session/df1e05cabb9d5fba86965e8d536a92f9/element'
23:24:48.319 [AsyncHttpClient-1-2] DEBUG org.asynchttpclient.netty.handler.HttpHandler - 

Request DefaultHttpRequest(decodeResult: success, version: HTTP/1.1)
POST /session/df1e05cabb9d5fba86965e8d536a92f9/element HTTP/1.1
User-Agent: selenium/4.12.1 (java windows)
Content-Length: 55
Content-Type: application/json; charset=utf-8
host: localhost:12244
accept: */*

Response DefaultHttpResponse(decodeResult: success, version: HTTP/1.1)
HTTP/1.1 200 OK
Content-Length: 96
Content-Type: application/json; charset=utf-8
cache-control: no-cache

23:24:48.319 [AsyncHttpClient-1-2] DEBUG org.asynchttpclient.netty.channel.ChannelManager - Adding key: http://localhost:12244 for channel [id: 0x19b93b78, L:/127.0.0.1:60616 - R:localhost/127.0.0.1:12244]
23:24:48.328 [Forwarding isElementDisplayed on session df1e05cabb9d5fba86965e8d536a92f9 to remote] DEBUG org.asynchttpclient.netty.request.NettyRequestSender - Using pooled Channel '[id: 0x19b93b78, L:/127.0.0.1:60616 - R:localhost/127.0.0.1:12244]' for 'POST' to 'http://localhost:12244/session/df1e05cabb9d5fba86965e8d536a92f9/execute/sync'
23:24:48.329 [Forwarding isElementDisplayed on session df1e05cabb9d5fba86965e8d536a92f9 to remote] DEBUG org.asynchttpclient.netty.request.NettyRequestSender - Using open Channel [id: 0x19b93b78, L:/127.0.0.1:60616 - R:localhost/127.0.0.1:12244] for POST '/session/df1e05cabb9d5fba86965e8d536a92f9/execute/sync'
23:24:48.381 [AsyncHttpClient-1-2] DEBUG org.asynchttpclient.netty.handler.HttpHandler - 

Request DefaultHttpRequest(decodeResult: success, version: HTTP/1.1)
POST /session/df1e05cabb9d5fba86965e8d536a92f9/execute/sync HTTP/1.1
User-Agent: selenium/4.12.1 (java windows)
Content-Length: 48704
Content-Type: application/json; charset=utf-8
host: localhost:12244
accept: */*

Response DefaultHttpResponse(decodeResult: success, version: HTTP/1.1)
HTTP/1.1 200 OK
Content-Length: 14
Content-Type: application/json; charset=utf-8
cache-control: no-cache

23:24:48.382 [AsyncHttpClient-1-2] DEBUG org.asynchttpclient.netty.channel.ChannelManager - Adding key: http://localhost:12244 for channel [id: 0x19b93b78, L:/127.0.0.1:60616 - R:localhost/127.0.0.1:12244]
23:24:48.389 [Forwarding findElement on session df1e05cabb9d5fba86965e8d536a92f9 to remote] DEBUG org.asynchttpclient.netty.request.NettyRequestSender - Using pooled Channel '[id: 0x19b93b78, L:/127.0.0.1:60616 - R:localhost/127.0.0.1:12244]' for 'POST' to 'http://localhost:12244/session/df1e05cabb9d5fba86965e8d536a92f9/element'
23:24:48.389 [Forwarding findElement on session df1e05cabb9d5fba86965e8d536a92f9 to remote] DEBUG org.asynchttpclient.netty.request.NettyRequestSender - Using open Channel [id: 0x19b93b78, L:/127.0.0.1:60616 - R:localhost/127.0.0.1:12244] for POST '/session/df1e05cabb9d5fba86965e8d536a92f9/element'
23:24:48.447 [AsyncHttpClient-1-2] DEBUG org.asynchttpclient.netty.handler.HttpHandler - 

Request DefaultHttpRequest(decodeResult: success, version: HTTP/1.1)
POST /session/df1e05cabb9d5fba86965e8d536a92f9/element HTTP/1.1
User-Agent: selenium/4.12.1 (java windows)
Content-Length: 83
Content-Type: application/json; charset=utf-8
host: localhost:12244
accept: */*

Response DefaultHttpResponse(decodeResult: success, version: HTTP/1.1)
HTTP/1.1 200 OK
Content-Length: 96
Content-Type: application/json; charset=utf-8
cache-control: no-cache

23:24:48.448 [AsyncHttpClient-1-2] DEBUG org.asynchttpclient.netty.channel.ChannelManager - Adding key: http://localhost:12244 for channel [id: 0x19b93b78, L:/127.0.0.1:60616 - R:localhost/127.0.0.1:12244]
23:24:48.452 [Forwarding clickElement on session df1e05cabb9d5fba86965e8d536a92f9 to remote] DEBUG org.asynchttpclient.netty.request.NettyRequestSender - Using pooled Channel '[id: 0x19b93b78, L:/127.0.0.1:60616 - R:localhost/127.0.0.1:12244]' for 'POST' to 'http://localhost:12244/session/df1e05cabb9d5fba86965e8d536a92f9/element/2ACB7F701A714D628987898BA0457A84_element_129/click'
23:24:48.452 [Forwarding clickElement on session df1e05cabb9d5fba86965e8d536a92f9 to remote] DEBUG org.asynchttpclient.netty.request.NettyRequestSender - Using open Channel [id: 0x19b93b78, L:/127.0.0.1:60616 - R:localhost/127.0.0.1:12244] for POST '/session/df1e05cabb9d5fba86965e8d536a92f9/element/2ACB7F701A714D628987898BA0457A84_element_129/click'
23:24:48.621 [AsyncHttpClient-1-2] DEBUG org.asynchttpclient.netty.handler.HttpHandler - 

Request DefaultHttpRequest(decodeResult: success, version: HTTP/1.1)
POST /session/df1e05cabb9d5fba86965e8d536a92f9/element/2ACB7F701A714D628987898BA0457A84_element_129/click HTTP/1.1
User-Agent: selenium/4.12.1 (java windows)
Content-Length: 58
Content-Type: application/json; charset=utf-8
host: localhost:12244
accept: */*

Response DefaultHttpResponse(decodeResult: success, version: HTTP/1.1)
HTTP/1.1 200 OK
Content-Length: 14
Content-Type: application/json; charset=utf-8
cache-control: no-cache

23:24:48.622 [AsyncHttpClient-1-2] DEBUG org.asynchttpclient.netty.channel.ChannelManager - Adding key: http://localhost:12244 for channel [id: 0x19b93b78, L:/127.0.0.1:60616 - R:localhost/127.0.0.1:12244]
23:24:48.625 [Forwarding findElement on session df1e05cabb9d5fba86965e8d536a92f9 to remote] DEBUG org.asynchttpclient.netty.request.NettyRequestSender - Using pooled Channel '[id: 0x19b93b78, L:/127.0.0.1:60616 - R:localhost/127.0.0.1:12244]' for 'POST' to 'http://localhost:12244/session/df1e05cabb9d5fba86965e8d536a92f9/element'
23:24:48.625 [Forwarding findElement on session df1e05cabb9d5fba86965e8d536a92f9 to remote] DEBUG org.asynchttpclient.netty.request.NettyRequestSender - Using open Channel [id: 0x19b93b78, L:/127.0.0.1:60616 - R:localhost/127.0.0.1:12244] for POST '/session/df1e05cabb9d5fba86965e8d536a92f9/element'
23:24:48.713 [AsyncHttpClient-1-2] DEBUG org.asynchttpclient.netty.handler.HttpHandler - 

Request DefaultHttpRequest(decodeResult: success, version: HTTP/1.1)
POST /session/df1e05cabb9d5fba86965e8d536a92f9/element HTTP/1.1
User-Agent: selenium/4.12.1 (java windows)
Content-Length: 59
Content-Type: application/json; charset=utf-8
host: localhost:12244
accept: */*

Response DefaultHttpResponse(decodeResult: success, version: HTTP/1.1)
HTTP/1.1 200 OK
Content-Length: 96
Content-Type: application/json; charset=utf-8
cache-control: no-cache

23:24:48.714 [AsyncHttpClient-1-2] DEBUG org.asynchttpclient.netty.channel.ChannelManager - Adding key: http://localhost:12244 for channel [id: 0x19b93b78, L:/127.0.0.1:60616 - R:localhost/127.0.0.1:12244]
23:24:48.719 [Forwarding executeScript on session df1e05cabb9d5fba86965e8d536a92f9 to remote] DEBUG org.asynchttpclient.netty.request.NettyRequestSender - Using pooled Channel '[id: 0x19b93b78, L:/127.0.0.1:60616 - R:localhost/127.0.0.1:12244]' for 'POST' to 'http://localhost:12244/session/df1e05cabb9d5fba86965e8d536a92f9/execute/sync'
23:24:48.719 [Forwarding executeScript on session df1e05cabb9d5fba86965e8d536a92f9 to remote] DEBUG org.asynchttpclient.netty.request.NettyRequestSender - Using open Channel [id: 0x19b93b78, L:/127.0.0.1:60616 - R:localhost/127.0.0.1:12244] for POST '/session/df1e05cabb9d5fba86965e8d536a92f9/execute/sync'
23:24:48.772 [AsyncHttpClient-1-1] DEBUG org.asynchttpclient.netty.channel.DefaultChannelPool - Entry count for : http://localhost:60618 : 1
23:24:48.979 [AsyncHttpClient-1-2] DEBUG org.asynchttpclient.netty.handler.HttpHandler - 

Request DefaultHttpRequest(decodeResult: success, version: HTTP/1.1)
POST /session/df1e05cabb9d5fba86965e8d536a92f9/execute/sync HTTP/1.1
User-Agent: selenium/4.12.1 (java windows)
Content-Length: 159
Content-Type: application/json; charset=utf-8
host: localhost:12244
accept: */*

Response DefaultHttpResponse(decodeResult: success, version: HTTP/1.1)
HTTP/1.1 200 OK
Content-Length: 14
Content-Type: application/json; charset=utf-8
cache-control: no-cache

23:24:48.980 [AsyncHttpClient-1-2] DEBUG org.asynchttpclient.netty.channel.ChannelManager - Adding key: http://localhost:12244 for channel [id: 0x19b93b78, L:/127.0.0.1:60616 - R:localhost/127.0.0.1:12244]
23:24:48.995 [Forwarding findElement on session df1e05cabb9d5fba86965e8d536a92f9 to remote] DEBUG org.asynchttpclient.netty.request.NettyRequestSender - Using pooled Channel '[id: 0x19b93b78, L:/127.0.0.1:60616 - R:localhost/127.0.0.1:12244]' for 'POST' to 'http://localhost:12244/session/df1e05cabb9d5fba86965e8d536a92f9/element'
23:24:48.995 [Forwarding findElement on session df1e05cabb9d5fba86965e8d536a92f9 to remote] DEBUG org.asynchttpclient.netty.request.NettyRequestSender - Using open Channel [id: 0x19b93b78, L:/127.0.0.1:60616 - R:localhost/127.0.0.1:12244] for POST '/session/df1e05cabb9d5fba86965e8d536a92f9/element'
23:24:49.398 [AsyncHttpClient-1-2] DEBUG org.asynchttpclient.netty.handler.HttpHandler - 

Request DefaultHttpRequest(decodeResult: success, version: HTTP/1.1)
POST /session/df1e05cabb9d5fba86965e8d536a92f9/element HTTP/1.1
User-Agent: selenium/4.12.1 (java windows)
Content-Length: 57
Content-Type: application/json; charset=utf-8
host: localhost:12244
accept: */*

Response DefaultHttpResponse(decodeResult: success, version: HTTP/1.1)
HTTP/1.1 200 OK
Content-Length: 96
Content-Type: application/json; charset=utf-8
cache-control: no-cache

23:24:49.399 [AsyncHttpClient-1-2] DEBUG org.asynchttpclient.netty.channel.ChannelManager - Adding key: http://localhost:12244 for channel [id: 0x19b93b78, L:/127.0.0.1:60616 - R:localhost/127.0.0.1:12244]
23:24:49.406 [Forwarding getElementText on session df1e05cabb9d5fba86965e8d536a92f9 to remote] DEBUG org.asynchttpclient.netty.request.NettyRequestSender - Using pooled Channel '[id: 0x19b93b78, L:/127.0.0.1:60616 - R:localhost/127.0.0.1:12244]' for 'GET' to 'http://localhost:12244/session/df1e05cabb9d5fba86965e8d536a92f9/element/2ACB7F701A714D628987898BA0457A84_element_143/text'
23:24:49.407 [Forwarding getElementText on session df1e05cabb9d5fba86965e8d536a92f9 to remote] DEBUG org.asynchttpclient.netty.request.NettyRequestSender - Using open Channel [id: 0x19b93b78, L:/127.0.0.1:60616 - R:localhost/127.0.0.1:12244] for GET '/session/df1e05cabb9d5fba86965e8d536a92f9/element/2ACB7F701A714D628987898BA0457A84_element_143/text'
23:24:49.900 [AsyncHttpClient-1-1] DEBUG org.asynchttpclient.netty.channel.DefaultChannelPool - Entry count for : http://localhost:60618 : 1
23:24:49.915 [AsyncHttpClient-1-2] DEBUG org.asynchttpclient.netty.handler.HttpHandler - 

Request DefaultFullHttpRequest(decodeResult: success, version: HTTP/1.1, content: EmptyByteBufBE)
GET /session/df1e05cabb9d5fba86965e8d536a92f9/element/2ACB7F701A714D628987898BA0457A84_element_143/text HTTP/1.1
Cache-Control: no-cache
User-Agent: selenium/4.12.1 (java windows)
Content-Type: application/json; charset=utf-8
host: localhost:12244
accept: */*

Response DefaultHttpResponse(decodeResult: success, version: HTTP/1.1)
HTTP/1.1 200 OK
Content-Length: 35
Content-Type: application/json; charset=utf-8
cache-control: no-cache

23:24:49.916 [AsyncHttpClient-1-2] DEBUG org.asynchttpclient.netty.channel.ChannelManager - Adding key: http://localhost:12244 for channel [id: 0x19b93b78, L:/127.0.0.1:60616 - R:localhost/127.0.0.1:12244]
]]></system-out>
    <system-err><![CDATA[Mar 19, 2024 11:24:19 PM org.openqa.selenium.devtools.CdpVersionFinder findNearestMatch
WARNING: Unable to find an exact match for CDP version 120, so returning the closest version found: 116
]]></system-err>
  </testcase>
  <testcase name="submitOrder[{password=N&amp;a@1999, product=ADIDAS ORIGINAL, email=nandha1@gmail.com}](2)" classname="nandha.tests.SubmitOrderTest" time="25.414">
    <system-out><![CDATA[23:24:49.953 [Forwarding close on session df1e05cabb9d5fba86965e8d536a92f9 to remote] DEBUG org.asynchttpclient.netty.request.NettyRequestSender - Using pooled Channel '[id: 0x19b93b78, L:/127.0.0.1:60616 - R:localhost/127.0.0.1:12244]' for 'DELETE' to 'http://localhost:12244/session/df1e05cabb9d5fba86965e8d536a92f9/window'
23:24:49.953 [Forwarding close on session df1e05cabb9d5fba86965e8d536a92f9 to remote] DEBUG org.asynchttpclient.netty.request.NettyRequestSender - Using open Channel [id: 0x19b93b78, L:/127.0.0.1:60616 - R:localhost/127.0.0.1:12244] for DELETE '/session/df1e05cabb9d5fba86965e8d536a92f9/window'
23:24:50.297 [AsyncHttpClient-1-3] DEBUG org.asynchttpclient.netty.handler.HttpHandler - Channel Closed: [id: 0xa3b58526, L:/127.0.0.1:60631 ! R:localhost/127.0.0.1:60618] with attribute DISCARD
23:24:50.297 [AsyncHttpClient-1-4] DEBUG org.asynchttpclient.netty.handler.WebSocketHandler - Channel Closed: [id: 0xf46a58bd, L:/127.0.0.1:60632 ! R:localhost/127.0.0.1:60618] with attribute NettyResponseFuture{currentRetry=0,
	isDone=1,
	isCancelled=0,
	asyncHandler=org.asynchttpclient.ws.WebSocketUpgradeHandler@40ce2d4d,
	nettyRequest=org.asynchttpclient.netty.request.NettyRequest@571c19a0,
	future=java.util.concurrent.CompletableFuture@7a605847[Completed normally],
	uri=ws://localhost:60618/devtools/browser/9d96e0f4-0952-4698-8bed-5159340002d0,
	keepAlive=true,
	redirectCount=0,
	timeoutsHolder=null,
	inAuth=0,
	touch=1710870859620}
23:24:50.299 [AsyncHttpClient-1-4] DEBUG org.asynchttpclient.netty.channel.ChannelManager - Closing Channel [id: 0xf46a58bd, L:/127.0.0.1:60632 ! R:localhost/127.0.0.1:60618] 
23:24:50.976 [AsyncHttpClient-1-1] DEBUG org.asynchttpclient.netty.channel.DefaultChannelPool - Entry count for : http://localhost:60618 : 1
23:24:50.976 [AsyncHttpClient-1-1] DEBUG org.asynchttpclient.netty.channel.DefaultChannelPool - Adding Candidate expired Channel [id: 0xa3b58526, L:/127.0.0.1:60631 ! R:localhost/127.0.0.1:60618] isIdleTimeoutExpired=false isRemotelyClosed=true isTtlExpired=false
23:24:50.976 [AsyncHttpClient-1-1] DEBUG org.asynchttpclient.netty.channel.DefaultChannelPool - Closing Idle Channel [id: 0xa3b58526, L:/127.0.0.1:60631 ! R:localhost/127.0.0.1:60618]
23:24:50.977 [AsyncHttpClient-1-1] DEBUG org.asynchttpclient.netty.channel.DefaultChannelPool - Closed 1 connections out of 1 in 1 ms
23:24:52.466 [AsyncHttpClient-1-2] DEBUG org.asynchttpclient.netty.handler.HttpHandler - 

Request DefaultFullHttpRequest(decodeResult: success, version: HTTP/1.1, content: EmptyByteBufBE)
DELETE /session/df1e05cabb9d5fba86965e8d536a92f9/window HTTP/1.1
User-Agent: selenium/4.12.1 (java windows)
Content-Type: application/json; charset=utf-8
host: localhost:12244
accept: */*

Response DefaultHttpResponse(decodeResult: success, version: HTTP/1.1)
HTTP/1.1 200 OK
Content-Length: 12
Content-Type: application/json; charset=utf-8
cache-control: no-cache

23:24:52.466 [AsyncHttpClient-1-2] DEBUG org.asynchttpclient.netty.channel.ChannelManager - Adding key: http://localhost:12244 for channel [id: 0x19b93b78, L:/127.0.0.1:60616 - R:localhost/127.0.0.1:12244]
23:24:53.177 [AsyncHttpClient-1-1] DEBUG org.asynchttpclient.netty.channel.DefaultChannelPool - Entry count for : http://localhost:12244 : 1
23:24:54.271 [AsyncHttpClient-1-1] DEBUG org.asynchttpclient.netty.channel.DefaultChannelPool - Entry count for : http://localhost:12244 : 1
23:24:55.370 [AsyncHttpClient-1-1] DEBUG org.asynchttpclient.netty.channel.DefaultChannelPool - Entry count for : http://localhost:12244 : 1
23:24:56.469 [AsyncHttpClient-1-1] DEBUG org.asynchttpclient.netty.channel.DefaultChannelPool - Entry count for : http://localhost:12244 : 1
23:24:57.565 [AsyncHttpClient-1-1] DEBUG org.asynchttpclient.netty.channel.DefaultChannelPool - Entry count for : http://localhost:12244 : 1
23:24:58.679 [AsyncHttpClient-1-1] DEBUG org.asynchttpclient.netty.channel.DefaultChannelPool - Entry count for : http://localhost:12244 : 1
23:24:59.768 [AsyncHttpClient-1-1] DEBUG org.asynchttpclient.netty.channel.DefaultChannelPool - Entry count for : http://localhost:12244 : 1
23:25:00.869 [AsyncHttpClient-1-1] DEBUG org.asynchttpclient.netty.channel.DefaultChannelPool - Entry count for : http://localhost:12244 : 1
23:25:01.974 [AsyncHttpClient-1-1] DEBUG org.asynchttpclient.netty.channel.DefaultChannelPool - Entry count for : http://localhost:12244 : 1
23:25:03.078 [AsyncHttpClient-1-1] DEBUG org.asynchttpclient.netty.channel.DefaultChannelPool - Entry count for : http://localhost:12244 : 1
23:25:04.165 [AsyncHttpClient-1-1] DEBUG org.asynchttpclient.netty.channel.DefaultChannelPool - Entry count for : http://localhost:12244 : 1
23:25:05.272 [AsyncHttpClient-1-1] DEBUG org.asynchttpclient.netty.channel.DefaultChannelPool - Entry count for : http://localhost:12244 : 1
23:25:06.371 [AsyncHttpClient-1-1] DEBUG org.asynchttpclient.netty.channel.DefaultChannelPool - Entry count for : http://localhost:12244 : 1
23:25:07.130 [AsyncHttpClient-1-5] DEBUG org.asynchttpclient.netty.channel.NettyConnectListener - Using new Channel '[id: 0x579f6839, L:/127.0.0.1:60673 - R:localhost/127.0.0.1:15402]' for 'POST' to '/session'
23:25:07.465 [AsyncHttpClient-1-1] DEBUG org.asynchttpclient.netty.channel.DefaultChannelPool - Entry count for : http://localhost:12244 : 1
23:25:08.570 [AsyncHttpClient-1-1] DEBUG org.asynchttpclient.netty.channel.DefaultChannelPool - Entry count for : http://localhost:12244 : 1
23:25:09.668 [AsyncHttpClient-1-1] DEBUG org.asynchttpclient.netty.channel.DefaultChannelPool - Entry count for : http://localhost:12244 : 1
23:25:10.798 [AsyncHttpClient-1-1] DEBUG org.asynchttpclient.netty.channel.DefaultChannelPool - Entry count for : http://localhost:12244 : 1
23:25:11.873 [AsyncHttpClient-1-1] DEBUG org.asynchttpclient.netty.channel.DefaultChannelPool - Entry count for : http://localhost:12244 : 1
23:25:12.966 [AsyncHttpClient-1-1] DEBUG org.asynchttpclient.netty.channel.DefaultChannelPool - Entry count for : http://localhost:12244 : 1
23:25:14.070 [AsyncHttpClient-1-1] DEBUG org.asynchttpclient.netty.channel.DefaultChannelPool - Entry count for : http://localhost:12244 : 1
23:25:15.170 [AsyncHttpClient-1-1] DEBUG org.asynchttpclient.netty.channel.DefaultChannelPool - Entry count for : http://localhost:12244 : 1
23:25:15.784 [AsyncHttpClient-1-5] DEBUG org.asynchttpclient.netty.handler.HttpHandler - 

Request DefaultHttpRequest(decodeResult: success, version: HTTP/1.1)
POST /session HTTP/1.1
User-Agent: selenium/4.12.1 (java windows)
Content-Length: 336
Content-Type: application/json; charset=utf-8
host: localhost:15402
accept: */*

Response DefaultHttpResponse(decodeResult: success, version: HTTP/1.1)
HTTP/1.1 200 OK
Content-Length: 886
Content-Type: application/json; charset=utf-8
cache-control: no-cache

23:25:15.785 [AsyncHttpClient-1-5] DEBUG org.asynchttpclient.netty.channel.ChannelManager - Adding key: http://localhost:15402 for channel [id: 0x579f6839, L:/127.0.0.1:60673 - R:localhost/127.0.0.1:15402]
23:25:15.872 [AsyncHttpClient-1-6] DEBUG org.asynchttpclient.netty.channel.NettyConnectListener - Using new Channel '[id: 0x26e5c3ea, L:/127.0.0.1:60687 - R:localhost/127.0.0.1:60675]' for 'GET' to '/json/version'
23:25:15.885 [AsyncHttpClient-1-6] DEBUG org.asynchttpclient.netty.handler.HttpHandler - 

Request DefaultFullHttpRequest(decodeResult: success, version: HTTP/1.1, content: EmptyByteBufBE)
GET /json/version HTTP/1.1
User-Agent: selenium/4.12.1 (java windows)
host: localhost:60675
accept: */*

Response DefaultHttpResponse(decodeResult: success, version: HTTP/1.1)
HTTP/1.1 200 OK
Content-Security-Policy: frame-ancestors 'none'
Content-Length: 424
Content-Type: application/json; charset=UTF-8

23:25:15.886 [AsyncHttpClient-1-6] DEBUG org.asynchttpclient.netty.channel.ChannelManager - Adding key: http://localhost:60675 for channel [id: 0x26e5c3ea, L:/127.0.0.1:60687 - R:localhost/127.0.0.1:60675]
23:25:15.897 [AsyncHttpClient-1-7] DEBUG org.asynchttpclient.netty.channel.NettyConnectListener - Using new Channel '[id: 0x201b2595, L:/127.0.0.1:60688 - R:localhost/127.0.0.1:60675]' for 'GET' to '/devtools/browser/c4b8307c-4ea7-42fe-afbb-7608f9b70650'
23:25:15.928 [AsyncHttpClient-1-7] DEBUG org.asynchttpclient.netty.handler.WebSocketHandler - 

Request DefaultFullHttpRequest(decodeResult: success, version: HTTP/1.1, content: EmptyByteBufBE)
GET /devtools/browser/c4b8307c-4ea7-42fe-afbb-7608f9b70650 HTTP/1.1
upgrade: websocket
connection: upgrade
sec-websocket-key: gb/X4mf2GvvqqMKuYYTgHg==
sec-websocket-version: 13
origin: http://localhost:60675
host: localhost:60675
accept: */*
user-agent: AHC/2.1

Response DefaultHttpResponse(decodeResult: success, version: HTTP/1.1)
HTTP/1.1 101 WebSocket Protocol Handshake
Upgrade: WebSocket
Connection: Upgrade
Sec-WebSocket-Accept: ZuLQe/+dJ3RasTy1GCQtenEEXMI=

23:25:15.947 [Forwarding setTimeout on session 05308f91e610f528a29cf915ef34104a to remote] DEBUG org.asynchttpclient.netty.request.NettyRequestSender - Using pooled Channel '[id: 0x579f6839, L:/127.0.0.1:60673 - R:localhost/127.0.0.1:15402]' for 'POST' to 'http://localhost:15402/session/05308f91e610f528a29cf915ef34104a/timeouts'
23:25:15.948 [Forwarding setTimeout on session 05308f91e610f528a29cf915ef34104a to remote] DEBUG org.asynchttpclient.netty.request.NettyRequestSender - Using open Channel [id: 0x579f6839, L:/127.0.0.1:60673 - R:localhost/127.0.0.1:15402] for POST '/session/05308f91e610f528a29cf915ef34104a/timeouts'
23:25:15.977 [AsyncHttpClient-1-5] DEBUG org.asynchttpclient.netty.handler.HttpHandler - 

Request DefaultHttpRequest(decodeResult: success, version: HTTP/1.1)
POST /session/05308f91e610f528a29cf915ef34104a/timeouts HTTP/1.1
User-Agent: selenium/4.12.1 (java windows)
Content-Length: 23
Content-Type: application/json; charset=utf-8
host: localhost:15402
accept: */*

Response DefaultHttpResponse(decodeResult: success, version: HTTP/1.1)
HTTP/1.1 200 OK
Content-Length: 14
Content-Type: application/json; charset=utf-8
cache-control: no-cache

23:25:15.978 [AsyncHttpClient-1-5] DEBUG org.asynchttpclient.netty.channel.ChannelManager - Adding key: http://localhost:15402 for channel [id: 0x579f6839, L:/127.0.0.1:60673 - R:localhost/127.0.0.1:15402]
23:25:15.981 [Forwarding maximizeCurrentWindow on session 05308f91e610f528a29cf915ef34104a to remote] DEBUG org.asynchttpclient.netty.request.NettyRequestSender - Using pooled Channel '[id: 0x579f6839, L:/127.0.0.1:60673 - R:localhost/127.0.0.1:15402]' for 'POST' to 'http://localhost:15402/session/05308f91e610f528a29cf915ef34104a/window/maximize'
23:25:15.982 [Forwarding maximizeCurrentWindow on session 05308f91e610f528a29cf915ef34104a to remote] DEBUG org.asynchttpclient.netty.request.NettyRequestSender - Using open Channel [id: 0x579f6839, L:/127.0.0.1:60673 - R:localhost/127.0.0.1:15402] for POST '/session/05308f91e610f528a29cf915ef34104a/window/maximize'
23:25:16.270 [AsyncHttpClient-1-1] DEBUG org.asynchttpclient.netty.channel.DefaultChannelPool - Entry count for : http://localhost:12244 : 1
23:25:16.270 [AsyncHttpClient-1-1] DEBUG org.asynchttpclient.netty.channel.DefaultChannelPool - Entry count for : http://localhost:60675 : 1
23:25:16.305 [AsyncHttpClient-1-5] DEBUG org.asynchttpclient.netty.handler.HttpHandler - 

Request DefaultHttpRequest(decodeResult: success, version: HTTP/1.1)
POST /session/05308f91e610f528a29cf915ef34104a/window/maximize HTTP/1.1
User-Agent: selenium/4.12.1 (java windows)
Content-Length: 3
Content-Type: application/json; charset=utf-8
host: localhost:15402
accept: */*

Response DefaultHttpResponse(decodeResult: success, version: HTTP/1.1)
HTTP/1.1 200 OK
Content-Length: 51
Content-Type: application/json; charset=utf-8
cache-control: no-cache

23:25:16.306 [AsyncHttpClient-1-5] DEBUG org.asynchttpclient.netty.channel.ChannelManager - Adding key: http://localhost:15402 for channel [id: 0x579f6839, L:/127.0.0.1:60673 - R:localhost/127.0.0.1:15402]
23:25:16.312 [Forwarding get on session 05308f91e610f528a29cf915ef34104a to remote] DEBUG org.asynchttpclient.netty.request.NettyRequestSender - Using pooled Channel '[id: 0x579f6839, L:/127.0.0.1:60673 - R:localhost/127.0.0.1:15402]' for 'POST' to 'http://localhost:15402/session/05308f91e610f528a29cf915ef34104a/url'
23:25:16.313 [Forwarding get on session 05308f91e610f528a29cf915ef34104a to remote] DEBUG org.asynchttpclient.netty.request.NettyRequestSender - Using open Channel [id: 0x579f6839, L:/127.0.0.1:60673 - R:localhost/127.0.0.1:15402] for POST '/session/05308f91e610f528a29cf915ef34104a/url'
23:25:17.369 [AsyncHttpClient-1-1] DEBUG org.asynchttpclient.netty.channel.DefaultChannelPool - Entry count for : http://localhost:12244 : 1
23:25:17.369 [AsyncHttpClient-1-1] DEBUG org.asynchttpclient.netty.channel.DefaultChannelPool - Entry count for : http://localhost:60675 : 1
23:25:18.466 [AsyncHttpClient-1-1] DEBUG org.asynchttpclient.netty.channel.DefaultChannelPool - Entry count for : http://localhost:12244 : 1
23:25:18.466 [AsyncHttpClient-1-1] DEBUG org.asynchttpclient.netty.channel.DefaultChannelPool - Entry count for : http://localhost:60675 : 1
23:25:19.599 [AsyncHttpClient-1-1] DEBUG org.asynchttpclient.netty.channel.DefaultChannelPool - Entry count for : http://localhost:12244 : 1
23:25:19.600 [AsyncHttpClient-1-1] DEBUG org.asynchttpclient.netty.channel.DefaultChannelPool - Entry count for : http://localhost:60675 : 1
23:25:20.665 [AsyncHttpClient-1-1] DEBUG org.asynchttpclient.netty.channel.DefaultChannelPool - Entry count for : http://localhost:12244 : 1
23:25:20.665 [AsyncHttpClient-1-1] DEBUG org.asynchttpclient.netty.channel.DefaultChannelPool - Entry count for : http://localhost:60675 : 1
23:25:21.773 [AsyncHttpClient-1-1] DEBUG org.asynchttpclient.netty.channel.DefaultChannelPool - Entry count for : http://localhost:12244 : 1
23:25:21.776 [AsyncHttpClient-1-1] DEBUG org.asynchttpclient.netty.channel.DefaultChannelPool - Entry count for : http://localhost:60675 : 1
23:25:22.865 [AsyncHttpClient-1-1] DEBUG org.asynchttpclient.netty.channel.DefaultChannelPool - Entry count for : http://localhost:12244 : 1
23:25:22.865 [AsyncHttpClient-1-1] DEBUG org.asynchttpclient.netty.channel.DefaultChannelPool - Entry count for : http://localhost:60675 : 1
23:25:23.966 [AsyncHttpClient-1-1] DEBUG org.asynchttpclient.netty.channel.DefaultChannelPool - Entry count for : http://localhost:12244 : 1
23:25:23.966 [AsyncHttpClient-1-1] DEBUG org.asynchttpclient.netty.channel.DefaultChannelPool - Entry count for : http://localhost:60675 : 1
23:25:25.065 [AsyncHttpClient-1-1] DEBUG org.asynchttpclient.netty.channel.DefaultChannelPool - Entry count for : http://localhost:12244 : 1
23:25:25.066 [AsyncHttpClient-1-1] DEBUG org.asynchttpclient.netty.channel.DefaultChannelPool - Entry count for : http://localhost:60675 : 1
23:25:26.175 [AsyncHttpClient-1-1] DEBUG org.asynchttpclient.netty.channel.DefaultChannelPool - Entry count for : http://localhost:12244 : 1
23:25:26.175 [AsyncHttpClient-1-1] DEBUG org.asynchttpclient.netty.channel.DefaultChannelPool - Entry count for : http://localhost:60675 : 1
23:25:26.323 [AsyncHttpClient-1-5] DEBUG org.asynchttpclient.netty.handler.HttpHandler - 

Request DefaultHttpRequest(decodeResult: success, version: HTTP/1.1)
POST /session/05308f91e610f528a29cf915ef34104a/url HTTP/1.1
User-Agent: selenium/4.12.1 (java windows)
Content-Length: 67
Content-Type: application/json; charset=utf-8
host: localhost:15402
accept: */*

Response DefaultHttpResponse(decodeResult: success, version: HTTP/1.1)
HTTP/1.1 200 OK
Content-Length: 14
Content-Type: application/json; charset=utf-8
cache-control: no-cache

23:25:26.324 [AsyncHttpClient-1-5] DEBUG org.asynchttpclient.netty.channel.ChannelManager - Adding key: http://localhost:15402 for channel [id: 0x579f6839, L:/127.0.0.1:60673 - R:localhost/127.0.0.1:15402]
23:25:26.329 [Forwarding findElement on session 05308f91e610f528a29cf915ef34104a to remote] DEBUG org.asynchttpclient.netty.request.NettyRequestSender - Using pooled Channel '[id: 0x579f6839, L:/127.0.0.1:60673 - R:localhost/127.0.0.1:15402]' for 'POST' to 'http://localhost:15402/session/05308f91e610f528a29cf915ef34104a/element'
23:25:26.329 [Forwarding findElement on session 05308f91e610f528a29cf915ef34104a to remote] DEBUG org.asynchttpclient.netty.request.NettyRequestSender - Using open Channel [id: 0x579f6839, L:/127.0.0.1:60673 - R:localhost/127.0.0.1:15402] for POST '/session/05308f91e610f528a29cf915ef34104a/element'
23:25:26.745 [AsyncHttpClient-1-5] DEBUG org.asynchttpclient.netty.handler.HttpHandler - 

Request DefaultHttpRequest(decodeResult: success, version: HTTP/1.1)
POST /session/05308f91e610f528a29cf915ef34104a/element HTTP/1.1
User-Agent: selenium/4.12.1 (java windows)
Content-Length: 54
Content-Type: application/json; charset=utf-8
host: localhost:15402
accept: */*

Response DefaultHttpResponse(decodeResult: success, version: HTTP/1.1)
HTTP/1.1 200 OK
Content-Length: 94
Content-Type: application/json; charset=utf-8
cache-control: no-cache

23:25:26.746 [AsyncHttpClient-1-5] DEBUG org.asynchttpclient.netty.channel.ChannelManager - Adding key: http://localhost:15402 for channel [id: 0x579f6839, L:/127.0.0.1:60673 - R:localhost/127.0.0.1:15402]
23:25:26.751 [Forwarding sendKeysToElement on session 05308f91e610f528a29cf915ef34104a to remote] DEBUG org.asynchttpclient.netty.request.NettyRequestSender - Using pooled Channel '[id: 0x579f6839, L:/127.0.0.1:60673 - R:localhost/127.0.0.1:15402]' for 'POST' to 'http://localhost:15402/session/05308f91e610f528a29cf915ef34104a/element/4E334FB2EE78889E66032C807219DD13_element_9/value'
23:25:26.752 [Forwarding sendKeysToElement on session 05308f91e610f528a29cf915ef34104a to remote] DEBUG org.asynchttpclient.netty.request.NettyRequestSender - Using open Channel [id: 0x579f6839, L:/127.0.0.1:60673 - R:localhost/127.0.0.1:15402] for POST '/session/05308f91e610f528a29cf915ef34104a/element/4E334FB2EE78889E66032C807219DD13_element_9/value'
23:25:27.270 [AsyncHttpClient-1-1] DEBUG org.asynchttpclient.netty.channel.DefaultChannelPool - Entry count for : http://localhost:12244 : 1
23:25:27.270 [AsyncHttpClient-1-1] DEBUG org.asynchttpclient.netty.channel.DefaultChannelPool - Entry count for : http://localhost:60675 : 1
23:25:27.672 [AsyncHttpClient-1-5] DEBUG org.asynchttpclient.netty.handler.HttpHandler - 

Request DefaultHttpRequest(decodeResult: success, version: HTTP/1.1)
POST /session/05308f91e610f528a29cf915ef34104a/element/4E334FB2EE78889E66032C807219DD13_element_9/value HTTP/1.1
User-Agent: selenium/4.12.1 (java windows)
Content-Length: 257
Content-Type: application/json; charset=utf-8
host: localhost:15402
accept: */*

Response DefaultHttpResponse(decodeResult: success, version: HTTP/1.1)
HTTP/1.1 200 OK
Content-Length: 14
Content-Type: application/json; charset=utf-8
cache-control: no-cache

23:25:27.673 [AsyncHttpClient-1-5] DEBUG org.asynchttpclient.netty.channel.ChannelManager - Adding key: http://localhost:15402 for channel [id: 0x579f6839, L:/127.0.0.1:60673 - R:localhost/127.0.0.1:15402]
23:25:27.677 [Forwarding findElement on session 05308f91e610f528a29cf915ef34104a to remote] DEBUG org.asynchttpclient.netty.request.NettyRequestSender - Using pooled Channel '[id: 0x579f6839, L:/127.0.0.1:60673 - R:localhost/127.0.0.1:15402]' for 'POST' to 'http://localhost:15402/session/05308f91e610f528a29cf915ef34104a/element'
23:25:27.677 [Forwarding findElement on session 05308f91e610f528a29cf915ef34104a to remote] DEBUG org.asynchttpclient.netty.request.NettyRequestSender - Using open Channel [id: 0x579f6839, L:/127.0.0.1:60673 - R:localhost/127.0.0.1:15402] for POST '/session/05308f91e610f528a29cf915ef34104a/element'
23:25:27.815 [AsyncHttpClient-1-5] DEBUG org.asynchttpclient.netty.handler.HttpHandler - 

Request DefaultHttpRequest(decodeResult: success, version: HTTP/1.1)
POST /session/05308f91e610f528a29cf915ef34104a/element HTTP/1.1
User-Agent: selenium/4.12.1 (java windows)
Content-Length: 57
Content-Type: application/json; charset=utf-8
host: localhost:15402
accept: */*

Response DefaultHttpResponse(decodeResult: success, version: HTTP/1.1)
HTTP/1.1 200 OK
Content-Length: 94
Content-Type: application/json; charset=utf-8
cache-control: no-cache

23:25:27.816 [AsyncHttpClient-1-5] DEBUG org.asynchttpclient.netty.channel.ChannelManager - Adding key: http://localhost:15402 for channel [id: 0x579f6839, L:/127.0.0.1:60673 - R:localhost/127.0.0.1:15402]
23:25:27.821 [Forwarding sendKeysToElement on session 05308f91e610f528a29cf915ef34104a to remote] DEBUG org.asynchttpclient.netty.request.NettyRequestSender - Using pooled Channel '[id: 0x579f6839, L:/127.0.0.1:60673 - R:localhost/127.0.0.1:15402]' for 'POST' to 'http://localhost:15402/session/05308f91e610f528a29cf915ef34104a/element/4E334FB2EE78889E66032C807219DD13_element_5/value'
23:25:27.822 [Forwarding sendKeysToElement on session 05308f91e610f528a29cf915ef34104a to remote] DEBUG org.asynchttpclient.netty.request.NettyRequestSender - Using open Channel [id: 0x579f6839, L:/127.0.0.1:60673 - R:localhost/127.0.0.1:15402] for POST '/session/05308f91e610f528a29cf915ef34104a/element/4E334FB2EE78889E66032C807219DD13_element_5/value'
23:25:28.369 [AsyncHttpClient-1-1] DEBUG org.asynchttpclient.netty.channel.DefaultChannelPool - Entry count for : http://localhost:12244 : 1
23:25:28.370 [AsyncHttpClient-1-1] DEBUG org.asynchttpclient.netty.channel.DefaultChannelPool - Entry count for : http://localhost:60675 : 1
23:25:29.467 [AsyncHttpClient-1-1] DEBUG org.asynchttpclient.netty.channel.DefaultChannelPool - Entry count for : http://localhost:12244 : 1
23:25:29.468 [AsyncHttpClient-1-1] DEBUG org.asynchttpclient.netty.channel.DefaultChannelPool - Entry count for : http://localhost:60675 : 1
23:25:29.710 [AsyncHttpClient-1-5] DEBUG org.asynchttpclient.netty.handler.HttpHandler - 

Request DefaultHttpRequest(decodeResult: success, version: HTTP/1.1)
POST /session/05308f91e610f528a29cf915ef34104a/element/4E334FB2EE78889E66032C807219DD13_element_5/value HTTP/1.1
User-Agent: selenium/4.12.1 (java windows)
Content-Length: 177
Content-Type: application/json; charset=utf-8
host: localhost:15402
accept: */*

Response DefaultHttpResponse(decodeResult: success, version: HTTP/1.1)
HTTP/1.1 200 OK
Content-Length: 14
Content-Type: application/json; charset=utf-8
cache-control: no-cache

23:25:29.711 [AsyncHttpClient-1-5] DEBUG org.asynchttpclient.netty.channel.ChannelManager - Adding key: http://localhost:15402 for channel [id: 0x579f6839, L:/127.0.0.1:60673 - R:localhost/127.0.0.1:15402]
23:25:29.714 [Forwarding findElement on session 05308f91e610f528a29cf915ef34104a to remote] DEBUG org.asynchttpclient.netty.request.NettyRequestSender - Using pooled Channel '[id: 0x579f6839, L:/127.0.0.1:60673 - R:localhost/127.0.0.1:15402]' for 'POST' to 'http://localhost:15402/session/05308f91e610f528a29cf915ef34104a/element'
23:25:29.715 [Forwarding findElement on session 05308f91e610f528a29cf915ef34104a to remote] DEBUG org.asynchttpclient.netty.request.NettyRequestSender - Using open Channel [id: 0x579f6839, L:/127.0.0.1:60673 - R:localhost/127.0.0.1:15402] for POST '/session/05308f91e610f528a29cf915ef34104a/element'
23:25:30.006 [AsyncHttpClient-1-5] DEBUG org.asynchttpclient.netty.handler.HttpHandler - 

Request DefaultHttpRequest(decodeResult: success, version: HTTP/1.1)
POST /session/05308f91e610f528a29cf915ef34104a/element HTTP/1.1
User-Agent: selenium/4.12.1 (java windows)
Content-Length: 50
Content-Type: application/json; charset=utf-8
host: localhost:15402
accept: */*

Response DefaultHttpResponse(decodeResult: success, version: HTTP/1.1)
HTTP/1.1 200 OK
Content-Length: 95
Content-Type: application/json; charset=utf-8
cache-control: no-cache

23:25:30.009 [AsyncHttpClient-1-5] DEBUG org.asynchttpclient.netty.channel.ChannelManager - Adding key: http://localhost:15402 for channel [id: 0x579f6839, L:/127.0.0.1:60673 - R:localhost/127.0.0.1:15402]
23:25:30.016 [Forwarding clickElement on session 05308f91e610f528a29cf915ef34104a to remote] DEBUG org.asynchttpclient.netty.request.NettyRequestSender - Using pooled Channel '[id: 0x579f6839, L:/127.0.0.1:60673 - R:localhost/127.0.0.1:15402]' for 'POST' to 'http://localhost:15402/session/05308f91e610f528a29cf915ef34104a/element/4E334FB2EE78889E66032C807219DD13_element_12/click'
23:25:30.016 [Forwarding clickElement on session 05308f91e610f528a29cf915ef34104a to remote] DEBUG org.asynchttpclient.netty.request.NettyRequestSender - Using open Channel [id: 0x579f6839, L:/127.0.0.1:60673 - R:localhost/127.0.0.1:15402] for POST '/session/05308f91e610f528a29cf915ef34104a/element/4E334FB2EE78889E66032C807219DD13_element_12/click'
23:25:30.566 [AsyncHttpClient-1-1] DEBUG org.asynchttpclient.netty.channel.DefaultChannelPool - Entry count for : http://localhost:12244 : 1
23:25:30.566 [AsyncHttpClient-1-1] DEBUG org.asynchttpclient.netty.channel.DefaultChannelPool - Entry count for : http://localhost:60675 : 1
23:25:30.952 [AsyncHttpClient-1-5] DEBUG org.asynchttpclient.netty.handler.HttpHandler - 

Request DefaultHttpRequest(decodeResult: success, version: HTTP/1.1)
POST /session/05308f91e610f528a29cf915ef34104a/element/4E334FB2EE78889E66032C807219DD13_element_12/click HTTP/1.1
User-Agent: selenium/4.12.1 (java windows)
Content-Length: 57
Content-Type: application/json; charset=utf-8
host: localhost:15402
accept: */*

Response DefaultHttpResponse(decodeResult: success, version: HTTP/1.1)
HTTP/1.1 200 OK
Content-Length: 14
Content-Type: application/json; charset=utf-8
cache-control: no-cache

23:25:30.953 [AsyncHttpClient-1-5] DEBUG org.asynchttpclient.netty.channel.ChannelManager - Adding key: http://localhost:15402 for channel [id: 0x579f6839, L:/127.0.0.1:60673 - R:localhost/127.0.0.1:15402]
23:25:30.958 [Forwarding findElement on session 05308f91e610f528a29cf915ef34104a to remote] DEBUG org.asynchttpclient.netty.request.NettyRequestSender - Using pooled Channel '[id: 0x579f6839, L:/127.0.0.1:60673 - R:localhost/127.0.0.1:15402]' for 'POST' to 'http://localhost:15402/session/05308f91e610f528a29cf915ef34104a/element'
23:25:30.959 [Forwarding findElement on session 05308f91e610f528a29cf915ef34104a to remote] DEBUG org.asynchttpclient.netty.request.NettyRequestSender - Using open Channel [id: 0x579f6839, L:/127.0.0.1:60673 - R:localhost/127.0.0.1:15402] for POST '/session/05308f91e610f528a29cf915ef34104a/element'
23:25:31.676 [AsyncHttpClient-1-1] DEBUG org.asynchttpclient.netty.channel.DefaultChannelPool - Entry count for : http://localhost:12244 : 1
23:25:31.676 [AsyncHttpClient-1-1] DEBUG org.asynchttpclient.netty.channel.DefaultChannelPool - Entry count for : http://localhost:60675 : 1
23:25:31.767 [AsyncHttpClient-1-5] DEBUG org.asynchttpclient.netty.handler.HttpHandler - 

Request DefaultHttpRequest(decodeResult: success, version: HTTP/1.1)
POST /session/05308f91e610f528a29cf915ef34104a/element HTTP/1.1
User-Agent: selenium/4.12.1 (java windows)
Content-Length: 49
Content-Type: application/json; charset=utf-8
host: localhost:15402
accept: */*

Response DefaultHttpResponse(decodeResult: success, version: HTTP/1.1)
HTTP/1.1 200 OK
Content-Length: 95
Content-Type: application/json; charset=utf-8
cache-control: no-cache

23:25:31.768 [AsyncHttpClient-1-5] DEBUG org.asynchttpclient.netty.channel.ChannelManager - Adding key: http://localhost:15402 for channel [id: 0x579f6839, L:/127.0.0.1:60673 - R:localhost/127.0.0.1:15402]
23:25:31.791 [Forwarding isElementDisplayed on session 05308f91e610f528a29cf915ef34104a to remote] DEBUG org.asynchttpclient.netty.request.NettyRequestSender - Using pooled Channel '[id: 0x579f6839, L:/127.0.0.1:60673 - R:localhost/127.0.0.1:15402]' for 'POST' to 'http://localhost:15402/session/05308f91e610f528a29cf915ef34104a/execute/sync'
23:25:31.791 [Forwarding isElementDisplayed on session 05308f91e610f528a29cf915ef34104a to remote] DEBUG org.asynchttpclient.netty.request.NettyRequestSender - Using open Channel [id: 0x579f6839, L:/127.0.0.1:60673 - R:localhost/127.0.0.1:15402] for POST '/session/05308f91e610f528a29cf915ef34104a/execute/sync'
23:25:31.967 [AsyncHttpClient-1-5] DEBUG org.asynchttpclient.netty.handler.HttpHandler - 

Request DefaultHttpRequest(decodeResult: success, version: HTTP/1.1)
POST /session/05308f91e610f528a29cf915ef34104a/execute/sync HTTP/1.1
User-Agent: selenium/4.12.1 (java windows)
Content-Length: 48703
Content-Type: application/json; charset=utf-8
host: localhost:15402
accept: */*

Response DefaultHttpResponse(decodeResult: success, version: HTTP/1.1)
HTTP/1.1 200 OK
Content-Length: 14
Content-Type: application/json; charset=utf-8
cache-control: no-cache

23:25:31.968 [AsyncHttpClient-1-5] DEBUG org.asynchttpclient.netty.channel.ChannelManager - Adding key: http://localhost:15402 for channel [id: 0x579f6839, L:/127.0.0.1:60673 - R:localhost/127.0.0.1:15402]
23:25:31.971 [Forwarding findElements on session 05308f91e610f528a29cf915ef34104a to remote] DEBUG org.asynchttpclient.netty.request.NettyRequestSender - Using pooled Channel '[id: 0x579f6839, L:/127.0.0.1:60673 - R:localhost/127.0.0.1:15402]' for 'POST' to 'http://localhost:15402/session/05308f91e610f528a29cf915ef34104a/elements'
23:25:31.971 [Forwarding findElements on session 05308f91e610f528a29cf915ef34104a to remote] DEBUG org.asynchttpclient.netty.request.NettyRequestSender - Using open Channel [id: 0x579f6839, L:/127.0.0.1:60673 - R:localhost/127.0.0.1:15402] for POST '/session/05308f91e610f528a29cf915ef34104a/elements'
23:25:32.339 [AsyncHttpClient-1-5] DEBUG org.asynchttpclient.netty.handler.HttpHandler - 

Request DefaultHttpRequest(decodeResult: success, version: HTTP/1.1)
POST /session/05308f91e610f528a29cf915ef34104a/elements HTTP/1.1
User-Agent: selenium/4.12.1 (java windows)
Content-Length: 49
Content-Type: application/json; charset=utf-8
host: localhost:15402
accept: */*

Response DefaultHttpResponse(decodeResult: success, version: HTTP/1.1)
HTTP/1.1 200 OK
Content-Length: 269
Content-Type: application/json; charset=utf-8
cache-control: no-cache

23:25:32.340 [AsyncHttpClient-1-5] DEBUG org.asynchttpclient.netty.channel.ChannelManager - Adding key: http://localhost:15402 for channel [id: 0x579f6839, L:/127.0.0.1:60673 - R:localhost/127.0.0.1:15402]
23:25:32.344 [Forwarding findChildElement on session 05308f91e610f528a29cf915ef34104a to remote] DEBUG org.asynchttpclient.netty.request.NettyRequestSender - Using pooled Channel '[id: 0x579f6839, L:/127.0.0.1:60673 - R:localhost/127.0.0.1:15402]' for 'POST' to 'http://localhost:15402/session/05308f91e610f528a29cf915ef34104a/element/4E334FB2EE78889E66032C807219DD13_element_59/element'
23:25:32.344 [Forwarding findChildElement on session 05308f91e610f528a29cf915ef34104a to remote] DEBUG org.asynchttpclient.netty.request.NettyRequestSender - Using open Channel [id: 0x579f6839, L:/127.0.0.1:60673 - R:localhost/127.0.0.1:15402] for POST '/session/05308f91e610f528a29cf915ef34104a/element/4E334FB2EE78889E66032C807219DD13_element_59/element'
23:25:32.479 [AsyncHttpClient-1-5] DEBUG org.asynchttpclient.netty.handler.HttpHandler - 

Request DefaultHttpRequest(decodeResult: success, version: HTTP/1.1)
POST /session/05308f91e610f528a29cf915ef34104a/element/4E334FB2EE78889E66032C807219DD13_element_59/element HTTP/1.1
User-Agent: selenium/4.12.1 (java windows)
Content-Length: 100
Content-Type: application/json; charset=utf-8
host: localhost:15402
accept: */*

Response DefaultHttpResponse(decodeResult: success, version: HTTP/1.1)
HTTP/1.1 200 OK
Content-Length: 95
Content-Type: application/json; charset=utf-8
cache-control: no-cache

23:25:32.480 [AsyncHttpClient-1-5] DEBUG org.asynchttpclient.netty.channel.ChannelManager - Adding key: http://localhost:15402 for channel [id: 0x579f6839, L:/127.0.0.1:60673 - R:localhost/127.0.0.1:15402]
23:25:32.483 [Forwarding getElementText on session 05308f91e610f528a29cf915ef34104a to remote] DEBUG org.asynchttpclient.netty.request.NettyRequestSender - Using pooled Channel '[id: 0x579f6839, L:/127.0.0.1:60673 - R:localhost/127.0.0.1:15402]' for 'GET' to 'http://localhost:15402/session/05308f91e610f528a29cf915ef34104a/element/4E334FB2EE78889E66032C807219DD13_element_81/text'
23:25:32.484 [Forwarding getElementText on session 05308f91e610f528a29cf915ef34104a to remote] DEBUG org.asynchttpclient.netty.request.NettyRequestSender - Using open Channel [id: 0x579f6839, L:/127.0.0.1:60673 - R:localhost/127.0.0.1:15402] for GET '/session/05308f91e610f528a29cf915ef34104a/element/4E334FB2EE78889E66032C807219DD13_element_81/text'
23:25:32.600 [AsyncHttpClient-1-5] DEBUG org.asynchttpclient.netty.handler.HttpHandler - 

Request DefaultFullHttpRequest(decodeResult: success, version: HTTP/1.1, content: EmptyByteBufBE)
GET /session/05308f91e610f528a29cf915ef34104a/element/4E334FB2EE78889E66032C807219DD13_element_81/text HTTP/1.1
Cache-Control: no-cache
User-Agent: selenium/4.12.1 (java windows)
Content-Type: application/json; charset=utf-8
host: localhost:15402
accept: */*

Response DefaultHttpResponse(decodeResult: success, version: HTTP/1.1)
HTTP/1.1 200 OK
Content-Length: 23
Content-Type: application/json; charset=utf-8
cache-control: no-cache

23:25:32.601 [AsyncHttpClient-1-5] DEBUG org.asynchttpclient.netty.channel.ChannelManager - Adding key: http://localhost:15402 for channel [id: 0x579f6839, L:/127.0.0.1:60673 - R:localhost/127.0.0.1:15402]
23:25:32.604 [Forwarding findChildElement on session 05308f91e610f528a29cf915ef34104a to remote] DEBUG org.asynchttpclient.netty.request.NettyRequestSender - Using pooled Channel '[id: 0x579f6839, L:/127.0.0.1:60673 - R:localhost/127.0.0.1:15402]' for 'POST' to 'http://localhost:15402/session/05308f91e610f528a29cf915ef34104a/element/4E334FB2EE78889E66032C807219DD13_element_60/element'
23:25:32.605 [Forwarding findChildElement on session 05308f91e610f528a29cf915ef34104a to remote] DEBUG org.asynchttpclient.netty.request.NettyRequestSender - Using open Channel [id: 0x579f6839, L:/127.0.0.1:60673 - R:localhost/127.0.0.1:15402] for POST '/session/05308f91e610f528a29cf915ef34104a/element/4E334FB2EE78889E66032C807219DD13_element_60/element'
23:25:32.707 [AsyncHttpClient-1-5] DEBUG org.asynchttpclient.netty.handler.HttpHandler - 

Request DefaultHttpRequest(decodeResult: success, version: HTTP/1.1)
POST /session/05308f91e610f528a29cf915ef34104a/element/4E334FB2EE78889E66032C807219DD13_element_60/element HTTP/1.1
User-Agent: selenium/4.12.1 (java windows)
Content-Length: 100
Content-Type: application/json; charset=utf-8
host: localhost:15402
accept: */*

Response DefaultHttpResponse(decodeResult: success, version: HTTP/1.1)
HTTP/1.1 200 OK
Content-Length: 95
Content-Type: application/json; charset=utf-8
cache-control: no-cache

23:25:32.707 [AsyncHttpClient-1-5] DEBUG org.asynchttpclient.netty.channel.ChannelManager - Adding key: http://localhost:15402 for channel [id: 0x579f6839, L:/127.0.0.1:60673 - R:localhost/127.0.0.1:15402]
23:25:32.711 [Forwarding getElementText on session 05308f91e610f528a29cf915ef34104a to remote] DEBUG org.asynchttpclient.netty.request.NettyRequestSender - Using pooled Channel '[id: 0x579f6839, L:/127.0.0.1:60673 - R:localhost/127.0.0.1:15402]' for 'GET' to 'http://localhost:15402/session/05308f91e610f528a29cf915ef34104a/element/4E334FB2EE78889E66032C807219DD13_element_84/text'
23:25:32.711 [Forwarding getElementText on session 05308f91e610f528a29cf915ef34104a to remote] DEBUG org.asynchttpclient.netty.request.NettyRequestSender - Using open Channel [id: 0x579f6839, L:/127.0.0.1:60673 - R:localhost/127.0.0.1:15402] for GET '/session/05308f91e610f528a29cf915ef34104a/element/4E334FB2EE78889E66032C807219DD13_element_84/text'
23:25:32.777 [AsyncHttpClient-1-5] DEBUG org.asynchttpclient.netty.handler.HttpHandler - 

Request DefaultFullHttpRequest(decodeResult: success, version: HTTP/1.1, content: EmptyByteBufBE)
GET /session/05308f91e610f528a29cf915ef34104a/element/4E334FB2EE78889E66032C807219DD13_element_84/text HTTP/1.1
Cache-Control: no-cache
User-Agent: selenium/4.12.1 (java windows)
Content-Type: application/json; charset=utf-8
host: localhost:15402
accept: */*

Response DefaultHttpResponse(decodeResult: success, version: HTTP/1.1)
HTTP/1.1 200 OK
Content-Length: 27
Content-Type: application/json; charset=utf-8
cache-control: no-cache

23:25:32.778 [AsyncHttpClient-1-5] DEBUG org.asynchttpclient.netty.channel.ChannelManager - Adding key: http://localhost:15402 for channel [id: 0x579f6839, L:/127.0.0.1:60673 - R:localhost/127.0.0.1:15402]
23:25:32.788 [Forwarding findChildElement on session 05308f91e610f528a29cf915ef34104a to remote] DEBUG org.asynchttpclient.netty.request.NettyRequestSender - Using pooled Channel '[id: 0x579f6839, L:/127.0.0.1:60673 - R:localhost/127.0.0.1:15402]' for 'POST' to 'http://localhost:15402/session/05308f91e610f528a29cf915ef34104a/element/4E334FB2EE78889E66032C807219DD13_element_60/element'
23:25:32.788 [Forwarding findChildElement on session 05308f91e610f528a29cf915ef34104a to remote] DEBUG org.asynchttpclient.netty.request.NettyRequestSender - Using open Channel [id: 0x579f6839, L:/127.0.0.1:60673 - R:localhost/127.0.0.1:15402] for POST '/session/05308f91e610f528a29cf915ef34104a/element/4E334FB2EE78889E66032C807219DD13_element_60/element'
23:25:32.793 [AsyncHttpClient-1-1] DEBUG org.asynchttpclient.netty.channel.DefaultChannelPool - Entry count for : http://localhost:12244 : 1
23:25:32.793 [AsyncHttpClient-1-1] DEBUG org.asynchttpclient.netty.channel.DefaultChannelPool - Entry count for : http://localhost:60675 : 1
23:25:32.870 [AsyncHttpClient-1-5] DEBUG org.asynchttpclient.netty.handler.HttpHandler - 

Request DefaultHttpRequest(decodeResult: success, version: HTTP/1.1)
POST /session/05308f91e610f528a29cf915ef34104a/element/4E334FB2EE78889E66032C807219DD13_element_60/element HTTP/1.1
User-Agent: selenium/4.12.1 (java windows)
Content-Length: 129
Content-Type: application/json; charset=utf-8
host: localhost:15402
accept: */*

Response DefaultHttpResponse(decodeResult: success, version: HTTP/1.1)
HTTP/1.1 200 OK
Content-Length: 95
Content-Type: application/json; charset=utf-8
cache-control: no-cache

23:25:32.871 [AsyncHttpClient-1-5] DEBUG org.asynchttpclient.netty.channel.ChannelManager - Adding key: http://localhost:15402 for channel [id: 0x579f6839, L:/127.0.0.1:60673 - R:localhost/127.0.0.1:15402]
23:25:32.875 [Forwarding clickElement on session 05308f91e610f528a29cf915ef34104a to remote] DEBUG org.asynchttpclient.netty.request.NettyRequestSender - Using pooled Channel '[id: 0x579f6839, L:/127.0.0.1:60673 - R:localhost/127.0.0.1:15402]' for 'POST' to 'http://localhost:15402/session/05308f91e610f528a29cf915ef34104a/element/4E334FB2EE78889E66032C807219DD13_element_70/click'
23:25:32.875 [Forwarding clickElement on session 05308f91e610f528a29cf915ef34104a to remote] DEBUG org.asynchttpclient.netty.request.NettyRequestSender - Using open Channel [id: 0x579f6839, L:/127.0.0.1:60673 - R:localhost/127.0.0.1:15402] for POST '/session/05308f91e610f528a29cf915ef34104a/element/4E334FB2EE78889E66032C807219DD13_element_70/click'
23:25:33.170 [AsyncHttpClient-1-5] DEBUG org.asynchttpclient.netty.handler.HttpHandler - 

Request DefaultHttpRequest(decodeResult: success, version: HTTP/1.1)
POST /session/05308f91e610f528a29cf915ef34104a/element/4E334FB2EE78889E66032C807219DD13_element_70/click HTTP/1.1
User-Agent: selenium/4.12.1 (java windows)
Content-Length: 57
Content-Type: application/json; charset=utf-8
host: localhost:15402
accept: */*

Response DefaultHttpResponse(decodeResult: success, version: HTTP/1.1)
HTTP/1.1 200 OK
Content-Length: 14
Content-Type: application/json; charset=utf-8
cache-control: no-cache

23:25:33.170 [AsyncHttpClient-1-5] DEBUG org.asynchttpclient.netty.channel.ChannelManager - Adding key: http://localhost:15402 for channel [id: 0x579f6839, L:/127.0.0.1:60673 - R:localhost/127.0.0.1:15402]
23:25:33.174 [Forwarding findElement on session 05308f91e610f528a29cf915ef34104a to remote] DEBUG org.asynchttpclient.netty.request.NettyRequestSender - Using pooled Channel '[id: 0x579f6839, L:/127.0.0.1:60673 - R:localhost/127.0.0.1:15402]' for 'POST' to 'http://localhost:15402/session/05308f91e610f528a29cf915ef34104a/element'
23:25:33.175 [Forwarding findElement on session 05308f91e610f528a29cf915ef34104a to remote] DEBUG org.asynchttpclient.netty.request.NettyRequestSender - Using open Channel [id: 0x579f6839, L:/127.0.0.1:60673 - R:localhost/127.0.0.1:15402] for POST '/session/05308f91e610f528a29cf915ef34104a/element'
23:25:33.260 [AsyncHttpClient-1-5] DEBUG org.asynchttpclient.netty.handler.HttpHandler - 

Request DefaultHttpRequest(decodeResult: success, version: HTTP/1.1)
POST /session/05308f91e610f528a29cf915ef34104a/element HTTP/1.1
User-Agent: selenium/4.12.1 (java windows)
Content-Length: 60
Content-Type: application/json; charset=utf-8
host: localhost:15402
accept: */*

Response DefaultHttpResponse(decodeResult: success, version: HTTP/1.1)
HTTP/1.1 200 OK
Content-Length: 95
Content-Type: application/json; charset=utf-8
cache-control: no-cache

23:25:33.261 [AsyncHttpClient-1-5] DEBUG org.asynchttpclient.netty.channel.ChannelManager - Adding key: http://localhost:15402 for channel [id: 0x579f6839, L:/127.0.0.1:60673 - R:localhost/127.0.0.1:15402]
23:25:33.267 [Forwarding isElementDisplayed on session 05308f91e610f528a29cf915ef34104a to remote] DEBUG org.asynchttpclient.netty.request.NettyRequestSender - Using pooled Channel '[id: 0x579f6839, L:/127.0.0.1:60673 - R:localhost/127.0.0.1:15402]' for 'POST' to 'http://localhost:15402/session/05308f91e610f528a29cf915ef34104a/execute/sync'
23:25:33.267 [Forwarding isElementDisplayed on session 05308f91e610f528a29cf915ef34104a to remote] DEBUG org.asynchttpclient.netty.request.NettyRequestSender - Using open Channel [id: 0x579f6839, L:/127.0.0.1:60673 - R:localhost/127.0.0.1:15402] for POST '/session/05308f91e610f528a29cf915ef34104a/execute/sync'
23:25:33.492 [AsyncHttpClient-1-5] DEBUG org.asynchttpclient.netty.handler.HttpHandler - 

Request DefaultHttpRequest(decodeResult: success, version: HTTP/1.1)
POST /session/05308f91e610f528a29cf915ef34104a/execute/sync HTTP/1.1
User-Agent: selenium/4.12.1 (java windows)
Content-Length: 48703
Content-Type: application/json; charset=utf-8
host: localhost:15402
accept: */*

Response DefaultHttpResponse(decodeResult: success, version: HTTP/1.1)
HTTP/1.1 200 OK
Content-Length: 15
Content-Type: application/json; charset=utf-8
cache-control: no-cache

23:25:33.493 [AsyncHttpClient-1-5] DEBUG org.asynchttpclient.netty.channel.ChannelManager - Adding key: http://localhost:15402 for channel [id: 0x579f6839, L:/127.0.0.1:60673 - R:localhost/127.0.0.1:15402]
23:25:33.867 [AsyncHttpClient-1-1] DEBUG org.asynchttpclient.netty.channel.DefaultChannelPool - Entry count for : http://localhost:12244 : 1
23:25:33.867 [AsyncHttpClient-1-1] DEBUG org.asynchttpclient.netty.channel.DefaultChannelPool - Entry count for : http://localhost:15402 : 1
23:25:33.867 [AsyncHttpClient-1-1] DEBUG org.asynchttpclient.netty.channel.DefaultChannelPool - Entry count for : http://localhost:60675 : 1
23:25:34.011 [Forwarding findElement on session 05308f91e610f528a29cf915ef34104a to remote] DEBUG org.asynchttpclient.netty.request.NettyRequestSender - Using pooled Channel '[id: 0x579f6839, L:/127.0.0.1:60673 - R:localhost/127.0.0.1:15402]' for 'POST' to 'http://localhost:15402/session/05308f91e610f528a29cf915ef34104a/element'
23:25:34.011 [Forwarding findElement on session 05308f91e610f528a29cf915ef34104a to remote] DEBUG org.asynchttpclient.netty.request.NettyRequestSender - Using open Channel [id: 0x579f6839, L:/127.0.0.1:60673 - R:localhost/127.0.0.1:15402] for POST '/session/05308f91e610f528a29cf915ef34104a/element'
23:25:34.060 [AsyncHttpClient-1-5] DEBUG org.asynchttpclient.netty.handler.HttpHandler - 

Request DefaultHttpRequest(decodeResult: success, version: HTTP/1.1)
POST /session/05308f91e610f528a29cf915ef34104a/element HTTP/1.1
User-Agent: selenium/4.12.1 (java windows)
Content-Length: 60
Content-Type: application/json; charset=utf-8
host: localhost:15402
accept: */*

Response DefaultHttpResponse(decodeResult: success, version: HTTP/1.1)
HTTP/1.1 200 OK
Content-Length: 95
Content-Type: application/json; charset=utf-8
cache-control: no-cache

23:25:34.061 [AsyncHttpClient-1-5] DEBUG org.asynchttpclient.netty.channel.ChannelManager - Adding key: http://localhost:15402 for channel [id: 0x579f6839, L:/127.0.0.1:60673 - R:localhost/127.0.0.1:15402]
23:25:34.067 [Forwarding isElementDisplayed on session 05308f91e610f528a29cf915ef34104a to remote] DEBUG org.asynchttpclient.netty.request.NettyRequestSender - Using pooled Channel '[id: 0x579f6839, L:/127.0.0.1:60673 - R:localhost/127.0.0.1:15402]' for 'POST' to 'http://localhost:15402/session/05308f91e610f528a29cf915ef34104a/execute/sync'
23:25:34.068 [Forwarding isElementDisplayed on session 05308f91e610f528a29cf915ef34104a to remote] DEBUG org.asynchttpclient.netty.request.NettyRequestSender - Using open Channel [id: 0x579f6839, L:/127.0.0.1:60673 - R:localhost/127.0.0.1:15402] for POST '/session/05308f91e610f528a29cf915ef34104a/execute/sync'
23:25:34.130 [AsyncHttpClient-1-5] DEBUG org.asynchttpclient.netty.handler.HttpHandler - 

Request DefaultHttpRequest(decodeResult: success, version: HTTP/1.1)
POST /session/05308f91e610f528a29cf915ef34104a/execute/sync HTTP/1.1
User-Agent: selenium/4.12.1 (java windows)
Content-Length: 48703
Content-Type: application/json; charset=utf-8
host: localhost:15402
accept: */*

Response DefaultHttpResponse(decodeResult: success, version: HTTP/1.1)
HTTP/1.1 200 OK
Content-Length: 15
Content-Type: application/json; charset=utf-8
cache-control: no-cache

23:25:34.131 [AsyncHttpClient-1-5] DEBUG org.asynchttpclient.netty.channel.ChannelManager - Adding key: http://localhost:15402 for channel [id: 0x579f6839, L:/127.0.0.1:60673 - R:localhost/127.0.0.1:15402]
23:25:34.650 [Forwarding findElement on session 05308f91e610f528a29cf915ef34104a to remote] DEBUG org.asynchttpclient.netty.request.NettyRequestSender - Using pooled Channel '[id: 0x579f6839, L:/127.0.0.1:60673 - R:localhost/127.0.0.1:15402]' for 'POST' to 'http://localhost:15402/session/05308f91e610f528a29cf915ef34104a/element'
23:25:34.650 [Forwarding findElement on session 05308f91e610f528a29cf915ef34104a to remote] DEBUG org.asynchttpclient.netty.request.NettyRequestSender - Using open Channel [id: 0x579f6839, L:/127.0.0.1:60673 - R:localhost/127.0.0.1:15402] for POST '/session/05308f91e610f528a29cf915ef34104a/element'
23:25:34.717 [AsyncHttpClient-1-5] DEBUG org.asynchttpclient.netty.handler.HttpHandler - 

Request DefaultHttpRequest(decodeResult: success, version: HTTP/1.1)
POST /session/05308f91e610f528a29cf915ef34104a/element HTTP/1.1
User-Agent: selenium/4.12.1 (java windows)
Content-Length: 60
Content-Type: application/json; charset=utf-8
host: localhost:15402
accept: */*

Response DefaultHttpResponse(decodeResult: success, version: HTTP/1.1)
HTTP/1.1 200 OK
Content-Length: 95
Content-Type: application/json; charset=utf-8
cache-control: no-cache

23:25:34.719 [AsyncHttpClient-1-5] DEBUG org.asynchttpclient.netty.channel.ChannelManager - Adding key: http://localhost:15402 for channel [id: 0x579f6839, L:/127.0.0.1:60673 - R:localhost/127.0.0.1:15402]
23:25:34.724 [Forwarding isElementDisplayed on session 05308f91e610f528a29cf915ef34104a to remote] DEBUG org.asynchttpclient.netty.request.NettyRequestSender - Using pooled Channel '[id: 0x579f6839, L:/127.0.0.1:60673 - R:localhost/127.0.0.1:15402]' for 'POST' to 'http://localhost:15402/session/05308f91e610f528a29cf915ef34104a/execute/sync'
23:25:34.725 [Forwarding isElementDisplayed on session 05308f91e610f528a29cf915ef34104a to remote] DEBUG org.asynchttpclient.netty.request.NettyRequestSender - Using open Channel [id: 0x579f6839, L:/127.0.0.1:60673 - R:localhost/127.0.0.1:15402] for POST '/session/05308f91e610f528a29cf915ef34104a/execute/sync'
23:25:34.835 [AsyncHttpClient-1-5] DEBUG org.asynchttpclient.netty.handler.HttpHandler - 

Request DefaultHttpRequest(decodeResult: success, version: HTTP/1.1)
POST /session/05308f91e610f528a29cf915ef34104a/execute/sync HTTP/1.1
User-Agent: selenium/4.12.1 (java windows)
Content-Length: 48703
Content-Type: application/json; charset=utf-8
host: localhost:15402
accept: */*

Response DefaultHttpResponse(decodeResult: success, version: HTTP/1.1)
HTTP/1.1 200 OK
Content-Length: 14
Content-Type: application/json; charset=utf-8
cache-control: no-cache

23:25:34.836 [AsyncHttpClient-1-5] DEBUG org.asynchttpclient.netty.channel.ChannelManager - Adding key: http://localhost:15402 for channel [id: 0x579f6839, L:/127.0.0.1:60673 - R:localhost/127.0.0.1:15402]
23:25:34.841 [Forwarding findElement on session 05308f91e610f528a29cf915ef34104a to remote] DEBUG org.asynchttpclient.netty.request.NettyRequestSender - Using pooled Channel '[id: 0x579f6839, L:/127.0.0.1:60673 - R:localhost/127.0.0.1:15402]' for 'POST' to 'http://localhost:15402/session/05308f91e610f528a29cf915ef34104a/element'
23:25:34.841 [Forwarding findElement on session 05308f91e610f528a29cf915ef34104a to remote] DEBUG org.asynchttpclient.netty.request.NettyRequestSender - Using open Channel [id: 0x579f6839, L:/127.0.0.1:60673 - R:localhost/127.0.0.1:15402] for POST '/session/05308f91e610f528a29cf915ef34104a/element'
23:25:34.989 [AsyncHttpClient-1-1] DEBUG org.asynchttpclient.netty.channel.DefaultChannelPool - Entry count for : http://localhost:12244 : 1
23:25:34.990 [AsyncHttpClient-1-1] DEBUG org.asynchttpclient.netty.channel.DefaultChannelPool - Entry count for : http://localhost:60675 : 1
23:25:35.444 [AsyncHttpClient-1-5] DEBUG org.asynchttpclient.netty.handler.HttpHandler - 

Request DefaultHttpRequest(decodeResult: success, version: HTTP/1.1)
POST /session/05308f91e610f528a29cf915ef34104a/element HTTP/1.1
User-Agent: selenium/4.12.1 (java windows)
Content-Length: 57
Content-Type: application/json; charset=utf-8
host: localhost:15402
accept: */*

Response DefaultHttpResponse(decodeResult: success, version: HTTP/1.1)
HTTP/1.1 200 OK
Content-Length: 95
Content-Type: application/json; charset=utf-8
cache-control: no-cache

23:25:35.445 [AsyncHttpClient-1-5] DEBUG org.asynchttpclient.netty.channel.ChannelManager - Adding key: http://localhost:15402 for channel [id: 0x579f6839, L:/127.0.0.1:60673 - R:localhost/127.0.0.1:15402]
23:25:35.451 [Forwarding isElementDisplayed on session 05308f91e610f528a29cf915ef34104a to remote] DEBUG org.asynchttpclient.netty.request.NettyRequestSender - Using pooled Channel '[id: 0x579f6839, L:/127.0.0.1:60673 - R:localhost/127.0.0.1:15402]' for 'POST' to 'http://localhost:15402/session/05308f91e610f528a29cf915ef34104a/execute/sync'
23:25:35.451 [Forwarding isElementDisplayed on session 05308f91e610f528a29cf915ef34104a to remote] DEBUG org.asynchttpclient.netty.request.NettyRequestSender - Using open Channel [id: 0x579f6839, L:/127.0.0.1:60673 - R:localhost/127.0.0.1:15402] for POST '/session/05308f91e610f528a29cf915ef34104a/execute/sync'
23:25:35.609 [AsyncHttpClient-1-5] DEBUG org.asynchttpclient.netty.handler.HttpHandler - 

Request DefaultHttpRequest(decodeResult: success, version: HTTP/1.1)
POST /session/05308f91e610f528a29cf915ef34104a/execute/sync HTTP/1.1
User-Agent: selenium/4.12.1 (java windows)
Content-Length: 48703
Content-Type: application/json; charset=utf-8
host: localhost:15402
accept: */*

Response DefaultHttpResponse(decodeResult: success, version: HTTP/1.1)
HTTP/1.1 200 OK
Content-Length: 14
Content-Type: application/json; charset=utf-8
cache-control: no-cache

23:25:35.609 [AsyncHttpClient-1-5] DEBUG org.asynchttpclient.netty.channel.ChannelManager - Adding key: http://localhost:15402 for channel [id: 0x579f6839, L:/127.0.0.1:60673 - R:localhost/127.0.0.1:15402]
23:25:36.070 [AsyncHttpClient-1-1] DEBUG org.asynchttpclient.netty.channel.DefaultChannelPool - Entry count for : http://localhost:12244 : 1
23:25:36.071 [AsyncHttpClient-1-1] DEBUG org.asynchttpclient.netty.channel.DefaultChannelPool - Entry count for : http://localhost:15402 : 1
23:25:36.071 [AsyncHttpClient-1-1] DEBUG org.asynchttpclient.netty.channel.DefaultChannelPool - Entry count for : http://localhost:60675 : 1
23:25:36.131 [Forwarding findElement on session 05308f91e610f528a29cf915ef34104a to remote] DEBUG org.asynchttpclient.netty.request.NettyRequestSender - Using pooled Channel '[id: 0x579f6839, L:/127.0.0.1:60673 - R:localhost/127.0.0.1:15402]' for 'POST' to 'http://localhost:15402/session/05308f91e610f528a29cf915ef34104a/element'
23:25:36.131 [Forwarding findElement on session 05308f91e610f528a29cf915ef34104a to remote] DEBUG org.asynchttpclient.netty.request.NettyRequestSender - Using open Channel [id: 0x579f6839, L:/127.0.0.1:60673 - R:localhost/127.0.0.1:15402] for POST '/session/05308f91e610f528a29cf915ef34104a/element'
23:25:37.172 [AsyncHttpClient-1-1] DEBUG org.asynchttpclient.netty.channel.DefaultChannelPool - Entry count for : http://localhost:12244 : 1
23:25:37.172 [AsyncHttpClient-1-1] DEBUG org.asynchttpclient.netty.channel.DefaultChannelPool - Entry count for : http://localhost:60675 : 1
23:25:38.284 [AsyncHttpClient-1-1] DEBUG org.asynchttpclient.netty.channel.DefaultChannelPool - Entry count for : http://localhost:12244 : 1
23:25:38.285 [AsyncHttpClient-1-1] DEBUG org.asynchttpclient.netty.channel.DefaultChannelPool - Entry count for : http://localhost:60675 : 1
23:25:39.375 [AsyncHttpClient-1-1] DEBUG org.asynchttpclient.netty.channel.DefaultChannelPool - Entry count for : http://localhost:12244 : 1
23:25:39.375 [AsyncHttpClient-1-1] DEBUG org.asynchttpclient.netty.channel.DefaultChannelPool - Entry count for : http://localhost:60675 : 1
23:25:40.486 [AsyncHttpClient-1-1] DEBUG org.asynchttpclient.netty.channel.DefaultChannelPool - Entry count for : http://localhost:12244 : 1
23:25:40.486 [AsyncHttpClient-1-1] DEBUG org.asynchttpclient.netty.channel.DefaultChannelPool - Entry count for : http://localhost:60675 : 1
23:25:41.567 [AsyncHttpClient-1-1] DEBUG org.asynchttpclient.netty.channel.DefaultChannelPool - Entry count for : http://localhost:12244 : 1
23:25:41.567 [AsyncHttpClient-1-1] DEBUG org.asynchttpclient.netty.channel.DefaultChannelPool - Entry count for : http://localhost:60675 : 1
23:25:42.668 [AsyncHttpClient-1-1] DEBUG org.asynchttpclient.netty.channel.DefaultChannelPool - Entry count for : http://localhost:12244 : 1
23:25:42.668 [AsyncHttpClient-1-1] DEBUG org.asynchttpclient.netty.channel.DefaultChannelPool - Entry count for : http://localhost:60675 : 1
23:25:43.766 [AsyncHttpClient-1-1] DEBUG org.asynchttpclient.netty.channel.DefaultChannelPool - Entry count for : http://localhost:12244 : 1
23:25:43.766 [AsyncHttpClient-1-1] DEBUG org.asynchttpclient.netty.channel.DefaultChannelPool - Entry count for : http://localhost:60675 : 1
23:25:44.866 [AsyncHttpClient-1-1] DEBUG org.asynchttpclient.netty.channel.DefaultChannelPool - Entry count for : http://localhost:12244 : 1
23:25:44.866 [AsyncHttpClient-1-1] DEBUG org.asynchttpclient.netty.channel.DefaultChannelPool - Entry count for : http://localhost:60675 : 1
23:25:45.975 [AsyncHttpClient-1-1] DEBUG org.asynchttpclient.netty.channel.DefaultChannelPool - Entry count for : http://localhost:12244 : 1
23:25:45.977 [AsyncHttpClient-1-1] DEBUG org.asynchttpclient.netty.channel.DefaultChannelPool - Entry count for : http://localhost:60675 : 1
23:25:46.548 [AsyncHttpClient-1-5] DEBUG org.asynchttpclient.netty.handler.HttpHandler - 

Request DefaultHttpRequest(decodeResult: success, version: HTTP/1.1)
POST /session/05308f91e610f528a29cf915ef34104a/element HTTP/1.1
User-Agent: selenium/4.12.1 (java windows)
Content-Length: 57
Content-Type: application/json; charset=utf-8
host: localhost:15402
accept: */*

Response DefaultHttpResponse(decodeResult: success, version: HTTP/1.1)
HTTP/1.1 404 Not Found
Content-Length: 1056
Content-Type: application/json; charset=utf-8
cache-control: no-cache

23:25:46.550 [AsyncHttpClient-1-5] DEBUG org.asynchttpclient.netty.channel.ChannelManager - Adding key: http://localhost:15402 for channel [id: 0x579f6839, L:/127.0.0.1:60673 - R:localhost/127.0.0.1:15402]
23:25:46.555 [Forwarding findElement on session 05308f91e610f528a29cf915ef34104a to remote] DEBUG org.asynchttpclient.netty.request.NettyRequestSender - Using pooled Channel '[id: 0x579f6839, L:/127.0.0.1:60673 - R:localhost/127.0.0.1:15402]' for 'POST' to 'http://localhost:15402/session/05308f91e610f528a29cf915ef34104a/element'
23:25:46.555 [Forwarding findElement on session 05308f91e610f528a29cf915ef34104a to remote] DEBUG org.asynchttpclient.netty.request.NettyRequestSender - Using open Channel [id: 0x579f6839, L:/127.0.0.1:60673 - R:localhost/127.0.0.1:15402] for POST '/session/05308f91e610f528a29cf915ef34104a/element'
23:25:46.854 [AsyncHttpClient-1-5] DEBUG org.asynchttpclient.netty.handler.HttpHandler - 

Request DefaultHttpRequest(decodeResult: success, version: HTTP/1.1)
POST /session/05308f91e610f528a29cf915ef34104a/element HTTP/1.1
User-Agent: selenium/4.12.1 (java windows)
Content-Length: 64
Content-Type: application/json; charset=utf-8
host: localhost:15402
accept: */*

Response DefaultHttpResponse(decodeResult: success, version: HTTP/1.1)
HTTP/1.1 200 OK
Content-Length: 95
Content-Type: application/json; charset=utf-8
cache-control: no-cache

23:25:46.855 [AsyncHttpClient-1-5] DEBUG org.asynchttpclient.netty.channel.ChannelManager - Adding key: http://localhost:15402 for channel [id: 0x579f6839, L:/127.0.0.1:60673 - R:localhost/127.0.0.1:15402]
23:25:46.859 [Forwarding clickElement on session 05308f91e610f528a29cf915ef34104a to remote] DEBUG org.asynchttpclient.netty.request.NettyRequestSender - Using pooled Channel '[id: 0x579f6839, L:/127.0.0.1:60673 - R:localhost/127.0.0.1:15402]' for 'POST' to 'http://localhost:15402/session/05308f91e610f528a29cf915ef34104a/element/4E334FB2EE78889E66032C807219DD13_element_93/click'
23:25:46.859 [Forwarding clickElement on session 05308f91e610f528a29cf915ef34104a to remote] DEBUG org.asynchttpclient.netty.request.NettyRequestSender - Using open Channel [id: 0x579f6839, L:/127.0.0.1:60673 - R:localhost/127.0.0.1:15402] for POST '/session/05308f91e610f528a29cf915ef34104a/element/4E334FB2EE78889E66032C807219DD13_element_93/click'
23:25:47.087 [AsyncHttpClient-1-1] DEBUG org.asynchttpclient.netty.channel.DefaultChannelPool - Entry count for : http://localhost:12244 : 1
23:25:47.087 [AsyncHttpClient-1-1] DEBUG org.asynchttpclient.netty.channel.DefaultChannelPool - Entry count for : http://localhost:60675 : 1
23:25:48.203 [AsyncHttpClient-1-1] DEBUG org.asynchttpclient.netty.channel.DefaultChannelPool - Entry count for : http://localhost:12244 : 1
23:25:48.204 [AsyncHttpClient-1-1] DEBUG org.asynchttpclient.netty.channel.DefaultChannelPool - Entry count for : http://localhost:60675 : 1
23:25:48.869 [AsyncHttpClient-1-5] DEBUG org.asynchttpclient.netty.handler.HttpHandler - 

Request DefaultHttpRequest(decodeResult: success, version: HTTP/1.1)
POST /session/05308f91e610f528a29cf915ef34104a/element/4E334FB2EE78889E66032C807219DD13_element_93/click HTTP/1.1
User-Agent: selenium/4.12.1 (java windows)
Content-Length: 57
Content-Type: application/json; charset=utf-8
host: localhost:15402
accept: */*

Response DefaultHttpResponse(decodeResult: success, version: HTTP/1.1)
HTTP/1.1 200 OK
Content-Length: 14
Content-Type: application/json; charset=utf-8
cache-control: no-cache

23:25:48.869 [AsyncHttpClient-1-5] DEBUG org.asynchttpclient.netty.channel.ChannelManager - Adding key: http://localhost:15402 for channel [id: 0x579f6839, L:/127.0.0.1:60673 - R:localhost/127.0.0.1:15402]
23:25:48.875 [Forwarding findElements on session 05308f91e610f528a29cf915ef34104a to remote] DEBUG org.asynchttpclient.netty.request.NettyRequestSender - Using pooled Channel '[id: 0x579f6839, L:/127.0.0.1:60673 - R:localhost/127.0.0.1:15402]' for 'POST' to 'http://localhost:15402/session/05308f91e610f528a29cf915ef34104a/elements'
23:25:48.875 [Forwarding findElements on session 05308f91e610f528a29cf915ef34104a to remote] DEBUG org.asynchttpclient.netty.request.NettyRequestSender - Using open Channel [id: 0x579f6839, L:/127.0.0.1:60673 - R:localhost/127.0.0.1:15402] for POST '/session/05308f91e610f528a29cf915ef34104a/elements'
23:25:49.144 [AsyncHttpClient-1-5] DEBUG org.asynchttpclient.netty.handler.HttpHandler - 

Request DefaultHttpRequest(decodeResult: success, version: HTTP/1.1)
POST /session/05308f91e610f528a29cf915ef34104a/elements HTTP/1.1
User-Agent: selenium/4.12.1 (java windows)
Content-Length: 52
Content-Type: application/json; charset=utf-8
host: localhost:15402
accept: */*

Response DefaultHttpResponse(decodeResult: success, version: HTTP/1.1)
HTTP/1.1 200 OK
Content-Length: 98
Content-Type: application/json; charset=utf-8
cache-control: no-cache

23:25:49.145 [AsyncHttpClient-1-5] DEBUG org.asynchttpclient.netty.channel.ChannelManager - Adding key: http://localhost:15402 for channel [id: 0x579f6839, L:/127.0.0.1:60673 - R:localhost/127.0.0.1:15402]
23:25:49.148 [Forwarding getElementText on session 05308f91e610f528a29cf915ef34104a to remote] DEBUG org.asynchttpclient.netty.request.NettyRequestSender - Using pooled Channel '[id: 0x579f6839, L:/127.0.0.1:60673 - R:localhost/127.0.0.1:15402]' for 'GET' to 'http://localhost:15402/session/05308f91e610f528a29cf915ef34104a/element/4E334FB2EE78889E66032C807219DD13_element_106/text'
23:25:49.149 [Forwarding getElementText on session 05308f91e610f528a29cf915ef34104a to remote] DEBUG org.asynchttpclient.netty.request.NettyRequestSender - Using open Channel [id: 0x579f6839, L:/127.0.0.1:60673 - R:localhost/127.0.0.1:15402] for GET '/session/05308f91e610f528a29cf915ef34104a/element/4E334FB2EE78889E66032C807219DD13_element_106/text'
23:25:49.214 [AsyncHttpClient-1-5] DEBUG org.asynchttpclient.netty.handler.HttpHandler - 

Request DefaultFullHttpRequest(decodeResult: success, version: HTTP/1.1, content: EmptyByteBufBE)
GET /session/05308f91e610f528a29cf915ef34104a/element/4E334FB2EE78889E66032C807219DD13_element_106/text HTTP/1.1
Cache-Control: no-cache
User-Agent: selenium/4.12.1 (java windows)
Content-Type: application/json; charset=utf-8
host: localhost:15402
accept: */*

Response DefaultHttpResponse(decodeResult: success, version: HTTP/1.1)
HTTP/1.1 200 OK
Content-Length: 27
Content-Type: application/json; charset=utf-8
cache-control: no-cache

23:25:49.215 [AsyncHttpClient-1-5] DEBUG org.asynchttpclient.netty.channel.ChannelManager - Adding key: http://localhost:15402 for channel [id: 0x579f6839, L:/127.0.0.1:60673 - R:localhost/127.0.0.1:15402]
23:25:49.219 [Forwarding findElement on session 05308f91e610f528a29cf915ef34104a to remote] DEBUG org.asynchttpclient.netty.request.NettyRequestSender - Using pooled Channel '[id: 0x579f6839, L:/127.0.0.1:60673 - R:localhost/127.0.0.1:15402]' for 'POST' to 'http://localhost:15402/session/05308f91e610f528a29cf915ef34104a/element'
23:25:49.219 [Forwarding findElement on session 05308f91e610f528a29cf915ef34104a to remote] DEBUG org.asynchttpclient.netty.request.NettyRequestSender - Using open Channel [id: 0x579f6839, L:/127.0.0.1:60673 - R:localhost/127.0.0.1:15402] for POST '/session/05308f91e610f528a29cf915ef34104a/element'
23:25:49.285 [AsyncHttpClient-1-1] DEBUG org.asynchttpclient.netty.channel.DefaultChannelPool - Entry count for : http://localhost:12244 : 1
23:25:49.285 [AsyncHttpClient-1-1] DEBUG org.asynchttpclient.netty.channel.DefaultChannelPool - Entry count for : http://localhost:60675 : 1
23:25:49.288 [AsyncHttpClient-1-5] DEBUG org.asynchttpclient.netty.handler.HttpHandler - 

Request DefaultHttpRequest(decodeResult: success, version: HTTP/1.1)
POST /session/05308f91e610f528a29cf915ef34104a/element HTTP/1.1
User-Agent: selenium/4.12.1 (java windows)
Content-Length: 81
Content-Type: application/json; charset=utf-8
host: localhost:15402
accept: */*

Response DefaultHttpResponse(decodeResult: success, version: HTTP/1.1)
HTTP/1.1 200 OK
Content-Length: 96
Content-Type: application/json; charset=utf-8
cache-control: no-cache

23:25:49.289 [AsyncHttpClient-1-5] DEBUG org.asynchttpclient.netty.channel.ChannelManager - Adding key: http://localhost:15402 for channel [id: 0x579f6839, L:/127.0.0.1:60673 - R:localhost/127.0.0.1:15402]
23:25:49.293 [Forwarding executeScript on session 05308f91e610f528a29cf915ef34104a to remote] DEBUG org.asynchttpclient.netty.request.NettyRequestSender - Using pooled Channel '[id: 0x579f6839, L:/127.0.0.1:60673 - R:localhost/127.0.0.1:15402]' for 'POST' to 'http://localhost:15402/session/05308f91e610f528a29cf915ef34104a/execute/sync'
23:25:49.293 [Forwarding executeScript on session 05308f91e610f528a29cf915ef34104a to remote] DEBUG org.asynchttpclient.netty.request.NettyRequestSender - Using open Channel [id: 0x579f6839, L:/127.0.0.1:60673 - R:localhost/127.0.0.1:15402] for POST '/session/05308f91e610f528a29cf915ef34104a/execute/sync'
23:25:49.507 [AsyncHttpClient-1-5] DEBUG org.asynchttpclient.netty.handler.HttpHandler - 

Request DefaultHttpRequest(decodeResult: success, version: HTTP/1.1)
POST /session/05308f91e610f528a29cf915ef34104a/execute/sync HTTP/1.1
User-Agent: selenium/4.12.1 (java windows)
Content-Length: 159
Content-Type: application/json; charset=utf-8
host: localhost:15402
accept: */*

Response DefaultHttpResponse(decodeResult: success, version: HTTP/1.1)
HTTP/1.1 200 OK
Content-Length: 14
Content-Type: application/json; charset=utf-8
cache-control: no-cache

23:25:49.508 [AsyncHttpClient-1-5] DEBUG org.asynchttpclient.netty.channel.ChannelManager - Adding key: http://localhost:15402 for channel [id: 0x579f6839, L:/127.0.0.1:60673 - R:localhost/127.0.0.1:15402]
23:25:49.513 [Forwarding findElement on session 05308f91e610f528a29cf915ef34104a to remote] DEBUG org.asynchttpclient.netty.request.NettyRequestSender - Using pooled Channel '[id: 0x579f6839, L:/127.0.0.1:60673 - R:localhost/127.0.0.1:15402]' for 'POST' to 'http://localhost:15402/session/05308f91e610f528a29cf915ef34104a/element'
23:25:49.513 [Forwarding findElement on session 05308f91e610f528a29cf915ef34104a to remote] DEBUG org.asynchttpclient.netty.request.NettyRequestSender - Using open Channel [id: 0x579f6839, L:/127.0.0.1:60673 - R:localhost/127.0.0.1:15402] for POST '/session/05308f91e610f528a29cf915ef34104a/element'
23:25:49.695 [AsyncHttpClient-1-5] DEBUG org.asynchttpclient.netty.handler.HttpHandler - 

Request DefaultHttpRequest(decodeResult: success, version: HTTP/1.1)
POST /session/05308f91e610f528a29cf915ef34104a/element HTTP/1.1
User-Agent: selenium/4.12.1 (java windows)
Content-Length: 75
Content-Type: application/json; charset=utf-8
host: localhost:15402
accept: */*

Response DefaultHttpResponse(decodeResult: success, version: HTTP/1.1)
HTTP/1.1 200 OK
Content-Length: 96
Content-Type: application/json; charset=utf-8
cache-control: no-cache

23:25:49.696 [AsyncHttpClient-1-5] DEBUG org.asynchttpclient.netty.channel.ChannelManager - Adding key: http://localhost:15402 for channel [id: 0x579f6839, L:/127.0.0.1:60673 - R:localhost/127.0.0.1:15402]
23:25:49.705 [Forwarding sendKeysToElement on session 05308f91e610f528a29cf915ef34104a to remote] DEBUG org.asynchttpclient.netty.request.NettyRequestSender - Using pooled Channel '[id: 0x579f6839, L:/127.0.0.1:60673 - R:localhost/127.0.0.1:15402]' for 'POST' to 'http://localhost:15402/session/05308f91e610f528a29cf915ef34104a/element/4E334FB2EE78889E66032C807219DD13_element_117/value'
23:25:49.705 [Forwarding sendKeysToElement on session 05308f91e610f528a29cf915ef34104a to remote] DEBUG org.asynchttpclient.netty.request.NettyRequestSender - Using open Channel [id: 0x579f6839, L:/127.0.0.1:60673 - R:localhost/127.0.0.1:15402] for POST '/session/05308f91e610f528a29cf915ef34104a/element/4E334FB2EE78889E66032C807219DD13_element_117/value'
23:25:50.304 [AsyncHttpClient-1-5] DEBUG org.asynchttpclient.netty.handler.HttpHandler - 

Request DefaultHttpRequest(decodeResult: success, version: HTTP/1.1)
POST /session/05308f91e610f528a29cf915ef34104a/element/4E334FB2EE78889E66032C807219DD13_element_117/value HTTP/1.1
User-Agent: selenium/4.12.1 (java windows)
Content-Length: 139
Content-Type: application/json; charset=utf-8
host: localhost:15402
accept: */*

Response DefaultHttpResponse(decodeResult: success, version: HTTP/1.1)
HTTP/1.1 200 OK
Content-Length: 14
Content-Type: application/json; charset=utf-8
cache-control: no-cache

23:25:50.305 [AsyncHttpClient-1-5] DEBUG org.asynchttpclient.netty.channel.ChannelManager - Adding key: http://localhost:15402 for channel [id: 0x579f6839, L:/127.0.0.1:60673 - R:localhost/127.0.0.1:15402]
23:25:50.308 [Forwarding findElement on session 05308f91e610f528a29cf915ef34104a to remote] DEBUG org.asynchttpclient.netty.request.NettyRequestSender - Using pooled Channel '[id: 0x579f6839, L:/127.0.0.1:60673 - R:localhost/127.0.0.1:15402]' for 'POST' to 'http://localhost:15402/session/05308f91e610f528a29cf915ef34104a/element'
23:25:50.309 [Forwarding findElement on session 05308f91e610f528a29cf915ef34104a to remote] DEBUG org.asynchttpclient.netty.request.NettyRequestSender - Using open Channel [id: 0x579f6839, L:/127.0.0.1:60673 - R:localhost/127.0.0.1:15402] for POST '/session/05308f91e610f528a29cf915ef34104a/element'
23:25:50.368 [AsyncHttpClient-1-1] DEBUG org.asynchttpclient.netty.channel.DefaultChannelPool - Entry count for : http://localhost:12244 : 1
23:25:50.369 [AsyncHttpClient-1-1] DEBUG org.asynchttpclient.netty.channel.DefaultChannelPool - Entry count for : http://localhost:60675 : 1
23:25:50.701 [AsyncHttpClient-1-5] DEBUG org.asynchttpclient.netty.handler.HttpHandler - 

Request DefaultHttpRequest(decodeResult: success, version: HTTP/1.1)
POST /session/05308f91e610f528a29cf915ef34104a/element HTTP/1.1
User-Agent: selenium/4.12.1 (java windows)
Content-Length: 55
Content-Type: application/json; charset=utf-8
host: localhost:15402
accept: */*

Response DefaultHttpResponse(decodeResult: success, version: HTTP/1.1)
HTTP/1.1 200 OK
Content-Length: 96
Content-Type: application/json; charset=utf-8
cache-control: no-cache

23:25:50.702 [AsyncHttpClient-1-5] DEBUG org.asynchttpclient.netty.channel.ChannelManager - Adding key: http://localhost:15402 for channel [id: 0x579f6839, L:/127.0.0.1:60673 - R:localhost/127.0.0.1:15402]
23:25:50.707 [Forwarding isElementDisplayed on session 05308f91e610f528a29cf915ef34104a to remote] DEBUG org.asynchttpclient.netty.request.NettyRequestSender - Using pooled Channel '[id: 0x579f6839, L:/127.0.0.1:60673 - R:localhost/127.0.0.1:15402]' for 'POST' to 'http://localhost:15402/session/05308f91e610f528a29cf915ef34104a/execute/sync'
23:25:50.707 [Forwarding isElementDisplayed on session 05308f91e610f528a29cf915ef34104a to remote] DEBUG org.asynchttpclient.netty.request.NettyRequestSender - Using open Channel [id: 0x579f6839, L:/127.0.0.1:60673 - R:localhost/127.0.0.1:15402] for POST '/session/05308f91e610f528a29cf915ef34104a/execute/sync'
23:25:50.768 [AsyncHttpClient-1-5] DEBUG org.asynchttpclient.netty.handler.HttpHandler - 

Request DefaultHttpRequest(decodeResult: success, version: HTTP/1.1)
POST /session/05308f91e610f528a29cf915ef34104a/execute/sync HTTP/1.1
User-Agent: selenium/4.12.1 (java windows)
Content-Length: 48704
Content-Type: application/json; charset=utf-8
host: localhost:15402
accept: */*

Response DefaultHttpResponse(decodeResult: success, version: HTTP/1.1)
HTTP/1.1 200 OK
Content-Length: 14
Content-Type: application/json; charset=utf-8
cache-control: no-cache

23:25:50.768 [AsyncHttpClient-1-5] DEBUG org.asynchttpclient.netty.channel.ChannelManager - Adding key: http://localhost:15402 for channel [id: 0x579f6839, L:/127.0.0.1:60673 - R:localhost/127.0.0.1:15402]
23:25:50.770 [Forwarding findElement on session 05308f91e610f528a29cf915ef34104a to remote] DEBUG org.asynchttpclient.netty.request.NettyRequestSender - Using pooled Channel '[id: 0x579f6839, L:/127.0.0.1:60673 - R:localhost/127.0.0.1:15402]' for 'POST' to 'http://localhost:15402/session/05308f91e610f528a29cf915ef34104a/element'
23:25:50.771 [Forwarding findElement on session 05308f91e610f528a29cf915ef34104a to remote] DEBUG org.asynchttpclient.netty.request.NettyRequestSender - Using open Channel [id: 0x579f6839, L:/127.0.0.1:60673 - R:localhost/127.0.0.1:15402] for POST '/session/05308f91e610f528a29cf915ef34104a/element'
23:25:50.825 [AsyncHttpClient-1-5] DEBUG org.asynchttpclient.netty.handler.HttpHandler - 

Request DefaultHttpRequest(decodeResult: success, version: HTTP/1.1)
POST /session/05308f91e610f528a29cf915ef34104a/element HTTP/1.1
User-Agent: selenium/4.12.1 (java windows)
Content-Length: 83
Content-Type: application/json; charset=utf-8
host: localhost:15402
accept: */*

Response DefaultHttpResponse(decodeResult: success, version: HTTP/1.1)
HTTP/1.1 200 OK
Content-Length: 96
Content-Type: application/json; charset=utf-8
cache-control: no-cache

23:25:50.825 [AsyncHttpClient-1-5] DEBUG org.asynchttpclient.netty.channel.ChannelManager - Adding key: http://localhost:15402 for channel [id: 0x579f6839, L:/127.0.0.1:60673 - R:localhost/127.0.0.1:15402]
23:25:50.829 [Forwarding clickElement on session 05308f91e610f528a29cf915ef34104a to remote] DEBUG org.asynchttpclient.netty.request.NettyRequestSender - Using pooled Channel '[id: 0x579f6839, L:/127.0.0.1:60673 - R:localhost/127.0.0.1:15402]' for 'POST' to 'http://localhost:15402/session/05308f91e610f528a29cf915ef34104a/element/4E334FB2EE78889E66032C807219DD13_element_129/click'
23:25:50.829 [Forwarding clickElement on session 05308f91e610f528a29cf915ef34104a to remote] DEBUG org.asynchttpclient.netty.request.NettyRequestSender - Using open Channel [id: 0x579f6839, L:/127.0.0.1:60673 - R:localhost/127.0.0.1:15402] for POST '/session/05308f91e610f528a29cf915ef34104a/element/4E334FB2EE78889E66032C807219DD13_element_129/click'
23:25:50.980 [AsyncHttpClient-1-5] DEBUG org.asynchttpclient.netty.handler.HttpHandler - 

Request DefaultHttpRequest(decodeResult: success, version: HTTP/1.1)
POST /session/05308f91e610f528a29cf915ef34104a/element/4E334FB2EE78889E66032C807219DD13_element_129/click HTTP/1.1
User-Agent: selenium/4.12.1 (java windows)
Content-Length: 58
Content-Type: application/json; charset=utf-8
host: localhost:15402
accept: */*

Response DefaultHttpResponse(decodeResult: success, version: HTTP/1.1)
HTTP/1.1 200 OK
Content-Length: 14
Content-Type: application/json; charset=utf-8
cache-control: no-cache

23:25:50.980 [AsyncHttpClient-1-5] DEBUG org.asynchttpclient.netty.channel.ChannelManager - Adding key: http://localhost:15402 for channel [id: 0x579f6839, L:/127.0.0.1:60673 - R:localhost/127.0.0.1:15402]
23:25:50.983 [Forwarding findElement on session 05308f91e610f528a29cf915ef34104a to remote] DEBUG org.asynchttpclient.netty.request.NettyRequestSender - Using pooled Channel '[id: 0x579f6839, L:/127.0.0.1:60673 - R:localhost/127.0.0.1:15402]' for 'POST' to 'http://localhost:15402/session/05308f91e610f528a29cf915ef34104a/element'
23:25:50.984 [Forwarding findElement on session 05308f91e610f528a29cf915ef34104a to remote] DEBUG org.asynchttpclient.netty.request.NettyRequestSender - Using open Channel [id: 0x579f6839, L:/127.0.0.1:60673 - R:localhost/127.0.0.1:15402] for POST '/session/05308f91e610f528a29cf915ef34104a/element'
23:25:51.029 [AsyncHttpClient-1-5] DEBUG org.asynchttpclient.netty.handler.HttpHandler - 

Request DefaultHttpRequest(decodeResult: success, version: HTTP/1.1)
POST /session/05308f91e610f528a29cf915ef34104a/element HTTP/1.1
User-Agent: selenium/4.12.1 (java windows)
Content-Length: 59
Content-Type: application/json; charset=utf-8
host: localhost:15402
accept: */*

Response DefaultHttpResponse(decodeResult: success, version: HTTP/1.1)
HTTP/1.1 200 OK
Content-Length: 96
Content-Type: application/json; charset=utf-8
cache-control: no-cache

23:25:51.030 [AsyncHttpClient-1-5] DEBUG org.asynchttpclient.netty.channel.ChannelManager - Adding key: http://localhost:15402 for channel [id: 0x579f6839, L:/127.0.0.1:60673 - R:localhost/127.0.0.1:15402]
23:25:51.036 [Forwarding executeScript on session 05308f91e610f528a29cf915ef34104a to remote] DEBUG org.asynchttpclient.netty.request.NettyRequestSender - Using pooled Channel '[id: 0x579f6839, L:/127.0.0.1:60673 - R:localhost/127.0.0.1:15402]' for 'POST' to 'http://localhost:15402/session/05308f91e610f528a29cf915ef34104a/execute/sync'
23:25:51.036 [Forwarding executeScript on session 05308f91e610f528a29cf915ef34104a to remote] DEBUG org.asynchttpclient.netty.request.NettyRequestSender - Using open Channel [id: 0x579f6839, L:/127.0.0.1:60673 - R:localhost/127.0.0.1:15402] for POST '/session/05308f91e610f528a29cf915ef34104a/execute/sync'
23:25:51.160 [AsyncHttpClient-1-5] DEBUG org.asynchttpclient.netty.handler.HttpHandler - 

Request DefaultHttpRequest(decodeResult: success, version: HTTP/1.1)
POST /session/05308f91e610f528a29cf915ef34104a/execute/sync HTTP/1.1
User-Agent: selenium/4.12.1 (java windows)
Content-Length: 159
Content-Type: application/json; charset=utf-8
host: localhost:15402
accept: */*

Response DefaultHttpResponse(decodeResult: success, version: HTTP/1.1)
HTTP/1.1 200 OK
Content-Length: 14
Content-Type: application/json; charset=utf-8
cache-control: no-cache

23:25:51.160 [AsyncHttpClient-1-5] DEBUG org.asynchttpclient.netty.channel.ChannelManager - Adding key: http://localhost:15402 for channel [id: 0x579f6839, L:/127.0.0.1:60673 - R:localhost/127.0.0.1:15402]
23:25:51.165 [Forwarding findElement on session 05308f91e610f528a29cf915ef34104a to remote] DEBUG org.asynchttpclient.netty.request.NettyRequestSender - Using pooled Channel '[id: 0x579f6839, L:/127.0.0.1:60673 - R:localhost/127.0.0.1:15402]' for 'POST' to 'http://localhost:15402/session/05308f91e610f528a29cf915ef34104a/element'
23:25:51.165 [Forwarding findElement on session 05308f91e610f528a29cf915ef34104a to remote] DEBUG org.asynchttpclient.netty.request.NettyRequestSender - Using open Channel [id: 0x579f6839, L:/127.0.0.1:60673 - R:localhost/127.0.0.1:15402] for POST '/session/05308f91e610f528a29cf915ef34104a/element'
23:25:51.465 [AsyncHttpClient-1-1] DEBUG org.asynchttpclient.netty.channel.DefaultChannelPool - Entry count for : http://localhost:12244 : 1
23:25:51.466 [AsyncHttpClient-1-1] DEBUG org.asynchttpclient.netty.channel.DefaultChannelPool - Entry count for : http://localhost:60675 : 1
23:25:51.492 [AsyncHttpClient-1-5] DEBUG org.asynchttpclient.netty.handler.HttpHandler - 

Request DefaultHttpRequest(decodeResult: success, version: HTTP/1.1)
POST /session/05308f91e610f528a29cf915ef34104a/element HTTP/1.1
User-Agent: selenium/4.12.1 (java windows)
Content-Length: 57
Content-Type: application/json; charset=utf-8
host: localhost:15402
accept: */*

Response DefaultHttpResponse(decodeResult: success, version: HTTP/1.1)
HTTP/1.1 200 OK
Content-Length: 96
Content-Type: application/json; charset=utf-8
cache-control: no-cache

23:25:51.492 [AsyncHttpClient-1-5] DEBUG org.asynchttpclient.netty.channel.ChannelManager - Adding key: http://localhost:15402 for channel [id: 0x579f6839, L:/127.0.0.1:60673 - R:localhost/127.0.0.1:15402]
23:25:51.499 [Forwarding getElementText on session 05308f91e610f528a29cf915ef34104a to remote] DEBUG org.asynchttpclient.netty.request.NettyRequestSender - Using pooled Channel '[id: 0x579f6839, L:/127.0.0.1:60673 - R:localhost/127.0.0.1:15402]' for 'GET' to 'http://localhost:15402/session/05308f91e610f528a29cf915ef34104a/element/4E334FB2EE78889E66032C807219DD13_element_135/text'
23:25:51.499 [Forwarding getElementText on session 05308f91e610f528a29cf915ef34104a to remote] DEBUG org.asynchttpclient.netty.request.NettyRequestSender - Using open Channel [id: 0x579f6839, L:/127.0.0.1:60673 - R:localhost/127.0.0.1:15402] for GET '/session/05308f91e610f528a29cf915ef34104a/element/4E334FB2EE78889E66032C807219DD13_element_135/text'
23:25:51.561 [AsyncHttpClient-1-5] DEBUG org.asynchttpclient.netty.handler.HttpHandler - 

Request DefaultFullHttpRequest(decodeResult: success, version: HTTP/1.1, content: EmptyByteBufBE)
GET /session/05308f91e610f528a29cf915ef34104a/element/4E334FB2EE78889E66032C807219DD13_element_135/text HTTP/1.1
Cache-Control: no-cache
User-Agent: selenium/4.12.1 (java windows)
Content-Type: application/json; charset=utf-8
host: localhost:15402
accept: */*

Response DefaultHttpResponse(decodeResult: success, version: HTTP/1.1)
HTTP/1.1 200 OK
Content-Length: 35
Content-Type: application/json; charset=utf-8
cache-control: no-cache

23:25:51.562 [AsyncHttpClient-1-5] DEBUG org.asynchttpclient.netty.channel.ChannelManager - Adding key: http://localhost:15402 for channel [id: 0x579f6839, L:/127.0.0.1:60673 - R:localhost/127.0.0.1:15402]
]]></system-out>
    <system-err><![CDATA[Mar 19, 2024 11:25:15 PM org.openqa.selenium.devtools.CdpVersionFinder findNearestMatch
WARNING: Unable to find an exact match for CDP version 120, so returning the closest version found: 116
]]></system-err>
  </testcase>
  <testcase name="orderHistoryTest" classname="nandha.tests.SubmitOrderTest" time="3.238">
    <system-out><![CDATA[23:25:51.569 [Forwarding close on session 05308f91e610f528a29cf915ef34104a to remote] DEBUG org.asynchttpclient.netty.request.NettyRequestSender - Using pooled Channel '[id: 0x579f6839, L:/127.0.0.1:60673 - R:localhost/127.0.0.1:15402]' for 'DELETE' to 'http://localhost:15402/session/05308f91e610f528a29cf915ef34104a/window'
23:25:51.569 [Forwarding close on session 05308f91e610f528a29cf915ef34104a to remote] DEBUG org.asynchttpclient.netty.request.NettyRequestSender - Using open Channel [id: 0x579f6839, L:/127.0.0.1:60673 - R:localhost/127.0.0.1:15402] for DELETE '/session/05308f91e610f528a29cf915ef34104a/window'
23:25:52.565 [AsyncHttpClient-1-1] DEBUG org.asynchttpclient.netty.channel.DefaultChannelPool - Entry count for : http://localhost:12244 : 1
23:25:52.565 [AsyncHttpClient-1-1] DEBUG org.asynchttpclient.netty.channel.DefaultChannelPool - Entry count for : http://localhost:60675 : 1
23:25:52.565 [AsyncHttpClient-1-1] DEBUG org.asynchttpclient.netty.channel.DefaultChannelPool - Adding Candidate expired Channel [id: 0x19b93b78, L:/127.0.0.1:60616 - R:localhost/127.0.0.1:12244] isIdleTimeoutExpired=true isRemotelyClosed=false isTtlExpired=false
23:25:52.565 [AsyncHttpClient-1-1] DEBUG org.asynchttpclient.netty.channel.DefaultChannelPool - Closing Idle Channel [id: 0x19b93b78, L:/127.0.0.1:60616 - R:localhost/127.0.0.1:12244]
23:25:52.567 [AsyncHttpClient-1-1] DEBUG org.asynchttpclient.netty.channel.DefaultChannelPool - Closed 1 connections out of 2 in 2 ms
23:25:52.568 [AsyncHttpClient-1-2] DEBUG org.asynchttpclient.netty.handler.HttpHandler - Channel Closed: [id: 0x19b93b78, L:/127.0.0.1:60616 ! R:localhost/127.0.0.1:12244] with attribute DISCARD
23:25:52.938 [AsyncHttpClient-1-7] DEBUG org.asynchttpclient.netty.handler.WebSocketHandler - Unexpected I/O exception on channel [id: 0x201b2595, L:/127.0.0.1:60688 - R:localhost/127.0.0.1:60675]
java.net.SocketException: Connection reset
	at java.base/sun.nio.ch.SocketChannelImpl.throwConnectionReset(SocketChannelImpl.java:401)
	at java.base/sun.nio.ch.SocketChannelImpl.read(SocketChannelImpl.java:434)
	at io.netty.buffer.PooledByteBuf.setBytes(PooledByteBuf.java:254)
	at io.netty.buffer.AbstractByteBuf.writeBytes(AbstractByteBuf.java:1132)
	at io.netty.channel.socket.nio.NioSocketChannel.doReadBytes(NioSocketChannel.java:357)
	at io.netty.channel.nio.AbstractNioByteChannel$NioByteUnsafe.read(AbstractNioByteChannel.java:151)
	at io.netty.channel.nio.NioEventLoop.processSelectedKey(NioEventLoop.java:788)
	at io.netty.channel.nio.NioEventLoop.processSelectedKeysOptimized(NioEventLoop.java:724)
	at io.netty.channel.nio.NioEventLoop.processSelectedKeys(NioEventLoop.java:650)
	at io.netty.channel.nio.NioEventLoop.run(NioEventLoop.java:562)
	at io.netty.util.concurrent.SingleThreadEventExecutor$4.run(SingleThreadEventExecutor.java:997)
	at io.netty.util.internal.ThreadExecutorMap$2.run(ThreadExecutorMap.java:74)
	at io.netty.util.concurrent.FastThreadLocalRunnable.run(FastThreadLocalRunnable.java:30)
	at java.base/java.lang.Thread.run(Thread.java:1623)
23:25:52.941 [AsyncHttpClient-1-7] DEBUG org.asynchttpclient.netty.handler.WebSocketHandler - Was unable to recover Future: NettyResponseFuture{currentRetry=0,
	isDone=1,
	isCancelled=0,
	asyncHandler=org.asynchttpclient.ws.WebSocketUpgradeHandler@2e262afc,
	nettyRequest=org.asynchttpclient.netty.request.NettyRequest@29d0ef38,
	future=java.util.concurrent.CompletableFuture@5e2e4945[Completed normally],
	uri=ws://localhost:60675/devtools/browser/c4b8307c-4ea7-42fe-afbb-7608f9b70650,
	keepAlive=true,
	redirectCount=0,
	timeoutsHolder=null,
	inAuth=0,
	touch=1710870952939}
23:25:52.942 [AsyncHttpClient-1-7] DEBUG org.asynchttpclient.netty.channel.ChannelManager - Closing Channel [id: 0x201b2595, L:/127.0.0.1:60688 - R:localhost/127.0.0.1:60675] 
23:25:52.942 [AsyncHttpClient-1-7] WARN org.asynchttpclient.netty.handler.WebSocketHandler - onError
java.net.SocketException: Connection reset
	at java.base/sun.nio.ch.SocketChannelImpl.throwConnectionReset(SocketChannelImpl.java:401)
	at java.base/sun.nio.ch.SocketChannelImpl.read(SocketChannelImpl.java:434)
	at io.netty.buffer.PooledByteBuf.setBytes(PooledByteBuf.java:254)
	at io.netty.buffer.AbstractByteBuf.writeBytes(AbstractByteBuf.java:1132)
	at io.netty.channel.socket.nio.NioSocketChannel.doReadBytes(NioSocketChannel.java:357)
	at io.netty.channel.nio.AbstractNioByteChannel$NioByteUnsafe.read(AbstractNioByteChannel.java:151)
	at io.netty.channel.nio.NioEventLoop.processSelectedKey(NioEventLoop.java:788)
	at io.netty.channel.nio.NioEventLoop.processSelectedKeysOptimized(NioEventLoop.java:724)
	at io.netty.channel.nio.NioEventLoop.processSelectedKeys(NioEventLoop.java:650)
	at io.netty.channel.nio.NioEventLoop.run(NioEventLoop.java:562)
	at io.netty.util.concurrent.SingleThreadEventExecutor$4.run(SingleThreadEventExecutor.java:997)
	at io.netty.util.internal.ThreadExecutorMap$2.run(ThreadExecutorMap.java:74)
	at io.netty.util.concurrent.FastThreadLocalRunnable.run(FastThreadLocalRunnable.java:30)
	at java.base/java.lang.Thread.run(Thread.java:1623)
23:25:52.948 [AsyncHttpClient-1-7] DEBUG org.asynchttpclient.netty.channel.ChannelManager - Closing Channel [id: 0x201b2595, L:/127.0.0.1:60688 ! R:localhost/127.0.0.1:60675] 
23:25:52.951 [AsyncHttpClient-1-7] DEBUG org.asynchttpclient.netty.handler.WebSocketHandler - Channel Closed: [id: 0x201b2595, L:/127.0.0.1:60688 ! R:localhost/127.0.0.1:60675] with attribute DISCARD
23:25:52.965 [AsyncHttpClient-1-6] DEBUG org.asynchttpclient.netty.handler.HttpHandler - Unexpected I/O exception on channel [id: 0x26e5c3ea, L:/127.0.0.1:60687 - R:localhost/127.0.0.1:60675]
java.net.SocketException: Connection reset
	at java.base/sun.nio.ch.SocketChannelImpl.throwConnectionReset(SocketChannelImpl.java:401)
	at java.base/sun.nio.ch.SocketChannelImpl.read(SocketChannelImpl.java:434)
	at io.netty.buffer.PooledByteBuf.setBytes(PooledByteBuf.java:254)
	at io.netty.buffer.AbstractByteBuf.writeBytes(AbstractByteBuf.java:1132)
	at io.netty.channel.socket.nio.NioSocketChannel.doReadBytes(NioSocketChannel.java:357)
	at io.netty.channel.nio.AbstractNioByteChannel$NioByteUnsafe.read(AbstractNioByteChannel.java:151)
	at io.netty.channel.nio.NioEventLoop.processSelectedKey(NioEventLoop.java:788)
	at io.netty.channel.nio.NioEventLoop.processSelectedKeysOptimized(NioEventLoop.java:724)
	at io.netty.channel.nio.NioEventLoop.processSelectedKeys(NioEventLoop.java:650)
	at io.netty.channel.nio.NioEventLoop.run(NioEventLoop.java:562)
	at io.netty.util.concurrent.SingleThreadEventExecutor$4.run(SingleThreadEventExecutor.java:997)
	at io.netty.util.internal.ThreadExecutorMap$2.run(ThreadExecutorMap.java:74)
	at io.netty.util.concurrent.FastThreadLocalRunnable.run(FastThreadLocalRunnable.java:30)
	at java.base/java.lang.Thread.run(Thread.java:1623)
23:25:52.966 [AsyncHttpClient-1-6] DEBUG org.asynchttpclient.netty.channel.ChannelManager - Closing Channel [id: 0x26e5c3ea, L:/127.0.0.1:60687 - R:localhost/127.0.0.1:60675] 
23:25:52.968 [AsyncHttpClient-1-6] DEBUG org.asynchttpclient.netty.handler.HttpHandler - Channel Closed: [id: 0x26e5c3ea, L:/127.0.0.1:60687 ! R:localhost/127.0.0.1:60675] with attribute DISCARD
23:25:53.286 [AsyncHttpClient-1-5] DEBUG org.asynchttpclient.netty.handler.HttpHandler - 

Request DefaultFullHttpRequest(decodeResult: success, version: HTTP/1.1, content: EmptyByteBufBE)
DELETE /session/05308f91e610f528a29cf915ef34104a/window HTTP/1.1
User-Agent: selenium/4.12.1 (java windows)
Content-Type: application/json; charset=utf-8
host: localhost:15402
accept: */*

Response DefaultHttpResponse(decodeResult: success, version: HTTP/1.1)
HTTP/1.1 200 OK
Content-Length: 12
Content-Type: application/json; charset=utf-8
cache-control: no-cache

23:25:53.287 [AsyncHttpClient-1-5] DEBUG org.asynchttpclient.netty.channel.ChannelManager - Adding key: http://localhost:15402 for channel [id: 0x579f6839, L:/127.0.0.1:60673 - R:localhost/127.0.0.1:15402]
23:25:53.668 [AsyncHttpClient-1-1] DEBUG org.asynchttpclient.netty.channel.DefaultChannelPool - Entry count for : http://localhost:15402 : 1
23:25:53.668 [AsyncHttpClient-1-1] DEBUG org.asynchttpclient.netty.channel.DefaultChannelPool - Entry count for : http://localhost:60675 : 1
23:25:53.668 [AsyncHttpClient-1-1] DEBUG org.asynchttpclient.netty.channel.DefaultChannelPool - Adding Candidate expired Channel [id: 0x26e5c3ea, L:/127.0.0.1:60687 ! R:localhost/127.0.0.1:60675] isIdleTimeoutExpired=false isRemotelyClosed=true isTtlExpired=false
23:25:53.668 [AsyncHttpClient-1-1] DEBUG org.asynchttpclient.netty.channel.DefaultChannelPool - Closing Idle Channel [id: 0x26e5c3ea, L:/127.0.0.1:60687 ! R:localhost/127.0.0.1:60675]
23:25:53.668 [AsyncHttpClient-1-1] DEBUG org.asynchttpclient.netty.channel.DefaultChannelPool - Closed 1 connections out of 2 in 0 ms
23:25:54.766 [AsyncHttpClient-1-1] DEBUG org.asynchttpclient.netty.channel.DefaultChannelPool - Entry count for : http://localhost:15402 : 1
23:25:55.870 [AsyncHttpClient-1-1] DEBUG org.asynchttpclient.netty.channel.DefaultChannelPool - Entry count for : http://localhost:15402 : 1
23:25:56.966 [AsyncHttpClient-1-1] DEBUG org.asynchttpclient.netty.channel.DefaultChannelPool - Entry count for : http://localhost:15402 : 1
23:25:58.072 [AsyncHttpClient-1-1] DEBUG org.asynchttpclient.netty.channel.DefaultChannelPool - Entry count for : http://localhost:15402 : 1
23:25:59.175 [AsyncHttpClient-1-1] DEBUG org.asynchttpclient.netty.channel.DefaultChannelPool - Entry count for : http://localhost:15402 : 1
23:26:00.275 [AsyncHttpClient-1-1] DEBUG org.asynchttpclient.netty.channel.DefaultChannelPool - Entry count for : http://localhost:15402 : 1
23:26:01.370 [AsyncHttpClient-1-1] DEBUG org.asynchttpclient.netty.channel.DefaultChannelPool - Entry count for : http://localhost:15402 : 1
23:26:02.468 [AsyncHttpClient-1-1] DEBUG org.asynchttpclient.netty.channel.DefaultChannelPool - Entry count for : http://localhost:15402 : 1
23:26:03.566 [AsyncHttpClient-1-1] DEBUG org.asynchttpclient.netty.channel.DefaultChannelPool - Entry count for : http://localhost:15402 : 1
23:26:04.666 [AsyncHttpClient-1-1] DEBUG org.asynchttpclient.netty.channel.DefaultChannelPool - Entry count for : http://localhost:15402 : 1
23:26:04.728 [AsyncHttpClient-1-8] DEBUG org.asynchttpclient.netty.channel.NettyConnectListener - Using new Channel '[id: 0x41e2957f, L:/127.0.0.1:60732 - R:localhost/127.0.0.1:30398]' for 'POST' to '/session'
23:26:05.766 [AsyncHttpClient-1-1] DEBUG org.asynchttpclient.netty.channel.DefaultChannelPool - Entry count for : http://localhost:15402 : 1
23:26:06.866 [AsyncHttpClient-1-1] DEBUG org.asynchttpclient.netty.channel.DefaultChannelPool - Entry count for : http://localhost:15402 : 1
23:26:07.980 [AsyncHttpClient-1-1] DEBUG org.asynchttpclient.netty.channel.DefaultChannelPool - Entry count for : http://localhost:15402 : 1
23:26:09.083 [AsyncHttpClient-1-1] DEBUG org.asynchttpclient.netty.channel.DefaultChannelPool - Entry count for : http://localhost:15402 : 1
23:26:10.165 [AsyncHttpClient-1-1] DEBUG org.asynchttpclient.netty.channel.DefaultChannelPool - Entry count for : http://localhost:15402 : 1
23:26:11.267 [AsyncHttpClient-1-1] DEBUG org.asynchttpclient.netty.channel.DefaultChannelPool - Entry count for : http://localhost:15402 : 1
23:26:12.366 [AsyncHttpClient-1-1] DEBUG org.asynchttpclient.netty.channel.DefaultChannelPool - Entry count for : http://localhost:15402 : 1
23:26:12.990 [AsyncHttpClient-1-8] DEBUG org.asynchttpclient.netty.handler.HttpHandler - 

Request DefaultHttpRequest(decodeResult: success, version: HTTP/1.1)
POST /session HTTP/1.1
User-Agent: selenium/4.12.1 (java windows)
Content-Length: 336
Content-Type: application/json; charset=utf-8
host: localhost:30398
accept: */*

Response DefaultHttpResponse(decodeResult: success, version: HTTP/1.1)
HTTP/1.1 200 OK
Content-Length: 885
Content-Type: application/json; charset=utf-8
cache-control: no-cache

23:26:12.990 [AsyncHttpClient-1-8] DEBUG org.asynchttpclient.netty.channel.ChannelManager - Adding key: http://localhost:30398 for channel [id: 0x41e2957f, L:/127.0.0.1:60732 - R:localhost/127.0.0.1:30398]
23:26:13.024 [AsyncHttpClient-1-9] DEBUG org.asynchttpclient.netty.channel.NettyConnectListener - Using new Channel '[id: 0x937bfb12, L:/127.0.0.1:60743 - R:localhost/127.0.0.1:60733]' for 'GET' to '/json/version'
23:26:13.042 [AsyncHttpClient-1-9] DEBUG org.asynchttpclient.netty.handler.HttpHandler - 

Request DefaultFullHttpRequest(decodeResult: success, version: HTTP/1.1, content: EmptyByteBufBE)
GET /json/version HTTP/1.1
User-Agent: selenium/4.12.1 (java windows)
host: localhost:60733
accept: */*

Response DefaultHttpResponse(decodeResult: success, version: HTTP/1.1)
HTTP/1.1 200 OK
Content-Security-Policy: frame-ancestors 'none'
Content-Length: 424
Content-Type: application/json; charset=UTF-8

23:26:13.043 [AsyncHttpClient-1-9] DEBUG org.asynchttpclient.netty.channel.ChannelManager - Adding key: http://localhost:60733 for channel [id: 0x937bfb12, L:/127.0.0.1:60743 - R:localhost/127.0.0.1:60733]
23:26:13.051 [AsyncHttpClient-1-10] DEBUG org.asynchttpclient.netty.channel.NettyConnectListener - Using new Channel '[id: 0x000c42e3, L:/127.0.0.1:60745 - R:localhost/127.0.0.1:60733]' for 'GET' to '/devtools/browser/ee25ced2-498b-4741-a6dc-a697045fe297'
23:26:13.059 [AsyncHttpClient-1-10] DEBUG org.asynchttpclient.netty.handler.WebSocketHandler - 

Request DefaultFullHttpRequest(decodeResult: success, version: HTTP/1.1, content: EmptyByteBufBE)
GET /devtools/browser/ee25ced2-498b-4741-a6dc-a697045fe297 HTTP/1.1
upgrade: websocket
connection: upgrade
sec-websocket-key: 16e9DepWyR+0pZz6B12OwQ==
sec-websocket-version: 13
origin: http://localhost:60733
host: localhost:60733
accept: */*
user-agent: AHC/2.1

Response DefaultHttpResponse(decodeResult: success, version: HTTP/1.1)
HTTP/1.1 101 WebSocket Protocol Handshake
Upgrade: WebSocket
Connection: Upgrade
Sec-WebSocket-Accept: Vl8Fd4/LKU4hSh5f0TzaofHTJmI=

23:26:13.084 [Forwarding setTimeout on session f67e3194dcf87d4c72502fb5740a4956 to remote] DEBUG org.asynchttpclient.netty.request.NettyRequestSender - Using pooled Channel '[id: 0x41e2957f, L:/127.0.0.1:60732 - R:localhost/127.0.0.1:30398]' for 'POST' to 'http://localhost:30398/session/f67e3194dcf87d4c72502fb5740a4956/timeouts'
23:26:13.084 [Forwarding setTimeout on session f67e3194dcf87d4c72502fb5740a4956 to remote] DEBUG org.asynchttpclient.netty.request.NettyRequestSender - Using open Channel [id: 0x41e2957f, L:/127.0.0.1:60732 - R:localhost/127.0.0.1:30398] for POST '/session/f67e3194dcf87d4c72502fb5740a4956/timeouts'
23:26:13.087 [AsyncHttpClient-1-8] DEBUG org.asynchttpclient.netty.handler.HttpHandler - 

Request DefaultHttpRequest(decodeResult: success, version: HTTP/1.1)
POST /session/f67e3194dcf87d4c72502fb5740a4956/timeouts HTTP/1.1
User-Agent: selenium/4.12.1 (java windows)
Content-Length: 23
Content-Type: application/json; charset=utf-8
host: localhost:30398
accept: */*

Response DefaultHttpResponse(decodeResult: success, version: HTTP/1.1)
HTTP/1.1 200 OK
Content-Length: 14
Content-Type: application/json; charset=utf-8
cache-control: no-cache

23:26:13.088 [AsyncHttpClient-1-8] DEBUG org.asynchttpclient.netty.channel.ChannelManager - Adding key: http://localhost:30398 for channel [id: 0x41e2957f, L:/127.0.0.1:60732 - R:localhost/127.0.0.1:30398]
23:26:13.091 [Forwarding maximizeCurrentWindow on session f67e3194dcf87d4c72502fb5740a4956 to remote] DEBUG org.asynchttpclient.netty.request.NettyRequestSender - Using pooled Channel '[id: 0x41e2957f, L:/127.0.0.1:60732 - R:localhost/127.0.0.1:30398]' for 'POST' to 'http://localhost:30398/session/f67e3194dcf87d4c72502fb5740a4956/window/maximize'
23:26:13.091 [Forwarding maximizeCurrentWindow on session f67e3194dcf87d4c72502fb5740a4956 to remote] DEBUG org.asynchttpclient.netty.request.NettyRequestSender - Using open Channel [id: 0x41e2957f, L:/127.0.0.1:60732 - R:localhost/127.0.0.1:30398] for POST '/session/f67e3194dcf87d4c72502fb5740a4956/window/maximize'
23:26:13.261 [AsyncHttpClient-1-8] DEBUG org.asynchttpclient.netty.handler.HttpHandler - 

Request DefaultHttpRequest(decodeResult: success, version: HTTP/1.1)
POST /session/f67e3194dcf87d4c72502fb5740a4956/window/maximize HTTP/1.1
User-Agent: selenium/4.12.1 (java windows)
Content-Length: 3
Content-Type: application/json; charset=utf-8
host: localhost:30398
accept: */*

Response DefaultHttpResponse(decodeResult: success, version: HTTP/1.1)
HTTP/1.1 200 OK
Content-Length: 51
Content-Type: application/json; charset=utf-8
cache-control: no-cache

23:26:13.262 [AsyncHttpClient-1-8] DEBUG org.asynchttpclient.netty.channel.ChannelManager - Adding key: http://localhost:30398 for channel [id: 0x41e2957f, L:/127.0.0.1:60732 - R:localhost/127.0.0.1:30398]
23:26:13.265 [Forwarding get on session f67e3194dcf87d4c72502fb5740a4956 to remote] DEBUG org.asynchttpclient.netty.request.NettyRequestSender - Using pooled Channel '[id: 0x41e2957f, L:/127.0.0.1:60732 - R:localhost/127.0.0.1:30398]' for 'POST' to 'http://localhost:30398/session/f67e3194dcf87d4c72502fb5740a4956/url'
23:26:13.266 [Forwarding get on session f67e3194dcf87d4c72502fb5740a4956 to remote] DEBUG org.asynchttpclient.netty.request.NettyRequestSender - Using open Channel [id: 0x41e2957f, L:/127.0.0.1:60732 - R:localhost/127.0.0.1:30398] for POST '/session/f67e3194dcf87d4c72502fb5740a4956/url'
23:26:13.471 [AsyncHttpClient-1-1] DEBUG org.asynchttpclient.netty.channel.DefaultChannelPool - Entry count for : http://localhost:15402 : 1
23:26:13.471 [AsyncHttpClient-1-1] DEBUG org.asynchttpclient.netty.channel.DefaultChannelPool - Entry count for : http://localhost:60733 : 1
23:26:14.566 [AsyncHttpClient-1-1] DEBUG org.asynchttpclient.netty.channel.DefaultChannelPool - Entry count for : http://localhost:15402 : 1
23:26:14.566 [AsyncHttpClient-1-1] DEBUG org.asynchttpclient.netty.channel.DefaultChannelPool - Entry count for : http://localhost:60733 : 1
23:26:15.670 [AsyncHttpClient-1-1] DEBUG org.asynchttpclient.netty.channel.DefaultChannelPool - Entry count for : http://localhost:15402 : 1
23:26:15.670 [AsyncHttpClient-1-1] DEBUG org.asynchttpclient.netty.channel.DefaultChannelPool - Entry count for : http://localhost:60733 : 1
23:26:16.765 [AsyncHttpClient-1-1] DEBUG org.asynchttpclient.netty.channel.DefaultChannelPool - Entry count for : http://localhost:15402 : 1
23:26:16.765 [AsyncHttpClient-1-1] DEBUG org.asynchttpclient.netty.channel.DefaultChannelPool - Entry count for : http://localhost:60733 : 1
23:26:17.871 [AsyncHttpClient-1-1] DEBUG org.asynchttpclient.netty.channel.DefaultChannelPool - Entry count for : http://localhost:15402 : 1
23:26:17.872 [AsyncHttpClient-1-1] DEBUG org.asynchttpclient.netty.channel.DefaultChannelPool - Entry count for : http://localhost:60733 : 1
23:26:18.966 [AsyncHttpClient-1-1] DEBUG org.asynchttpclient.netty.channel.DefaultChannelPool - Entry count for : http://localhost:15402 : 1
23:26:18.966 [AsyncHttpClient-1-1] DEBUG org.asynchttpclient.netty.channel.DefaultChannelPool - Entry count for : http://localhost:60733 : 1
23:26:20.071 [AsyncHttpClient-1-1] DEBUG org.asynchttpclient.netty.channel.DefaultChannelPool - Entry count for : http://localhost:15402 : 1
23:26:20.071 [AsyncHttpClient-1-1] DEBUG org.asynchttpclient.netty.channel.DefaultChannelPool - Entry count for : http://localhost:60733 : 1
23:26:21.166 [AsyncHttpClient-1-1] DEBUG org.asynchttpclient.netty.channel.DefaultChannelPool - Entry count for : http://localhost:15402 : 1
23:26:21.166 [AsyncHttpClient-1-1] DEBUG org.asynchttpclient.netty.channel.DefaultChannelPool - Entry count for : http://localhost:60733 : 1
23:26:22.269 [AsyncHttpClient-1-1] DEBUG org.asynchttpclient.netty.channel.DefaultChannelPool - Entry count for : http://localhost:15402 : 1
23:26:22.269 [AsyncHttpClient-1-1] DEBUG org.asynchttpclient.netty.channel.DefaultChannelPool - Entry count for : http://localhost:60733 : 1
23:26:22.581 [AsyncHttpClient-1-8] DEBUG org.asynchttpclient.netty.handler.HttpHandler - 

Request DefaultHttpRequest(decodeResult: success, version: HTTP/1.1)
POST /session/f67e3194dcf87d4c72502fb5740a4956/url HTTP/1.1
User-Agent: selenium/4.12.1 (java windows)
Content-Length: 67
Content-Type: application/json; charset=utf-8
host: localhost:30398
accept: */*

Response DefaultHttpResponse(decodeResult: success, version: HTTP/1.1)
HTTP/1.1 200 OK
Content-Length: 14
Content-Type: application/json; charset=utf-8
cache-control: no-cache

23:26:22.582 [AsyncHttpClient-1-8] DEBUG org.asynchttpclient.netty.channel.ChannelManager - Adding key: http://localhost:30398 for channel [id: 0x41e2957f, L:/127.0.0.1:60732 - R:localhost/127.0.0.1:30398]
23:26:22.586 [Forwarding findElement on session f67e3194dcf87d4c72502fb5740a4956 to remote] DEBUG org.asynchttpclient.netty.request.NettyRequestSender - Using pooled Channel '[id: 0x41e2957f, L:/127.0.0.1:60732 - R:localhost/127.0.0.1:30398]' for 'POST' to 'http://localhost:30398/session/f67e3194dcf87d4c72502fb5740a4956/element'
23:26:22.587 [Forwarding findElement on session f67e3194dcf87d4c72502fb5740a4956 to remote] DEBUG org.asynchttpclient.netty.request.NettyRequestSender - Using open Channel [id: 0x41e2957f, L:/127.0.0.1:60732 - R:localhost/127.0.0.1:30398] for POST '/session/f67e3194dcf87d4c72502fb5740a4956/element'
23:26:22.717 [AsyncHttpClient-1-8] DEBUG org.asynchttpclient.netty.handler.HttpHandler - 

Request DefaultHttpRequest(decodeResult: success, version: HTTP/1.1)
POST /session/f67e3194dcf87d4c72502fb5740a4956/element HTTP/1.1
User-Agent: selenium/4.12.1 (java windows)
Content-Length: 54
Content-Type: application/json; charset=utf-8
host: localhost:30398
accept: */*

Response DefaultHttpResponse(decodeResult: success, version: HTTP/1.1)
HTTP/1.1 200 OK
Content-Length: 94
Content-Type: application/json; charset=utf-8
cache-control: no-cache

23:26:22.717 [AsyncHttpClient-1-8] DEBUG org.asynchttpclient.netty.channel.ChannelManager - Adding key: http://localhost:30398 for channel [id: 0x41e2957f, L:/127.0.0.1:60732 - R:localhost/127.0.0.1:30398]
23:26:22.721 [Forwarding sendKeysToElement on session f67e3194dcf87d4c72502fb5740a4956 to remote] DEBUG org.asynchttpclient.netty.request.NettyRequestSender - Using pooled Channel '[id: 0x41e2957f, L:/127.0.0.1:60732 - R:localhost/127.0.0.1:30398]' for 'POST' to 'http://localhost:30398/session/f67e3194dcf87d4c72502fb5740a4956/element/408CDECE19FBDD338EA565C44E34BC3B_element_9/value'
23:26:22.722 [Forwarding sendKeysToElement on session f67e3194dcf87d4c72502fb5740a4956 to remote] DEBUG org.asynchttpclient.netty.request.NettyRequestSender - Using open Channel [id: 0x41e2957f, L:/127.0.0.1:60732 - R:localhost/127.0.0.1:30398] for POST '/session/f67e3194dcf87d4c72502fb5740a4956/element/408CDECE19FBDD338EA565C44E34BC3B_element_9/value'
23:26:23.249 [AsyncHttpClient-1-8] DEBUG org.asynchttpclient.netty.handler.HttpHandler - 

Request DefaultHttpRequest(decodeResult: success, version: HTTP/1.1)
POST /session/f67e3194dcf87d4c72502fb5740a4956/element/408CDECE19FBDD338EA565C44E34BC3B_element_9/value HTTP/1.1
User-Agent: selenium/4.12.1 (java windows)
Content-Length: 247
Content-Type: application/json; charset=utf-8
host: localhost:30398
accept: */*

Response DefaultHttpResponse(decodeResult: success, version: HTTP/1.1)
HTTP/1.1 200 OK
Content-Length: 14
Content-Type: application/json; charset=utf-8
cache-control: no-cache

23:26:23.249 [AsyncHttpClient-1-8] DEBUG org.asynchttpclient.netty.channel.ChannelManager - Adding key: http://localhost:30398 for channel [id: 0x41e2957f, L:/127.0.0.1:60732 - R:localhost/127.0.0.1:30398]
23:26:23.252 [Forwarding findElement on session f67e3194dcf87d4c72502fb5740a4956 to remote] DEBUG org.asynchttpclient.netty.request.NettyRequestSender - Using pooled Channel '[id: 0x41e2957f, L:/127.0.0.1:60732 - R:localhost/127.0.0.1:30398]' for 'POST' to 'http://localhost:30398/session/f67e3194dcf87d4c72502fb5740a4956/element'
23:26:23.252 [Forwarding findElement on session f67e3194dcf87d4c72502fb5740a4956 to remote] DEBUG org.asynchttpclient.netty.request.NettyRequestSender - Using open Channel [id: 0x41e2957f, L:/127.0.0.1:60732 - R:localhost/127.0.0.1:30398] for POST '/session/f67e3194dcf87d4c72502fb5740a4956/element'
23:26:23.302 [AsyncHttpClient-1-8] DEBUG org.asynchttpclient.netty.handler.HttpHandler - 

Request DefaultHttpRequest(decodeResult: success, version: HTTP/1.1)
POST /session/f67e3194dcf87d4c72502fb5740a4956/element HTTP/1.1
User-Agent: selenium/4.12.1 (java windows)
Content-Length: 57
Content-Type: application/json; charset=utf-8
host: localhost:30398
accept: */*

Response DefaultHttpResponse(decodeResult: success, version: HTTP/1.1)
HTTP/1.1 200 OK
Content-Length: 94
Content-Type: application/json; charset=utf-8
cache-control: no-cache

23:26:23.303 [AsyncHttpClient-1-8] DEBUG org.asynchttpclient.netty.channel.ChannelManager - Adding key: http://localhost:30398 for channel [id: 0x41e2957f, L:/127.0.0.1:60732 - R:localhost/127.0.0.1:30398]
23:26:23.306 [Forwarding sendKeysToElement on session f67e3194dcf87d4c72502fb5740a4956 to remote] DEBUG org.asynchttpclient.netty.request.NettyRequestSender - Using pooled Channel '[id: 0x41e2957f, L:/127.0.0.1:60732 - R:localhost/127.0.0.1:30398]' for 'POST' to 'http://localhost:30398/session/f67e3194dcf87d4c72502fb5740a4956/element/408CDECE19FBDD338EA565C44E34BC3B_element_5/value'
23:26:23.307 [Forwarding sendKeysToElement on session f67e3194dcf87d4c72502fb5740a4956 to remote] DEBUG org.asynchttpclient.netty.request.NettyRequestSender - Using open Channel [id: 0x41e2957f, L:/127.0.0.1:60732 - R:localhost/127.0.0.1:30398] for POST '/session/f67e3194dcf87d4c72502fb5740a4956/element/408CDECE19FBDD338EA565C44E34BC3B_element_5/value'
23:26:23.368 [AsyncHttpClient-1-1] DEBUG org.asynchttpclient.netty.channel.DefaultChannelPool - Entry count for : http://localhost:15402 : 1
23:26:23.368 [AsyncHttpClient-1-1] DEBUG org.asynchttpclient.netty.channel.DefaultChannelPool - Entry count for : http://localhost:60733 : 1
23:26:23.707 [AsyncHttpClient-1-8] DEBUG org.asynchttpclient.netty.handler.HttpHandler - 

Request DefaultHttpRequest(decodeResult: success, version: HTTP/1.1)
POST /session/f67e3194dcf87d4c72502fb5740a4956/element/408CDECE19FBDD338EA565C44E34BC3B_element_5/value HTTP/1.1
User-Agent: selenium/4.12.1 (java windows)
Content-Length: 177
Content-Type: application/json; charset=utf-8
host: localhost:30398
accept: */*

Response DefaultHttpResponse(decodeResult: success, version: HTTP/1.1)
HTTP/1.1 200 OK
Content-Length: 14
Content-Type: application/json; charset=utf-8
cache-control: no-cache

23:26:23.708 [AsyncHttpClient-1-8] DEBUG org.asynchttpclient.netty.channel.ChannelManager - Adding key: http://localhost:30398 for channel [id: 0x41e2957f, L:/127.0.0.1:60732 - R:localhost/127.0.0.1:30398]
23:26:23.711 [Forwarding findElement on session f67e3194dcf87d4c72502fb5740a4956 to remote] DEBUG org.asynchttpclient.netty.request.NettyRequestSender - Using pooled Channel '[id: 0x41e2957f, L:/127.0.0.1:60732 - R:localhost/127.0.0.1:30398]' for 'POST' to 'http://localhost:30398/session/f67e3194dcf87d4c72502fb5740a4956/element'
23:26:23.711 [Forwarding findElement on session f67e3194dcf87d4c72502fb5740a4956 to remote] DEBUG org.asynchttpclient.netty.request.NettyRequestSender - Using open Channel [id: 0x41e2957f, L:/127.0.0.1:60732 - R:localhost/127.0.0.1:30398] for POST '/session/f67e3194dcf87d4c72502fb5740a4956/element'
23:26:23.768 [AsyncHttpClient-1-8] DEBUG org.asynchttpclient.netty.handler.HttpHandler - 

Request DefaultHttpRequest(decodeResult: success, version: HTTP/1.1)
POST /session/f67e3194dcf87d4c72502fb5740a4956/element HTTP/1.1
User-Agent: selenium/4.12.1 (java windows)
Content-Length: 50
Content-Type: application/json; charset=utf-8
host: localhost:30398
accept: */*

Response DefaultHttpResponse(decodeResult: success, version: HTTP/1.1)
HTTP/1.1 200 OK
Content-Length: 95
Content-Type: application/json; charset=utf-8
cache-control: no-cache

23:26:23.768 [AsyncHttpClient-1-8] DEBUG org.asynchttpclient.netty.channel.ChannelManager - Adding key: http://localhost:30398 for channel [id: 0x41e2957f, L:/127.0.0.1:60732 - R:localhost/127.0.0.1:30398]
23:26:23.771 [Forwarding clickElement on session f67e3194dcf87d4c72502fb5740a4956 to remote] DEBUG org.asynchttpclient.netty.request.NettyRequestSender - Using pooled Channel '[id: 0x41e2957f, L:/127.0.0.1:60732 - R:localhost/127.0.0.1:30398]' for 'POST' to 'http://localhost:30398/session/f67e3194dcf87d4c72502fb5740a4956/element/408CDECE19FBDD338EA565C44E34BC3B_element_13/click'
23:26:23.771 [Forwarding clickElement on session f67e3194dcf87d4c72502fb5740a4956 to remote] DEBUG org.asynchttpclient.netty.request.NettyRequestSender - Using open Channel [id: 0x41e2957f, L:/127.0.0.1:60732 - R:localhost/127.0.0.1:30398] for POST '/session/f67e3194dcf87d4c72502fb5740a4956/element/408CDECE19FBDD338EA565C44E34BC3B_element_13/click'
23:26:24.319 [AsyncHttpClient-1-8] DEBUG org.asynchttpclient.netty.handler.HttpHandler - 

Request DefaultHttpRequest(decodeResult: success, version: HTTP/1.1)
POST /session/f67e3194dcf87d4c72502fb5740a4956/element/408CDECE19FBDD338EA565C44E34BC3B_element_13/click HTTP/1.1
User-Agent: selenium/4.12.1 (java windows)
Content-Length: 57
Content-Type: application/json; charset=utf-8
host: localhost:30398
accept: */*

Response DefaultHttpResponse(decodeResult: success, version: HTTP/1.1)
HTTP/1.1 200 OK
Content-Length: 14
Content-Type: application/json; charset=utf-8
cache-control: no-cache

23:26:24.320 [AsyncHttpClient-1-8] DEBUG org.asynchttpclient.netty.channel.ChannelManager - Adding key: http://localhost:30398 for channel [id: 0x41e2957f, L:/127.0.0.1:60732 - R:localhost/127.0.0.1:30398]
23:26:24.324 [Forwarding findElement on session f67e3194dcf87d4c72502fb5740a4956 to remote] DEBUG org.asynchttpclient.netty.request.NettyRequestSender - Using pooled Channel '[id: 0x41e2957f, L:/127.0.0.1:60732 - R:localhost/127.0.0.1:30398]' for 'POST' to 'http://localhost:30398/session/f67e3194dcf87d4c72502fb5740a4956/element'
23:26:24.324 [Forwarding findElement on session f67e3194dcf87d4c72502fb5740a4956 to remote] DEBUG org.asynchttpclient.netty.request.NettyRequestSender - Using open Channel [id: 0x41e2957f, L:/127.0.0.1:60732 - R:localhost/127.0.0.1:30398] for POST '/session/f67e3194dcf87d4c72502fb5740a4956/element'
23:26:24.469 [AsyncHttpClient-1-1] DEBUG org.asynchttpclient.netty.channel.DefaultChannelPool - Entry count for : http://localhost:15402 : 1
23:26:24.470 [AsyncHttpClient-1-1] DEBUG org.asynchttpclient.netty.channel.DefaultChannelPool - Entry count for : http://localhost:60733 : 1
23:26:25.096 [AsyncHttpClient-1-8] DEBUG org.asynchttpclient.netty.handler.HttpHandler - 

Request DefaultHttpRequest(decodeResult: success, version: HTTP/1.1)
POST /session/f67e3194dcf87d4c72502fb5740a4956/element HTTP/1.1
User-Agent: selenium/4.12.1 (java windows)
Content-Length: 68
Content-Type: application/json; charset=utf-8
host: localhost:30398
accept: */*

Response DefaultHttpResponse(decodeResult: success, version: HTTP/1.1)
HTTP/1.1 200 OK
Content-Length: 95
Content-Type: application/json; charset=utf-8
cache-control: no-cache

23:26:25.096 [AsyncHttpClient-1-8] DEBUG org.asynchttpclient.netty.channel.ChannelManager - Adding key: http://localhost:30398 for channel [id: 0x41e2957f, L:/127.0.0.1:60732 - R:localhost/127.0.0.1:30398]
23:26:25.100 [Forwarding clickElement on session f67e3194dcf87d4c72502fb5740a4956 to remote] DEBUG org.asynchttpclient.netty.request.NettyRequestSender - Using pooled Channel '[id: 0x41e2957f, L:/127.0.0.1:60732 - R:localhost/127.0.0.1:30398]' for 'POST' to 'http://localhost:30398/session/f67e3194dcf87d4c72502fb5740a4956/element/408CDECE19FBDD338EA565C44E34BC3B_element_59/click'
23:26:25.100 [Forwarding clickElement on session f67e3194dcf87d4c72502fb5740a4956 to remote] DEBUG org.asynchttpclient.netty.request.NettyRequestSender - Using open Channel [id: 0x41e2957f, L:/127.0.0.1:60732 - R:localhost/127.0.0.1:30398] for POST '/session/f67e3194dcf87d4c72502fb5740a4956/element/408CDECE19FBDD338EA565C44E34BC3B_element_59/click'
23:26:25.466 [AsyncHttpClient-1-8] DEBUG org.asynchttpclient.netty.handler.HttpHandler - 

Request DefaultHttpRequest(decodeResult: success, version: HTTP/1.1)
POST /session/f67e3194dcf87d4c72502fb5740a4956/element/408CDECE19FBDD338EA565C44E34BC3B_element_59/click HTTP/1.1
User-Agent: selenium/4.12.1 (java windows)
Content-Length: 57
Content-Type: application/json; charset=utf-8
host: localhost:30398
accept: */*

Response DefaultHttpResponse(decodeResult: success, version: HTTP/1.1)
HTTP/1.1 200 OK
Content-Length: 14
Content-Type: application/json; charset=utf-8
cache-control: no-cache

23:26:25.466 [AsyncHttpClient-1-8] DEBUG org.asynchttpclient.netty.channel.ChannelManager - Adding key: http://localhost:30398 for channel [id: 0x41e2957f, L:/127.0.0.1:60732 - R:localhost/127.0.0.1:30398]
23:26:25.478 [Forwarding findElements on session f67e3194dcf87d4c72502fb5740a4956 to remote] DEBUG org.asynchttpclient.netty.request.NettyRequestSender - Using pooled Channel '[id: 0x41e2957f, L:/127.0.0.1:60732 - R:localhost/127.0.0.1:30398]' for 'POST' to 'http://localhost:30398/session/f67e3194dcf87d4c72502fb5740a4956/elements'
23:26:25.478 [Forwarding findElements on session f67e3194dcf87d4c72502fb5740a4956 to remote] DEBUG org.asynchttpclient.netty.request.NettyRequestSender - Using open Channel [id: 0x41e2957f, L:/127.0.0.1:60732 - R:localhost/127.0.0.1:30398] for POST '/session/f67e3194dcf87d4c72502fb5740a4956/elements'
23:26:25.572 [AsyncHttpClient-1-1] DEBUG org.asynchttpclient.netty.channel.DefaultChannelPool - Entry count for : http://localhost:15402 : 1
23:26:25.572 [AsyncHttpClient-1-1] DEBUG org.asynchttpclient.netty.channel.DefaultChannelPool - Entry count for : http://localhost:60733 : 1
23:26:25.697 [AsyncHttpClient-1-8] DEBUG org.asynchttpclient.netty.handler.HttpHandler - 

Request DefaultHttpRequest(decodeResult: success, version: HTTP/1.1)
POST /session/f67e3194dcf87d4c72502fb5740a4956/elements HTTP/1.1
User-Agent: selenium/4.12.1 (java windows)
Content-Length: 62
Content-Type: application/json; charset=utf-8
host: localhost:30398
accept: */*

Response DefaultHttpResponse(decodeResult: success, version: HTTP/1.1)
HTTP/1.1 200 OK
Content-Length: 613
Content-Type: application/json; charset=utf-8
cache-control: no-cache

23:26:25.699 [AsyncHttpClient-1-8] DEBUG org.asynchttpclient.netty.channel.ChannelManager - Adding key: http://localhost:30398 for channel [id: 0x41e2957f, L:/127.0.0.1:60732 - R:localhost/127.0.0.1:30398]
23:26:25.704 [Forwarding getElementText on session f67e3194dcf87d4c72502fb5740a4956 to remote] DEBUG org.asynchttpclient.netty.request.NettyRequestSender - Using pooled Channel '[id: 0x41e2957f, L:/127.0.0.1:60732 - R:localhost/127.0.0.1:30398]' for 'GET' to 'http://localhost:30398/session/f67e3194dcf87d4c72502fb5740a4956/element/408CDECE19FBDD338EA565C44E34BC3B_element_89/text'
23:26:25.704 [Forwarding getElementText on session f67e3194dcf87d4c72502fb5740a4956 to remote] DEBUG org.asynchttpclient.netty.request.NettyRequestSender - Using open Channel [id: 0x41e2957f, L:/127.0.0.1:60732 - R:localhost/127.0.0.1:30398] for GET '/session/f67e3194dcf87d4c72502fb5740a4956/element/408CDECE19FBDD338EA565C44E34BC3B_element_89/text'
23:26:25.815 [AsyncHttpClient-1-8] DEBUG org.asynchttpclient.netty.handler.HttpHandler - 

Request DefaultFullHttpRequest(decodeResult: success, version: HTTP/1.1, content: EmptyByteBufBE)
GET /session/f67e3194dcf87d4c72502fb5740a4956/element/408CDECE19FBDD338EA565C44E34BC3B_element_89/text HTTP/1.1
Cache-Control: no-cache
User-Agent: selenium/4.12.1 (java windows)
Content-Type: application/json; charset=utf-8
host: localhost:30398
accept: */*

Response DefaultHttpResponse(decodeResult: success, version: HTTP/1.1)
HTTP/1.1 200 OK
Content-Length: 23
Content-Type: application/json; charset=utf-8
cache-control: no-cache

23:26:25.816 [AsyncHttpClient-1-8] DEBUG org.asynchttpclient.netty.channel.ChannelManager - Adding key: http://localhost:30398 for channel [id: 0x41e2957f, L:/127.0.0.1:60732 - R:localhost/127.0.0.1:30398]
]]></system-out>
    <system-err><![CDATA[Mar 19, 2024 11:25:52 PM org.openqa.selenium.remote.http.WebSocket$Listener onError
WARNING: Connection reset
java.net.SocketException: Connection reset
	at java.base/sun.nio.ch.SocketChannelImpl.throwConnectionReset(SocketChannelImpl.java:401)
	at java.base/sun.nio.ch.SocketChannelImpl.read(SocketChannelImpl.java:434)
	at io.netty.buffer.PooledByteBuf.setBytes(PooledByteBuf.java:254)
	at io.netty.buffer.AbstractByteBuf.writeBytes(AbstractByteBuf.java:1132)
	at io.netty.channel.socket.nio.NioSocketChannel.doReadBytes(NioSocketChannel.java:357)
	at io.netty.channel.nio.AbstractNioByteChannel$NioByteUnsafe.read(AbstractNioByteChannel.java:151)
	at io.netty.channel.nio.NioEventLoop.processSelectedKey(NioEventLoop.java:788)
	at io.netty.channel.nio.NioEventLoop.processSelectedKeysOptimized(NioEventLoop.java:724)
	at io.netty.channel.nio.NioEventLoop.processSelectedKeys(NioEventLoop.java:650)
	at io.netty.channel.nio.NioEventLoop.run(NioEventLoop.java:562)
	at io.netty.util.concurrent.SingleThreadEventExecutor$4.run(SingleThreadEventExecutor.java:997)
	at io.netty.util.internal.ThreadExecutorMap$2.run(ThreadExecutorMap.java:74)
	at io.netty.util.concurrent.FastThreadLocalRunnable.run(FastThreadLocalRunnable.java:30)
	at java.base/java.lang.Thread.run(Thread.java:1623)

Mar 19, 2024 11:26:13 PM org.openqa.selenium.devtools.CdpVersionFinder findNearestMatch
WARNING: Unable to find an exact match for CDP version 120, so returning the closest version found: 116
]]></system-err>
  </testcase>
  <testcase name="productErrorValidation" classname="nandha.tests.ErrorValidationsTest" time="17.134">
    <failure message="expected [false] but found [true]" type="java.lang.AssertionError"><![CDATA[java.lang.AssertionError: expected [false] but found [true]
	at org.testng.Assert.fail(Assert.java:111)
	at org.testng.Assert.failNotEquals(Assert.java:1578)
	at org.testng.Assert.assertFalse(Assert.java:79)
	at org.testng.Assert.assertFalse(Assert.java:89)
	at nandha.tests.ErrorValidationsTest.productErrorValidation(ErrorValidationsTest.java:45)
	at java.base/jdk.internal.reflect.DirectMethodHandleAccessor.invoke(DirectMethodHandleAccessor.java:104)
	at java.base/java.lang.reflect.Method.invoke(Method.java:578)
	at org.testng.internal.invokers.MethodInvocationHelper.invokeMethod(MethodInvocationHelper.java:139)
	at org.testng.internal.invokers.TestInvoker.invokeMethod(TestInvoker.java:664)
	at org.testng.internal.invokers.TestInvoker.invokeTestMethod(TestInvoker.java:228)
	at org.testng.internal.invokers.MethodRunner.runInSequence(MethodRunner.java:63)
	at org.testng.internal.invokers.TestInvoker$MethodInvocationAgent.invoke(TestInvoker.java:961)
	at org.testng.internal.invokers.TestInvoker.invokeTestMethods(TestInvoker.java:201)
	at org.testng.internal.invokers.TestMethodWorker.invokeTestMethods(TestMethodWorker.java:148)
	at org.testng.internal.invokers.TestMethodWorker.run(TestMethodWorker.java:128)
	at java.base/java.util.ArrayList.forEach(ArrayList.java:1511)
	at org.testng.TestRunner.privateRun(TestRunner.java:819)
	at org.testng.TestRunner.run(TestRunner.java:619)
	at org.testng.SuiteRunner.runTest(SuiteRunner.java:443)
	at org.testng.SuiteRunner.runSequentially(SuiteRunner.java:437)
	at org.testng.SuiteRunner.privateRun(SuiteRunner.java:397)
	at org.testng.SuiteRunner.run(SuiteRunner.java:336)
	at org.testng.SuiteRunnerWorker.runSuite(SuiteRunnerWorker.java:52)
	at org.testng.SuiteRunnerWorker.run(SuiteRunnerWorker.java:95)
	at org.testng.TestNG.runSuitesSequentially(TestNG.java:1301)
	at org.testng.TestNG.runSuitesLocally(TestNG.java:1228)
	at org.testng.TestNG.runSuites(TestNG.java:1134)
	at org.testng.TestNG.run(TestNG.java:1101)
	at org.apache.maven.surefire.testng.TestNGExecutor.run(TestNGExecutor.java:308)
	at org.apache.maven.surefire.testng.TestNGXmlTestSuite.execute(TestNGXmlTestSuite.java:71)
	at org.apache.maven.surefire.testng.TestNGProvider.invoke(TestNGProvider.java:113)
	at org.apache.maven.surefire.booter.ForkedBooter.runSuitesInProcess(ForkedBooter.java:385)
	at org.apache.maven.surefire.booter.ForkedBooter.execute(ForkedBooter.java:162)
	at org.apache.maven.surefire.booter.ForkedBooter.run(ForkedBooter.java:507)
	at org.apache.maven.surefire.booter.ForkedBooter.main(ForkedBooter.java:495)
]]></failure>
    <system-out><![CDATA[23:26:25.821 [Forwarding close on session f67e3194dcf87d4c72502fb5740a4956 to remote] DEBUG org.asynchttpclient.netty.request.NettyRequestSender - Using pooled Channel '[id: 0x41e2957f, L:/127.0.0.1:60732 - R:localhost/127.0.0.1:30398]' for 'DELETE' to 'http://localhost:30398/session/f67e3194dcf87d4c72502fb5740a4956/window'
23:26:25.821 [Forwarding close on session f67e3194dcf87d4c72502fb5740a4956 to remote] DEBUG org.asynchttpclient.netty.request.NettyRequestSender - Using open Channel [id: 0x41e2957f, L:/127.0.0.1:60732 - R:localhost/127.0.0.1:30398] for DELETE '/session/f67e3194dcf87d4c72502fb5740a4956/window'
23:26:26.323 [AsyncHttpClient-1-9] DEBUG org.asynchttpclient.netty.handler.HttpHandler - Unexpected I/O exception on channel [id: 0x937bfb12, L:/127.0.0.1:60743 - R:localhost/127.0.0.1:60733]
java.net.SocketException: Connection reset
	at java.base/sun.nio.ch.SocketChannelImpl.throwConnectionReset(SocketChannelImpl.java:401)
	at java.base/sun.nio.ch.SocketChannelImpl.read(SocketChannelImpl.java:434)
	at io.netty.buffer.PooledByteBuf.setBytes(PooledByteBuf.java:254)
	at io.netty.buffer.AbstractByteBuf.writeBytes(AbstractByteBuf.java:1132)
	at io.netty.channel.socket.nio.NioSocketChannel.doReadBytes(NioSocketChannel.java:357)
	at io.netty.channel.nio.AbstractNioByteChannel$NioByteUnsafe.read(AbstractNioByteChannel.java:151)
	at io.netty.channel.nio.NioEventLoop.processSelectedKey(NioEventLoop.java:788)
	at io.netty.channel.nio.NioEventLoop.processSelectedKeysOptimized(NioEventLoop.java:724)
	at io.netty.channel.nio.NioEventLoop.processSelectedKeys(NioEventLoop.java:650)
	at io.netty.channel.nio.NioEventLoop.run(NioEventLoop.java:562)
	at io.netty.util.concurrent.SingleThreadEventExecutor$4.run(SingleThreadEventExecutor.java:997)
	at io.netty.util.internal.ThreadExecutorMap$2.run(ThreadExecutorMap.java:74)
	at io.netty.util.concurrent.FastThreadLocalRunnable.run(FastThreadLocalRunnable.java:30)
	at java.base/java.lang.Thread.run(Thread.java:1623)
23:26:26.323 [AsyncHttpClient-1-10] DEBUG org.asynchttpclient.netty.handler.WebSocketHandler - Unexpected I/O exception on channel [id: 0x000c42e3, L:/127.0.0.1:60745 - R:localhost/127.0.0.1:60733]
java.net.SocketException: Connection reset
	at java.base/sun.nio.ch.SocketChannelImpl.throwConnectionReset(SocketChannelImpl.java:401)
	at java.base/sun.nio.ch.SocketChannelImpl.read(SocketChannelImpl.java:434)
	at io.netty.buffer.PooledByteBuf.setBytes(PooledByteBuf.java:254)
	at io.netty.buffer.AbstractByteBuf.writeBytes(AbstractByteBuf.java:1132)
	at io.netty.channel.socket.nio.NioSocketChannel.doReadBytes(NioSocketChannel.java:357)
	at io.netty.channel.nio.AbstractNioByteChannel$NioByteUnsafe.read(AbstractNioByteChannel.java:151)
	at io.netty.channel.nio.NioEventLoop.processSelectedKey(NioEventLoop.java:788)
	at io.netty.channel.nio.NioEventLoop.processSelectedKeysOptimized(NioEventLoop.java:724)
	at io.netty.channel.nio.NioEventLoop.processSelectedKeys(NioEventLoop.java:650)
	at io.netty.channel.nio.NioEventLoop.run(NioEventLoop.java:562)
	at io.netty.util.concurrent.SingleThreadEventExecutor$4.run(SingleThreadEventExecutor.java:997)
	at io.netty.util.internal.ThreadExecutorMap$2.run(ThreadExecutorMap.java:74)
	at io.netty.util.concurrent.FastThreadLocalRunnable.run(FastThreadLocalRunnable.java:30)
	at java.base/java.lang.Thread.run(Thread.java:1623)
23:26:26.323 [AsyncHttpClient-1-9] DEBUG org.asynchttpclient.netty.channel.ChannelManager - Closing Channel [id: 0x937bfb12, L:/127.0.0.1:60743 - R:localhost/127.0.0.1:60733] 
23:26:26.323 [AsyncHttpClient-1-10] DEBUG org.asynchttpclient.netty.handler.WebSocketHandler - Was unable to recover Future: NettyResponseFuture{currentRetry=0,
	isDone=1,
	isCancelled=0,
	asyncHandler=org.asynchttpclient.ws.WebSocketUpgradeHandler@34354bfb,
	nettyRequest=org.asynchttpclient.netty.request.NettyRequest@7137c319,
	future=java.util.concurrent.CompletableFuture@26297ccc[Completed normally],
	uri=ws://localhost:60733/devtools/browser/ee25ced2-498b-4741-a6dc-a697045fe297,
	keepAlive=true,
	redirectCount=0,
	timeoutsHolder=null,
	inAuth=0,
	touch=1710870986323}
23:26:26.323 [AsyncHttpClient-1-10] DEBUG org.asynchttpclient.netty.channel.ChannelManager - Closing Channel [id: 0x000c42e3, L:/127.0.0.1:60745 - R:localhost/127.0.0.1:60733] 
23:26:26.323 [AsyncHttpClient-1-9] DEBUG org.asynchttpclient.netty.handler.HttpHandler - Channel Closed: [id: 0x937bfb12, L:/127.0.0.1:60743 ! R:localhost/127.0.0.1:60733] with attribute DISCARD
23:26:26.323 [AsyncHttpClient-1-10] WARN org.asynchttpclient.netty.handler.WebSocketHandler - onError
java.net.SocketException: Connection reset
	at java.base/sun.nio.ch.SocketChannelImpl.throwConnectionReset(SocketChannelImpl.java:401)
	at java.base/sun.nio.ch.SocketChannelImpl.read(SocketChannelImpl.java:434)
	at io.netty.buffer.PooledByteBuf.setBytes(PooledByteBuf.java:254)
	at io.netty.buffer.AbstractByteBuf.writeBytes(AbstractByteBuf.java:1132)
	at io.netty.channel.socket.nio.NioSocketChannel.doReadBytes(NioSocketChannel.java:357)
	at io.netty.channel.nio.AbstractNioByteChannel$NioByteUnsafe.read(AbstractNioByteChannel.java:151)
	at io.netty.channel.nio.NioEventLoop.processSelectedKey(NioEventLoop.java:788)
	at io.netty.channel.nio.NioEventLoop.processSelectedKeysOptimized(NioEventLoop.java:724)
	at io.netty.channel.nio.NioEventLoop.processSelectedKeys(NioEventLoop.java:650)
	at io.netty.channel.nio.NioEventLoop.run(NioEventLoop.java:562)
	at io.netty.util.concurrent.SingleThreadEventExecutor$4.run(SingleThreadEventExecutor.java:997)
	at io.netty.util.internal.ThreadExecutorMap$2.run(ThreadExecutorMap.java:74)
	at io.netty.util.concurrent.FastThreadLocalRunnable.run(FastThreadLocalRunnable.java:30)
	at java.base/java.lang.Thread.run(Thread.java:1623)
23:26:26.325 [AsyncHttpClient-1-10] DEBUG org.asynchttpclient.netty.channel.ChannelManager - Closing Channel [id: 0x000c42e3, L:/127.0.0.1:60745 ! R:localhost/127.0.0.1:60733] 
23:26:26.325 [AsyncHttpClient-1-10] DEBUG org.asynchttpclient.netty.handler.WebSocketHandler - Channel Closed: [id: 0x000c42e3, L:/127.0.0.1:60745 ! R:localhost/127.0.0.1:60733] with attribute DISCARD
23:26:26.388 [AsyncHttpClient-1-8] DEBUG org.asynchttpclient.netty.handler.HttpHandler - 

Request DefaultFullHttpRequest(decodeResult: success, version: HTTP/1.1, content: EmptyByteBufBE)
DELETE /session/f67e3194dcf87d4c72502fb5740a4956/window HTTP/1.1
User-Agent: selenium/4.12.1 (java windows)
Content-Type: application/json; charset=utf-8
host: localhost:30398
accept: */*

Response DefaultHttpResponse(decodeResult: success, version: HTTP/1.1)
HTTP/1.1 200 OK
Content-Length: 12
Content-Type: application/json; charset=utf-8
cache-control: no-cache

23:26:26.389 [AsyncHttpClient-1-8] DEBUG org.asynchttpclient.netty.channel.ChannelManager - Adding key: http://localhost:30398 for channel [id: 0x41e2957f, L:/127.0.0.1:60732 - R:localhost/127.0.0.1:30398]
23:26:26.666 [AsyncHttpClient-1-1] DEBUG org.asynchttpclient.netty.channel.DefaultChannelPool - Entry count for : http://localhost:15402 : 1
23:26:26.666 [AsyncHttpClient-1-1] DEBUG org.asynchttpclient.netty.channel.DefaultChannelPool - Entry count for : http://localhost:60733 : 1
23:26:26.666 [AsyncHttpClient-1-1] DEBUG org.asynchttpclient.netty.channel.DefaultChannelPool - Entry count for : http://localhost:30398 : 1
23:26:26.669 [AsyncHttpClient-1-1] DEBUG org.asynchttpclient.netty.channel.DefaultChannelPool - Adding Candidate expired Channel [id: 0x937bfb12, L:/127.0.0.1:60743 ! R:localhost/127.0.0.1:60733] isIdleTimeoutExpired=false isRemotelyClosed=true isTtlExpired=false
23:26:26.669 [AsyncHttpClient-1-1] DEBUG org.asynchttpclient.netty.channel.DefaultChannelPool - Closing Idle Channel [id: 0x937bfb12, L:/127.0.0.1:60743 ! R:localhost/127.0.0.1:60733]
23:26:26.669 [AsyncHttpClient-1-1] DEBUG org.asynchttpclient.netty.channel.DefaultChannelPool - Closed 1 connections out of 3 in 3 ms
23:26:27.768 [AsyncHttpClient-1-1] DEBUG org.asynchttpclient.netty.channel.DefaultChannelPool - Entry count for : http://localhost:15402 : 1
23:26:27.769 [AsyncHttpClient-1-1] DEBUG org.asynchttpclient.netty.channel.DefaultChannelPool - Entry count for : http://localhost:30398 : 1
23:26:28.866 [AsyncHttpClient-1-1] DEBUG org.asynchttpclient.netty.channel.DefaultChannelPool - Entry count for : http://localhost:15402 : 1
23:26:28.866 [AsyncHttpClient-1-1] DEBUG org.asynchttpclient.netty.channel.DefaultChannelPool - Entry count for : http://localhost:30398 : 1
23:26:29.969 [AsyncHttpClient-1-1] DEBUG org.asynchttpclient.netty.channel.DefaultChannelPool - Entry count for : http://localhost:15402 : 1
23:26:29.969 [AsyncHttpClient-1-1] DEBUG org.asynchttpclient.netty.channel.DefaultChannelPool - Entry count for : http://localhost:30398 : 1
23:26:31.074 [AsyncHttpClient-1-1] DEBUG org.asynchttpclient.netty.channel.DefaultChannelPool - Entry count for : http://localhost:15402 : 1
23:26:31.075 [AsyncHttpClient-1-1] DEBUG org.asynchttpclient.netty.channel.DefaultChannelPool - Entry count for : http://localhost:30398 : 1
23:26:32.165 [AsyncHttpClient-1-1] DEBUG org.asynchttpclient.netty.channel.DefaultChannelPool - Entry count for : http://localhost:15402 : 1
23:26:32.165 [AsyncHttpClient-1-1] DEBUG org.asynchttpclient.netty.channel.DefaultChannelPool - Entry count for : http://localhost:30398 : 1
23:26:33.265 [AsyncHttpClient-1-1] DEBUG org.asynchttpclient.netty.channel.DefaultChannelPool - Entry count for : http://localhost:15402 : 1
23:26:33.265 [AsyncHttpClient-1-1] DEBUG org.asynchttpclient.netty.channel.DefaultChannelPool - Entry count for : http://localhost:30398 : 1
23:26:34.366 [AsyncHttpClient-1-1] DEBUG org.asynchttpclient.netty.channel.DefaultChannelPool - Entry count for : http://localhost:15402 : 1
23:26:34.366 [AsyncHttpClient-1-1] DEBUG org.asynchttpclient.netty.channel.DefaultChannelPool - Entry count for : http://localhost:30398 : 1
23:26:35.465 [AsyncHttpClient-1-1] DEBUG org.asynchttpclient.netty.channel.DefaultChannelPool - Entry count for : http://localhost:15402 : 1
23:26:35.465 [AsyncHttpClient-1-1] DEBUG org.asynchttpclient.netty.channel.DefaultChannelPool - Entry count for : http://localhost:30398 : 1
23:26:36.567 [AsyncHttpClient-1-1] DEBUG org.asynchttpclient.netty.channel.DefaultChannelPool - Entry count for : http://localhost:15402 : 1
23:26:36.567 [AsyncHttpClient-1-1] DEBUG org.asynchttpclient.netty.channel.DefaultChannelPool - Entry count for : http://localhost:30398 : 1
23:26:37.671 [AsyncHttpClient-1-1] DEBUG org.asynchttpclient.netty.channel.DefaultChannelPool - Entry count for : http://localhost:15402 : 1
23:26:37.671 [AsyncHttpClient-1-1] DEBUG org.asynchttpclient.netty.channel.DefaultChannelPool - Entry count for : http://localhost:30398 : 1
23:26:38.767 [AsyncHttpClient-1-1] DEBUG org.asynchttpclient.netty.channel.DefaultChannelPool - Entry count for : http://localhost:15402 : 1
23:26:38.767 [AsyncHttpClient-1-1] DEBUG org.asynchttpclient.netty.channel.DefaultChannelPool - Entry count for : http://localhost:30398 : 1
23:26:39.221 [AsyncHttpClient-1-11] DEBUG org.asynchttpclient.netty.channel.NettyConnectListener - Using new Channel '[id: 0x83092c26, L:/127.0.0.1:60775 - R:localhost/127.0.0.1:46050]' for 'POST' to '/session'
23:26:39.867 [AsyncHttpClient-1-1] DEBUG org.asynchttpclient.netty.channel.DefaultChannelPool - Entry count for : http://localhost:15402 : 1
23:26:39.868 [AsyncHttpClient-1-1] DEBUG org.asynchttpclient.netty.channel.DefaultChannelPool - Entry count for : http://localhost:30398 : 1
23:26:40.975 [AsyncHttpClient-1-1] DEBUG org.asynchttpclient.netty.channel.DefaultChannelPool - Entry count for : http://localhost:15402 : 1
23:26:40.975 [AsyncHttpClient-1-1] DEBUG org.asynchttpclient.netty.channel.DefaultChannelPool - Entry count for : http://localhost:30398 : 1
23:26:42.078 [AsyncHttpClient-1-1] DEBUG org.asynchttpclient.netty.channel.DefaultChannelPool - Entry count for : http://localhost:15402 : 1
23:26:42.078 [AsyncHttpClient-1-1] DEBUG org.asynchttpclient.netty.channel.DefaultChannelPool - Entry count for : http://localhost:30398 : 1
23:26:43.167 [AsyncHttpClient-1-1] DEBUG org.asynchttpclient.netty.channel.DefaultChannelPool - Entry count for : http://localhost:15402 : 1
23:26:43.167 [AsyncHttpClient-1-1] DEBUG org.asynchttpclient.netty.channel.DefaultChannelPool - Entry count for : http://localhost:30398 : 1
23:26:44.284 [AsyncHttpClient-1-1] DEBUG org.asynchttpclient.netty.channel.DefaultChannelPool - Entry count for : http://localhost:15402 : 1
23:26:44.284 [AsyncHttpClient-1-1] DEBUG org.asynchttpclient.netty.channel.DefaultChannelPool - Entry count for : http://localhost:30398 : 1
23:26:45.365 [AsyncHttpClient-1-1] DEBUG org.asynchttpclient.netty.channel.DefaultChannelPool - Entry count for : http://localhost:15402 : 1
23:26:45.365 [AsyncHttpClient-1-1] DEBUG org.asynchttpclient.netty.channel.DefaultChannelPool - Entry count for : http://localhost:30398 : 1
23:26:46.465 [AsyncHttpClient-1-1] DEBUG org.asynchttpclient.netty.channel.DefaultChannelPool - Entry count for : http://localhost:15402 : 1
23:26:46.465 [AsyncHttpClient-1-1] DEBUG org.asynchttpclient.netty.channel.DefaultChannelPool - Entry count for : http://localhost:30398 : 1
23:26:47.582 [AsyncHttpClient-1-1] DEBUG org.asynchttpclient.netty.channel.DefaultChannelPool - Entry count for : http://localhost:15402 : 1
23:26:47.582 [AsyncHttpClient-1-1] DEBUG org.asynchttpclient.netty.channel.DefaultChannelPool - Entry count for : http://localhost:30398 : 1
23:26:48.673 [AsyncHttpClient-1-1] DEBUG org.asynchttpclient.netty.channel.DefaultChannelPool - Entry count for : http://localhost:15402 : 1
23:26:48.673 [AsyncHttpClient-1-1] DEBUG org.asynchttpclient.netty.channel.DefaultChannelPool - Entry count for : http://localhost:30398 : 1
23:26:49.780 [AsyncHttpClient-1-1] DEBUG org.asynchttpclient.netty.channel.DefaultChannelPool - Entry count for : http://localhost:15402 : 1
23:26:49.780 [AsyncHttpClient-1-1] DEBUG org.asynchttpclient.netty.channel.DefaultChannelPool - Entry count for : http://localhost:30398 : 1
23:26:50.003 [AsyncHttpClient-1-11] DEBUG org.asynchttpclient.netty.handler.HttpHandler - 

Request DefaultHttpRequest(decodeResult: success, version: HTTP/1.1)
POST /session HTTP/1.1
User-Agent: selenium/4.12.1 (java windows)
Content-Length: 336
Content-Type: application/json; charset=utf-8
host: localhost:46050
accept: */*

Response DefaultHttpResponse(decodeResult: success, version: HTTP/1.1)
HTTP/1.1 200 OK
Content-Length: 885
Content-Type: application/json; charset=utf-8
cache-control: no-cache

23:26:50.005 [AsyncHttpClient-1-11] DEBUG org.asynchttpclient.netty.channel.ChannelManager - Adding key: http://localhost:46050 for channel [id: 0x83092c26, L:/127.0.0.1:60775 - R:localhost/127.0.0.1:46050]
23:26:50.038 [AsyncHttpClient-1-12] DEBUG org.asynchttpclient.netty.channel.NettyConnectListener - Using new Channel '[id: 0x3b557dfb, L:/127.0.0.1:60788 - R:localhost/127.0.0.1:60778]' for 'GET' to '/json/version'
23:26:50.068 [AsyncHttpClient-1-12] DEBUG org.asynchttpclient.netty.handler.HttpHandler - 

Request DefaultFullHttpRequest(decodeResult: success, version: HTTP/1.1, content: EmptyByteBufBE)
GET /json/version HTTP/1.1
User-Agent: selenium/4.12.1 (java windows)
host: localhost:60778
accept: */*

Response DefaultHttpResponse(decodeResult: success, version: HTTP/1.1)
HTTP/1.1 200 OK
Content-Security-Policy: frame-ancestors 'none'
Content-Length: 424
Content-Type: application/json; charset=UTF-8

23:26:50.068 [AsyncHttpClient-1-12] DEBUG org.asynchttpclient.netty.channel.ChannelManager - Adding key: http://localhost:60778 for channel [id: 0x3b557dfb, L:/127.0.0.1:60788 - R:localhost/127.0.0.1:60778]
23:26:50.083 [AsyncHttpClient-1-13] DEBUG org.asynchttpclient.netty.channel.NettyConnectListener - Using new Channel '[id: 0x8e5078ce, L:/127.0.0.1:60789 - R:localhost/127.0.0.1:60778]' for 'GET' to '/devtools/browser/00503a57-e7b7-4ad9-916c-ae7e76971582'
23:26:50.095 [AsyncHttpClient-1-13] DEBUG org.asynchttpclient.netty.handler.WebSocketHandler - 

Request DefaultFullHttpRequest(decodeResult: success, version: HTTP/1.1, content: EmptyByteBufBE)
GET /devtools/browser/00503a57-e7b7-4ad9-916c-ae7e76971582 HTTP/1.1
upgrade: websocket
connection: upgrade
sec-websocket-key: 7oHVXOhjuSXZ/uhCfXtPxA==
sec-websocket-version: 13
origin: http://localhost:60778
host: localhost:60778
accept: */*
user-agent: AHC/2.1

Response DefaultHttpResponse(decodeResult: success, version: HTTP/1.1)
HTTP/1.1 101 WebSocket Protocol Handshake
Upgrade: WebSocket
Connection: Upgrade
Sec-WebSocket-Accept: WAnTpaw480LK8O4wscueWVaftnE=

23:26:50.112 [Forwarding setTimeout on session 5c3990f7759193796ae62fceece4855f to remote] DEBUG org.asynchttpclient.netty.request.NettyRequestSender - Using pooled Channel '[id: 0x83092c26, L:/127.0.0.1:60775 - R:localhost/127.0.0.1:46050]' for 'POST' to 'http://localhost:46050/session/5c3990f7759193796ae62fceece4855f/timeouts'
23:26:50.113 [Forwarding setTimeout on session 5c3990f7759193796ae62fceece4855f to remote] DEBUG org.asynchttpclient.netty.request.NettyRequestSender - Using open Channel [id: 0x83092c26, L:/127.0.0.1:60775 - R:localhost/127.0.0.1:46050] for POST '/session/5c3990f7759193796ae62fceece4855f/timeouts'
23:26:50.116 [AsyncHttpClient-1-11] DEBUG org.asynchttpclient.netty.handler.HttpHandler - 

Request DefaultHttpRequest(decodeResult: success, version: HTTP/1.1)
POST /session/5c3990f7759193796ae62fceece4855f/timeouts HTTP/1.1
User-Agent: selenium/4.12.1 (java windows)
Content-Length: 23
Content-Type: application/json; charset=utf-8
host: localhost:46050
accept: */*

Response DefaultHttpResponse(decodeResult: success, version: HTTP/1.1)
HTTP/1.1 200 OK
Content-Length: 14
Content-Type: application/json; charset=utf-8
cache-control: no-cache

23:26:50.116 [AsyncHttpClient-1-11] DEBUG org.asynchttpclient.netty.channel.ChannelManager - Adding key: http://localhost:46050 for channel [id: 0x83092c26, L:/127.0.0.1:60775 - R:localhost/127.0.0.1:46050]
23:26:50.120 [Forwarding maximizeCurrentWindow on session 5c3990f7759193796ae62fceece4855f to remote] DEBUG org.asynchttpclient.netty.request.NettyRequestSender - Using pooled Channel '[id: 0x83092c26, L:/127.0.0.1:60775 - R:localhost/127.0.0.1:46050]' for 'POST' to 'http://localhost:46050/session/5c3990f7759193796ae62fceece4855f/window/maximize'
23:26:50.120 [Forwarding maximizeCurrentWindow on session 5c3990f7759193796ae62fceece4855f to remote] DEBUG org.asynchttpclient.netty.request.NettyRequestSender - Using open Channel [id: 0x83092c26, L:/127.0.0.1:60775 - R:localhost/127.0.0.1:46050] for POST '/session/5c3990f7759193796ae62fceece4855f/window/maximize'
23:26:50.378 [AsyncHttpClient-1-11] DEBUG org.asynchttpclient.netty.handler.HttpHandler - 

Request DefaultHttpRequest(decodeResult: success, version: HTTP/1.1)
POST /session/5c3990f7759193796ae62fceece4855f/window/maximize HTTP/1.1
User-Agent: selenium/4.12.1 (java windows)
Content-Length: 3
Content-Type: application/json; charset=utf-8
host: localhost:46050
accept: */*

Response DefaultHttpResponse(decodeResult: success, version: HTTP/1.1)
HTTP/1.1 200 OK
Content-Length: 51
Content-Type: application/json; charset=utf-8
cache-control: no-cache

23:26:50.379 [AsyncHttpClient-1-11] DEBUG org.asynchttpclient.netty.channel.ChannelManager - Adding key: http://localhost:46050 for channel [id: 0x83092c26, L:/127.0.0.1:60775 - R:localhost/127.0.0.1:46050]
23:26:50.384 [Forwarding get on session 5c3990f7759193796ae62fceece4855f to remote] DEBUG org.asynchttpclient.netty.request.NettyRequestSender - Using pooled Channel '[id: 0x83092c26, L:/127.0.0.1:60775 - R:localhost/127.0.0.1:46050]' for 'POST' to 'http://localhost:46050/session/5c3990f7759193796ae62fceece4855f/url'
23:26:50.384 [Forwarding get on session 5c3990f7759193796ae62fceece4855f to remote] DEBUG org.asynchttpclient.netty.request.NettyRequestSender - Using open Channel [id: 0x83092c26, L:/127.0.0.1:60775 - R:localhost/127.0.0.1:46050] for POST '/session/5c3990f7759193796ae62fceece4855f/url'
23:26:50.866 [AsyncHttpClient-1-1] DEBUG org.asynchttpclient.netty.channel.DefaultChannelPool - Entry count for : http://localhost:15402 : 1
23:26:50.866 [AsyncHttpClient-1-1] DEBUG org.asynchttpclient.netty.channel.DefaultChannelPool - Entry count for : http://localhost:60778 : 1
23:26:50.866 [AsyncHttpClient-1-1] DEBUG org.asynchttpclient.netty.channel.DefaultChannelPool - Entry count for : http://localhost:30398 : 1
23:26:51.975 [AsyncHttpClient-1-1] DEBUG org.asynchttpclient.netty.channel.DefaultChannelPool - Entry count for : http://localhost:15402 : 1
23:26:51.975 [AsyncHttpClient-1-1] DEBUG org.asynchttpclient.netty.channel.DefaultChannelPool - Entry count for : http://localhost:60778 : 1
23:26:51.975 [AsyncHttpClient-1-1] DEBUG org.asynchttpclient.netty.channel.DefaultChannelPool - Entry count for : http://localhost:30398 : 1
23:26:53.067 [AsyncHttpClient-1-1] DEBUG org.asynchttpclient.netty.channel.DefaultChannelPool - Entry count for : http://localhost:15402 : 1
23:26:53.067 [AsyncHttpClient-1-1] DEBUG org.asynchttpclient.netty.channel.DefaultChannelPool - Entry count for : http://localhost:60778 : 1
23:26:53.067 [AsyncHttpClient-1-1] DEBUG org.asynchttpclient.netty.channel.DefaultChannelPool - Entry count for : http://localhost:30398 : 1
23:26:54.170 [AsyncHttpClient-1-1] DEBUG org.asynchttpclient.netty.channel.DefaultChannelPool - Entry count for : http://localhost:15402 : 1
23:26:54.170 [AsyncHttpClient-1-1] DEBUG org.asynchttpclient.netty.channel.DefaultChannelPool - Entry count for : http://localhost:60778 : 1
23:26:54.171 [AsyncHttpClient-1-1] DEBUG org.asynchttpclient.netty.channel.DefaultChannelPool - Entry count for : http://localhost:30398 : 1
23:26:54.171 [AsyncHttpClient-1-1] DEBUG org.asynchttpclient.netty.channel.DefaultChannelPool - Adding Candidate expired Channel [id: 0x579f6839, L:/127.0.0.1:60673 - R:localhost/127.0.0.1:15402] isIdleTimeoutExpired=true isRemotelyClosed=false isTtlExpired=false
23:26:54.171 [AsyncHttpClient-1-1] DEBUG org.asynchttpclient.netty.channel.DefaultChannelPool - Closing Idle Channel [id: 0x579f6839, L:/127.0.0.1:60673 - R:localhost/127.0.0.1:15402]
23:26:54.171 [AsyncHttpClient-1-1] DEBUG org.asynchttpclient.netty.channel.DefaultChannelPool - Closed 1 connections out of 3 in 0 ms
23:26:54.172 [AsyncHttpClient-1-5] DEBUG org.asynchttpclient.netty.handler.HttpHandler - Channel Closed: [id: 0x579f6839, L:/127.0.0.1:60673 ! R:localhost/127.0.0.1:15402] with attribute DISCARD
23:26:55.266 [AsyncHttpClient-1-1] DEBUG org.asynchttpclient.netty.channel.DefaultChannelPool - Entry count for : http://localhost:60778 : 1
23:26:55.266 [AsyncHttpClient-1-1] DEBUG org.asynchttpclient.netty.channel.DefaultChannelPool - Entry count for : http://localhost:30398 : 1
23:26:56.365 [AsyncHttpClient-1-1] DEBUG org.asynchttpclient.netty.channel.DefaultChannelPool - Entry count for : http://localhost:60778 : 1
23:26:56.365 [AsyncHttpClient-1-1] DEBUG org.asynchttpclient.netty.channel.DefaultChannelPool - Entry count for : http://localhost:30398 : 1
23:26:57.467 [AsyncHttpClient-1-1] DEBUG org.asynchttpclient.netty.channel.DefaultChannelPool - Entry count for : http://localhost:60778 : 1
23:26:57.467 [AsyncHttpClient-1-1] DEBUG org.asynchttpclient.netty.channel.DefaultChannelPool - Entry count for : http://localhost:30398 : 1
23:26:58.574 [AsyncHttpClient-1-1] DEBUG org.asynchttpclient.netty.channel.DefaultChannelPool - Entry count for : http://localhost:60778 : 1
23:26:58.574 [AsyncHttpClient-1-1] DEBUG org.asynchttpclient.netty.channel.DefaultChannelPool - Entry count for : http://localhost:30398 : 1
23:26:59.668 [AsyncHttpClient-1-1] DEBUG org.asynchttpclient.netty.channel.DefaultChannelPool - Entry count for : http://localhost:60778 : 1
23:26:59.668 [AsyncHttpClient-1-1] DEBUG org.asynchttpclient.netty.channel.DefaultChannelPool - Entry count for : http://localhost:30398 : 1
23:27:00.774 [AsyncHttpClient-1-1] DEBUG org.asynchttpclient.netty.channel.DefaultChannelPool - Entry count for : http://localhost:60778 : 1
23:27:00.774 [AsyncHttpClient-1-1] DEBUG org.asynchttpclient.netty.channel.DefaultChannelPool - Entry count for : http://localhost:30398 : 1
23:27:01.628 [AsyncHttpClient-1-11] DEBUG org.asynchttpclient.netty.handler.HttpHandler - 

Request DefaultHttpRequest(decodeResult: success, version: HTTP/1.1)
POST /session/5c3990f7759193796ae62fceece4855f/url HTTP/1.1
User-Agent: selenium/4.12.1 (java windows)
Content-Length: 67
Content-Type: application/json; charset=utf-8
host: localhost:46050
accept: */*

Response DefaultHttpResponse(decodeResult: success, version: HTTP/1.1)
HTTP/1.1 200 OK
Content-Length: 14
Content-Type: application/json; charset=utf-8
cache-control: no-cache

23:27:01.629 [AsyncHttpClient-1-11] DEBUG org.asynchttpclient.netty.channel.ChannelManager - Adding key: http://localhost:46050 for channel [id: 0x83092c26, L:/127.0.0.1:60775 - R:localhost/127.0.0.1:46050]
23:27:01.633 [Forwarding findElement on session 5c3990f7759193796ae62fceece4855f to remote] DEBUG org.asynchttpclient.netty.request.NettyRequestSender - Using pooled Channel '[id: 0x83092c26, L:/127.0.0.1:60775 - R:localhost/127.0.0.1:46050]' for 'POST' to 'http://localhost:46050/session/5c3990f7759193796ae62fceece4855f/element'
23:27:01.633 [Forwarding findElement on session 5c3990f7759193796ae62fceece4855f to remote] DEBUG org.asynchttpclient.netty.request.NettyRequestSender - Using open Channel [id: 0x83092c26, L:/127.0.0.1:60775 - R:localhost/127.0.0.1:46050] for POST '/session/5c3990f7759193796ae62fceece4855f/element'
23:27:01.678 [AsyncHttpClient-1-11] DEBUG org.asynchttpclient.netty.handler.HttpHandler - 

Request DefaultHttpRequest(decodeResult: success, version: HTTP/1.1)
POST /session/5c3990f7759193796ae62fceece4855f/element HTTP/1.1
User-Agent: selenium/4.12.1 (java windows)
Content-Length: 54
Content-Type: application/json; charset=utf-8
host: localhost:46050
accept: */*

Response DefaultHttpResponse(decodeResult: success, version: HTTP/1.1)
HTTP/1.1 200 OK
Content-Length: 94
Content-Type: application/json; charset=utf-8
cache-control: no-cache

23:27:01.678 [AsyncHttpClient-1-11] DEBUG org.asynchttpclient.netty.channel.ChannelManager - Adding key: http://localhost:46050 for channel [id: 0x83092c26, L:/127.0.0.1:60775 - R:localhost/127.0.0.1:46050]
23:27:01.682 [Forwarding sendKeysToElement on session 5c3990f7759193796ae62fceece4855f to remote] DEBUG org.asynchttpclient.netty.request.NettyRequestSender - Using pooled Channel '[id: 0x83092c26, L:/127.0.0.1:60775 - R:localhost/127.0.0.1:46050]' for 'POST' to 'http://localhost:46050/session/5c3990f7759193796ae62fceece4855f/element/6C762EA96939F39CA065D9B4AF424447_element_9/value'
23:27:01.682 [Forwarding sendKeysToElement on session 5c3990f7759193796ae62fceece4855f to remote] DEBUG org.asynchttpclient.netty.request.NettyRequestSender - Using open Channel [id: 0x83092c26, L:/127.0.0.1:60775 - R:localhost/127.0.0.1:46050] for POST '/session/5c3990f7759193796ae62fceece4855f/element/6C762EA96939F39CA065D9B4AF424447_element_9/value'
23:27:01.867 [AsyncHttpClient-1-1] DEBUG org.asynchttpclient.netty.channel.DefaultChannelPool - Entry count for : http://localhost:60778 : 1
23:27:01.867 [AsyncHttpClient-1-1] DEBUG org.asynchttpclient.netty.channel.DefaultChannelPool - Entry count for : http://localhost:30398 : 1
23:27:01.917 [AsyncHttpClient-1-11] DEBUG org.asynchttpclient.netty.handler.HttpHandler - 

Request DefaultHttpRequest(decodeResult: success, version: HTTP/1.1)
POST /session/5c3990f7759193796ae62fceece4855f/element/6C762EA96939F39CA065D9B4AF424447_element_9/value HTTP/1.1
User-Agent: selenium/4.12.1 (java windows)
Content-Length: 257
Content-Type: application/json; charset=utf-8
host: localhost:46050
accept: */*

Response DefaultHttpResponse(decodeResult: success, version: HTTP/1.1)
HTTP/1.1 200 OK
Content-Length: 14
Content-Type: application/json; charset=utf-8
cache-control: no-cache

23:27:01.917 [AsyncHttpClient-1-11] DEBUG org.asynchttpclient.netty.channel.ChannelManager - Adding key: http://localhost:46050 for channel [id: 0x83092c26, L:/127.0.0.1:60775 - R:localhost/127.0.0.1:46050]
23:27:01.919 [Forwarding findElement on session 5c3990f7759193796ae62fceece4855f to remote] DEBUG org.asynchttpclient.netty.request.NettyRequestSender - Using pooled Channel '[id: 0x83092c26, L:/127.0.0.1:60775 - R:localhost/127.0.0.1:46050]' for 'POST' to 'http://localhost:46050/session/5c3990f7759193796ae62fceece4855f/element'
23:27:01.919 [Forwarding findElement on session 5c3990f7759193796ae62fceece4855f to remote] DEBUG org.asynchttpclient.netty.request.NettyRequestSender - Using open Channel [id: 0x83092c26, L:/127.0.0.1:60775 - R:localhost/127.0.0.1:46050] for POST '/session/5c3990f7759193796ae62fceece4855f/element'
23:27:01.961 [AsyncHttpClient-1-11] DEBUG org.asynchttpclient.netty.handler.HttpHandler - 

Request DefaultHttpRequest(decodeResult: success, version: HTTP/1.1)
POST /session/5c3990f7759193796ae62fceece4855f/element HTTP/1.1
User-Agent: selenium/4.12.1 (java windows)
Content-Length: 57
Content-Type: application/json; charset=utf-8
host: localhost:46050
accept: */*

Response DefaultHttpResponse(decodeResult: success, version: HTTP/1.1)
HTTP/1.1 200 OK
Content-Length: 94
Content-Type: application/json; charset=utf-8
cache-control: no-cache

23:27:01.961 [AsyncHttpClient-1-11] DEBUG org.asynchttpclient.netty.channel.ChannelManager - Adding key: http://localhost:46050 for channel [id: 0x83092c26, L:/127.0.0.1:60775 - R:localhost/127.0.0.1:46050]
23:27:01.964 [Forwarding sendKeysToElement on session 5c3990f7759193796ae62fceece4855f to remote] DEBUG org.asynchttpclient.netty.request.NettyRequestSender - Using pooled Channel '[id: 0x83092c26, L:/127.0.0.1:60775 - R:localhost/127.0.0.1:46050]' for 'POST' to 'http://localhost:46050/session/5c3990f7759193796ae62fceece4855f/element/6C762EA96939F39CA065D9B4AF424447_element_5/value'
23:27:01.965 [Forwarding sendKeysToElement on session 5c3990f7759193796ae62fceece4855f to remote] DEBUG org.asynchttpclient.netty.request.NettyRequestSender - Using open Channel [id: 0x83092c26, L:/127.0.0.1:60775 - R:localhost/127.0.0.1:46050] for POST '/session/5c3990f7759193796ae62fceece4855f/element/6C762EA96939F39CA065D9B4AF424447_element_5/value'
23:27:02.151 [AsyncHttpClient-1-11] DEBUG org.asynchttpclient.netty.handler.HttpHandler - 

Request DefaultHttpRequest(decodeResult: success, version: HTTP/1.1)
POST /session/5c3990f7759193796ae62fceece4855f/element/6C762EA96939F39CA065D9B4AF424447_element_5/value HTTP/1.1
User-Agent: selenium/4.12.1 (java windows)
Content-Length: 177
Content-Type: application/json; charset=utf-8
host: localhost:46050
accept: */*

Response DefaultHttpResponse(decodeResult: success, version: HTTP/1.1)
HTTP/1.1 200 OK
Content-Length: 14
Content-Type: application/json; charset=utf-8
cache-control: no-cache

23:27:02.152 [AsyncHttpClient-1-11] DEBUG org.asynchttpclient.netty.channel.ChannelManager - Adding key: http://localhost:46050 for channel [id: 0x83092c26, L:/127.0.0.1:60775 - R:localhost/127.0.0.1:46050]
23:27:02.154 [Forwarding findElement on session 5c3990f7759193796ae62fceece4855f to remote] DEBUG org.asynchttpclient.netty.request.NettyRequestSender - Using pooled Channel '[id: 0x83092c26, L:/127.0.0.1:60775 - R:localhost/127.0.0.1:46050]' for 'POST' to 'http://localhost:46050/session/5c3990f7759193796ae62fceece4855f/element'
23:27:02.154 [Forwarding findElement on session 5c3990f7759193796ae62fceece4855f to remote] DEBUG org.asynchttpclient.netty.request.NettyRequestSender - Using open Channel [id: 0x83092c26, L:/127.0.0.1:60775 - R:localhost/127.0.0.1:46050] for POST '/session/5c3990f7759193796ae62fceece4855f/element'
23:27:02.187 [AsyncHttpClient-1-11] DEBUG org.asynchttpclient.netty.handler.HttpHandler - 

Request DefaultHttpRequest(decodeResult: success, version: HTTP/1.1)
POST /session/5c3990f7759193796ae62fceece4855f/element HTTP/1.1
User-Agent: selenium/4.12.1 (java windows)
Content-Length: 50
Content-Type: application/json; charset=utf-8
host: localhost:46050
accept: */*

Response DefaultHttpResponse(decodeResult: success, version: HTTP/1.1)
HTTP/1.1 200 OK
Content-Length: 95
Content-Type: application/json; charset=utf-8
cache-control: no-cache

23:27:02.188 [AsyncHttpClient-1-11] DEBUG org.asynchttpclient.netty.channel.ChannelManager - Adding key: http://localhost:46050 for channel [id: 0x83092c26, L:/127.0.0.1:60775 - R:localhost/127.0.0.1:46050]
23:27:02.190 [Forwarding clickElement on session 5c3990f7759193796ae62fceece4855f to remote] DEBUG org.asynchttpclient.netty.request.NettyRequestSender - Using pooled Channel '[id: 0x83092c26, L:/127.0.0.1:60775 - R:localhost/127.0.0.1:46050]' for 'POST' to 'http://localhost:46050/session/5c3990f7759193796ae62fceece4855f/element/6C762EA96939F39CA065D9B4AF424447_element_12/click'
23:27:02.190 [Forwarding clickElement on session 5c3990f7759193796ae62fceece4855f to remote] DEBUG org.asynchttpclient.netty.request.NettyRequestSender - Using open Channel [id: 0x83092c26, L:/127.0.0.1:60775 - R:localhost/127.0.0.1:46050] for POST '/session/5c3990f7759193796ae62fceece4855f/element/6C762EA96939F39CA065D9B4AF424447_element_12/click'
23:27:02.375 [AsyncHttpClient-1-11] DEBUG org.asynchttpclient.netty.handler.HttpHandler - 

Request DefaultHttpRequest(decodeResult: success, version: HTTP/1.1)
POST /session/5c3990f7759193796ae62fceece4855f/element/6C762EA96939F39CA065D9B4AF424447_element_12/click HTTP/1.1
User-Agent: selenium/4.12.1 (java windows)
Content-Length: 57
Content-Type: application/json; charset=utf-8
host: localhost:46050
accept: */*

Response DefaultHttpResponse(decodeResult: success, version: HTTP/1.1)
HTTP/1.1 200 OK
Content-Length: 14
Content-Type: application/json; charset=utf-8
cache-control: no-cache

23:27:02.376 [AsyncHttpClient-1-11] DEBUG org.asynchttpclient.netty.channel.ChannelManager - Adding key: http://localhost:46050 for channel [id: 0x83092c26, L:/127.0.0.1:60775 - R:localhost/127.0.0.1:46050]
23:27:02.380 [Forwarding findElement on session 5c3990f7759193796ae62fceece4855f to remote] DEBUG org.asynchttpclient.netty.request.NettyRequestSender - Using pooled Channel '[id: 0x83092c26, L:/127.0.0.1:60775 - R:localhost/127.0.0.1:46050]' for 'POST' to 'http://localhost:46050/session/5c3990f7759193796ae62fceece4855f/element'
23:27:02.380 [Forwarding findElement on session 5c3990f7759193796ae62fceece4855f to remote] DEBUG org.asynchttpclient.netty.request.NettyRequestSender - Using open Channel [id: 0x83092c26, L:/127.0.0.1:60775 - R:localhost/127.0.0.1:46050] for POST '/session/5c3990f7759193796ae62fceece4855f/element'
23:27:02.900 [AsyncHttpClient-1-11] DEBUG org.asynchttpclient.netty.handler.HttpHandler - 

Request DefaultHttpRequest(decodeResult: success, version: HTTP/1.1)
POST /session/5c3990f7759193796ae62fceece4855f/element HTTP/1.1
User-Agent: selenium/4.12.1 (java windows)
Content-Length: 49
Content-Type: application/json; charset=utf-8
host: localhost:46050
accept: */*

Response DefaultHttpResponse(decodeResult: success, version: HTTP/1.1)
HTTP/1.1 200 OK
Content-Length: 95
Content-Type: application/json; charset=utf-8
cache-control: no-cache

23:27:02.900 [AsyncHttpClient-1-11] DEBUG org.asynchttpclient.netty.channel.ChannelManager - Adding key: http://localhost:46050 for channel [id: 0x83092c26, L:/127.0.0.1:60775 - R:localhost/127.0.0.1:46050]
23:27:02.904 [Forwarding isElementDisplayed on session 5c3990f7759193796ae62fceece4855f to remote] DEBUG org.asynchttpclient.netty.request.NettyRequestSender - Using pooled Channel '[id: 0x83092c26, L:/127.0.0.1:60775 - R:localhost/127.0.0.1:46050]' for 'POST' to 'http://localhost:46050/session/5c3990f7759193796ae62fceece4855f/execute/sync'
23:27:02.904 [Forwarding isElementDisplayed on session 5c3990f7759193796ae62fceece4855f to remote] DEBUG org.asynchttpclient.netty.request.NettyRequestSender - Using open Channel [id: 0x83092c26, L:/127.0.0.1:60775 - R:localhost/127.0.0.1:46050] for POST '/session/5c3990f7759193796ae62fceece4855f/execute/sync'
23:27:02.965 [AsyncHttpClient-1-11] DEBUG org.asynchttpclient.netty.handler.HttpHandler - 

Request DefaultHttpRequest(decodeResult: success, version: HTTP/1.1)
POST /session/5c3990f7759193796ae62fceece4855f/execute/sync HTTP/1.1
User-Agent: selenium/4.12.1 (java windows)
Content-Length: 48703
Content-Type: application/json; charset=utf-8
host: localhost:46050
accept: */*

Response DefaultHttpResponse(decodeResult: success, version: HTTP/1.1)
HTTP/1.1 200 OK
Content-Length: 14
Content-Type: application/json; charset=utf-8
cache-control: no-cache

23:27:02.966 [AsyncHttpClient-1-11] DEBUG org.asynchttpclient.netty.channel.ChannelManager - Adding key: http://localhost:46050 for channel [id: 0x83092c26, L:/127.0.0.1:60775 - R:localhost/127.0.0.1:46050]
23:27:02.966 [AsyncHttpClient-1-1] DEBUG org.asynchttpclient.netty.channel.DefaultChannelPool - Entry count for : http://localhost:46050 : 1
23:27:02.966 [AsyncHttpClient-1-1] DEBUG org.asynchttpclient.netty.channel.DefaultChannelPool - Entry count for : http://localhost:60778 : 1
23:27:02.966 [AsyncHttpClient-1-1] DEBUG org.asynchttpclient.netty.channel.DefaultChannelPool - Entry count for : http://localhost:30398 : 1
23:27:02.968 [Forwarding findElements on session 5c3990f7759193796ae62fceece4855f to remote] DEBUG org.asynchttpclient.netty.request.NettyRequestSender - Using pooled Channel '[id: 0x83092c26, L:/127.0.0.1:60775 - R:localhost/127.0.0.1:46050]' for 'POST' to 'http://localhost:46050/session/5c3990f7759193796ae62fceece4855f/elements'
23:27:02.969 [Forwarding findElements on session 5c3990f7759193796ae62fceece4855f to remote] DEBUG org.asynchttpclient.netty.request.NettyRequestSender - Using open Channel [id: 0x83092c26, L:/127.0.0.1:60775 - R:localhost/127.0.0.1:46050] for POST '/session/5c3990f7759193796ae62fceece4855f/elements'
23:27:03.008 [AsyncHttpClient-1-11] DEBUG org.asynchttpclient.netty.handler.HttpHandler - 

Request DefaultHttpRequest(decodeResult: success, version: HTTP/1.1)
POST /session/5c3990f7759193796ae62fceece4855f/elements HTTP/1.1
User-Agent: selenium/4.12.1 (java windows)
Content-Length: 49
Content-Type: application/json; charset=utf-8
host: localhost:46050
accept: */*

Response DefaultHttpResponse(decodeResult: success, version: HTTP/1.1)
HTTP/1.1 200 OK
Content-Length: 269
Content-Type: application/json; charset=utf-8
cache-control: no-cache

23:27:03.008 [AsyncHttpClient-1-11] DEBUG org.asynchttpclient.netty.channel.ChannelManager - Adding key: http://localhost:46050 for channel [id: 0x83092c26, L:/127.0.0.1:60775 - R:localhost/127.0.0.1:46050]
23:27:03.012 [Forwarding findChildElement on session 5c3990f7759193796ae62fceece4855f to remote] DEBUG org.asynchttpclient.netty.request.NettyRequestSender - Using pooled Channel '[id: 0x83092c26, L:/127.0.0.1:60775 - R:localhost/127.0.0.1:46050]' for 'POST' to 'http://localhost:46050/session/5c3990f7759193796ae62fceece4855f/element/6C762EA96939F39CA065D9B4AF424447_element_58/element'
23:27:03.012 [Forwarding findChildElement on session 5c3990f7759193796ae62fceece4855f to remote] DEBUG org.asynchttpclient.netty.request.NettyRequestSender - Using open Channel [id: 0x83092c26, L:/127.0.0.1:60775 - R:localhost/127.0.0.1:46050] for POST '/session/5c3990f7759193796ae62fceece4855f/element/6C762EA96939F39CA065D9B4AF424447_element_58/element'
23:27:03.171 [AsyncHttpClient-1-11] DEBUG org.asynchttpclient.netty.handler.HttpHandler - 

Request DefaultHttpRequest(decodeResult: success, version: HTTP/1.1)
POST /session/5c3990f7759193796ae62fceece4855f/element/6C762EA96939F39CA065D9B4AF424447_element_58/element HTTP/1.1
User-Agent: selenium/4.12.1 (java windows)
Content-Length: 100
Content-Type: application/json; charset=utf-8
host: localhost:46050
accept: */*

Response DefaultHttpResponse(decodeResult: success, version: HTTP/1.1)
HTTP/1.1 200 OK
Content-Length: 95
Content-Type: application/json; charset=utf-8
cache-control: no-cache

23:27:03.171 [AsyncHttpClient-1-11] DEBUG org.asynchttpclient.netty.channel.ChannelManager - Adding key: http://localhost:46050 for channel [id: 0x83092c26, L:/127.0.0.1:60775 - R:localhost/127.0.0.1:46050]
23:27:03.173 [Forwarding getElementText on session 5c3990f7759193796ae62fceece4855f to remote] DEBUG org.asynchttpclient.netty.request.NettyRequestSender - Using pooled Channel '[id: 0x83092c26, L:/127.0.0.1:60775 - R:localhost/127.0.0.1:46050]' for 'GET' to 'http://localhost:46050/session/5c3990f7759193796ae62fceece4855f/element/6C762EA96939F39CA065D9B4AF424447_element_61/text'
23:27:03.173 [Forwarding getElementText on session 5c3990f7759193796ae62fceece4855f to remote] DEBUG org.asynchttpclient.netty.request.NettyRequestSender - Using open Channel [id: 0x83092c26, L:/127.0.0.1:60775 - R:localhost/127.0.0.1:46050] for GET '/session/5c3990f7759193796ae62fceece4855f/element/6C762EA96939F39CA065D9B4AF424447_element_61/text'
23:27:03.227 [AsyncHttpClient-1-11] DEBUG org.asynchttpclient.netty.handler.HttpHandler - 

Request DefaultFullHttpRequest(decodeResult: success, version: HTTP/1.1, content: EmptyByteBufBE)
GET /session/5c3990f7759193796ae62fceece4855f/element/6C762EA96939F39CA065D9B4AF424447_element_61/text HTTP/1.1
Cache-Control: no-cache
User-Agent: selenium/4.12.1 (java windows)
Content-Type: application/json; charset=utf-8
host: localhost:46050
accept: */*

Response DefaultHttpResponse(decodeResult: success, version: HTTP/1.1)
HTTP/1.1 200 OK
Content-Length: 23
Content-Type: application/json; charset=utf-8
cache-control: no-cache

23:27:03.227 [AsyncHttpClient-1-11] DEBUG org.asynchttpclient.netty.channel.ChannelManager - Adding key: http://localhost:46050 for channel [id: 0x83092c26, L:/127.0.0.1:60775 - R:localhost/127.0.0.1:46050]
23:27:03.230 [Forwarding findChildElement on session 5c3990f7759193796ae62fceece4855f to remote] DEBUG org.asynchttpclient.netty.request.NettyRequestSender - Using pooled Channel '[id: 0x83092c26, L:/127.0.0.1:60775 - R:localhost/127.0.0.1:46050]' for 'POST' to 'http://localhost:46050/session/5c3990f7759193796ae62fceece4855f/element/6C762EA96939F39CA065D9B4AF424447_element_58/element'
23:27:03.230 [Forwarding findChildElement on session 5c3990f7759193796ae62fceece4855f to remote] DEBUG org.asynchttpclient.netty.request.NettyRequestSender - Using open Channel [id: 0x83092c26, L:/127.0.0.1:60775 - R:localhost/127.0.0.1:46050] for POST '/session/5c3990f7759193796ae62fceece4855f/element/6C762EA96939F39CA065D9B4AF424447_element_58/element'
23:27:03.362 [AsyncHttpClient-1-11] DEBUG org.asynchttpclient.netty.handler.HttpHandler - 

Request DefaultHttpRequest(decodeResult: success, version: HTTP/1.1)
POST /session/5c3990f7759193796ae62fceece4855f/element/6C762EA96939F39CA065D9B4AF424447_element_58/element HTTP/1.1
User-Agent: selenium/4.12.1 (java windows)
Content-Length: 129
Content-Type: application/json; charset=utf-8
host: localhost:46050
accept: */*

Response DefaultHttpResponse(decodeResult: success, version: HTTP/1.1)
HTTP/1.1 200 OK
Content-Length: 95
Content-Type: application/json; charset=utf-8
cache-control: no-cache

23:27:03.363 [AsyncHttpClient-1-11] DEBUG org.asynchttpclient.netty.channel.ChannelManager - Adding key: http://localhost:46050 for channel [id: 0x83092c26, L:/127.0.0.1:60775 - R:localhost/127.0.0.1:46050]
23:27:03.370 [Forwarding clickElement on session 5c3990f7759193796ae62fceece4855f to remote] DEBUG org.asynchttpclient.netty.request.NettyRequestSender - Using pooled Channel '[id: 0x83092c26, L:/127.0.0.1:60775 - R:localhost/127.0.0.1:46050]' for 'POST' to 'http://localhost:46050/session/5c3990f7759193796ae62fceece4855f/element/6C762EA96939F39CA065D9B4AF424447_element_62/click'
23:27:03.370 [Forwarding clickElement on session 5c3990f7759193796ae62fceece4855f to remote] DEBUG org.asynchttpclient.netty.request.NettyRequestSender - Using open Channel [id: 0x83092c26, L:/127.0.0.1:60775 - R:localhost/127.0.0.1:46050] for POST '/session/5c3990f7759193796ae62fceece4855f/element/6C762EA96939F39CA065D9B4AF424447_element_62/click'
23:27:03.619 [AsyncHttpClient-1-11] DEBUG org.asynchttpclient.netty.handler.HttpHandler - 

Request DefaultHttpRequest(decodeResult: success, version: HTTP/1.1)
POST /session/5c3990f7759193796ae62fceece4855f/element/6C762EA96939F39CA065D9B4AF424447_element_62/click HTTP/1.1
User-Agent: selenium/4.12.1 (java windows)
Content-Length: 57
Content-Type: application/json; charset=utf-8
host: localhost:46050
accept: */*

Response DefaultHttpResponse(decodeResult: success, version: HTTP/1.1)
HTTP/1.1 200 OK
Content-Length: 14
Content-Type: application/json; charset=utf-8
cache-control: no-cache

23:27:03.620 [AsyncHttpClient-1-11] DEBUG org.asynchttpclient.netty.channel.ChannelManager - Adding key: http://localhost:46050 for channel [id: 0x83092c26, L:/127.0.0.1:60775 - R:localhost/127.0.0.1:46050]
23:27:03.623 [Forwarding findElement on session 5c3990f7759193796ae62fceece4855f to remote] DEBUG org.asynchttpclient.netty.request.NettyRequestSender - Using pooled Channel '[id: 0x83092c26, L:/127.0.0.1:60775 - R:localhost/127.0.0.1:46050]' for 'POST' to 'http://localhost:46050/session/5c3990f7759193796ae62fceece4855f/element'
23:27:03.623 [Forwarding findElement on session 5c3990f7759193796ae62fceece4855f to remote] DEBUG org.asynchttpclient.netty.request.NettyRequestSender - Using open Channel [id: 0x83092c26, L:/127.0.0.1:60775 - R:localhost/127.0.0.1:46050] for POST '/session/5c3990f7759193796ae62fceece4855f/element'
23:27:03.677 [AsyncHttpClient-1-11] DEBUG org.asynchttpclient.netty.handler.HttpHandler - 

Request DefaultHttpRequest(decodeResult: success, version: HTTP/1.1)
POST /session/5c3990f7759193796ae62fceece4855f/element HTTP/1.1
User-Agent: selenium/4.12.1 (java windows)
Content-Length: 60
Content-Type: application/json; charset=utf-8
host: localhost:46050
accept: */*

Response DefaultHttpResponse(decodeResult: success, version: HTTP/1.1)
HTTP/1.1 200 OK
Content-Length: 95
Content-Type: application/json; charset=utf-8
cache-control: no-cache

23:27:03.678 [AsyncHttpClient-1-11] DEBUG org.asynchttpclient.netty.channel.ChannelManager - Adding key: http://localhost:46050 for channel [id: 0x83092c26, L:/127.0.0.1:60775 - R:localhost/127.0.0.1:46050]
23:27:03.683 [Forwarding isElementDisplayed on session 5c3990f7759193796ae62fceece4855f to remote] DEBUG org.asynchttpclient.netty.request.NettyRequestSender - Using pooled Channel '[id: 0x83092c26, L:/127.0.0.1:60775 - R:localhost/127.0.0.1:46050]' for 'POST' to 'http://localhost:46050/session/5c3990f7759193796ae62fceece4855f/execute/sync'
23:27:03.683 [Forwarding isElementDisplayed on session 5c3990f7759193796ae62fceece4855f to remote] DEBUG org.asynchttpclient.netty.request.NettyRequestSender - Using open Channel [id: 0x83092c26, L:/127.0.0.1:60775 - R:localhost/127.0.0.1:46050] for POST '/session/5c3990f7759193796ae62fceece4855f/execute/sync'
23:27:03.744 [AsyncHttpClient-1-11] DEBUG org.asynchttpclient.netty.handler.HttpHandler - 

Request DefaultHttpRequest(decodeResult: success, version: HTTP/1.1)
POST /session/5c3990f7759193796ae62fceece4855f/execute/sync HTTP/1.1
User-Agent: selenium/4.12.1 (java windows)
Content-Length: 48703
Content-Type: application/json; charset=utf-8
host: localhost:46050
accept: */*

Response DefaultHttpResponse(decodeResult: success, version: HTTP/1.1)
HTTP/1.1 200 OK
Content-Length: 14
Content-Type: application/json; charset=utf-8
cache-control: no-cache

23:27:03.745 [AsyncHttpClient-1-11] DEBUG org.asynchttpclient.netty.channel.ChannelManager - Adding key: http://localhost:46050 for channel [id: 0x83092c26, L:/127.0.0.1:60775 - R:localhost/127.0.0.1:46050]
23:27:03.748 [Forwarding findElement on session 5c3990f7759193796ae62fceece4855f to remote] DEBUG org.asynchttpclient.netty.request.NettyRequestSender - Using pooled Channel '[id: 0x83092c26, L:/127.0.0.1:60775 - R:localhost/127.0.0.1:46050]' for 'POST' to 'http://localhost:46050/session/5c3990f7759193796ae62fceece4855f/element'
23:27:03.749 [Forwarding findElement on session 5c3990f7759193796ae62fceece4855f to remote] DEBUG org.asynchttpclient.netty.request.NettyRequestSender - Using open Channel [id: 0x83092c26, L:/127.0.0.1:60775 - R:localhost/127.0.0.1:46050] for POST '/session/5c3990f7759193796ae62fceece4855f/element'
23:27:03.791 [AsyncHttpClient-1-11] DEBUG org.asynchttpclient.netty.handler.HttpHandler - 

Request DefaultHttpRequest(decodeResult: success, version: HTTP/1.1)
POST /session/5c3990f7759193796ae62fceece4855f/element HTTP/1.1
User-Agent: selenium/4.12.1 (java windows)
Content-Length: 57
Content-Type: application/json; charset=utf-8
host: localhost:46050
accept: */*

Response DefaultHttpResponse(decodeResult: success, version: HTTP/1.1)
HTTP/1.1 200 OK
Content-Length: 95
Content-Type: application/json; charset=utf-8
cache-control: no-cache

23:27:03.792 [AsyncHttpClient-1-11] DEBUG org.asynchttpclient.netty.channel.ChannelManager - Adding key: http://localhost:46050 for channel [id: 0x83092c26, L:/127.0.0.1:60775 - R:localhost/127.0.0.1:46050]
23:27:03.798 [Forwarding isElementDisplayed on session 5c3990f7759193796ae62fceece4855f to remote] DEBUG org.asynchttpclient.netty.request.NettyRequestSender - Using pooled Channel '[id: 0x83092c26, L:/127.0.0.1:60775 - R:localhost/127.0.0.1:46050]' for 'POST' to 'http://localhost:46050/session/5c3990f7759193796ae62fceece4855f/execute/sync'
23:27:03.798 [Forwarding isElementDisplayed on session 5c3990f7759193796ae62fceece4855f to remote] DEBUG org.asynchttpclient.netty.request.NettyRequestSender - Using open Channel [id: 0x83092c26, L:/127.0.0.1:60775 - R:localhost/127.0.0.1:46050] for POST '/session/5c3990f7759193796ae62fceece4855f/execute/sync'
23:27:03.837 [AsyncHttpClient-1-11] DEBUG org.asynchttpclient.netty.handler.HttpHandler - 

Request DefaultHttpRequest(decodeResult: success, version: HTTP/1.1)
POST /session/5c3990f7759193796ae62fceece4855f/execute/sync HTTP/1.1
User-Agent: selenium/4.12.1 (java windows)
Content-Length: 48703
Content-Type: application/json; charset=utf-8
host: localhost:46050
accept: */*

Response DefaultHttpResponse(decodeResult: success, version: HTTP/1.1)
HTTP/1.1 200 OK
Content-Length: 14
Content-Type: application/json; charset=utf-8
cache-control: no-cache

23:27:03.838 [AsyncHttpClient-1-11] DEBUG org.asynchttpclient.netty.channel.ChannelManager - Adding key: http://localhost:46050 for channel [id: 0x83092c26, L:/127.0.0.1:60775 - R:localhost/127.0.0.1:46050]
23:27:04.070 [AsyncHttpClient-1-1] DEBUG org.asynchttpclient.netty.channel.DefaultChannelPool - Entry count for : http://localhost:46050 : 1
23:27:04.070 [AsyncHttpClient-1-1] DEBUG org.asynchttpclient.netty.channel.DefaultChannelPool - Entry count for : http://localhost:60778 : 1
23:27:04.070 [AsyncHttpClient-1-1] DEBUG org.asynchttpclient.netty.channel.DefaultChannelPool - Entry count for : http://localhost:30398 : 1
23:27:04.352 [Forwarding findElement on session 5c3990f7759193796ae62fceece4855f to remote] DEBUG org.asynchttpclient.netty.request.NettyRequestSender - Using pooled Channel '[id: 0x83092c26, L:/127.0.0.1:60775 - R:localhost/127.0.0.1:46050]' for 'POST' to 'http://localhost:46050/session/5c3990f7759193796ae62fceece4855f/element'
23:27:04.352 [Forwarding findElement on session 5c3990f7759193796ae62fceece4855f to remote] DEBUG org.asynchttpclient.netty.request.NettyRequestSender - Using open Channel [id: 0x83092c26, L:/127.0.0.1:60775 - R:localhost/127.0.0.1:46050] for POST '/session/5c3990f7759193796ae62fceece4855f/element'
23:27:04.763 [AsyncHttpClient-1-11] DEBUG org.asynchttpclient.netty.handler.HttpHandler - 

Request DefaultHttpRequest(decodeResult: success, version: HTTP/1.1)
POST /session/5c3990f7759193796ae62fceece4855f/element HTTP/1.1
User-Agent: selenium/4.12.1 (java windows)
Content-Length: 57
Content-Type: application/json; charset=utf-8
host: localhost:46050
accept: */*

Response DefaultHttpResponse(decodeResult: success, version: HTTP/1.1)
HTTP/1.1 200 OK
Content-Length: 95
Content-Type: application/json; charset=utf-8
cache-control: no-cache

23:27:04.763 [AsyncHttpClient-1-11] DEBUG org.asynchttpclient.netty.channel.ChannelManager - Adding key: http://localhost:46050 for channel [id: 0x83092c26, L:/127.0.0.1:60775 - R:localhost/127.0.0.1:46050]
23:27:04.769 [Forwarding isElementDisplayed on session 5c3990f7759193796ae62fceece4855f to remote] DEBUG org.asynchttpclient.netty.request.NettyRequestSender - Using pooled Channel '[id: 0x83092c26, L:/127.0.0.1:60775 - R:localhost/127.0.0.1:46050]' for 'POST' to 'http://localhost:46050/session/5c3990f7759193796ae62fceece4855f/execute/sync'
23:27:04.769 [Forwarding isElementDisplayed on session 5c3990f7759193796ae62fceece4855f to remote] DEBUG org.asynchttpclient.netty.request.NettyRequestSender - Using open Channel [id: 0x83092c26, L:/127.0.0.1:60775 - R:localhost/127.0.0.1:46050] for POST '/session/5c3990f7759193796ae62fceece4855f/execute/sync'
23:27:04.796 [AsyncHttpClient-1-11] DEBUG org.asynchttpclient.netty.handler.HttpHandler - 

Request DefaultHttpRequest(decodeResult: success, version: HTTP/1.1)
POST /session/5c3990f7759193796ae62fceece4855f/execute/sync HTTP/1.1
User-Agent: selenium/4.12.1 (java windows)
Content-Length: 48703
Content-Type: application/json; charset=utf-8
host: localhost:46050
accept: */*

Response DefaultHttpResponse(decodeResult: success, version: HTTP/1.1)
HTTP/1.1 200 OK
Content-Length: 14
Content-Type: application/json; charset=utf-8
cache-control: no-cache

23:27:04.797 [AsyncHttpClient-1-11] DEBUG org.asynchttpclient.netty.channel.ChannelManager - Adding key: http://localhost:46050 for channel [id: 0x83092c26, L:/127.0.0.1:60775 - R:localhost/127.0.0.1:46050]
23:27:05.166 [AsyncHttpClient-1-1] DEBUG org.asynchttpclient.netty.channel.DefaultChannelPool - Entry count for : http://localhost:46050 : 1
23:27:05.166 [AsyncHttpClient-1-1] DEBUG org.asynchttpclient.netty.channel.DefaultChannelPool - Entry count for : http://localhost:60778 : 1
23:27:05.166 [AsyncHttpClient-1-1] DEBUG org.asynchttpclient.netty.channel.DefaultChannelPool - Entry count for : http://localhost:30398 : 1
23:27:05.308 [Forwarding findElement on session 5c3990f7759193796ae62fceece4855f to remote] DEBUG org.asynchttpclient.netty.request.NettyRequestSender - Using pooled Channel '[id: 0x83092c26, L:/127.0.0.1:60775 - R:localhost/127.0.0.1:46050]' for 'POST' to 'http://localhost:46050/session/5c3990f7759193796ae62fceece4855f/element'
23:27:05.308 [Forwarding findElement on session 5c3990f7759193796ae62fceece4855f to remote] DEBUG org.asynchttpclient.netty.request.NettyRequestSender - Using open Channel [id: 0x83092c26, L:/127.0.0.1:60775 - R:localhost/127.0.0.1:46050] for POST '/session/5c3990f7759193796ae62fceece4855f/element'
23:27:05.796 [AsyncHttpClient-1-11] DEBUG org.asynchttpclient.netty.handler.HttpHandler - 

Request DefaultHttpRequest(decodeResult: success, version: HTTP/1.1)
POST /session/5c3990f7759193796ae62fceece4855f/element HTTP/1.1
User-Agent: selenium/4.12.1 (java windows)
Content-Length: 57
Content-Type: application/json; charset=utf-8
host: localhost:46050
accept: */*

Response DefaultHttpResponse(decodeResult: success, version: HTTP/1.1)
HTTP/1.1 200 OK
Content-Length: 95
Content-Type: application/json; charset=utf-8
cache-control: no-cache

23:27:05.796 [AsyncHttpClient-1-11] DEBUG org.asynchttpclient.netty.channel.ChannelManager - Adding key: http://localhost:46050 for channel [id: 0x83092c26, L:/127.0.0.1:60775 - R:localhost/127.0.0.1:46050]
23:27:05.801 [Forwarding isElementDisplayed on session 5c3990f7759193796ae62fceece4855f to remote] DEBUG org.asynchttpclient.netty.request.NettyRequestSender - Using pooled Channel '[id: 0x83092c26, L:/127.0.0.1:60775 - R:localhost/127.0.0.1:46050]' for 'POST' to 'http://localhost:46050/session/5c3990f7759193796ae62fceece4855f/execute/sync'
23:27:05.801 [Forwarding isElementDisplayed on session 5c3990f7759193796ae62fceece4855f to remote] DEBUG org.asynchttpclient.netty.request.NettyRequestSender - Using open Channel [id: 0x83092c26, L:/127.0.0.1:60775 - R:localhost/127.0.0.1:46050] for POST '/session/5c3990f7759193796ae62fceece4855f/execute/sync'
23:27:05.831 [AsyncHttpClient-1-11] DEBUG org.asynchttpclient.netty.handler.HttpHandler - 

Request DefaultHttpRequest(decodeResult: success, version: HTTP/1.1)
POST /session/5c3990f7759193796ae62fceece4855f/execute/sync HTTP/1.1
User-Agent: selenium/4.12.1 (java windows)
Content-Length: 48703
Content-Type: application/json; charset=utf-8
host: localhost:46050
accept: */*

Response DefaultHttpResponse(decodeResult: success, version: HTTP/1.1)
HTTP/1.1 200 OK
Content-Length: 14
Content-Type: application/json; charset=utf-8
cache-control: no-cache

23:27:05.831 [AsyncHttpClient-1-11] DEBUG org.asynchttpclient.netty.channel.ChannelManager - Adding key: http://localhost:46050 for channel [id: 0x83092c26, L:/127.0.0.1:60775 - R:localhost/127.0.0.1:46050]
23:27:06.266 [AsyncHttpClient-1-1] DEBUG org.asynchttpclient.netty.channel.DefaultChannelPool - Entry count for : http://localhost:46050 : 1
23:27:06.266 [AsyncHttpClient-1-1] DEBUG org.asynchttpclient.netty.channel.DefaultChannelPool - Entry count for : http://localhost:60778 : 1
23:27:06.267 [AsyncHttpClient-1-1] DEBUG org.asynchttpclient.netty.channel.DefaultChannelPool - Entry count for : http://localhost:30398 : 1
23:27:06.367 [Forwarding findElement on session 5c3990f7759193796ae62fceece4855f to remote] DEBUG org.asynchttpclient.netty.request.NettyRequestSender - Using pooled Channel '[id: 0x83092c26, L:/127.0.0.1:60775 - R:localhost/127.0.0.1:46050]' for 'POST' to 'http://localhost:46050/session/5c3990f7759193796ae62fceece4855f/element'
23:27:06.368 [Forwarding findElement on session 5c3990f7759193796ae62fceece4855f to remote] DEBUG org.asynchttpclient.netty.request.NettyRequestSender - Using open Channel [id: 0x83092c26, L:/127.0.0.1:60775 - R:localhost/127.0.0.1:46050] for POST '/session/5c3990f7759193796ae62fceece4855f/element'
23:27:07.370 [AsyncHttpClient-1-1] DEBUG org.asynchttpclient.netty.channel.DefaultChannelPool - Entry count for : http://localhost:60778 : 1
23:27:07.370 [AsyncHttpClient-1-1] DEBUG org.asynchttpclient.netty.channel.DefaultChannelPool - Entry count for : http://localhost:30398 : 1
23:27:08.468 [AsyncHttpClient-1-1] DEBUG org.asynchttpclient.netty.channel.DefaultChannelPool - Entry count for : http://localhost:60778 : 1
23:27:08.468 [AsyncHttpClient-1-1] DEBUG org.asynchttpclient.netty.channel.DefaultChannelPool - Entry count for : http://localhost:30398 : 1
23:27:09.565 [AsyncHttpClient-1-1] DEBUG org.asynchttpclient.netty.channel.DefaultChannelPool - Entry count for : http://localhost:60778 : 1
23:27:09.565 [AsyncHttpClient-1-1] DEBUG org.asynchttpclient.netty.channel.DefaultChannelPool - Entry count for : http://localhost:30398 : 1
23:27:10.665 [AsyncHttpClient-1-1] DEBUG org.asynchttpclient.netty.channel.DefaultChannelPool - Entry count for : http://localhost:60778 : 1
23:27:10.665 [AsyncHttpClient-1-1] DEBUG org.asynchttpclient.netty.channel.DefaultChannelPool - Entry count for : http://localhost:30398 : 1
23:27:11.778 [AsyncHttpClient-1-1] DEBUG org.asynchttpclient.netty.channel.DefaultChannelPool - Entry count for : http://localhost:60778 : 1
23:27:11.778 [AsyncHttpClient-1-1] DEBUG org.asynchttpclient.netty.channel.DefaultChannelPool - Entry count for : http://localhost:30398 : 1
23:27:12.876 [AsyncHttpClient-1-1] DEBUG org.asynchttpclient.netty.channel.DefaultChannelPool - Entry count for : http://localhost:60778 : 1
23:27:12.876 [AsyncHttpClient-1-1] DEBUG org.asynchttpclient.netty.channel.DefaultChannelPool - Entry count for : http://localhost:30398 : 1
23:27:13.965 [AsyncHttpClient-1-1] DEBUG org.asynchttpclient.netty.channel.DefaultChannelPool - Entry count for : http://localhost:60778 : 1
23:27:13.965 [AsyncHttpClient-1-1] DEBUG org.asynchttpclient.netty.channel.DefaultChannelPool - Entry count for : http://localhost:30398 : 1
23:27:15.065 [AsyncHttpClient-1-1] DEBUG org.asynchttpclient.netty.channel.DefaultChannelPool - Entry count for : http://localhost:60778 : 1
23:27:15.065 [AsyncHttpClient-1-1] DEBUG org.asynchttpclient.netty.channel.DefaultChannelPool - Entry count for : http://localhost:30398 : 1
23:27:16.165 [AsyncHttpClient-1-1] DEBUG org.asynchttpclient.netty.channel.DefaultChannelPool - Entry count for : http://localhost:60778 : 1
23:27:16.165 [AsyncHttpClient-1-1] DEBUG org.asynchttpclient.netty.channel.DefaultChannelPool - Entry count for : http://localhost:30398 : 1
23:27:16.651 [AsyncHttpClient-1-11] DEBUG org.asynchttpclient.netty.handler.HttpHandler - 

Request DefaultHttpRequest(decodeResult: success, version: HTTP/1.1)
POST /session/5c3990f7759193796ae62fceece4855f/element HTTP/1.1
User-Agent: selenium/4.12.1 (java windows)
Content-Length: 57
Content-Type: application/json; charset=utf-8
host: localhost:46050
accept: */*

Response DefaultHttpResponse(decodeResult: success, version: HTTP/1.1)
HTTP/1.1 404 Not Found
Content-Length: 1056
Content-Type: application/json; charset=utf-8
cache-control: no-cache

23:27:16.652 [AsyncHttpClient-1-11] DEBUG org.asynchttpclient.netty.channel.ChannelManager - Adding key: http://localhost:46050 for channel [id: 0x83092c26, L:/127.0.0.1:60775 - R:localhost/127.0.0.1:46050]
23:27:16.657 [Forwarding findElement on session 5c3990f7759193796ae62fceece4855f to remote] DEBUG org.asynchttpclient.netty.request.NettyRequestSender - Using pooled Channel '[id: 0x83092c26, L:/127.0.0.1:60775 - R:localhost/127.0.0.1:46050]' for 'POST' to 'http://localhost:46050/session/5c3990f7759193796ae62fceece4855f/element'
23:27:16.657 [Forwarding findElement on session 5c3990f7759193796ae62fceece4855f to remote] DEBUG org.asynchttpclient.netty.request.NettyRequestSender - Using open Channel [id: 0x83092c26, L:/127.0.0.1:60775 - R:localhost/127.0.0.1:46050] for POST '/session/5c3990f7759193796ae62fceece4855f/element'
23:27:16.749 [AsyncHttpClient-1-11] DEBUG org.asynchttpclient.netty.handler.HttpHandler - 

Request DefaultHttpRequest(decodeResult: success, version: HTTP/1.1)
POST /session/5c3990f7759193796ae62fceece4855f/element HTTP/1.1
User-Agent: selenium/4.12.1 (java windows)
Content-Length: 64
Content-Type: application/json; charset=utf-8
host: localhost:46050
accept: */*

Response DefaultHttpResponse(decodeResult: success, version: HTTP/1.1)
HTTP/1.1 200 OK
Content-Length: 95
Content-Type: application/json; charset=utf-8
cache-control: no-cache

23:27:16.750 [AsyncHttpClient-1-11] DEBUG org.asynchttpclient.netty.channel.ChannelManager - Adding key: http://localhost:46050 for channel [id: 0x83092c26, L:/127.0.0.1:60775 - R:localhost/127.0.0.1:46050]
23:27:16.753 [Forwarding clickElement on session 5c3990f7759193796ae62fceece4855f to remote] DEBUG org.asynchttpclient.netty.request.NettyRequestSender - Using pooled Channel '[id: 0x83092c26, L:/127.0.0.1:60775 - R:localhost/127.0.0.1:46050]' for 'POST' to 'http://localhost:46050/session/5c3990f7759193796ae62fceece4855f/element/6C762EA96939F39CA065D9B4AF424447_element_91/click'
23:27:16.753 [Forwarding clickElement on session 5c3990f7759193796ae62fceece4855f to remote] DEBUG org.asynchttpclient.netty.request.NettyRequestSender - Using open Channel [id: 0x83092c26, L:/127.0.0.1:60775 - R:localhost/127.0.0.1:46050] for POST '/session/5c3990f7759193796ae62fceece4855f/element/6C762EA96939F39CA065D9B4AF424447_element_91/click'
23:27:17.282 [AsyncHttpClient-1-1] DEBUG org.asynchttpclient.netty.channel.DefaultChannelPool - Entry count for : http://localhost:60778 : 1
23:27:17.282 [AsyncHttpClient-1-1] DEBUG org.asynchttpclient.netty.channel.DefaultChannelPool - Entry count for : http://localhost:30398 : 1
23:27:17.379 [AsyncHttpClient-1-11] DEBUG org.asynchttpclient.netty.handler.HttpHandler - 

Request DefaultHttpRequest(decodeResult: success, version: HTTP/1.1)
POST /session/5c3990f7759193796ae62fceece4855f/element/6C762EA96939F39CA065D9B4AF424447_element_91/click HTTP/1.1
User-Agent: selenium/4.12.1 (java windows)
Content-Length: 57
Content-Type: application/json; charset=utf-8
host: localhost:46050
accept: */*

Response DefaultHttpResponse(decodeResult: success, version: HTTP/1.1)
HTTP/1.1 200 OK
Content-Length: 14
Content-Type: application/json; charset=utf-8
cache-control: no-cache

23:27:17.380 [AsyncHttpClient-1-11] DEBUG org.asynchttpclient.netty.channel.ChannelManager - Adding key: http://localhost:46050 for channel [id: 0x83092c26, L:/127.0.0.1:60775 - R:localhost/127.0.0.1:46050]
23:27:17.385 [Forwarding findElements on session 5c3990f7759193796ae62fceece4855f to remote] DEBUG org.asynchttpclient.netty.request.NettyRequestSender - Using pooled Channel '[id: 0x83092c26, L:/127.0.0.1:60775 - R:localhost/127.0.0.1:46050]' for 'POST' to 'http://localhost:46050/session/5c3990f7759193796ae62fceece4855f/elements'
23:27:17.385 [Forwarding findElements on session 5c3990f7759193796ae62fceece4855f to remote] DEBUG org.asynchttpclient.netty.request.NettyRequestSender - Using open Channel [id: 0x83092c26, L:/127.0.0.1:60775 - R:localhost/127.0.0.1:46050] for POST '/session/5c3990f7759193796ae62fceece4855f/elements'
23:27:17.793 [AsyncHttpClient-1-11] DEBUG org.asynchttpclient.netty.handler.HttpHandler - 

Request DefaultHttpRequest(decodeResult: success, version: HTTP/1.1)
POST /session/5c3990f7759193796ae62fceece4855f/elements HTTP/1.1
User-Agent: selenium/4.12.1 (java windows)
Content-Length: 52
Content-Type: application/json; charset=utf-8
host: localhost:46050
accept: */*

Response DefaultHttpResponse(decodeResult: success, version: HTTP/1.1)
HTTP/1.1 200 OK
Content-Length: 98
Content-Type: application/json; charset=utf-8
cache-control: no-cache

23:27:17.794 [AsyncHttpClient-1-11] DEBUG org.asynchttpclient.netty.channel.ChannelManager - Adding key: http://localhost:46050 for channel [id: 0x83092c26, L:/127.0.0.1:60775 - R:localhost/127.0.0.1:46050]
23:27:17.796 [Forwarding getElementText on session 5c3990f7759193796ae62fceece4855f to remote] DEBUG org.asynchttpclient.netty.request.NettyRequestSender - Using pooled Channel '[id: 0x83092c26, L:/127.0.0.1:60775 - R:localhost/127.0.0.1:46050]' for 'GET' to 'http://localhost:46050/session/5c3990f7759193796ae62fceece4855f/element/6C762EA96939F39CA065D9B4AF424447_element_102/text'
23:27:17.796 [Forwarding getElementText on session 5c3990f7759193796ae62fceece4855f to remote] DEBUG org.asynchttpclient.netty.request.NettyRequestSender - Using open Channel [id: 0x83092c26, L:/127.0.0.1:60775 - R:localhost/127.0.0.1:46050] for GET '/session/5c3990f7759193796ae62fceece4855f/element/6C762EA96939F39CA065D9B4AF424447_element_102/text'
23:27:17.892 [AsyncHttpClient-1-11] DEBUG org.asynchttpclient.netty.handler.HttpHandler - 

Request DefaultFullHttpRequest(decodeResult: success, version: HTTP/1.1, content: EmptyByteBufBE)
GET /session/5c3990f7759193796ae62fceece4855f/element/6C762EA96939F39CA065D9B4AF424447_element_102/text HTTP/1.1
Cache-Control: no-cache
User-Agent: selenium/4.12.1 (java windows)
Content-Type: application/json; charset=utf-8
host: localhost:46050
accept: */*

Response DefaultHttpResponse(decodeResult: success, version: HTTP/1.1)
HTTP/1.1 200 OK
Content-Length: 23
Content-Type: application/json; charset=utf-8
cache-control: no-cache

23:27:17.892 [AsyncHttpClient-1-11] DEBUG org.asynchttpclient.netty.channel.ChannelManager - Adding key: http://localhost:46050 for channel [id: 0x83092c26, L:/127.0.0.1:60775 - R:localhost/127.0.0.1:46050]
23:27:17.940 [Forwarding screenshot on session 5c3990f7759193796ae62fceece4855f to remote] DEBUG org.asynchttpclient.netty.request.NettyRequestSender - Using pooled Channel '[id: 0x83092c26, L:/127.0.0.1:60775 - R:localhost/127.0.0.1:46050]' for 'GET' to 'http://localhost:46050/session/5c3990f7759193796ae62fceece4855f/screenshot'
23:27:17.940 [Forwarding screenshot on session 5c3990f7759193796ae62fceece4855f to remote] DEBUG org.asynchttpclient.netty.request.NettyRequestSender - Using open Channel [id: 0x83092c26, L:/127.0.0.1:60775 - R:localhost/127.0.0.1:46050] for GET '/session/5c3990f7759193796ae62fceece4855f/screenshot'
23:27:18.371 [AsyncHttpClient-1-1] DEBUG org.asynchttpclient.netty.channel.DefaultChannelPool - Entry count for : http://localhost:60778 : 1
23:27:18.371 [AsyncHttpClient-1-1] DEBUG org.asynchttpclient.netty.channel.DefaultChannelPool - Entry count for : http://localhost:30398 : 1
23:27:18.608 [AsyncHttpClient-1-11] DEBUG org.asynchttpclient.netty.handler.HttpHandler - 

Request DefaultFullHttpRequest(decodeResult: success, version: HTTP/1.1, content: EmptyByteBufBE)
GET /session/5c3990f7759193796ae62fceece4855f/screenshot HTTP/1.1
Cache-Control: no-cache
User-Agent: selenium/4.12.1 (java windows)
Content-Type: application/json; charset=utf-8
host: localhost:46050
accept: */*

Response DefaultHttpResponse(decodeResult: success, version: HTTP/1.1)
HTTP/1.1 200 OK
Content-Length: 147188
Content-Type: application/json; charset=utf-8
cache-control: no-cache

23:27:18.614 [AsyncHttpClient-1-11] DEBUG org.asynchttpclient.netty.channel.ChannelManager - Adding key: http://localhost:46050 for channel [id: 0x83092c26, L:/127.0.0.1:60775 - R:localhost/127.0.0.1:46050]
]]></system-out>
    <system-err><![CDATA[Mar 19, 2024 11:26:26 PM org.openqa.selenium.remote.http.WebSocket$Listener onError
WARNING: Connection reset
java.net.SocketException: Connection reset
	at java.base/sun.nio.ch.SocketChannelImpl.throwConnectionReset(SocketChannelImpl.java:401)
	at java.base/sun.nio.ch.SocketChannelImpl.read(SocketChannelImpl.java:434)
	at io.netty.buffer.PooledByteBuf.setBytes(PooledByteBuf.java:254)
	at io.netty.buffer.AbstractByteBuf.writeBytes(AbstractByteBuf.java:1132)
	at io.netty.channel.socket.nio.NioSocketChannel.doReadBytes(NioSocketChannel.java:357)
	at io.netty.channel.nio.AbstractNioByteChannel$NioByteUnsafe.read(AbstractNioByteChannel.java:151)
	at io.netty.channel.nio.NioEventLoop.processSelectedKey(NioEventLoop.java:788)
	at io.netty.channel.nio.NioEventLoop.processSelectedKeysOptimized(NioEventLoop.java:724)
	at io.netty.channel.nio.NioEventLoop.processSelectedKeys(NioEventLoop.java:650)
	at io.netty.channel.nio.NioEventLoop.run(NioEventLoop.java:562)
	at io.netty.util.concurrent.SingleThreadEventExecutor$4.run(SingleThreadEventExecutor.java:997)
	at io.netty.util.internal.ThreadExecutorMap$2.run(ThreadExecutorMap.java:74)
	at io.netty.util.concurrent.FastThreadLocalRunnable.run(FastThreadLocalRunnable.java:30)
	at java.base/java.lang.Thread.run(Thread.java:1623)

Mar 19, 2024 11:26:50 PM org.openqa.selenium.devtools.CdpVersionFinder findNearestMatch
WARNING: Unable to find an exact match for CDP version 120, so returning the closest version found: 116
]]></system-err>
  </testcase>
  <testcase name="submitOrder" classname="nandha.tests.ErrorValidationsTest" time="0.0">
    <skipped message="Expected condition failed: waiting for visibility of Proxy element for: DefaultElementLocator &apos;By.cssSelector: flyInOut &apos; (tried for 30 second(s) with 500 milliseconds interval)"/>
    <system-out><![CDATA[23:27:18.746 [Forwarding close on session 5c3990f7759193796ae62fceece4855f to remote] DEBUG org.asynchttpclient.netty.request.NettyRequestSender - Using pooled Channel '[id: 0x83092c26, L:/127.0.0.1:60775 - R:localhost/127.0.0.1:46050]' for 'DELETE' to 'http://localhost:46050/session/5c3990f7759193796ae62fceece4855f/window'
23:27:18.746 [Forwarding close on session 5c3990f7759193796ae62fceece4855f to remote] DEBUG org.asynchttpclient.netty.request.NettyRequestSender - Using open Channel [id: 0x83092c26, L:/127.0.0.1:60775 - R:localhost/127.0.0.1:46050] for DELETE '/session/5c3990f7759193796ae62fceece4855f/window'
23:27:19.507 [AsyncHttpClient-1-1] DEBUG org.asynchttpclient.netty.channel.DefaultChannelPool - Entry count for : http://localhost:60778 : 1
23:27:19.507 [AsyncHttpClient-1-1] DEBUG org.asynchttpclient.netty.channel.DefaultChannelPool - Entry count for : http://localhost:30398 : 1
23:27:20.575 [AsyncHttpClient-1-1] DEBUG org.asynchttpclient.netty.channel.DefaultChannelPool - Entry count for : http://localhost:60778 : 1
23:27:20.575 [AsyncHttpClient-1-1] DEBUG org.asynchttpclient.netty.channel.DefaultChannelPool - Entry count for : http://localhost:30398 : 1
23:27:21.316 [AsyncHttpClient-1-12] DEBUG org.asynchttpclient.netty.handler.HttpHandler - Unexpected I/O exception on channel [id: 0x3b557dfb, L:/127.0.0.1:60788 - R:localhost/127.0.0.1:60778]
java.net.SocketException: Connection reset
	at java.base/sun.nio.ch.SocketChannelImpl.throwConnectionReset(SocketChannelImpl.java:401)
	at java.base/sun.nio.ch.SocketChannelImpl.read(SocketChannelImpl.java:434)
	at io.netty.buffer.PooledByteBuf.setBytes(PooledByteBuf.java:254)
	at io.netty.buffer.AbstractByteBuf.writeBytes(AbstractByteBuf.java:1132)
	at io.netty.channel.socket.nio.NioSocketChannel.doReadBytes(NioSocketChannel.java:357)
	at io.netty.channel.nio.AbstractNioByteChannel$NioByteUnsafe.read(AbstractNioByteChannel.java:151)
	at io.netty.channel.nio.NioEventLoop.processSelectedKey(NioEventLoop.java:788)
	at io.netty.channel.nio.NioEventLoop.processSelectedKeysOptimized(NioEventLoop.java:724)
	at io.netty.channel.nio.NioEventLoop.processSelectedKeys(NioEventLoop.java:650)
	at io.netty.channel.nio.NioEventLoop.run(NioEventLoop.java:562)
	at io.netty.util.concurrent.SingleThreadEventExecutor$4.run(SingleThreadEventExecutor.java:997)
	at io.netty.util.internal.ThreadExecutorMap$2.run(ThreadExecutorMap.java:74)
	at io.netty.util.concurrent.FastThreadLocalRunnable.run(FastThreadLocalRunnable.java:30)
	at java.base/java.lang.Thread.run(Thread.java:1623)
23:27:21.317 [AsyncHttpClient-1-12] DEBUG org.asynchttpclient.netty.channel.ChannelManager - Closing Channel [id: 0x3b557dfb, L:/127.0.0.1:60788 - R:localhost/127.0.0.1:60778] 
23:27:21.317 [AsyncHttpClient-1-12] DEBUG org.asynchttpclient.netty.handler.HttpHandler - Channel Closed: [id: 0x3b557dfb, L:/127.0.0.1:60788 ! R:localhost/127.0.0.1:60778] with attribute DISCARD
23:27:21.671 [AsyncHttpClient-1-1] DEBUG org.asynchttpclient.netty.channel.DefaultChannelPool - Entry count for : http://localhost:60778 : 1
23:27:21.671 [AsyncHttpClient-1-1] DEBUG org.asynchttpclient.netty.channel.DefaultChannelPool - Entry count for : http://localhost:30398 : 1
23:27:21.671 [AsyncHttpClient-1-1] DEBUG org.asynchttpclient.netty.channel.DefaultChannelPool - Adding Candidate expired Channel [id: 0x3b557dfb, L:/127.0.0.1:60788 ! R:localhost/127.0.0.1:60778] isIdleTimeoutExpired=false isRemotelyClosed=true isTtlExpired=false
23:27:21.671 [AsyncHttpClient-1-1] DEBUG org.asynchttpclient.netty.channel.DefaultChannelPool - Closing Idle Channel [id: 0x3b557dfb, L:/127.0.0.1:60788 ! R:localhost/127.0.0.1:60778]
23:27:21.671 [AsyncHttpClient-1-1] DEBUG org.asynchttpclient.netty.channel.DefaultChannelPool - Closed 1 connections out of 2 in 0 ms
23:27:22.176 [AsyncHttpClient-1-13] DEBUG org.asynchttpclient.netty.handler.WebSocketHandler - Unexpected I/O exception on channel [id: 0x8e5078ce, L:/127.0.0.1:60789 - R:localhost/127.0.0.1:60778]
java.net.SocketException: Connection reset
	at java.base/sun.nio.ch.SocketChannelImpl.throwConnectionReset(SocketChannelImpl.java:401)
	at java.base/sun.nio.ch.SocketChannelImpl.read(SocketChannelImpl.java:434)
	at io.netty.buffer.PooledByteBuf.setBytes(PooledByteBuf.java:254)
	at io.netty.buffer.AbstractByteBuf.writeBytes(AbstractByteBuf.java:1132)
	at io.netty.channel.socket.nio.NioSocketChannel.doReadBytes(NioSocketChannel.java:357)
	at io.netty.channel.nio.AbstractNioByteChannel$NioByteUnsafe.read(AbstractNioByteChannel.java:151)
	at io.netty.channel.nio.NioEventLoop.processSelectedKey(NioEventLoop.java:788)
	at io.netty.channel.nio.NioEventLoop.processSelectedKeysOptimized(NioEventLoop.java:724)
	at io.netty.channel.nio.NioEventLoop.processSelectedKeys(NioEventLoop.java:650)
	at io.netty.channel.nio.NioEventLoop.run(NioEventLoop.java:562)
	at io.netty.util.concurrent.SingleThreadEventExecutor$4.run(SingleThreadEventExecutor.java:997)
	at io.netty.util.internal.ThreadExecutorMap$2.run(ThreadExecutorMap.java:74)
	at io.netty.util.concurrent.FastThreadLocalRunnable.run(FastThreadLocalRunnable.java:30)
	at java.base/java.lang.Thread.run(Thread.java:1623)
23:27:22.177 [AsyncHttpClient-1-13] DEBUG org.asynchttpclient.netty.handler.WebSocketHandler - Was unable to recover Future: NettyResponseFuture{currentRetry=0,
	isDone=1,
	isCancelled=0,
	asyncHandler=org.asynchttpclient.ws.WebSocketUpgradeHandler@67268b9,
	nettyRequest=org.asynchttpclient.netty.request.NettyRequest@4370e613,
	future=java.util.concurrent.CompletableFuture@1f3831ff[Completed normally],
	uri=ws://localhost:60778/devtools/browser/00503a57-e7b7-4ad9-916c-ae7e76971582,
	keepAlive=true,
	redirectCount=0,
	timeoutsHolder=null,
	inAuth=0,
	touch=1710871042177}
23:27:22.177 [AsyncHttpClient-1-13] DEBUG org.asynchttpclient.netty.channel.ChannelManager - Closing Channel [id: 0x8e5078ce, L:/127.0.0.1:60789 - R:localhost/127.0.0.1:60778] 
23:27:22.177 [AsyncHttpClient-1-13] WARN org.asynchttpclient.netty.handler.WebSocketHandler - onError
java.net.SocketException: Connection reset
	at java.base/sun.nio.ch.SocketChannelImpl.throwConnectionReset(SocketChannelImpl.java:401)
	at java.base/sun.nio.ch.SocketChannelImpl.read(SocketChannelImpl.java:434)
	at io.netty.buffer.PooledByteBuf.setBytes(PooledByteBuf.java:254)
	at io.netty.buffer.AbstractByteBuf.writeBytes(AbstractByteBuf.java:1132)
	at io.netty.channel.socket.nio.NioSocketChannel.doReadBytes(NioSocketChannel.java:357)
	at io.netty.channel.nio.AbstractNioByteChannel$NioByteUnsafe.read(AbstractNioByteChannel.java:151)
	at io.netty.channel.nio.NioEventLoop.processSelectedKey(NioEventLoop.java:788)
	at io.netty.channel.nio.NioEventLoop.processSelectedKeysOptimized(NioEventLoop.java:724)
	at io.netty.channel.nio.NioEventLoop.processSelectedKeys(NioEventLoop.java:650)
	at io.netty.channel.nio.NioEventLoop.run(NioEventLoop.java:562)
	at io.netty.util.concurrent.SingleThreadEventExecutor$4.run(SingleThreadEventExecutor.java:997)
	at io.netty.util.internal.ThreadExecutorMap$2.run(ThreadExecutorMap.java:74)
	at io.netty.util.concurrent.FastThreadLocalRunnable.run(FastThreadLocalRunnable.java:30)
	at java.base/java.lang.Thread.run(Thread.java:1623)
23:27:22.179 [AsyncHttpClient-1-13] DEBUG org.asynchttpclient.netty.channel.ChannelManager - Closing Channel [id: 0x8e5078ce, L:/127.0.0.1:60789 ! R:localhost/127.0.0.1:60778] 
23:27:22.180 [AsyncHttpClient-1-13] DEBUG org.asynchttpclient.netty.handler.WebSocketHandler - Channel Closed: [id: 0x8e5078ce, L:/127.0.0.1:60789 ! R:localhost/127.0.0.1:60778] with attribute DISCARD
23:27:22.764 [AsyncHttpClient-1-1] DEBUG org.asynchttpclient.netty.channel.DefaultChannelPool - Entry count for : http://localhost:30398 : 1
23:27:23.831 [AsyncHttpClient-1-11] DEBUG org.asynchttpclient.netty.handler.HttpHandler - 

Request DefaultFullHttpRequest(decodeResult: success, version: HTTP/1.1, content: EmptyByteBufBE)
DELETE /session/5c3990f7759193796ae62fceece4855f/window HTTP/1.1
User-Agent: selenium/4.12.1 (java windows)
Content-Type: application/json; charset=utf-8
host: localhost:46050
accept: */*

Response DefaultHttpResponse(decodeResult: success, version: HTTP/1.1)
HTTP/1.1 200 OK
Content-Length: 12
Content-Type: application/json; charset=utf-8
cache-control: no-cache

23:27:23.831 [AsyncHttpClient-1-11] DEBUG org.asynchttpclient.netty.channel.ChannelManager - Adding key: http://localhost:46050 for channel [id: 0x83092c26, L:/127.0.0.1:60775 - R:localhost/127.0.0.1:46050]
23:27:23.871 [AsyncHttpClient-1-1] DEBUG org.asynchttpclient.netty.channel.DefaultChannelPool - Entry count for : http://localhost:46050 : 1
23:27:23.871 [AsyncHttpClient-1-1] DEBUG org.asynchttpclient.netty.channel.DefaultChannelPool - Entry count for : http://localhost:30398 : 1
23:27:24.977 [AsyncHttpClient-1-1] DEBUG org.asynchttpclient.netty.channel.DefaultChannelPool - Entry count for : http://localhost:46050 : 1
23:27:24.977 [AsyncHttpClient-1-1] DEBUG org.asynchttpclient.netty.channel.DefaultChannelPool - Entry count for : http://localhost:30398 : 1
23:27:26.064 [AsyncHttpClient-1-1] DEBUG org.asynchttpclient.netty.channel.DefaultChannelPool - Entry count for : http://localhost:46050 : 1
23:27:26.064 [AsyncHttpClient-1-1] DEBUG org.asynchttpclient.netty.channel.DefaultChannelPool - Entry count for : http://localhost:30398 : 1
23:27:27.191 [AsyncHttpClient-1-1] DEBUG org.asynchttpclient.netty.channel.DefaultChannelPool - Entry count for : http://localhost:46050 : 1
23:27:27.191 [AsyncHttpClient-1-1] DEBUG org.asynchttpclient.netty.channel.DefaultChannelPool - Entry count for : http://localhost:30398 : 1
23:27:27.191 [AsyncHttpClient-1-1] DEBUG org.asynchttpclient.netty.channel.DefaultChannelPool - Adding Candidate expired Channel [id: 0x41e2957f, L:/127.0.0.1:60732 - R:localhost/127.0.0.1:30398] isIdleTimeoutExpired=true isRemotelyClosed=false isTtlExpired=false
23:27:27.191 [AsyncHttpClient-1-1] DEBUG org.asynchttpclient.netty.channel.DefaultChannelPool - Closing Idle Channel [id: 0x41e2957f, L:/127.0.0.1:60732 - R:localhost/127.0.0.1:30398]
23:27:27.191 [AsyncHttpClient-1-1] DEBUG org.asynchttpclient.netty.channel.DefaultChannelPool - Closed 1 connections out of 2 in 0 ms
23:27:27.192 [AsyncHttpClient-1-8] DEBUG org.asynchttpclient.netty.handler.HttpHandler - Channel Closed: [id: 0x41e2957f, L:/127.0.0.1:60732 ! R:localhost/127.0.0.1:30398] with attribute DISCARD
23:27:28.297 [AsyncHttpClient-1-1] DEBUG org.asynchttpclient.netty.channel.DefaultChannelPool - Entry count for : http://localhost:46050 : 1
23:27:29.374 [AsyncHttpClient-1-1] DEBUG org.asynchttpclient.netty.channel.DefaultChannelPool - Entry count for : http://localhost:46050 : 1
23:27:30.472 [AsyncHttpClient-1-1] DEBUG org.asynchttpclient.netty.channel.DefaultChannelPool - Entry count for : http://localhost:46050 : 1
23:27:31.599 [AsyncHttpClient-1-1] DEBUG org.asynchttpclient.netty.channel.DefaultChannelPool - Entry count for : http://localhost:46050 : 1
23:27:32.673 [AsyncHttpClient-1-1] DEBUG org.asynchttpclient.netty.channel.DefaultChannelPool - Entry count for : http://localhost:46050 : 1
23:27:33.792 [AsyncHttpClient-1-1] DEBUG org.asynchttpclient.netty.channel.DefaultChannelPool - Entry count for : http://localhost:46050 : 1
23:27:34.878 [AsyncHttpClient-1-1] DEBUG org.asynchttpclient.netty.channel.DefaultChannelPool - Entry count for : http://localhost:46050 : 1
23:27:35.975 [AsyncHttpClient-1-1] DEBUG org.asynchttpclient.netty.channel.DefaultChannelPool - Entry count for : http://localhost:46050 : 1
23:27:37.072 [AsyncHttpClient-1-1] DEBUG org.asynchttpclient.netty.channel.DefaultChannelPool - Entry count for : http://localhost:46050 : 1
23:27:38.173 [AsyncHttpClient-1-1] DEBUG org.asynchttpclient.netty.channel.DefaultChannelPool - Entry count for : http://localhost:46050 : 1
23:27:39.278 [AsyncHttpClient-1-1] DEBUG org.asynchttpclient.netty.channel.DefaultChannelPool - Entry count for : http://localhost:46050 : 1
23:27:40.370 [AsyncHttpClient-1-1] DEBUG org.asynchttpclient.netty.channel.DefaultChannelPool - Entry count for : http://localhost:46050 : 1
23:27:41.477 [AsyncHttpClient-1-1] DEBUG org.asynchttpclient.netty.channel.DefaultChannelPool - Entry count for : http://localhost:46050 : 1
23:27:42.581 [AsyncHttpClient-1-1] DEBUG org.asynchttpclient.netty.channel.DefaultChannelPool - Entry count for : http://localhost:46050 : 1
23:27:43.677 [AsyncHttpClient-1-1] DEBUG org.asynchttpclient.netty.channel.DefaultChannelPool - Entry count for : http://localhost:46050 : 1
23:27:44.773 [AsyncHttpClient-1-1] DEBUG org.asynchttpclient.netty.channel.DefaultChannelPool - Entry count for : http://localhost:46050 : 1
23:27:45.874 [AsyncHttpClient-1-1] DEBUG org.asynchttpclient.netty.channel.DefaultChannelPool - Entry count for : http://localhost:46050 : 1
23:27:46.969 [AsyncHttpClient-1-1] DEBUG org.asynchttpclient.netty.channel.DefaultChannelPool - Entry count for : http://localhost:46050 : 1
23:27:48.078 [AsyncHttpClient-1-1] DEBUG org.asynchttpclient.netty.channel.DefaultChannelPool - Entry count for : http://localhost:46050 : 1
23:27:49.170 [AsyncHttpClient-1-1] DEBUG org.asynchttpclient.netty.channel.DefaultChannelPool - Entry count for : http://localhost:46050 : 1
23:27:50.266 [AsyncHttpClient-1-1] DEBUG org.asynchttpclient.netty.channel.DefaultChannelPool - Entry count for : http://localhost:46050 : 1
23:27:51.409 [AsyncHttpClient-1-1] DEBUG org.asynchttpclient.netty.channel.DefaultChannelPool - Entry count for : http://localhost:46050 : 1
23:27:52.468 [AsyncHttpClient-1-1] DEBUG org.asynchttpclient.netty.channel.DefaultChannelPool - Entry count for : http://localhost:46050 : 1
23:27:53.575 [AsyncHttpClient-1-1] DEBUG org.asynchttpclient.netty.channel.DefaultChannelPool - Entry count for : http://localhost:46050 : 1
23:27:54.669 [AsyncHttpClient-1-1] DEBUG org.asynchttpclient.netty.channel.DefaultChannelPool - Entry count for : http://localhost:46050 : 1
23:27:55.775 [AsyncHttpClient-1-1] DEBUG org.asynchttpclient.netty.channel.DefaultChannelPool - Entry count for : http://localhost:46050 : 1
23:27:56.880 [AsyncHttpClient-1-1] DEBUG org.asynchttpclient.netty.channel.DefaultChannelPool - Entry count for : http://localhost:46050 : 1
23:27:56.993 [AsyncHttpClient-1-14] DEBUG org.asynchttpclient.netty.channel.NettyConnectListener - Using new Channel '[id: 0x5ce58aaf, L:/127.0.0.1:60887 - R:localhost/127.0.0.1:2311]' for 'POST' to '/session'
23:27:57.966 [AsyncHttpClient-1-1] DEBUG org.asynchttpclient.netty.channel.DefaultChannelPool - Entry count for : http://localhost:46050 : 1
23:27:59.070 [AsyncHttpClient-1-1] DEBUG org.asynchttpclient.netty.channel.DefaultChannelPool - Entry count for : http://localhost:46050 : 1
23:28:00.178 [AsyncHttpClient-1-1] DEBUG org.asynchttpclient.netty.channel.DefaultChannelPool - Entry count for : http://localhost:46050 : 1
23:28:01.274 [AsyncHttpClient-1-1] DEBUG org.asynchttpclient.netty.channel.DefaultChannelPool - Entry count for : http://localhost:46050 : 1
23:28:02.423 [AsyncHttpClient-1-1] DEBUG org.asynchttpclient.netty.channel.DefaultChannelPool - Entry count for : http://localhost:46050 : 1
23:28:03.474 [AsyncHttpClient-1-1] DEBUG org.asynchttpclient.netty.channel.DefaultChannelPool - Entry count for : http://localhost:46050 : 1
23:28:04.565 [AsyncHttpClient-1-1] DEBUG org.asynchttpclient.netty.channel.DefaultChannelPool - Entry count for : http://localhost:46050 : 1
23:28:05.671 [AsyncHttpClient-1-1] DEBUG org.asynchttpclient.netty.channel.DefaultChannelPool - Entry count for : http://localhost:46050 : 1
23:28:06.766 [AsyncHttpClient-1-1] DEBUG org.asynchttpclient.netty.channel.DefaultChannelPool - Entry count for : http://localhost:46050 : 1
23:28:07.864 [AsyncHttpClient-1-1] DEBUG org.asynchttpclient.netty.channel.DefaultChannelPool - Entry count for : http://localhost:46050 : 1
23:28:08.990 [AsyncHttpClient-1-1] DEBUG org.asynchttpclient.netty.channel.DefaultChannelPool - Entry count for : http://localhost:46050 : 1
23:28:10.072 [AsyncHttpClient-1-1] DEBUG org.asynchttpclient.netty.channel.DefaultChannelPool - Entry count for : http://localhost:46050 : 1
23:28:11.189 [AsyncHttpClient-1-1] DEBUG org.asynchttpclient.netty.channel.DefaultChannelPool - Entry count for : http://localhost:46050 : 1
23:28:12.276 [AsyncHttpClient-1-1] DEBUG org.asynchttpclient.netty.channel.DefaultChannelPool - Entry count for : http://localhost:46050 : 1
23:28:13.366 [AsyncHttpClient-1-1] DEBUG org.asynchttpclient.netty.channel.DefaultChannelPool - Entry count for : http://localhost:46050 : 1
23:28:14.472 [AsyncHttpClient-1-1] DEBUG org.asynchttpclient.netty.channel.DefaultChannelPool - Entry count for : http://localhost:46050 : 1
23:28:15.568 [AsyncHttpClient-1-1] DEBUG org.asynchttpclient.netty.channel.DefaultChannelPool - Entry count for : http://localhost:46050 : 1
23:28:16.688 [AsyncHttpClient-1-1] DEBUG org.asynchttpclient.netty.channel.DefaultChannelPool - Entry count for : http://localhost:46050 : 1
23:28:17.312 [AsyncHttpClient-1-14] DEBUG org.asynchttpclient.netty.handler.HttpHandler - 

Request DefaultHttpRequest(decodeResult: success, version: HTTP/1.1)
POST /session HTTP/1.1
User-Agent: selenium/4.12.1 (java windows)
Content-Length: 336
Content-Type: application/json; charset=utf-8
host: localhost:2311
accept: */*

Response DefaultHttpResponse(decodeResult: success, version: HTTP/1.1)
HTTP/1.1 200 OK
Content-Length: 886
Content-Type: application/json; charset=utf-8
cache-control: no-cache

23:28:17.313 [AsyncHttpClient-1-14] DEBUG org.asynchttpclient.netty.channel.ChannelManager - Adding key: http://localhost:2311 for channel [id: 0x5ce58aaf, L:/127.0.0.1:60887 - R:localhost/127.0.0.1:2311]
23:28:17.444 [AsyncHttpClient-1-15] DEBUG org.asynchttpclient.netty.channel.NettyConnectListener - Using new Channel '[id: 0x37135b92, L:/127.0.0.1:60906 - R:localhost/127.0.0.1:60893]' for 'GET' to '/json/version'
23:28:17.456 [AsyncHttpClient-1-15] DEBUG org.asynchttpclient.netty.handler.HttpHandler - 

Request DefaultFullHttpRequest(decodeResult: success, version: HTTP/1.1, content: EmptyByteBufBE)
GET /json/version HTTP/1.1
User-Agent: selenium/4.12.1 (java windows)
host: localhost:60893
accept: */*

Response DefaultHttpResponse(decodeResult: success, version: HTTP/1.1)
HTTP/1.1 200 OK
Content-Security-Policy: frame-ancestors 'none'
Content-Length: 424
Content-Type: application/json; charset=UTF-8

23:28:17.456 [AsyncHttpClient-1-15] DEBUG org.asynchttpclient.netty.channel.ChannelManager - Adding key: http://localhost:60893 for channel [id: 0x37135b92, L:/127.0.0.1:60906 - R:localhost/127.0.0.1:60893]
23:28:17.543 [AsyncHttpClient-1-16] DEBUG org.asynchttpclient.netty.channel.NettyConnectListener - Using new Channel '[id: 0xfd939530, L:/127.0.0.1:60907 - R:localhost/127.0.0.1:60893]' for 'GET' to '/devtools/browser/a3f100f3-2cc0-4054-9f3d-288b0a040fb6'
23:28:17.555 [AsyncHttpClient-1-16] DEBUG org.asynchttpclient.netty.handler.WebSocketHandler - 

Request DefaultFullHttpRequest(decodeResult: success, version: HTTP/1.1, content: EmptyByteBufBE)
GET /devtools/browser/a3f100f3-2cc0-4054-9f3d-288b0a040fb6 HTTP/1.1
upgrade: websocket
connection: upgrade
sec-websocket-key: kg3jZbb0r3eQh0EbXmBbhw==
sec-websocket-version: 13
origin: http://localhost:60893
host: localhost:60893
accept: */*
user-agent: AHC/2.1

Response DefaultHttpResponse(decodeResult: success, version: HTTP/1.1)
HTTP/1.1 101 WebSocket Protocol Handshake
Upgrade: WebSocket
Connection: Upgrade
Sec-WebSocket-Accept: LRPxI7NtMfQfZ2vW59FPVm+kQFw=

23:28:17.574 [Forwarding setTimeout on session 0cc037cd5d1034ccd8b93d3d1936abf2 to remote] DEBUG org.asynchttpclient.netty.request.NettyRequestSender - Using pooled Channel '[id: 0x5ce58aaf, L:/127.0.0.1:60887 - R:localhost/127.0.0.1:2311]' for 'POST' to 'http://localhost:2311/session/0cc037cd5d1034ccd8b93d3d1936abf2/timeouts'
23:28:17.574 [Forwarding setTimeout on session 0cc037cd5d1034ccd8b93d3d1936abf2 to remote] DEBUG org.asynchttpclient.netty.request.NettyRequestSender - Using open Channel [id: 0x5ce58aaf, L:/127.0.0.1:60887 - R:localhost/127.0.0.1:2311] for POST '/session/0cc037cd5d1034ccd8b93d3d1936abf2/timeouts'
23:28:17.623 [AsyncHttpClient-1-14] DEBUG org.asynchttpclient.netty.handler.HttpHandler - 

Request DefaultHttpRequest(decodeResult: success, version: HTTP/1.1)
POST /session/0cc037cd5d1034ccd8b93d3d1936abf2/timeouts HTTP/1.1
User-Agent: selenium/4.12.1 (java windows)
Content-Length: 23
Content-Type: application/json; charset=utf-8
host: localhost:2311
accept: */*

Response DefaultHttpResponse(decodeResult: success, version: HTTP/1.1)
HTTP/1.1 200 OK
Content-Length: 14
Content-Type: application/json; charset=utf-8
cache-control: no-cache

23:28:17.624 [AsyncHttpClient-1-14] DEBUG org.asynchttpclient.netty.channel.ChannelManager - Adding key: http://localhost:2311 for channel [id: 0x5ce58aaf, L:/127.0.0.1:60887 - R:localhost/127.0.0.1:2311]
23:28:17.627 [Forwarding maximizeCurrentWindow on session 0cc037cd5d1034ccd8b93d3d1936abf2 to remote] DEBUG org.asynchttpclient.netty.request.NettyRequestSender - Using pooled Channel '[id: 0x5ce58aaf, L:/127.0.0.1:60887 - R:localhost/127.0.0.1:2311]' for 'POST' to 'http://localhost:2311/session/0cc037cd5d1034ccd8b93d3d1936abf2/window/maximize'
23:28:17.627 [Forwarding maximizeCurrentWindow on session 0cc037cd5d1034ccd8b93d3d1936abf2 to remote] DEBUG org.asynchttpclient.netty.request.NettyRequestSender - Using open Channel [id: 0x5ce58aaf, L:/127.0.0.1:60887 - R:localhost/127.0.0.1:2311] for POST '/session/0cc037cd5d1034ccd8b93d3d1936abf2/window/maximize'
23:28:17.769 [AsyncHttpClient-1-1] DEBUG org.asynchttpclient.netty.channel.DefaultChannelPool - Entry count for : http://localhost:60893 : 1
23:28:17.769 [AsyncHttpClient-1-1] DEBUG org.asynchttpclient.netty.channel.DefaultChannelPool - Entry count for : http://localhost:46050 : 1
23:28:18.195 [AsyncHttpClient-1-14] DEBUG org.asynchttpclient.netty.handler.HttpHandler - 

Request DefaultHttpRequest(decodeResult: success, version: HTTP/1.1)
POST /session/0cc037cd5d1034ccd8b93d3d1936abf2/window/maximize HTTP/1.1
User-Agent: selenium/4.12.1 (java windows)
Content-Length: 3
Content-Type: application/json; charset=utf-8
host: localhost:2311
accept: */*

Response DefaultHttpResponse(decodeResult: success, version: HTTP/1.1)
HTTP/1.1 200 OK
Content-Length: 51
Content-Type: application/json; charset=utf-8
cache-control: no-cache

23:28:18.195 [AsyncHttpClient-1-14] DEBUG org.asynchttpclient.netty.channel.ChannelManager - Adding key: http://localhost:2311 for channel [id: 0x5ce58aaf, L:/127.0.0.1:60887 - R:localhost/127.0.0.1:2311]
23:28:18.205 [Forwarding get on session 0cc037cd5d1034ccd8b93d3d1936abf2 to remote] DEBUG org.asynchttpclient.netty.request.NettyRequestSender - Using pooled Channel '[id: 0x5ce58aaf, L:/127.0.0.1:60887 - R:localhost/127.0.0.1:2311]' for 'POST' to 'http://localhost:2311/session/0cc037cd5d1034ccd8b93d3d1936abf2/url'
23:28:18.205 [Forwarding get on session 0cc037cd5d1034ccd8b93d3d1936abf2 to remote] DEBUG org.asynchttpclient.netty.request.NettyRequestSender - Using open Channel [id: 0x5ce58aaf, L:/127.0.0.1:60887 - R:localhost/127.0.0.1:2311] for POST '/session/0cc037cd5d1034ccd8b93d3d1936abf2/url'
23:28:18.866 [AsyncHttpClient-1-1] DEBUG org.asynchttpclient.netty.channel.DefaultChannelPool - Entry count for : http://localhost:60893 : 1
23:28:18.866 [AsyncHttpClient-1-1] DEBUG org.asynchttpclient.netty.channel.DefaultChannelPool - Entry count for : http://localhost:46050 : 1
23:28:19.719 [AsyncHttpClient-1-14] DEBUG org.asynchttpclient.netty.handler.HttpHandler - 

Request DefaultHttpRequest(decodeResult: success, version: HTTP/1.1)
POST /session/0cc037cd5d1034ccd8b93d3d1936abf2/url HTTP/1.1
User-Agent: selenium/4.12.1 (java windows)
Content-Length: 67
Content-Type: application/json; charset=utf-8
host: localhost:2311
accept: */*

Response DefaultHttpResponse(decodeResult: success, version: HTTP/1.1)
HTTP/1.1 200 OK
Content-Length: 14
Content-Type: application/json; charset=utf-8
cache-control: no-cache

23:28:19.719 [AsyncHttpClient-1-14] DEBUG org.asynchttpclient.netty.channel.ChannelManager - Adding key: http://localhost:2311 for channel [id: 0x5ce58aaf, L:/127.0.0.1:60887 - R:localhost/127.0.0.1:2311]
23:28:19.723 [Forwarding findElement on session 0cc037cd5d1034ccd8b93d3d1936abf2 to remote] DEBUG org.asynchttpclient.netty.request.NettyRequestSender - Using pooled Channel '[id: 0x5ce58aaf, L:/127.0.0.1:60887 - R:localhost/127.0.0.1:2311]' for 'POST' to 'http://localhost:2311/session/0cc037cd5d1034ccd8b93d3d1936abf2/element'
23:28:19.723 [Forwarding findElement on session 0cc037cd5d1034ccd8b93d3d1936abf2 to remote] DEBUG org.asynchttpclient.netty.request.NettyRequestSender - Using open Channel [id: 0x5ce58aaf, L:/127.0.0.1:60887 - R:localhost/127.0.0.1:2311] for POST '/session/0cc037cd5d1034ccd8b93d3d1936abf2/element'
23:28:20.008 [AsyncHttpClient-1-1] DEBUG org.asynchttpclient.netty.channel.DefaultChannelPool - Entry count for : http://localhost:60893 : 1
23:28:20.008 [AsyncHttpClient-1-1] DEBUG org.asynchttpclient.netty.channel.DefaultChannelPool - Entry count for : http://localhost:46050 : 1
23:28:21.073 [AsyncHttpClient-1-1] DEBUG org.asynchttpclient.netty.channel.DefaultChannelPool - Entry count for : http://localhost:60893 : 1
23:28:21.073 [AsyncHttpClient-1-1] DEBUG org.asynchttpclient.netty.channel.DefaultChannelPool - Entry count for : http://localhost:46050 : 1
23:28:22.165 [AsyncHttpClient-1-1] DEBUG org.asynchttpclient.netty.channel.DefaultChannelPool - Entry count for : http://localhost:60893 : 1
23:28:22.165 [AsyncHttpClient-1-1] DEBUG org.asynchttpclient.netty.channel.DefaultChannelPool - Entry count for : http://localhost:46050 : 1
23:28:23.272 [AsyncHttpClient-1-1] DEBUG org.asynchttpclient.netty.channel.DefaultChannelPool - Entry count for : http://localhost:60893 : 1
23:28:23.272 [AsyncHttpClient-1-1] DEBUG org.asynchttpclient.netty.channel.DefaultChannelPool - Entry count for : http://localhost:46050 : 1
23:28:24.375 [AsyncHttpClient-1-1] DEBUG org.asynchttpclient.netty.channel.DefaultChannelPool - Entry count for : http://localhost:60893 : 1
23:28:24.375 [AsyncHttpClient-1-1] DEBUG org.asynchttpclient.netty.channel.DefaultChannelPool - Entry count for : http://localhost:46050 : 1
23:28:24.375 [AsyncHttpClient-1-1] DEBUG org.asynchttpclient.netty.channel.DefaultChannelPool - Adding Candidate expired Channel [id: 0x83092c26, L:/127.0.0.1:60775 - R:localhost/127.0.0.1:46050] isIdleTimeoutExpired=true isRemotelyClosed=false isTtlExpired=false
23:28:24.375 [AsyncHttpClient-1-1] DEBUG org.asynchttpclient.netty.channel.DefaultChannelPool - Closing Idle Channel [id: 0x83092c26, L:/127.0.0.1:60775 - R:localhost/127.0.0.1:46050]
23:28:24.377 [AsyncHttpClient-1-11] DEBUG org.asynchttpclient.netty.handler.HttpHandler - Channel Closed: [id: 0x83092c26, L:/127.0.0.1:60775 ! R:localhost/127.0.0.1:46050] with attribute DISCARD
23:28:24.377 [AsyncHttpClient-1-1] DEBUG org.asynchttpclient.netty.channel.DefaultChannelPool - Closed 1 connections out of 2 in 2 ms
23:28:25.470 [AsyncHttpClient-1-1] DEBUG org.asynchttpclient.netty.channel.DefaultChannelPool - Entry count for : http://localhost:60893 : 1
23:28:26.567 [AsyncHttpClient-1-1] DEBUG org.asynchttpclient.netty.channel.DefaultChannelPool - Entry count for : http://localhost:60893 : 1
23:28:27.672 [AsyncHttpClient-1-1] DEBUG org.asynchttpclient.netty.channel.DefaultChannelPool - Entry count for : http://localhost:60893 : 1
23:28:28.766 [AsyncHttpClient-1-1] DEBUG org.asynchttpclient.netty.channel.DefaultChannelPool - Entry count for : http://localhost:60893 : 1
23:28:29.222 [AsyncHttpClient-1-14] DEBUG org.asynchttpclient.netty.handler.HttpHandler - 

Request DefaultHttpRequest(decodeResult: success, version: HTTP/1.1)
POST /session/0cc037cd5d1034ccd8b93d3d1936abf2/element HTTP/1.1
User-Agent: selenium/4.12.1 (java windows)
Content-Length: 54
Content-Type: application/json; charset=utf-8
host: localhost:2311
accept: */*

Response DefaultHttpResponse(decodeResult: success, version: HTTP/1.1)
HTTP/1.1 200 OK
Content-Length: 94
Content-Type: application/json; charset=utf-8
cache-control: no-cache

23:28:29.222 [AsyncHttpClient-1-14] DEBUG org.asynchttpclient.netty.channel.ChannelManager - Adding key: http://localhost:2311 for channel [id: 0x5ce58aaf, L:/127.0.0.1:60887 - R:localhost/127.0.0.1:2311]
23:28:29.226 [Forwarding sendKeysToElement on session 0cc037cd5d1034ccd8b93d3d1936abf2 to remote] DEBUG org.asynchttpclient.netty.request.NettyRequestSender - Using pooled Channel '[id: 0x5ce58aaf, L:/127.0.0.1:60887 - R:localhost/127.0.0.1:2311]' for 'POST' to 'http://localhost:2311/session/0cc037cd5d1034ccd8b93d3d1936abf2/element/967633DC462E511283239B66C2167016_element_2/value'
23:28:29.227 [Forwarding sendKeysToElement on session 0cc037cd5d1034ccd8b93d3d1936abf2 to remote] DEBUG org.asynchttpclient.netty.request.NettyRequestSender - Using open Channel [id: 0x5ce58aaf, L:/127.0.0.1:60887 - R:localhost/127.0.0.1:2311] for POST '/session/0cc037cd5d1034ccd8b93d3d1936abf2/element/967633DC462E511283239B66C2167016_element_2/value'
23:28:29.866 [AsyncHttpClient-1-1] DEBUG org.asynchttpclient.netty.channel.DefaultChannelPool - Entry count for : http://localhost:60893 : 1
23:28:30.785 [AsyncHttpClient-1-14] DEBUG org.asynchttpclient.netty.handler.HttpHandler - 

Request DefaultHttpRequest(decodeResult: success, version: HTTP/1.1)
POST /session/0cc037cd5d1034ccd8b93d3d1936abf2/element/967633DC462E511283239B66C2167016_element_2/value HTTP/1.1
User-Agent: selenium/4.12.1 (java windows)
Content-Length: 247
Content-Type: application/json; charset=utf-8
host: localhost:2311
accept: */*

Response DefaultHttpResponse(decodeResult: success, version: HTTP/1.1)
HTTP/1.1 200 OK
Content-Length: 14
Content-Type: application/json; charset=utf-8
cache-control: no-cache

23:28:30.786 [AsyncHttpClient-1-14] DEBUG org.asynchttpclient.netty.channel.ChannelManager - Adding key: http://localhost:2311 for channel [id: 0x5ce58aaf, L:/127.0.0.1:60887 - R:localhost/127.0.0.1:2311]
23:28:30.791 [Forwarding findElement on session 0cc037cd5d1034ccd8b93d3d1936abf2 to remote] DEBUG org.asynchttpclient.netty.request.NettyRequestSender - Using pooled Channel '[id: 0x5ce58aaf, L:/127.0.0.1:60887 - R:localhost/127.0.0.1:2311]' for 'POST' to 'http://localhost:2311/session/0cc037cd5d1034ccd8b93d3d1936abf2/element'
23:28:30.791 [Forwarding findElement on session 0cc037cd5d1034ccd8b93d3d1936abf2 to remote] DEBUG org.asynchttpclient.netty.request.NettyRequestSender - Using open Channel [id: 0x5ce58aaf, L:/127.0.0.1:60887 - R:localhost/127.0.0.1:2311] for POST '/session/0cc037cd5d1034ccd8b93d3d1936abf2/element'
23:28:30.972 [AsyncHttpClient-1-1] DEBUG org.asynchttpclient.netty.channel.DefaultChannelPool - Entry count for : http://localhost:60893 : 1
23:28:31.000 [AsyncHttpClient-1-14] DEBUG org.asynchttpclient.netty.handler.HttpHandler - 

Request DefaultHttpRequest(decodeResult: success, version: HTTP/1.1)
POST /session/0cc037cd5d1034ccd8b93d3d1936abf2/element HTTP/1.1
User-Agent: selenium/4.12.1 (java windows)
Content-Length: 57
Content-Type: application/json; charset=utf-8
host: localhost:2311
accept: */*

Response DefaultHttpResponse(decodeResult: success, version: HTTP/1.1)
HTTP/1.1 200 OK
Content-Length: 94
Content-Type: application/json; charset=utf-8
cache-control: no-cache

23:28:31.001 [AsyncHttpClient-1-14] DEBUG org.asynchttpclient.netty.channel.ChannelManager - Adding key: http://localhost:2311 for channel [id: 0x5ce58aaf, L:/127.0.0.1:60887 - R:localhost/127.0.0.1:2311]
23:28:31.006 [Forwarding sendKeysToElement on session 0cc037cd5d1034ccd8b93d3d1936abf2 to remote] DEBUG org.asynchttpclient.netty.request.NettyRequestSender - Using pooled Channel '[id: 0x5ce58aaf, L:/127.0.0.1:60887 - R:localhost/127.0.0.1:2311]' for 'POST' to 'http://localhost:2311/session/0cc037cd5d1034ccd8b93d3d1936abf2/element/967633DC462E511283239B66C2167016_element_7/value'
23:28:31.006 [Forwarding sendKeysToElement on session 0cc037cd5d1034ccd8b93d3d1936abf2 to remote] DEBUG org.asynchttpclient.netty.request.NettyRequestSender - Using open Channel [id: 0x5ce58aaf, L:/127.0.0.1:60887 - R:localhost/127.0.0.1:2311] for POST '/session/0cc037cd5d1034ccd8b93d3d1936abf2/element/967633DC462E511283239B66C2167016_element_7/value'
23:28:32.070 [AsyncHttpClient-1-1] DEBUG org.asynchttpclient.netty.channel.DefaultChannelPool - Entry count for : http://localhost:60893 : 1
23:28:33.185 [AsyncHttpClient-1-1] DEBUG org.asynchttpclient.netty.channel.DefaultChannelPool - Entry count for : http://localhost:60893 : 1
23:28:33.956 [AsyncHttpClient-1-14] DEBUG org.asynchttpclient.netty.handler.HttpHandler - 

Request DefaultHttpRequest(decodeResult: success, version: HTTP/1.1)
POST /session/0cc037cd5d1034ccd8b93d3d1936abf2/element/967633DC462E511283239B66C2167016_element_7/value HTTP/1.1
User-Agent: selenium/4.12.1 (java windows)
Content-Length: 177
Content-Type: application/json; charset=utf-8
host: localhost:2311
accept: */*

Response DefaultHttpResponse(decodeResult: success, version: HTTP/1.1)
HTTP/1.1 200 OK
Content-Length: 14
Content-Type: application/json; charset=utf-8
cache-control: no-cache

23:28:33.956 [AsyncHttpClient-1-14] DEBUG org.asynchttpclient.netty.channel.ChannelManager - Adding key: http://localhost:2311 for channel [id: 0x5ce58aaf, L:/127.0.0.1:60887 - R:localhost/127.0.0.1:2311]
23:28:33.963 [Forwarding findElement on session 0cc037cd5d1034ccd8b93d3d1936abf2 to remote] DEBUG org.asynchttpclient.netty.request.NettyRequestSender - Using pooled Channel '[id: 0x5ce58aaf, L:/127.0.0.1:60887 - R:localhost/127.0.0.1:2311]' for 'POST' to 'http://localhost:2311/session/0cc037cd5d1034ccd8b93d3d1936abf2/element'
23:28:33.963 [Forwarding findElement on session 0cc037cd5d1034ccd8b93d3d1936abf2 to remote] DEBUG org.asynchttpclient.netty.request.NettyRequestSender - Using open Channel [id: 0x5ce58aaf, L:/127.0.0.1:60887 - R:localhost/127.0.0.1:2311] for POST '/session/0cc037cd5d1034ccd8b93d3d1936abf2/element'
23:28:34.044 [AsyncHttpClient-1-14] DEBUG org.asynchttpclient.netty.handler.HttpHandler - 

Request DefaultHttpRequest(decodeResult: success, version: HTTP/1.1)
POST /session/0cc037cd5d1034ccd8b93d3d1936abf2/element HTTP/1.1
User-Agent: selenium/4.12.1 (java windows)
Content-Length: 50
Content-Type: application/json; charset=utf-8
host: localhost:2311
accept: */*

Response DefaultHttpResponse(decodeResult: success, version: HTTP/1.1)
HTTP/1.1 200 OK
Content-Length: 95
Content-Type: application/json; charset=utf-8
cache-control: no-cache

23:28:34.044 [AsyncHttpClient-1-14] DEBUG org.asynchttpclient.netty.channel.ChannelManager - Adding key: http://localhost:2311 for channel [id: 0x5ce58aaf, L:/127.0.0.1:60887 - R:localhost/127.0.0.1:2311]
23:28:34.047 [Forwarding clickElement on session 0cc037cd5d1034ccd8b93d3d1936abf2 to remote] DEBUG org.asynchttpclient.netty.request.NettyRequestSender - Using pooled Channel '[id: 0x5ce58aaf, L:/127.0.0.1:60887 - R:localhost/127.0.0.1:2311]' for 'POST' to 'http://localhost:2311/session/0cc037cd5d1034ccd8b93d3d1936abf2/element/967633DC462E511283239B66C2167016_element_13/click'
23:28:34.047 [Forwarding clickElement on session 0cc037cd5d1034ccd8b93d3d1936abf2 to remote] DEBUG org.asynchttpclient.netty.request.NettyRequestSender - Using open Channel [id: 0x5ce58aaf, L:/127.0.0.1:60887 - R:localhost/127.0.0.1:2311] for POST '/session/0cc037cd5d1034ccd8b93d3d1936abf2/element/967633DC462E511283239B66C2167016_element_13/click'
23:28:34.332 [AsyncHttpClient-1-1] DEBUG org.asynchttpclient.netty.channel.DefaultChannelPool - Entry count for : http://localhost:60893 : 1
23:28:34.362 [AsyncHttpClient-1-14] DEBUG org.asynchttpclient.netty.handler.HttpHandler - 

Request DefaultHttpRequest(decodeResult: success, version: HTTP/1.1)
POST /session/0cc037cd5d1034ccd8b93d3d1936abf2/element/967633DC462E511283239B66C2167016_element_13/click HTTP/1.1
User-Agent: selenium/4.12.1 (java windows)
Content-Length: 57
Content-Type: application/json; charset=utf-8
host: localhost:2311
accept: */*

Response DefaultHttpResponse(decodeResult: success, version: HTTP/1.1)
HTTP/1.1 200 OK
Content-Length: 14
Content-Type: application/json; charset=utf-8
cache-control: no-cache

23:28:34.362 [AsyncHttpClient-1-14] DEBUG org.asynchttpclient.netty.channel.ChannelManager - Adding key: http://localhost:2311 for channel [id: 0x5ce58aaf, L:/127.0.0.1:60887 - R:localhost/127.0.0.1:2311]
23:28:34.368 [Forwarding findElement on session 0cc037cd5d1034ccd8b93d3d1936abf2 to remote] DEBUG org.asynchttpclient.netty.request.NettyRequestSender - Using pooled Channel '[id: 0x5ce58aaf, L:/127.0.0.1:60887 - R:localhost/127.0.0.1:2311]' for 'POST' to 'http://localhost:2311/session/0cc037cd5d1034ccd8b93d3d1936abf2/element'
23:28:34.369 [Forwarding findElement on session 0cc037cd5d1034ccd8b93d3d1936abf2 to remote] DEBUG org.asynchttpclient.netty.request.NettyRequestSender - Using open Channel [id: 0x5ce58aaf, L:/127.0.0.1:60887 - R:localhost/127.0.0.1:2311] for POST '/session/0cc037cd5d1034ccd8b93d3d1936abf2/element'
23:28:35.446 [AsyncHttpClient-1-1] DEBUG org.asynchttpclient.netty.channel.DefaultChannelPool - Entry count for : http://localhost:60893 : 1
23:28:36.474 [AsyncHttpClient-1-1] DEBUG org.asynchttpclient.netty.channel.DefaultChannelPool - Entry count for : http://localhost:60893 : 1
23:28:37.582 [AsyncHttpClient-1-1] DEBUG org.asynchttpclient.netty.channel.DefaultChannelPool - Entry count for : http://localhost:60893 : 1
23:28:38.666 [AsyncHttpClient-1-1] DEBUG org.asynchttpclient.netty.channel.DefaultChannelPool - Entry count for : http://localhost:60893 : 1
23:28:39.765 [AsyncHttpClient-1-1] DEBUG org.asynchttpclient.netty.channel.DefaultChannelPool - Entry count for : http://localhost:60893 : 1
23:28:40.866 [AsyncHttpClient-1-1] DEBUG org.asynchttpclient.netty.channel.DefaultChannelPool - Entry count for : http://localhost:60893 : 1
23:28:41.982 [AsyncHttpClient-1-1] DEBUG org.asynchttpclient.netty.channel.DefaultChannelPool - Entry count for : http://localhost:60893 : 1
23:28:43.079 [AsyncHttpClient-1-1] DEBUG org.asynchttpclient.netty.channel.DefaultChannelPool - Entry count for : http://localhost:60893 : 1
23:28:44.178 [AsyncHttpClient-1-1] DEBUG org.asynchttpclient.netty.channel.DefaultChannelPool - Entry count for : http://localhost:60893 : 1
23:28:44.499 [AsyncHttpClient-1-14] DEBUG org.asynchttpclient.netty.handler.HttpHandler - 

Request DefaultHttpRequest(decodeResult: success, version: HTTP/1.1)
POST /session/0cc037cd5d1034ccd8b93d3d1936abf2/element HTTP/1.1
User-Agent: selenium/4.12.1 (java windows)
Content-Length: 53
Content-Type: application/json; charset=utf-8
host: localhost:2311
accept: */*

Response DefaultHttpResponse(decodeResult: success, version: HTTP/1.1)
HTTP/1.1 404 Not Found
Content-Length: 1052
Content-Type: application/json; charset=utf-8
cache-control: no-cache

23:28:44.500 [AsyncHttpClient-1-14] DEBUG org.asynchttpclient.netty.channel.ChannelManager - Adding key: http://localhost:2311 for channel [id: 0x5ce58aaf, L:/127.0.0.1:60887 - R:localhost/127.0.0.1:2311]
23:28:45.063 [Forwarding findElement on session 0cc037cd5d1034ccd8b93d3d1936abf2 to remote] DEBUG org.asynchttpclient.netty.request.NettyRequestSender - Using pooled Channel '[id: 0x5ce58aaf, L:/127.0.0.1:60887 - R:localhost/127.0.0.1:2311]' for 'POST' to 'http://localhost:2311/session/0cc037cd5d1034ccd8b93d3d1936abf2/element'
23:28:45.063 [Forwarding findElement on session 0cc037cd5d1034ccd8b93d3d1936abf2 to remote] DEBUG org.asynchttpclient.netty.request.NettyRequestSender - Using open Channel [id: 0x5ce58aaf, L:/127.0.0.1:60887 - R:localhost/127.0.0.1:2311] for POST '/session/0cc037cd5d1034ccd8b93d3d1936abf2/element'
23:28:45.281 [AsyncHttpClient-1-1] DEBUG org.asynchttpclient.netty.channel.DefaultChannelPool - Entry count for : http://localhost:60893 : 1
23:28:46.372 [AsyncHttpClient-1-1] DEBUG org.asynchttpclient.netty.channel.DefaultChannelPool - Entry count for : http://localhost:60893 : 1
23:28:47.478 [AsyncHttpClient-1-1] DEBUG org.asynchttpclient.netty.channel.DefaultChannelPool - Entry count for : http://localhost:60893 : 1
23:28:48.576 [AsyncHttpClient-1-1] DEBUG org.asynchttpclient.netty.channel.DefaultChannelPool - Entry count for : http://localhost:60893 : 1
23:28:49.671 [AsyncHttpClient-1-1] DEBUG org.asynchttpclient.netty.channel.DefaultChannelPool - Entry count for : http://localhost:60893 : 1
23:28:50.829 [AsyncHttpClient-1-1] DEBUG org.asynchttpclient.netty.channel.DefaultChannelPool - Entry count for : http://localhost:60893 : 1
23:28:51.875 [AsyncHttpClient-1-1] DEBUG org.asynchttpclient.netty.channel.DefaultChannelPool - Entry count for : http://localhost:60893 : 1
23:28:52.965 [AsyncHttpClient-1-1] DEBUG org.asynchttpclient.netty.channel.DefaultChannelPool - Entry count for : http://localhost:60893 : 1
23:28:54.072 [AsyncHttpClient-1-1] DEBUG org.asynchttpclient.netty.channel.DefaultChannelPool - Entry count for : http://localhost:60893 : 1
23:28:55.165 [AsyncHttpClient-1-1] DEBUG org.asynchttpclient.netty.channel.DefaultChannelPool - Entry count for : http://localhost:60893 : 1
23:28:55.543 [AsyncHttpClient-1-14] DEBUG org.asynchttpclient.netty.handler.HttpHandler - 

Request DefaultHttpRequest(decodeResult: success, version: HTTP/1.1)
POST /session/0cc037cd5d1034ccd8b93d3d1936abf2/element HTTP/1.1
User-Agent: selenium/4.12.1 (java windows)
Content-Length: 53
Content-Type: application/json; charset=utf-8
host: localhost:2311
accept: */*

Response DefaultHttpResponse(decodeResult: success, version: HTTP/1.1)
HTTP/1.1 404 Not Found
Content-Length: 1052
Content-Type: application/json; charset=utf-8
cache-control: no-cache

23:28:55.544 [AsyncHttpClient-1-14] DEBUG org.asynchttpclient.netty.channel.ChannelManager - Adding key: http://localhost:2311 for channel [id: 0x5ce58aaf, L:/127.0.0.1:60887 - R:localhost/127.0.0.1:2311]
23:28:56.057 [Forwarding findElement on session 0cc037cd5d1034ccd8b93d3d1936abf2 to remote] DEBUG org.asynchttpclient.netty.request.NettyRequestSender - Using pooled Channel '[id: 0x5ce58aaf, L:/127.0.0.1:60887 - R:localhost/127.0.0.1:2311]' for 'POST' to 'http://localhost:2311/session/0cc037cd5d1034ccd8b93d3d1936abf2/element'
23:28:56.057 [Forwarding findElement on session 0cc037cd5d1034ccd8b93d3d1936abf2 to remote] DEBUG org.asynchttpclient.netty.request.NettyRequestSender - Using open Channel [id: 0x5ce58aaf, L:/127.0.0.1:60887 - R:localhost/127.0.0.1:2311] for POST '/session/0cc037cd5d1034ccd8b93d3d1936abf2/element'
23:28:56.270 [AsyncHttpClient-1-1] DEBUG org.asynchttpclient.netty.channel.DefaultChannelPool - Entry count for : http://localhost:60893 : 1
23:28:57.375 [AsyncHttpClient-1-1] DEBUG org.asynchttpclient.netty.channel.DefaultChannelPool - Entry count for : http://localhost:60893 : 1
23:28:58.480 [AsyncHttpClient-1-1] DEBUG org.asynchttpclient.netty.channel.DefaultChannelPool - Entry count for : http://localhost:60893 : 1
23:28:59.579 [AsyncHttpClient-1-1] DEBUG org.asynchttpclient.netty.channel.DefaultChannelPool - Entry count for : http://localhost:60893 : 1
23:29:00.673 [AsyncHttpClient-1-1] DEBUG org.asynchttpclient.netty.channel.DefaultChannelPool - Entry count for : http://localhost:60893 : 1
23:29:01.777 [AsyncHttpClient-1-1] DEBUG org.asynchttpclient.netty.channel.DefaultChannelPool - Entry count for : http://localhost:60893 : 1
23:29:02.875 [AsyncHttpClient-1-1] DEBUG org.asynchttpclient.netty.channel.DefaultChannelPool - Entry count for : http://localhost:60893 : 1
23:29:03.971 [AsyncHttpClient-1-1] DEBUG org.asynchttpclient.netty.channel.DefaultChannelPool - Entry count for : http://localhost:60893 : 1
23:29:05.068 [AsyncHttpClient-1-1] DEBUG org.asynchttpclient.netty.channel.DefaultChannelPool - Entry count for : http://localhost:60893 : 1
23:29:06.174 [AsyncHttpClient-1-1] DEBUG org.asynchttpclient.netty.channel.DefaultChannelPool - Entry count for : http://localhost:60893 : 1
23:29:06.215 [AsyncHttpClient-1-14] DEBUG org.asynchttpclient.netty.handler.HttpHandler - 

Request DefaultHttpRequest(decodeResult: success, version: HTTP/1.1)
POST /session/0cc037cd5d1034ccd8b93d3d1936abf2/element HTTP/1.1
User-Agent: selenium/4.12.1 (java windows)
Content-Length: 53
Content-Type: application/json; charset=utf-8
host: localhost:2311
accept: */*

Response DefaultHttpResponse(decodeResult: success, version: HTTP/1.1)
HTTP/1.1 404 Not Found
Content-Length: 1052
Content-Type: application/json; charset=utf-8
cache-control: no-cache

23:29:06.215 [AsyncHttpClient-1-14] DEBUG org.asynchttpclient.netty.channel.ChannelManager - Adding key: http://localhost:2311 for channel [id: 0x5ce58aaf, L:/127.0.0.1:60887 - R:localhost/127.0.0.1:2311]
23:29:06.218 [Forwarding findElement on session 0cc037cd5d1034ccd8b93d3d1936abf2 to remote] DEBUG org.asynchttpclient.netty.request.NettyRequestSender - Using pooled Channel '[id: 0x5ce58aaf, L:/127.0.0.1:60887 - R:localhost/127.0.0.1:2311]' for 'POST' to 'http://localhost:2311/session/0cc037cd5d1034ccd8b93d3d1936abf2/element'
23:29:06.218 [Forwarding findElement on session 0cc037cd5d1034ccd8b93d3d1936abf2 to remote] DEBUG org.asynchttpclient.netty.request.NettyRequestSender - Using open Channel [id: 0x5ce58aaf, L:/127.0.0.1:60887 - R:localhost/127.0.0.1:2311] for POST '/session/0cc037cd5d1034ccd8b93d3d1936abf2/element'
23:29:07.268 [AsyncHttpClient-1-1] DEBUG org.asynchttpclient.netty.channel.DefaultChannelPool - Entry count for : http://localhost:60893 : 1
23:29:08.366 [AsyncHttpClient-1-1] DEBUG org.asynchttpclient.netty.channel.DefaultChannelPool - Entry count for : http://localhost:60893 : 1
23:29:09.470 [AsyncHttpClient-1-1] DEBUG org.asynchttpclient.netty.channel.DefaultChannelPool - Entry count for : http://localhost:60893 : 1
23:29:10.572 [AsyncHttpClient-1-1] DEBUG org.asynchttpclient.netty.channel.DefaultChannelPool - Entry count for : http://localhost:60893 : 1
23:29:11.674 [AsyncHttpClient-1-1] DEBUG org.asynchttpclient.netty.channel.DefaultChannelPool - Entry count for : http://localhost:60893 : 1
23:29:12.773 [AsyncHttpClient-1-1] DEBUG org.asynchttpclient.netty.channel.DefaultChannelPool - Entry count for : http://localhost:60893 : 1
23:29:13.876 [AsyncHttpClient-1-1] DEBUG org.asynchttpclient.netty.channel.DefaultChannelPool - Entry count for : http://localhost:60893 : 1
23:29:14.970 [AsyncHttpClient-1-1] DEBUG org.asynchttpclient.netty.channel.DefaultChannelPool - Entry count for : http://localhost:60893 : 1
23:29:16.066 [AsyncHttpClient-1-1] DEBUG org.asynchttpclient.netty.channel.DefaultChannelPool - Entry count for : http://localhost:60893 : 1
23:29:16.319 [AsyncHttpClient-1-14] DEBUG org.asynchttpclient.netty.handler.HttpHandler - 

Request DefaultHttpRequest(decodeResult: success, version: HTTP/1.1)
POST /session/0cc037cd5d1034ccd8b93d3d1936abf2/element HTTP/1.1
User-Agent: selenium/4.12.1 (java windows)
Content-Length: 53
Content-Type: application/json; charset=utf-8
host: localhost:2311
accept: */*

Response DefaultHttpResponse(decodeResult: success, version: HTTP/1.1)
HTTP/1.1 404 Not Found
Content-Length: 1052
Content-Type: application/json; charset=utf-8
cache-control: no-cache

23:29:16.319 [AsyncHttpClient-1-14] DEBUG org.asynchttpclient.netty.channel.ChannelManager - Adding key: http://localhost:2311 for channel [id: 0x5ce58aaf, L:/127.0.0.1:60887 - R:localhost/127.0.0.1:2311]
]]></system-out>
    <system-err><![CDATA[Mar 19, 2024 11:27:22 PM org.openqa.selenium.remote.http.WebSocket$Listener onError
WARNING: Connection reset
java.net.SocketException: Connection reset
	at java.base/sun.nio.ch.SocketChannelImpl.throwConnectionReset(SocketChannelImpl.java:401)
	at java.base/sun.nio.ch.SocketChannelImpl.read(SocketChannelImpl.java:434)
	at io.netty.buffer.PooledByteBuf.setBytes(PooledByteBuf.java:254)
	at io.netty.buffer.AbstractByteBuf.writeBytes(AbstractByteBuf.java:1132)
	at io.netty.channel.socket.nio.NioSocketChannel.doReadBytes(NioSocketChannel.java:357)
	at io.netty.channel.nio.AbstractNioByteChannel$NioByteUnsafe.read(AbstractNioByteChannel.java:151)
	at io.netty.channel.nio.NioEventLoop.processSelectedKey(NioEventLoop.java:788)
	at io.netty.channel.nio.NioEventLoop.processSelectedKeysOptimized(NioEventLoop.java:724)
	at io.netty.channel.nio.NioEventLoop.processSelectedKeys(NioEventLoop.java:650)
	at io.netty.channel.nio.NioEventLoop.run(NioEventLoop.java:562)
	at io.netty.util.concurrent.SingleThreadEventExecutor$4.run(SingleThreadEventExecutor.java:997)
	at io.netty.util.internal.ThreadExecutorMap$2.run(ThreadExecutorMap.java:74)
	at io.netty.util.concurrent.FastThreadLocalRunnable.run(FastThreadLocalRunnable.java:30)
	at java.base/java.lang.Thread.run(Thread.java:1623)

Mar 19, 2024 11:28:17 PM org.openqa.selenium.devtools.CdpVersionFinder findNearestMatch
WARNING: Unable to find an exact match for CDP version 120, so returning the closest version found: 116
]]></system-err>
  </testcase>
  <testcase name="submitOrder" classname="nandha.tests.ErrorValidationsTest" time="47.366">
    <failure message="Expected condition failed: waiting for visibility of Proxy element for: DefaultElementLocator &apos;By.cssSelector: flyInOut &apos; (tried for 30 second(s) with 500 milliseconds interval)" type="org.openqa.selenium.TimeoutException"><![CDATA[org.openqa.selenium.TimeoutException: Expected condition failed: waiting for visibility of Proxy element for: DefaultElementLocator 'By.cssSelector: flyInOut ' (tried for 30 second(s) with 500 milliseconds interval)
	at org.openqa.selenium.support.ui.WebDriverWait.timeoutException(WebDriverWait.java:84)
	at org.openqa.selenium.support.ui.FluentWait.until(FluentWait.java:230)
	at nandha.AbstractComponents.AbstractComponents.waitForWebElementToAppear(AbstractComponents.java:43)
	at nandha.pageobjects.LandingPage.getErrorMessaage(LandingPage.java:48)
	at nandha.tests.ErrorValidationsTest.submitOrder(ErrorValidationsTest.java:34)
	at java.base/jdk.internal.reflect.DirectMethodHandleAccessor.invoke(DirectMethodHandleAccessor.java:104)
	at java.base/java.lang.reflect.Method.invoke(Method.java:578)
	at org.testng.internal.invokers.MethodInvocationHelper.invokeMethod(MethodInvocationHelper.java:139)
	at org.testng.internal.invokers.TestInvoker.invokeMethod(TestInvoker.java:664)
	at org.testng.internal.invokers.TestInvoker.retryFailed(TestInvoker.java:249)
	at org.testng.internal.invokers.MethodRunner.runInSequence(MethodRunner.java:76)
	at org.testng.internal.invokers.TestInvoker$MethodInvocationAgent.invoke(TestInvoker.java:961)
	at org.testng.internal.invokers.TestInvoker.invokeTestMethods(TestInvoker.java:201)
	at org.testng.internal.invokers.TestMethodWorker.invokeTestMethods(TestMethodWorker.java:148)
	at org.testng.internal.invokers.TestMethodWorker.run(TestMethodWorker.java:128)
	at java.base/java.util.ArrayList.forEach(ArrayList.java:1511)
	at org.testng.TestRunner.privateRun(TestRunner.java:819)
	at org.testng.TestRunner.run(TestRunner.java:619)
	at org.testng.SuiteRunner.runTest(SuiteRunner.java:443)
	at org.testng.SuiteRunner.runSequentially(SuiteRunner.java:437)
	at org.testng.SuiteRunner.privateRun(SuiteRunner.java:397)
	at org.testng.SuiteRunner.run(SuiteRunner.java:336)
	at org.testng.SuiteRunnerWorker.runSuite(SuiteRunnerWorker.java:52)
	at org.testng.SuiteRunnerWorker.run(SuiteRunnerWorker.java:95)
	at org.testng.TestNG.runSuitesSequentially(TestNG.java:1301)
	at org.testng.TestNG.runSuitesLocally(TestNG.java:1228)
	at org.testng.TestNG.runSuites(TestNG.java:1134)
	at org.testng.TestNG.run(TestNG.java:1101)
	at org.apache.maven.surefire.testng.TestNGExecutor.run(TestNGExecutor.java:308)
	at org.apache.maven.surefire.testng.TestNGXmlTestSuite.execute(TestNGXmlTestSuite.java:71)
	at org.apache.maven.surefire.testng.TestNGProvider.invoke(TestNGProvider.java:113)
	at org.apache.maven.surefire.booter.ForkedBooter.runSuitesInProcess(ForkedBooter.java:385)
	at org.apache.maven.surefire.booter.ForkedBooter.execute(ForkedBooter.java:162)
	at org.apache.maven.surefire.booter.ForkedBooter.run(ForkedBooter.java:507)
	at org.apache.maven.surefire.booter.ForkedBooter.main(ForkedBooter.java:495)
Caused by: org.openqa.selenium.NoSuchElementException: no such element: Unable to locate element: {"method":"css selector","selector":"flyInOut "}
  (Session info: chrome=120.0.6099.130)
For documentation on this error, please visit: https://www.selenium.dev/documentation/webdriver/troubleshooting/errors#no-such-element-exception
Build info: version: '4.12.1', revision: '8e34639b11'
System info: os.name: 'Windows 11', os.arch: 'amd64', os.version: '10.0', java.version: '20.0.1'
Driver info: org.openqa.selenium.chrome.ChromeDriver
Command: [a2ad0b9567d6053172e3faefd2546669, findElement {using=css selector, value=flyInOut }]
Capabilities {acceptInsecureCerts: false, browserName: chrome, browserVersion: 120.0.6099.130, chrome: {chromedriverVersion: 120.0.6099.109 (3419140ab66..., userDataDir: C:\Users\2055757\AppData\Lo...}, fedcm:accounts: true, goog:chromeOptions: {debuggerAddress: localhost:61043}, networkConnectionEnabled: false, pageLoadStrategy: normal, platformName: windows, proxy: Proxy(), se:cdp: ws://localhost:61043/devtoo..., se:cdpVersion: 120.0.6099.130, setWindowRect: true, strictFileInteractability: false, timeouts: {implicit: 0, pageLoad: 300000, script: 30000}, unhandledPromptBehavior: dismiss and notify, webauthn:extension:credBlob: true, webauthn:extension:largeBlob: true, webauthn:extension:minPinLength: true, webauthn:extension:prf: true, webauthn:virtualAuthenticators: true}
Session ID: a2ad0b9567d6053172e3faefd2546669
	at java.base/jdk.internal.reflect.DirectConstructorHandleAccessor.newInstance(DirectConstructorHandleAccessor.java:67)
	at java.base/java.lang.reflect.Constructor.newInstanceWithCaller(Constructor.java:500)
	at java.base/java.lang.reflect.Constructor.newInstance(Constructor.java:484)
	at org.openqa.selenium.remote.codec.w3c.W3CHttpResponseCodec.createException(W3CHttpResponseCodec.java:200)
	at org.openqa.selenium.remote.codec.w3c.W3CHttpResponseCodec.decode(W3CHttpResponseCodec.java:133)
	at org.openqa.selenium.remote.codec.w3c.W3CHttpResponseCodec.decode(W3CHttpResponseCodec.java:52)
	at org.openqa.selenium.remote.HttpCommandExecutor.execute(HttpCommandExecutor.java:191)
	at org.openqa.selenium.remote.service.DriverCommandExecutor.invokeExecute(DriverCommandExecutor.java:196)
	at org.openqa.selenium.remote.service.DriverCommandExecutor.execute(DriverCommandExecutor.java:171)
	at org.openqa.selenium.remote.RemoteWebDriver.execute(RemoteWebDriver.java:602)
	at org.openqa.selenium.remote.ElementLocation$ElementFinder$2.findElement(ElementLocation.java:165)
	at org.openqa.selenium.remote.ElementLocation.findElement(ElementLocation.java:59)
	at org.openqa.selenium.remote.RemoteWebDriver.findElement(RemoteWebDriver.java:359)
	at org.openqa.selenium.remote.RemoteWebDriver.findElement(RemoteWebDriver.java:353)
	at org.openqa.selenium.support.pagefactory.DefaultElementLocator.findElement(DefaultElementLocator.java:68)
	at org.openqa.selenium.support.pagefactory.internal.LocatingElementHandler.invoke(LocatingElementHandler.java:38)
	at jdk.proxy2/jdk.proxy2.$Proxy16.isDisplayed(Unknown Source)
	at org.openqa.selenium.support.ui.ExpectedConditions.elementIfVisible(ExpectedConditions.java:304)
	at org.openqa.selenium.support.ui.ExpectedConditions.access$000(ExpectedConditions.java:37)
	at org.openqa.selenium.support.ui.ExpectedConditions$10.apply(ExpectedConditions.java:290)
	at org.openqa.selenium.support.ui.ExpectedConditions$10.apply(ExpectedConditions.java:287)
	at org.openqa.selenium.support.ui.FluentWait.until(FluentWait.java:205)
	... 33 more
]]></failure>
    <system-out><![CDATA[23:29:16.325 [Forwarding close on session 0cc037cd5d1034ccd8b93d3d1936abf2 to remote] DEBUG org.asynchttpclient.netty.request.NettyRequestSender - Using pooled Channel '[id: 0x5ce58aaf, L:/127.0.0.1:60887 - R:localhost/127.0.0.1:2311]' for 'DELETE' to 'http://localhost:2311/session/0cc037cd5d1034ccd8b93d3d1936abf2/window'
23:29:16.325 [Forwarding close on session 0cc037cd5d1034ccd8b93d3d1936abf2 to remote] DEBUG org.asynchttpclient.netty.request.NettyRequestSender - Using open Channel [id: 0x5ce58aaf, L:/127.0.0.1:60887 - R:localhost/127.0.0.1:2311] for DELETE '/session/0cc037cd5d1034ccd8b93d3d1936abf2/window'
23:29:17.175 [AsyncHttpClient-1-1] DEBUG org.asynchttpclient.netty.channel.DefaultChannelPool - Entry count for : http://localhost:60893 : 1
23:29:18.277 [AsyncHttpClient-1-1] DEBUG org.asynchttpclient.netty.channel.DefaultChannelPool - Entry count for : http://localhost:60893 : 1
23:29:18.277 [AsyncHttpClient-1-1] DEBUG org.asynchttpclient.netty.channel.DefaultChannelPool - Adding Candidate expired Channel [id: 0x37135b92, L:/127.0.0.1:60906 - R:localhost/127.0.0.1:60893] isIdleTimeoutExpired=true isRemotelyClosed=false isTtlExpired=false
23:29:18.277 [AsyncHttpClient-1-1] DEBUG org.asynchttpclient.netty.channel.DefaultChannelPool - Closing Idle Channel [id: 0x37135b92, L:/127.0.0.1:60906 - R:localhost/127.0.0.1:60893]
23:29:18.277 [AsyncHttpClient-1-1] DEBUG org.asynchttpclient.netty.channel.DefaultChannelPool - Closed 1 connections out of 1 in 0 ms
23:29:18.277 [AsyncHttpClient-1-15] DEBUG org.asynchttpclient.netty.handler.HttpHandler - Channel Closed: [id: 0x37135b92, L:/127.0.0.1:60906 ! R:localhost/127.0.0.1:60893] with attribute DISCARD
23:29:20.478 [AsyncHttpClient-1-16] DEBUG org.asynchttpclient.netty.handler.WebSocketHandler - Unexpected I/O exception on channel [id: 0xfd939530, L:/127.0.0.1:60907 - R:localhost/127.0.0.1:60893]
java.net.SocketException: Connection reset
	at java.base/sun.nio.ch.SocketChannelImpl.throwConnectionReset(SocketChannelImpl.java:401)
	at java.base/sun.nio.ch.SocketChannelImpl.read(SocketChannelImpl.java:434)
	at io.netty.buffer.PooledByteBuf.setBytes(PooledByteBuf.java:254)
	at io.netty.buffer.AbstractByteBuf.writeBytes(AbstractByteBuf.java:1132)
	at io.netty.channel.socket.nio.NioSocketChannel.doReadBytes(NioSocketChannel.java:357)
	at io.netty.channel.nio.AbstractNioByteChannel$NioByteUnsafe.read(AbstractNioByteChannel.java:151)
	at io.netty.channel.nio.NioEventLoop.processSelectedKey(NioEventLoop.java:788)
	at io.netty.channel.nio.NioEventLoop.processSelectedKeysOptimized(NioEventLoop.java:724)
	at io.netty.channel.nio.NioEventLoop.processSelectedKeys(NioEventLoop.java:650)
	at io.netty.channel.nio.NioEventLoop.run(NioEventLoop.java:562)
	at io.netty.util.concurrent.SingleThreadEventExecutor$4.run(SingleThreadEventExecutor.java:997)
	at io.netty.util.internal.ThreadExecutorMap$2.run(ThreadExecutorMap.java:74)
	at io.netty.util.concurrent.FastThreadLocalRunnable.run(FastThreadLocalRunnable.java:30)
	at java.base/java.lang.Thread.run(Thread.java:1623)
23:29:20.479 [AsyncHttpClient-1-16] DEBUG org.asynchttpclient.netty.handler.WebSocketHandler - Was unable to recover Future: NettyResponseFuture{currentRetry=0,
	isDone=1,
	isCancelled=0,
	asyncHandler=org.asynchttpclient.ws.WebSocketUpgradeHandler@4406fe02,
	nettyRequest=org.asynchttpclient.netty.request.NettyRequest@10468e6,
	future=java.util.concurrent.CompletableFuture@3beb28b1[Completed normally],
	uri=ws://localhost:60893/devtools/browser/a3f100f3-2cc0-4054-9f3d-288b0a040fb6,
	keepAlive=true,
	redirectCount=0,
	timeoutsHolder=null,
	inAuth=0,
	touch=1710871160479}
23:29:20.479 [AsyncHttpClient-1-16] DEBUG org.asynchttpclient.netty.channel.ChannelManager - Closing Channel [id: 0xfd939530, L:/127.0.0.1:60907 - R:localhost/127.0.0.1:60893] 
23:29:20.479 [AsyncHttpClient-1-16] WARN org.asynchttpclient.netty.handler.WebSocketHandler - onError
java.net.SocketException: Connection reset
	at java.base/sun.nio.ch.SocketChannelImpl.throwConnectionReset(SocketChannelImpl.java:401)
	at java.base/sun.nio.ch.SocketChannelImpl.read(SocketChannelImpl.java:434)
	at io.netty.buffer.PooledByteBuf.setBytes(PooledByteBuf.java:254)
	at io.netty.buffer.AbstractByteBuf.writeBytes(AbstractByteBuf.java:1132)
	at io.netty.channel.socket.nio.NioSocketChannel.doReadBytes(NioSocketChannel.java:357)
	at io.netty.channel.nio.AbstractNioByteChannel$NioByteUnsafe.read(AbstractNioByteChannel.java:151)
	at io.netty.channel.nio.NioEventLoop.processSelectedKey(NioEventLoop.java:788)
	at io.netty.channel.nio.NioEventLoop.processSelectedKeysOptimized(NioEventLoop.java:724)
	at io.netty.channel.nio.NioEventLoop.processSelectedKeys(NioEventLoop.java:650)
	at io.netty.channel.nio.NioEventLoop.run(NioEventLoop.java:562)
	at io.netty.util.concurrent.SingleThreadEventExecutor$4.run(SingleThreadEventExecutor.java:997)
	at io.netty.util.internal.ThreadExecutorMap$2.run(ThreadExecutorMap.java:74)
	at io.netty.util.concurrent.FastThreadLocalRunnable.run(FastThreadLocalRunnable.java:30)
	at java.base/java.lang.Thread.run(Thread.java:1623)
23:29:20.480 [AsyncHttpClient-1-16] DEBUG org.asynchttpclient.netty.channel.ChannelManager - Closing Channel [id: 0xfd939530, L:/127.0.0.1:60907 ! R:localhost/127.0.0.1:60893] 
23:29:20.480 [AsyncHttpClient-1-16] DEBUG org.asynchttpclient.netty.handler.WebSocketHandler - Channel Closed: [id: 0xfd939530, L:/127.0.0.1:60907 ! R:localhost/127.0.0.1:60893] with attribute DISCARD
23:29:21.131 [AsyncHttpClient-1-14] DEBUG org.asynchttpclient.netty.handler.HttpHandler - 

Request DefaultFullHttpRequest(decodeResult: success, version: HTTP/1.1, content: EmptyByteBufBE)
DELETE /session/0cc037cd5d1034ccd8b93d3d1936abf2/window HTTP/1.1
User-Agent: selenium/4.12.1 (java windows)
Content-Type: application/json; charset=utf-8
host: localhost:2311
accept: */*

Response DefaultHttpResponse(decodeResult: success, version: HTTP/1.1)
HTTP/1.1 200 OK
Content-Length: 12
Content-Type: application/json; charset=utf-8
cache-control: no-cache

23:29:21.131 [AsyncHttpClient-1-14] DEBUG org.asynchttpclient.netty.channel.ChannelManager - Adding key: http://localhost:2311 for channel [id: 0x5ce58aaf, L:/127.0.0.1:60887 - R:localhost/127.0.0.1:2311]
23:29:21.575 [AsyncHttpClient-1-1] DEBUG org.asynchttpclient.netty.channel.DefaultChannelPool - Entry count for : http://localhost:2311 : 1
23:29:22.674 [AsyncHttpClient-1-1] DEBUG org.asynchttpclient.netty.channel.DefaultChannelPool - Entry count for : http://localhost:2311 : 1
23:29:23.785 [AsyncHttpClient-1-1] DEBUG org.asynchttpclient.netty.channel.DefaultChannelPool - Entry count for : http://localhost:2311 : 1
23:29:24.882 [AsyncHttpClient-1-1] DEBUG org.asynchttpclient.netty.channel.DefaultChannelPool - Entry count for : http://localhost:2311 : 1
23:29:25.978 [AsyncHttpClient-1-1] DEBUG org.asynchttpclient.netty.channel.DefaultChannelPool - Entry count for : http://localhost:2311 : 1
23:29:27.073 [AsyncHttpClient-1-1] DEBUG org.asynchttpclient.netty.channel.DefaultChannelPool - Entry count for : http://localhost:2311 : 1
23:29:28.207 [AsyncHttpClient-1-1] DEBUG org.asynchttpclient.netty.channel.DefaultChannelPool - Entry count for : http://localhost:2311 : 1
23:29:29.273 [AsyncHttpClient-1-1] DEBUG org.asynchttpclient.netty.channel.DefaultChannelPool - Entry count for : http://localhost:2311 : 1
23:29:30.381 [AsyncHttpClient-1-1] DEBUG org.asynchttpclient.netty.channel.DefaultChannelPool - Entry count for : http://localhost:2311 : 1
23:29:31.480 [AsyncHttpClient-1-1] DEBUG org.asynchttpclient.netty.channel.DefaultChannelPool - Entry count for : http://localhost:2311 : 1
23:29:32.596 [AsyncHttpClient-1-1] DEBUG org.asynchttpclient.netty.channel.DefaultChannelPool - Entry count for : http://localhost:2311 : 1
23:29:33.697 [AsyncHttpClient-1-1] DEBUG org.asynchttpclient.netty.channel.DefaultChannelPool - Entry count for : http://localhost:2311 : 1
23:29:34.778 [AsyncHttpClient-1-1] DEBUG org.asynchttpclient.netty.channel.DefaultChannelPool - Entry count for : http://localhost:2311 : 1
23:29:35.876 [AsyncHttpClient-1-1] DEBUG org.asynchttpclient.netty.channel.DefaultChannelPool - Entry count for : http://localhost:2311 : 1
23:29:36.975 [AsyncHttpClient-1-1] DEBUG org.asynchttpclient.netty.channel.DefaultChannelPool - Entry count for : http://localhost:2311 : 1
23:29:38.073 [AsyncHttpClient-1-1] DEBUG org.asynchttpclient.netty.channel.DefaultChannelPool - Entry count for : http://localhost:2311 : 1
23:29:39.173 [AsyncHttpClient-1-1] DEBUG org.asynchttpclient.netty.channel.DefaultChannelPool - Entry count for : http://localhost:2311 : 1
23:29:40.267 [AsyncHttpClient-1-1] DEBUG org.asynchttpclient.netty.channel.DefaultChannelPool - Entry count for : http://localhost:2311 : 1
23:29:40.483 [AsyncHttpClient-1-17] DEBUG org.asynchttpclient.netty.channel.NettyConnectListener - Using new Channel '[id: 0xb0243466, L:/127.0.0.1:61035 - R:localhost/127.0.0.1:22653]' for 'POST' to '/session'
23:29:41.382 [AsyncHttpClient-1-1] DEBUG org.asynchttpclient.netty.channel.DefaultChannelPool - Entry count for : http://localhost:2311 : 1
23:29:42.467 [AsyncHttpClient-1-1] DEBUG org.asynchttpclient.netty.channel.DefaultChannelPool - Entry count for : http://localhost:2311 : 1
23:29:43.573 [AsyncHttpClient-1-1] DEBUG org.asynchttpclient.netty.channel.DefaultChannelPool - Entry count for : http://localhost:2311 : 1
23:29:44.672 [AsyncHttpClient-1-1] DEBUG org.asynchttpclient.netty.channel.DefaultChannelPool - Entry count for : http://localhost:2311 : 1
23:29:45.799 [AsyncHttpClient-1-1] DEBUG org.asynchttpclient.netty.channel.DefaultChannelPool - Entry count for : http://localhost:2311 : 1
23:29:46.931 [AsyncHttpClient-1-1] DEBUG org.asynchttpclient.netty.channel.DefaultChannelPool - Entry count for : http://localhost:2311 : 1
23:29:47.972 [AsyncHttpClient-1-1] DEBUG org.asynchttpclient.netty.channel.DefaultChannelPool - Entry count for : http://localhost:2311 : 1
23:29:49.076 [AsyncHttpClient-1-1] DEBUG org.asynchttpclient.netty.channel.DefaultChannelPool - Entry count for : http://localhost:2311 : 1
23:29:50.181 [AsyncHttpClient-1-1] DEBUG org.asynchttpclient.netty.channel.DefaultChannelPool - Entry count for : http://localhost:2311 : 1
23:29:51.270 [AsyncHttpClient-1-1] DEBUG org.asynchttpclient.netty.channel.DefaultChannelPool - Entry count for : http://localhost:2311 : 1
23:29:52.395 [AsyncHttpClient-1-1] DEBUG org.asynchttpclient.netty.channel.DefaultChannelPool - Entry count for : http://localhost:2311 : 1
23:29:53.465 [AsyncHttpClient-1-1] DEBUG org.asynchttpclient.netty.channel.DefaultChannelPool - Entry count for : http://localhost:2311 : 1
23:29:54.588 [AsyncHttpClient-1-1] DEBUG org.asynchttpclient.netty.channel.DefaultChannelPool - Entry count for : http://localhost:2311 : 1
23:29:55.671 [AsyncHttpClient-1-1] DEBUG org.asynchttpclient.netty.channel.DefaultChannelPool - Entry count for : http://localhost:2311 : 1
23:29:56.195 [AsyncHttpClient-1-17] DEBUG org.asynchttpclient.netty.handler.HttpHandler - 

Request DefaultHttpRequest(decodeResult: success, version: HTTP/1.1)
POST /session HTTP/1.1
User-Agent: selenium/4.12.1 (java windows)
Content-Length: 336
Content-Type: application/json; charset=utf-8
host: localhost:22653
accept: */*

Response DefaultHttpResponse(decodeResult: success, version: HTTP/1.1)
HTTP/1.1 200 OK
Content-Length: 885
Content-Type: application/json; charset=utf-8
cache-control: no-cache

23:29:56.195 [AsyncHttpClient-1-17] DEBUG org.asynchttpclient.netty.channel.ChannelManager - Adding key: http://localhost:22653 for channel [id: 0xb0243466, L:/127.0.0.1:61035 - R:localhost/127.0.0.1:22653]
23:29:56.221 [AsyncHttpClient-1-2] DEBUG org.asynchttpclient.netty.channel.NettyConnectListener - Using new Channel '[id: 0xdcf6a38a, L:/127.0.0.1:61050 - R:localhost/127.0.0.1:61043]' for 'GET' to '/json/version'
23:29:56.224 [AsyncHttpClient-1-2] DEBUG org.asynchttpclient.netty.handler.HttpHandler - 

Request DefaultFullHttpRequest(decodeResult: success, version: HTTP/1.1, content: EmptyByteBufBE)
GET /json/version HTTP/1.1
User-Agent: selenium/4.12.1 (java windows)
host: localhost:61043
accept: */*

Response DefaultHttpResponse(decodeResult: success, version: HTTP/1.1)
HTTP/1.1 200 OK
Content-Security-Policy: frame-ancestors 'none'
Content-Length: 424
Content-Type: application/json; charset=UTF-8

23:29:56.224 [AsyncHttpClient-1-2] DEBUG org.asynchttpclient.netty.channel.ChannelManager - Adding key: http://localhost:61043 for channel [id: 0xdcf6a38a, L:/127.0.0.1:61050 - R:localhost/127.0.0.1:61043]
23:29:56.230 [AsyncHttpClient-1-3] DEBUG org.asynchttpclient.netty.channel.NettyConnectListener - Using new Channel '[id: 0x257a57de, L:/127.0.0.1:61051 - R:localhost/127.0.0.1:61043]' for 'GET' to '/devtools/browser/3c9c6c42-943c-4031-b82f-33c2f7eff68a'
23:29:56.232 [AsyncHttpClient-1-3] DEBUG org.asynchttpclient.netty.handler.WebSocketHandler - 

Request DefaultFullHttpRequest(decodeResult: success, version: HTTP/1.1, content: EmptyByteBufBE)
GET /devtools/browser/3c9c6c42-943c-4031-b82f-33c2f7eff68a HTTP/1.1
upgrade: websocket
connection: upgrade
sec-websocket-key: K+Ok01/0xeIGZCXyOkslNg==
sec-websocket-version: 13
origin: http://localhost:61043
host: localhost:61043
accept: */*
user-agent: AHC/2.1

Response DefaultHttpResponse(decodeResult: success, version: HTTP/1.1)
HTTP/1.1 101 WebSocket Protocol Handshake
Upgrade: WebSocket
Connection: Upgrade
Sec-WebSocket-Accept: SpM3yCHc6QJt4Msqo9cxGRzM26k=

23:29:56.255 [Forwarding setTimeout on session a2ad0b9567d6053172e3faefd2546669 to remote] DEBUG org.asynchttpclient.netty.request.NettyRequestSender - Using pooled Channel '[id: 0xb0243466, L:/127.0.0.1:61035 - R:localhost/127.0.0.1:22653]' for 'POST' to 'http://localhost:22653/session/a2ad0b9567d6053172e3faefd2546669/timeouts'
23:29:56.255 [Forwarding setTimeout on session a2ad0b9567d6053172e3faefd2546669 to remote] DEBUG org.asynchttpclient.netty.request.NettyRequestSender - Using open Channel [id: 0xb0243466, L:/127.0.0.1:61035 - R:localhost/127.0.0.1:22653] for POST '/session/a2ad0b9567d6053172e3faefd2546669/timeouts'
23:29:56.274 [AsyncHttpClient-1-17] DEBUG org.asynchttpclient.netty.handler.HttpHandler - 

Request DefaultHttpRequest(decodeResult: success, version: HTTP/1.1)
POST /session/a2ad0b9567d6053172e3faefd2546669/timeouts HTTP/1.1
User-Agent: selenium/4.12.1 (java windows)
Content-Length: 23
Content-Type: application/json; charset=utf-8
host: localhost:22653
accept: */*

Response DefaultHttpResponse(decodeResult: success, version: HTTP/1.1)
HTTP/1.1 200 OK
Content-Length: 14
Content-Type: application/json; charset=utf-8
cache-control: no-cache

23:29:56.275 [AsyncHttpClient-1-17] DEBUG org.asynchttpclient.netty.channel.ChannelManager - Adding key: http://localhost:22653 for channel [id: 0xb0243466, L:/127.0.0.1:61035 - R:localhost/127.0.0.1:22653]
23:29:56.279 [Forwarding maximizeCurrentWindow on session a2ad0b9567d6053172e3faefd2546669 to remote] DEBUG org.asynchttpclient.netty.request.NettyRequestSender - Using pooled Channel '[id: 0xb0243466, L:/127.0.0.1:61035 - R:localhost/127.0.0.1:22653]' for 'POST' to 'http://localhost:22653/session/a2ad0b9567d6053172e3faefd2546669/window/maximize'
23:29:56.279 [Forwarding maximizeCurrentWindow on session a2ad0b9567d6053172e3faefd2546669 to remote] DEBUG org.asynchttpclient.netty.request.NettyRequestSender - Using open Channel [id: 0xb0243466, L:/127.0.0.1:61035 - R:localhost/127.0.0.1:22653] for POST '/session/a2ad0b9567d6053172e3faefd2546669/window/maximize'
23:29:56.656 [AsyncHttpClient-1-17] DEBUG org.asynchttpclient.netty.handler.HttpHandler - 

Request DefaultHttpRequest(decodeResult: success, version: HTTP/1.1)
POST /session/a2ad0b9567d6053172e3faefd2546669/window/maximize HTTP/1.1
User-Agent: selenium/4.12.1 (java windows)
Content-Length: 3
Content-Type: application/json; charset=utf-8
host: localhost:22653
accept: */*

Response DefaultHttpResponse(decodeResult: success, version: HTTP/1.1)
HTTP/1.1 200 OK
Content-Length: 51
Content-Type: application/json; charset=utf-8
cache-control: no-cache

23:29:56.656 [AsyncHttpClient-1-17] DEBUG org.asynchttpclient.netty.channel.ChannelManager - Adding key: http://localhost:22653 for channel [id: 0xb0243466, L:/127.0.0.1:61035 - R:localhost/127.0.0.1:22653]
23:29:56.662 [Forwarding get on session a2ad0b9567d6053172e3faefd2546669 to remote] DEBUG org.asynchttpclient.netty.request.NettyRequestSender - Using pooled Channel '[id: 0xb0243466, L:/127.0.0.1:61035 - R:localhost/127.0.0.1:22653]' for 'POST' to 'http://localhost:22653/session/a2ad0b9567d6053172e3faefd2546669/url'
23:29:56.662 [Forwarding get on session a2ad0b9567d6053172e3faefd2546669 to remote] DEBUG org.asynchttpclient.netty.request.NettyRequestSender - Using open Channel [id: 0xb0243466, L:/127.0.0.1:61035 - R:localhost/127.0.0.1:22653] for POST '/session/a2ad0b9567d6053172e3faefd2546669/url'
23:29:56.812 [AsyncHttpClient-1-1] DEBUG org.asynchttpclient.netty.channel.DefaultChannelPool - Entry count for : http://localhost:2311 : 1
23:29:56.812 [AsyncHttpClient-1-1] DEBUG org.asynchttpclient.netty.channel.DefaultChannelPool - Entry count for : http://localhost:61043 : 1
23:29:57.865 [AsyncHttpClient-1-1] DEBUG org.asynchttpclient.netty.channel.DefaultChannelPool - Entry count for : http://localhost:2311 : 1
23:29:57.866 [AsyncHttpClient-1-1] DEBUG org.asynchttpclient.netty.channel.DefaultChannelPool - Entry count for : http://localhost:61043 : 1
23:29:58.995 [AsyncHttpClient-1-1] DEBUG org.asynchttpclient.netty.channel.DefaultChannelPool - Entry count for : http://localhost:2311 : 1
23:29:58.996 [AsyncHttpClient-1-1] DEBUG org.asynchttpclient.netty.channel.DefaultChannelPool - Entry count for : http://localhost:61043 : 1
23:30:00.097 [AsyncHttpClient-1-1] DEBUG org.asynchttpclient.netty.channel.DefaultChannelPool - Entry count for : http://localhost:2311 : 1
23:30:00.098 [AsyncHttpClient-1-1] DEBUG org.asynchttpclient.netty.channel.DefaultChannelPool - Entry count for : http://localhost:61043 : 1
23:30:01.172 [AsyncHttpClient-1-1] DEBUG org.asynchttpclient.netty.channel.DefaultChannelPool - Entry count for : http://localhost:2311 : 1
23:30:01.172 [AsyncHttpClient-1-1] DEBUG org.asynchttpclient.netty.channel.DefaultChannelPool - Entry count for : http://localhost:61043 : 1
23:30:02.279 [AsyncHttpClient-1-1] DEBUG org.asynchttpclient.netty.channel.DefaultChannelPool - Entry count for : http://localhost:2311 : 1
23:30:02.279 [AsyncHttpClient-1-1] DEBUG org.asynchttpclient.netty.channel.DefaultChannelPool - Entry count for : http://localhost:61043 : 1
23:30:03.372 [AsyncHttpClient-1-1] DEBUG org.asynchttpclient.netty.channel.DefaultChannelPool - Entry count for : http://localhost:2311 : 1
23:30:03.372 [AsyncHttpClient-1-1] DEBUG org.asynchttpclient.netty.channel.DefaultChannelPool - Entry count for : http://localhost:61043 : 1
23:30:04.489 [AsyncHttpClient-1-1] DEBUG org.asynchttpclient.netty.channel.DefaultChannelPool - Entry count for : http://localhost:2311 : 1
23:30:04.489 [AsyncHttpClient-1-1] DEBUG org.asynchttpclient.netty.channel.DefaultChannelPool - Entry count for : http://localhost:61043 : 1
23:30:05.576 [AsyncHttpClient-1-1] DEBUG org.asynchttpclient.netty.channel.DefaultChannelPool - Entry count for : http://localhost:2311 : 1
23:30:05.576 [AsyncHttpClient-1-1] DEBUG org.asynchttpclient.netty.channel.DefaultChannelPool - Entry count for : http://localhost:61043 : 1
23:30:06.167 [AsyncHttpClient-1-17] DEBUG org.asynchttpclient.netty.handler.HttpHandler - 

Request DefaultHttpRequest(decodeResult: success, version: HTTP/1.1)
POST /session/a2ad0b9567d6053172e3faefd2546669/url HTTP/1.1
User-Agent: selenium/4.12.1 (java windows)
Content-Length: 67
Content-Type: application/json; charset=utf-8
host: localhost:22653
accept: */*

Response DefaultHttpResponse(decodeResult: success, version: HTTP/1.1)
HTTP/1.1 200 OK
Content-Length: 14
Content-Type: application/json; charset=utf-8
cache-control: no-cache

23:30:06.169 [AsyncHttpClient-1-17] DEBUG org.asynchttpclient.netty.channel.ChannelManager - Adding key: http://localhost:22653 for channel [id: 0xb0243466, L:/127.0.0.1:61035 - R:localhost/127.0.0.1:22653]
23:30:06.173 [Forwarding findElement on session a2ad0b9567d6053172e3faefd2546669 to remote] DEBUG org.asynchttpclient.netty.request.NettyRequestSender - Using pooled Channel '[id: 0xb0243466, L:/127.0.0.1:61035 - R:localhost/127.0.0.1:22653]' for 'POST' to 'http://localhost:22653/session/a2ad0b9567d6053172e3faefd2546669/element'
23:30:06.173 [Forwarding findElement on session a2ad0b9567d6053172e3faefd2546669 to remote] DEBUG org.asynchttpclient.netty.request.NettyRequestSender - Using open Channel [id: 0xb0243466, L:/127.0.0.1:61035 - R:localhost/127.0.0.1:22653] for POST '/session/a2ad0b9567d6053172e3faefd2546669/element'
23:30:06.261 [AsyncHttpClient-1-17] DEBUG org.asynchttpclient.netty.handler.HttpHandler - 

Request DefaultHttpRequest(decodeResult: success, version: HTTP/1.1)
POST /session/a2ad0b9567d6053172e3faefd2546669/element HTTP/1.1
User-Agent: selenium/4.12.1 (java windows)
Content-Length: 54
Content-Type: application/json; charset=utf-8
host: localhost:22653
accept: */*

Response DefaultHttpResponse(decodeResult: success, version: HTTP/1.1)
HTTP/1.1 200 OK
Content-Length: 94
Content-Type: application/json; charset=utf-8
cache-control: no-cache

23:30:06.261 [AsyncHttpClient-1-17] DEBUG org.asynchttpclient.netty.channel.ChannelManager - Adding key: http://localhost:22653 for channel [id: 0xb0243466, L:/127.0.0.1:61035 - R:localhost/127.0.0.1:22653]
23:30:06.271 [Forwarding sendKeysToElement on session a2ad0b9567d6053172e3faefd2546669 to remote] DEBUG org.asynchttpclient.netty.request.NettyRequestSender - Using pooled Channel '[id: 0xb0243466, L:/127.0.0.1:61035 - R:localhost/127.0.0.1:22653]' for 'POST' to 'http://localhost:22653/session/a2ad0b9567d6053172e3faefd2546669/element/57E93DD277AEE8134FCF68948A4F61F2_element_9/value'
23:30:06.271 [Forwarding sendKeysToElement on session a2ad0b9567d6053172e3faefd2546669 to remote] DEBUG org.asynchttpclient.netty.request.NettyRequestSender - Using open Channel [id: 0xb0243466, L:/127.0.0.1:61035 - R:localhost/127.0.0.1:22653] for POST '/session/a2ad0b9567d6053172e3faefd2546669/element/57E93DD277AEE8134FCF68948A4F61F2_element_9/value'
23:30:06.674 [AsyncHttpClient-1-1] DEBUG org.asynchttpclient.netty.channel.DefaultChannelPool - Entry count for : http://localhost:2311 : 1
23:30:06.674 [AsyncHttpClient-1-1] DEBUG org.asynchttpclient.netty.channel.DefaultChannelPool - Entry count for : http://localhost:61043 : 1
23:30:06.858 [AsyncHttpClient-1-17] DEBUG org.asynchttpclient.netty.handler.HttpHandler - 

Request DefaultHttpRequest(decodeResult: success, version: HTTP/1.1)
POST /session/a2ad0b9567d6053172e3faefd2546669/element/57E93DD277AEE8134FCF68948A4F61F2_element_9/value HTTP/1.1
User-Agent: selenium/4.12.1 (java windows)
Content-Length: 247
Content-Type: application/json; charset=utf-8
host: localhost:22653
accept: */*

Response DefaultHttpResponse(decodeResult: success, version: HTTP/1.1)
HTTP/1.1 200 OK
Content-Length: 14
Content-Type: application/json; charset=utf-8
cache-control: no-cache

23:30:06.858 [AsyncHttpClient-1-17] DEBUG org.asynchttpclient.netty.channel.ChannelManager - Adding key: http://localhost:22653 for channel [id: 0xb0243466, L:/127.0.0.1:61035 - R:localhost/127.0.0.1:22653]
23:30:06.861 [Forwarding findElement on session a2ad0b9567d6053172e3faefd2546669 to remote] DEBUG org.asynchttpclient.netty.request.NettyRequestSender - Using pooled Channel '[id: 0xb0243466, L:/127.0.0.1:61035 - R:localhost/127.0.0.1:22653]' for 'POST' to 'http://localhost:22653/session/a2ad0b9567d6053172e3faefd2546669/element'
23:30:06.861 [Forwarding findElement on session a2ad0b9567d6053172e3faefd2546669 to remote] DEBUG org.asynchttpclient.netty.request.NettyRequestSender - Using open Channel [id: 0xb0243466, L:/127.0.0.1:61035 - R:localhost/127.0.0.1:22653] for POST '/session/a2ad0b9567d6053172e3faefd2546669/element'
23:30:06.903 [AsyncHttpClient-1-17] DEBUG org.asynchttpclient.netty.handler.HttpHandler - 

Request DefaultHttpRequest(decodeResult: success, version: HTTP/1.1)
POST /session/a2ad0b9567d6053172e3faefd2546669/element HTTP/1.1
User-Agent: selenium/4.12.1 (java windows)
Content-Length: 57
Content-Type: application/json; charset=utf-8
host: localhost:22653
accept: */*

Response DefaultHttpResponse(decodeResult: success, version: HTTP/1.1)
HTTP/1.1 200 OK
Content-Length: 94
Content-Type: application/json; charset=utf-8
cache-control: no-cache

23:30:06.904 [AsyncHttpClient-1-17] DEBUG org.asynchttpclient.netty.channel.ChannelManager - Adding key: http://localhost:22653 for channel [id: 0xb0243466, L:/127.0.0.1:61035 - R:localhost/127.0.0.1:22653]
23:30:06.909 [Forwarding sendKeysToElement on session a2ad0b9567d6053172e3faefd2546669 to remote] DEBUG org.asynchttpclient.netty.request.NettyRequestSender - Using pooled Channel '[id: 0xb0243466, L:/127.0.0.1:61035 - R:localhost/127.0.0.1:22653]' for 'POST' to 'http://localhost:22653/session/a2ad0b9567d6053172e3faefd2546669/element/57E93DD277AEE8134FCF68948A4F61F2_element_5/value'
23:30:06.909 [Forwarding sendKeysToElement on session a2ad0b9567d6053172e3faefd2546669 to remote] DEBUG org.asynchttpclient.netty.request.NettyRequestSender - Using open Channel [id: 0xb0243466, L:/127.0.0.1:61035 - R:localhost/127.0.0.1:22653] for POST '/session/a2ad0b9567d6053172e3faefd2546669/element/57E93DD277AEE8134FCF68948A4F61F2_element_5/value'
23:30:07.777 [AsyncHttpClient-1-1] DEBUG org.asynchttpclient.netty.channel.DefaultChannelPool - Entry count for : http://localhost:2311 : 1
23:30:07.778 [AsyncHttpClient-1-1] DEBUG org.asynchttpclient.netty.channel.DefaultChannelPool - Entry count for : http://localhost:61043 : 1
23:30:08.887 [AsyncHttpClient-1-1] DEBUG org.asynchttpclient.netty.channel.DefaultChannelPool - Entry count for : http://localhost:2311 : 1
23:30:08.887 [AsyncHttpClient-1-1] DEBUG org.asynchttpclient.netty.channel.DefaultChannelPool - Entry count for : http://localhost:61043 : 1
23:30:09.121 [AsyncHttpClient-1-17] DEBUG org.asynchttpclient.netty.handler.HttpHandler - 

Request DefaultHttpRequest(decodeResult: success, version: HTTP/1.1)
POST /session/a2ad0b9567d6053172e3faefd2546669/element/57E93DD277AEE8134FCF68948A4F61F2_element_5/value HTTP/1.1
User-Agent: selenium/4.12.1 (java windows)
Content-Length: 177
Content-Type: application/json; charset=utf-8
host: localhost:22653
accept: */*

Response DefaultHttpResponse(decodeResult: success, version: HTTP/1.1)
HTTP/1.1 200 OK
Content-Length: 14
Content-Type: application/json; charset=utf-8
cache-control: no-cache

23:30:09.122 [AsyncHttpClient-1-17] DEBUG org.asynchttpclient.netty.channel.ChannelManager - Adding key: http://localhost:22653 for channel [id: 0xb0243466, L:/127.0.0.1:61035 - R:localhost/127.0.0.1:22653]
23:30:09.125 [Forwarding findElement on session a2ad0b9567d6053172e3faefd2546669 to remote] DEBUG org.asynchttpclient.netty.request.NettyRequestSender - Using pooled Channel '[id: 0xb0243466, L:/127.0.0.1:61035 - R:localhost/127.0.0.1:22653]' for 'POST' to 'http://localhost:22653/session/a2ad0b9567d6053172e3faefd2546669/element'
23:30:09.125 [Forwarding findElement on session a2ad0b9567d6053172e3faefd2546669 to remote] DEBUG org.asynchttpclient.netty.request.NettyRequestSender - Using open Channel [id: 0xb0243466, L:/127.0.0.1:61035 - R:localhost/127.0.0.1:22653] for POST '/session/a2ad0b9567d6053172e3faefd2546669/element'
23:30:09.268 [AsyncHttpClient-1-17] DEBUG org.asynchttpclient.netty.handler.HttpHandler - 

Request DefaultHttpRequest(decodeResult: success, version: HTTP/1.1)
POST /session/a2ad0b9567d6053172e3faefd2546669/element HTTP/1.1
User-Agent: selenium/4.12.1 (java windows)
Content-Length: 50
Content-Type: application/json; charset=utf-8
host: localhost:22653
accept: */*

Response DefaultHttpResponse(decodeResult: success, version: HTTP/1.1)
HTTP/1.1 200 OK
Content-Length: 95
Content-Type: application/json; charset=utf-8
cache-control: no-cache

23:30:09.268 [AsyncHttpClient-1-17] DEBUG org.asynchttpclient.netty.channel.ChannelManager - Adding key: http://localhost:22653 for channel [id: 0xb0243466, L:/127.0.0.1:61035 - R:localhost/127.0.0.1:22653]
23:30:09.271 [Forwarding clickElement on session a2ad0b9567d6053172e3faefd2546669 to remote] DEBUG org.asynchttpclient.netty.request.NettyRequestSender - Using pooled Channel '[id: 0xb0243466, L:/127.0.0.1:61035 - R:localhost/127.0.0.1:22653]' for 'POST' to 'http://localhost:22653/session/a2ad0b9567d6053172e3faefd2546669/element/57E93DD277AEE8134FCF68948A4F61F2_element_13/click'
23:30:09.271 [Forwarding clickElement on session a2ad0b9567d6053172e3faefd2546669 to remote] DEBUG org.asynchttpclient.netty.request.NettyRequestSender - Using open Channel [id: 0xb0243466, L:/127.0.0.1:61035 - R:localhost/127.0.0.1:22653] for POST '/session/a2ad0b9567d6053172e3faefd2546669/element/57E93DD277AEE8134FCF68948A4F61F2_element_13/click'
23:30:09.696 [AsyncHttpClient-1-17] DEBUG org.asynchttpclient.netty.handler.HttpHandler - 

Request DefaultHttpRequest(decodeResult: success, version: HTTP/1.1)
POST /session/a2ad0b9567d6053172e3faefd2546669/element/57E93DD277AEE8134FCF68948A4F61F2_element_13/click HTTP/1.1
User-Agent: selenium/4.12.1 (java windows)
Content-Length: 57
Content-Type: application/json; charset=utf-8
host: localhost:22653
accept: */*

Response DefaultHttpResponse(decodeResult: success, version: HTTP/1.1)
HTTP/1.1 200 OK
Content-Length: 14
Content-Type: application/json; charset=utf-8
cache-control: no-cache

23:30:09.697 [AsyncHttpClient-1-17] DEBUG org.asynchttpclient.netty.channel.ChannelManager - Adding key: http://localhost:22653 for channel [id: 0xb0243466, L:/127.0.0.1:61035 - R:localhost/127.0.0.1:22653]
23:30:09.702 [Forwarding findElement on session a2ad0b9567d6053172e3faefd2546669 to remote] DEBUG org.asynchttpclient.netty.request.NettyRequestSender - Using pooled Channel '[id: 0xb0243466, L:/127.0.0.1:61035 - R:localhost/127.0.0.1:22653]' for 'POST' to 'http://localhost:22653/session/a2ad0b9567d6053172e3faefd2546669/element'
23:30:09.702 [Forwarding findElement on session a2ad0b9567d6053172e3faefd2546669 to remote] DEBUG org.asynchttpclient.netty.request.NettyRequestSender - Using open Channel [id: 0xb0243466, L:/127.0.0.1:61035 - R:localhost/127.0.0.1:22653] for POST '/session/a2ad0b9567d6053172e3faefd2546669/element'
23:30:09.983 [AsyncHttpClient-1-1] DEBUG org.asynchttpclient.netty.channel.DefaultChannelPool - Entry count for : http://localhost:2311 : 1
23:30:09.984 [AsyncHttpClient-1-1] DEBUG org.asynchttpclient.netty.channel.DefaultChannelPool - Entry count for : http://localhost:61043 : 1
23:30:11.078 [AsyncHttpClient-1-1] DEBUG org.asynchttpclient.netty.channel.DefaultChannelPool - Entry count for : http://localhost:2311 : 1
23:30:11.078 [AsyncHttpClient-1-1] DEBUG org.asynchttpclient.netty.channel.DefaultChannelPool - Entry count for : http://localhost:61043 : 1
23:30:12.179 [AsyncHttpClient-1-1] DEBUG org.asynchttpclient.netty.channel.DefaultChannelPool - Entry count for : http://localhost:2311 : 1
23:30:12.180 [AsyncHttpClient-1-1] DEBUG org.asynchttpclient.netty.channel.DefaultChannelPool - Entry count for : http://localhost:61043 : 1
23:30:13.314 [AsyncHttpClient-1-1] DEBUG org.asynchttpclient.netty.channel.DefaultChannelPool - Entry count for : http://localhost:2311 : 1
23:30:13.314 [AsyncHttpClient-1-1] DEBUG org.asynchttpclient.netty.channel.DefaultChannelPool - Entry count for : http://localhost:61043 : 1
23:30:14.375 [AsyncHttpClient-1-1] DEBUG org.asynchttpclient.netty.channel.DefaultChannelPool - Entry count for : http://localhost:2311 : 1
23:30:14.376 [AsyncHttpClient-1-1] DEBUG org.asynchttpclient.netty.channel.DefaultChannelPool - Entry count for : http://localhost:61043 : 1
23:30:15.469 [AsyncHttpClient-1-1] DEBUG org.asynchttpclient.netty.channel.DefaultChannelPool - Entry count for : http://localhost:2311 : 1
23:30:15.470 [AsyncHttpClient-1-1] DEBUG org.asynchttpclient.netty.channel.DefaultChannelPool - Entry count for : http://localhost:61043 : 1
23:30:16.570 [AsyncHttpClient-1-1] DEBUG org.asynchttpclient.netty.channel.DefaultChannelPool - Entry count for : http://localhost:2311 : 1
23:30:16.570 [AsyncHttpClient-1-1] DEBUG org.asynchttpclient.netty.channel.DefaultChannelPool - Entry count for : http://localhost:61043 : 1
23:30:17.678 [AsyncHttpClient-1-1] DEBUG org.asynchttpclient.netty.channel.DefaultChannelPool - Entry count for : http://localhost:2311 : 1
23:30:17.678 [AsyncHttpClient-1-1] DEBUG org.asynchttpclient.netty.channel.DefaultChannelPool - Entry count for : http://localhost:61043 : 1
23:30:18.768 [AsyncHttpClient-1-1] DEBUG org.asynchttpclient.netty.channel.DefaultChannelPool - Entry count for : http://localhost:2311 : 1
23:30:18.769 [AsyncHttpClient-1-1] DEBUG org.asynchttpclient.netty.channel.DefaultChannelPool - Entry count for : http://localhost:61043 : 1
23:30:19.753 [AsyncHttpClient-1-17] DEBUG org.asynchttpclient.netty.handler.HttpHandler - 

Request DefaultHttpRequest(decodeResult: success, version: HTTP/1.1)
POST /session/a2ad0b9567d6053172e3faefd2546669/element HTTP/1.1
User-Agent: selenium/4.12.1 (java windows)
Content-Length: 53
Content-Type: application/json; charset=utf-8
host: localhost:22653
accept: */*

Response DefaultHttpResponse(decodeResult: success, version: HTTP/1.1)
HTTP/1.1 404 Not Found
Content-Length: 1052
Content-Type: application/json; charset=utf-8
cache-control: no-cache

23:30:19.754 [AsyncHttpClient-1-17] DEBUG org.asynchttpclient.netty.channel.ChannelManager - Adding key: http://localhost:22653 for channel [id: 0xb0243466, L:/127.0.0.1:61035 - R:localhost/127.0.0.1:22653]
23:30:19.876 [AsyncHttpClient-1-1] DEBUG org.asynchttpclient.netty.channel.DefaultChannelPool - Entry count for : http://localhost:2311 : 1
23:30:19.876 [AsyncHttpClient-1-1] DEBUG org.asynchttpclient.netty.channel.DefaultChannelPool - Entry count for : http://localhost:61043 : 1
23:30:19.876 [AsyncHttpClient-1-1] DEBUG org.asynchttpclient.netty.channel.DefaultChannelPool - Entry count for : http://localhost:22653 : 1
23:30:20.266 [Forwarding findElement on session a2ad0b9567d6053172e3faefd2546669 to remote] DEBUG org.asynchttpclient.netty.request.NettyRequestSender - Using pooled Channel '[id: 0xb0243466, L:/127.0.0.1:61035 - R:localhost/127.0.0.1:22653]' for 'POST' to 'http://localhost:22653/session/a2ad0b9567d6053172e3faefd2546669/element'
23:30:20.266 [Forwarding findElement on session a2ad0b9567d6053172e3faefd2546669 to remote] DEBUG org.asynchttpclient.netty.request.NettyRequestSender - Using open Channel [id: 0xb0243466, L:/127.0.0.1:61035 - R:localhost/127.0.0.1:22653] for POST '/session/a2ad0b9567d6053172e3faefd2546669/element'
23:30:20.975 [AsyncHttpClient-1-1] DEBUG org.asynchttpclient.netty.channel.DefaultChannelPool - Entry count for : http://localhost:2311 : 1
23:30:20.975 [AsyncHttpClient-1-1] DEBUG org.asynchttpclient.netty.channel.DefaultChannelPool - Entry count for : http://localhost:61043 : 1
23:30:22.067 [AsyncHttpClient-1-1] DEBUG org.asynchttpclient.netty.channel.DefaultChannelPool - Entry count for : http://localhost:2311 : 1
23:30:22.068 [AsyncHttpClient-1-1] DEBUG org.asynchttpclient.netty.channel.DefaultChannelPool - Entry count for : http://localhost:61043 : 1
23:30:22.068 [AsyncHttpClient-1-1] DEBUG org.asynchttpclient.netty.channel.DefaultChannelPool - Adding Candidate expired Channel [id: 0x5ce58aaf, L:/127.0.0.1:60887 - R:localhost/127.0.0.1:2311] isIdleTimeoutExpired=true isRemotelyClosed=false isTtlExpired=false
23:30:22.068 [AsyncHttpClient-1-1] DEBUG org.asynchttpclient.netty.channel.DefaultChannelPool - Closing Idle Channel [id: 0x5ce58aaf, L:/127.0.0.1:60887 - R:localhost/127.0.0.1:2311]
23:30:22.068 [AsyncHttpClient-1-1] DEBUG org.asynchttpclient.netty.channel.DefaultChannelPool - Closed 1 connections out of 2 in 0 ms
23:30:22.068 [AsyncHttpClient-1-14] DEBUG org.asynchttpclient.netty.handler.HttpHandler - Channel Closed: [id: 0x5ce58aaf, L:/127.0.0.1:60887 ! R:localhost/127.0.0.1:2311] with attribute DISCARD
23:30:23.167 [AsyncHttpClient-1-1] DEBUG org.asynchttpclient.netty.channel.DefaultChannelPool - Entry count for : http://localhost:61043 : 1
23:30:24.268 [AsyncHttpClient-1-1] DEBUG org.asynchttpclient.netty.channel.DefaultChannelPool - Entry count for : http://localhost:61043 : 1
23:30:25.372 [AsyncHttpClient-1-1] DEBUG org.asynchttpclient.netty.channel.DefaultChannelPool - Entry count for : http://localhost:61043 : 1
23:30:26.473 [AsyncHttpClient-1-1] DEBUG org.asynchttpclient.netty.channel.DefaultChannelPool - Entry count for : http://localhost:61043 : 1
23:30:27.570 [AsyncHttpClient-1-1] DEBUG org.asynchttpclient.netty.channel.DefaultChannelPool - Entry count for : http://localhost:61043 : 1
23:30:28.671 [AsyncHttpClient-1-1] DEBUG org.asynchttpclient.netty.channel.DefaultChannelPool - Entry count for : http://localhost:61043 : 1
23:30:29.771 [AsyncHttpClient-1-1] DEBUG org.asynchttpclient.netty.channel.DefaultChannelPool - Entry count for : http://localhost:61043 : 1
23:30:30.607 [AsyncHttpClient-1-17] DEBUG org.asynchttpclient.netty.handler.HttpHandler - 

Request DefaultHttpRequest(decodeResult: success, version: HTTP/1.1)
POST /session/a2ad0b9567d6053172e3faefd2546669/element HTTP/1.1
User-Agent: selenium/4.12.1 (java windows)
Content-Length: 53
Content-Type: application/json; charset=utf-8
host: localhost:22653
accept: */*

Response DefaultHttpResponse(decodeResult: success, version: HTTP/1.1)
HTTP/1.1 404 Not Found
Content-Length: 1052
Content-Type: application/json; charset=utf-8
cache-control: no-cache

23:30:30.607 [AsyncHttpClient-1-17] DEBUG org.asynchttpclient.netty.channel.ChannelManager - Adding key: http://localhost:22653 for channel [id: 0xb0243466, L:/127.0.0.1:61035 - R:localhost/127.0.0.1:22653]
23:30:30.884 [AsyncHttpClient-1-1] DEBUG org.asynchttpclient.netty.channel.DefaultChannelPool - Entry count for : http://localhost:61043 : 1
23:30:30.884 [AsyncHttpClient-1-1] DEBUG org.asynchttpclient.netty.channel.DefaultChannelPool - Entry count for : http://localhost:22653 : 1
23:30:31.211 [Forwarding findElement on session a2ad0b9567d6053172e3faefd2546669 to remote] DEBUG org.asynchttpclient.netty.request.NettyRequestSender - Using pooled Channel '[id: 0xb0243466, L:/127.0.0.1:61035 - R:localhost/127.0.0.1:22653]' for 'POST' to 'http://localhost:22653/session/a2ad0b9567d6053172e3faefd2546669/element'
23:30:31.221 [Forwarding findElement on session a2ad0b9567d6053172e3faefd2546669 to remote] DEBUG org.asynchttpclient.netty.request.NettyRequestSender - Using open Channel [id: 0xb0243466, L:/127.0.0.1:61035 - R:localhost/127.0.0.1:22653] for POST '/session/a2ad0b9567d6053172e3faefd2546669/element'
23:30:32.000 [AsyncHttpClient-1-1] DEBUG org.asynchttpclient.netty.channel.DefaultChannelPool - Entry count for : http://localhost:61043 : 1
23:30:33.076 [AsyncHttpClient-1-1] DEBUG org.asynchttpclient.netty.channel.DefaultChannelPool - Entry count for : http://localhost:61043 : 1
23:30:34.217 [AsyncHttpClient-1-1] DEBUG org.asynchttpclient.netty.channel.DefaultChannelPool - Entry count for : http://localhost:61043 : 1
23:30:35.270 [AsyncHttpClient-1-1] DEBUG org.asynchttpclient.netty.channel.DefaultChannelPool - Entry count for : http://localhost:61043 : 1
23:30:36.372 [AsyncHttpClient-1-1] DEBUG org.asynchttpclient.netty.channel.DefaultChannelPool - Entry count for : http://localhost:61043 : 1
23:30:37.481 [AsyncHttpClient-1-1] DEBUG org.asynchttpclient.netty.channel.DefaultChannelPool - Entry count for : http://localhost:61043 : 1
23:30:38.572 [AsyncHttpClient-1-1] DEBUG org.asynchttpclient.netty.channel.DefaultChannelPool - Entry count for : http://localhost:61043 : 1
23:30:39.677 [AsyncHttpClient-1-1] DEBUG org.asynchttpclient.netty.channel.DefaultChannelPool - Entry count for : http://localhost:61043 : 1
23:30:40.815 [AsyncHttpClient-1-1] DEBUG org.asynchttpclient.netty.channel.DefaultChannelPool - Entry count for : http://localhost:61043 : 1
23:30:41.763 [AsyncHttpClient-1-17] DEBUG org.asynchttpclient.netty.handler.HttpHandler - 

Request DefaultHttpRequest(decodeResult: success, version: HTTP/1.1)
POST /session/a2ad0b9567d6053172e3faefd2546669/element HTTP/1.1
User-Agent: selenium/4.12.1 (java windows)
Content-Length: 53
Content-Type: application/json; charset=utf-8
host: localhost:22653
accept: */*

Response DefaultHttpResponse(decodeResult: success, version: HTTP/1.1)
HTTP/1.1 404 Not Found
Content-Length: 1052
Content-Type: application/json; charset=utf-8
cache-control: no-cache

23:30:41.763 [AsyncHttpClient-1-17] DEBUG org.asynchttpclient.netty.channel.ChannelManager - Adding key: http://localhost:22653 for channel [id: 0xb0243466, L:/127.0.0.1:61035 - R:localhost/127.0.0.1:22653]
23:30:41.767 [Forwarding findElement on session a2ad0b9567d6053172e3faefd2546669 to remote] DEBUG org.asynchttpclient.netty.request.NettyRequestSender - Using pooled Channel '[id: 0xb0243466, L:/127.0.0.1:61035 - R:localhost/127.0.0.1:22653]' for 'POST' to 'http://localhost:22653/session/a2ad0b9567d6053172e3faefd2546669/element'
23:30:41.767 [Forwarding findElement on session a2ad0b9567d6053172e3faefd2546669 to remote] DEBUG org.asynchttpclient.netty.request.NettyRequestSender - Using open Channel [id: 0xb0243466, L:/127.0.0.1:61035 - R:localhost/127.0.0.1:22653] for POST '/session/a2ad0b9567d6053172e3faefd2546669/element'
23:30:41.887 [AsyncHttpClient-1-1] DEBUG org.asynchttpclient.netty.channel.DefaultChannelPool - Entry count for : http://localhost:61043 : 1
23:30:42.968 [AsyncHttpClient-1-1] DEBUG org.asynchttpclient.netty.channel.DefaultChannelPool - Entry count for : http://localhost:61043 : 1
23:30:44.073 [AsyncHttpClient-1-1] DEBUG org.asynchttpclient.netty.channel.DefaultChannelPool - Entry count for : http://localhost:61043 : 1
23:30:45.169 [AsyncHttpClient-1-1] DEBUG org.asynchttpclient.netty.channel.DefaultChannelPool - Entry count for : http://localhost:61043 : 1
23:30:46.285 [AsyncHttpClient-1-1] DEBUG org.asynchttpclient.netty.channel.DefaultChannelPool - Entry count for : http://localhost:61043 : 1
23:30:47.377 [AsyncHttpClient-1-1] DEBUG org.asynchttpclient.netty.channel.DefaultChannelPool - Entry count for : http://localhost:61043 : 1
23:30:48.479 [AsyncHttpClient-1-1] DEBUG org.asynchttpclient.netty.channel.DefaultChannelPool - Entry count for : http://localhost:61043 : 1
23:30:49.570 [AsyncHttpClient-1-1] DEBUG org.asynchttpclient.netty.channel.DefaultChannelPool - Entry count for : http://localhost:61043 : 1
23:30:50.687 [AsyncHttpClient-1-1] DEBUG org.asynchttpclient.netty.channel.DefaultChannelPool - Entry count for : http://localhost:61043 : 1
23:30:51.786 [AsyncHttpClient-1-1] DEBUG org.asynchttpclient.netty.channel.DefaultChannelPool - Entry count for : http://localhost:61043 : 1
23:30:52.007 [AsyncHttpClient-1-17] DEBUG org.asynchttpclient.netty.handler.HttpHandler - 

Request DefaultHttpRequest(decodeResult: success, version: HTTP/1.1)
POST /session/a2ad0b9567d6053172e3faefd2546669/element HTTP/1.1
User-Agent: selenium/4.12.1 (java windows)
Content-Length: 53
Content-Type: application/json; charset=utf-8
host: localhost:22653
accept: */*

Response DefaultHttpResponse(decodeResult: success, version: HTTP/1.1)
HTTP/1.1 404 Not Found
Content-Length: 1052
Content-Type: application/json; charset=utf-8
cache-control: no-cache

23:30:52.007 [AsyncHttpClient-1-17] DEBUG org.asynchttpclient.netty.channel.ChannelManager - Adding key: http://localhost:22653 for channel [id: 0xb0243466, L:/127.0.0.1:61035 - R:localhost/127.0.0.1:22653]
23:30:52.024 [Forwarding screenshot on session a2ad0b9567d6053172e3faefd2546669 to remote] DEBUG org.asynchttpclient.netty.request.NettyRequestSender - Using pooled Channel '[id: 0xb0243466, L:/127.0.0.1:61035 - R:localhost/127.0.0.1:22653]' for 'GET' to 'http://localhost:22653/session/a2ad0b9567d6053172e3faefd2546669/screenshot'
23:30:52.024 [Forwarding screenshot on session a2ad0b9567d6053172e3faefd2546669 to remote] DEBUG org.asynchttpclient.netty.request.NettyRequestSender - Using open Channel [id: 0xb0243466, L:/127.0.0.1:61035 - R:localhost/127.0.0.1:22653] for GET '/session/a2ad0b9567d6053172e3faefd2546669/screenshot'
23:30:52.880 [AsyncHttpClient-1-1] DEBUG org.asynchttpclient.netty.channel.DefaultChannelPool - Entry count for : http://localhost:61043 : 1
23:30:53.432 [AsyncHttpClient-1-17] DEBUG org.asynchttpclient.netty.handler.HttpHandler - 

Request DefaultFullHttpRequest(decodeResult: success, version: HTTP/1.1, content: EmptyByteBufBE)
GET /session/a2ad0b9567d6053172e3faefd2546669/screenshot HTTP/1.1
Cache-Control: no-cache
User-Agent: selenium/4.12.1 (java windows)
Content-Type: application/json; charset=utf-8
host: localhost:22653
accept: */*

Response DefaultHttpResponse(decodeResult: success, version: HTTP/1.1)
HTTP/1.1 200 OK
Content-Length: 533840
Content-Type: application/json; charset=utf-8
cache-control: no-cache

23:30:53.443 [AsyncHttpClient-1-17] DEBUG org.asynchttpclient.netty.channel.ChannelManager - Adding key: http://localhost:22653 for channel [id: 0xb0243466, L:/127.0.0.1:61035 - R:localhost/127.0.0.1:22653]
]]></system-out>
    <system-err><![CDATA[Mar 19, 2024 11:29:20 PM org.openqa.selenium.remote.http.WebSocket$Listener onError
WARNING: Connection reset
java.net.SocketException: Connection reset
	at java.base/sun.nio.ch.SocketChannelImpl.throwConnectionReset(SocketChannelImpl.java:401)
	at java.base/sun.nio.ch.SocketChannelImpl.read(SocketChannelImpl.java:434)
	at io.netty.buffer.PooledByteBuf.setBytes(PooledByteBuf.java:254)
	at io.netty.buffer.AbstractByteBuf.writeBytes(AbstractByteBuf.java:1132)
	at io.netty.channel.socket.nio.NioSocketChannel.doReadBytes(NioSocketChannel.java:357)
	at io.netty.channel.nio.AbstractNioByteChannel$NioByteUnsafe.read(AbstractNioByteChannel.java:151)
	at io.netty.channel.nio.NioEventLoop.processSelectedKey(NioEventLoop.java:788)
	at io.netty.channel.nio.NioEventLoop.processSelectedKeysOptimized(NioEventLoop.java:724)
	at io.netty.channel.nio.NioEventLoop.processSelectedKeys(NioEventLoop.java:650)
	at io.netty.channel.nio.NioEventLoop.run(NioEventLoop.java:562)
	at io.netty.util.concurrent.SingleThreadEventExecutor$4.run(SingleThreadEventExecutor.java:997)
	at io.netty.util.internal.ThreadExecutorMap$2.run(ThreadExecutorMap.java:74)
	at io.netty.util.concurrent.FastThreadLocalRunnable.run(FastThreadLocalRunnable.java:30)
	at java.base/java.lang.Thread.run(Thread.java:1623)

Mar 19, 2024 11:29:56 PM org.openqa.selenium.devtools.CdpVersionFinder findNearestMatch
WARNING: Unable to find an exact match for CDP version 120, so returning the closest version found: 116
]]></system-err>
  </testcase>
</testsuite>