<?xml version="1.0" encoding="UTF-8"?>
<!-- Generated by org.testng.reporters.JUnitReportReporter -->
<testsuite hostname="Nandha" failures="0" tests="3" name="nandha.tests.SubmitOrderTest" time="45.171" errors="0" timestamp="2024-06-16T18:12:12 IST" skipped="0">
  <testcase classname="nandha.tests.SubmitOrderTest" name="orderHistoryTest" time="6.430"/>
  <system-out/>
  <testcase classname="nandha.tests.SubmitOrderTest" name="submitOrder" time="18.168"/>
  <system-out/>
  <testcase classname="nandha.tests.SubmitOrderTest" name="submitOrder" time="20.573"/>
  <system-out/>
</testsuite> <!-- nandha.tests.SubmitOrderTest -->
