<?xml version="1.0" encoding="UTF-8"?>
<!-- Generated by org.testng.reporters.JUnitReportReporter -->
<testsuite hostname="Nandha" failures="0" tests="1" name="nandha.tests.flipkartBaseTest" time="22.776" errors="0" timestamp="2024-07-06T20:00:43 IST" skipped="0">
  <testcase classname="nandha.tests.flipkartBaseTest" name="submitOrder" time="22.776"/>
  <system-out/>
</testsuite> <!-- nandha.tests.flipkartBaseTest -->
