<?xml version="1.0" encoding="UTF-8"?>
<!-- Generated by org.testng.reporters.JUnitReportReporter -->
<testsuite hostname="LTIN264372" failures="0" tests="3" name="nandha.tests.SubmitOrderTest" time="162.791" errors="0" timestamp="2024-03-19T23:31:03 IST" skipped="0">
  <testcase classname="nandha.tests.SubmitOrderTest" name="submitOrder" time="68.101"/>
  <testcase classname="nandha.tests.SubmitOrderTest" name="submitOrder" time="61.609"/>
  <testcase classname="nandha.tests.SubmitOrderTest" name="orderHistoryTest" time="33.081"/>
</testsuite> <!-- nandha.tests.SubmitOrderTest -->
